[ 2022-12-08 15:10:50,970 ] 17 root - INFO - Reading data from database: {database_name} and collection {collection_name}
[ 2022-12-08 15:10:54,359 ] 20 root - INFO - found columns: Index(['_id', 'class', 'aa_000', 'ab_000', 'ac_000', 'ad_000', 'ae_000',
       'af_000', 'ag_000', 'ag_001',
       ...
       'ee_002', 'ee_003', 'ee_004', 'ee_005', 'ee_006', 'ee_007', 'ee_008',
       'ee_009', 'ef_000', 'eg_000'],
      dtype='object', length=172)
[ 2022-12-08 15:10:54,359 ] 22 root - INFO - droping column :_id
[ 2022-12-08 15:10:54,554 ] 24 root - INFO - row and cols in df :(36188, 171)
[ 2022-12-08 15:10:55,080 ] 31 root - INFO - create a feature store folder if not available
[ 2022-12-08 15:10:55,081 ] 34 root - INFO - Save df to feature folder
[ 2022-12-08 15:10:57,507 ] 38 root - INFO - split the dataset into train and test
[ 2022-12-08 15:10:58,046 ] 41 root - INFO - create dataset directory if not available
[ 2022-12-08 15:10:58,047 ] 46 root - INFO - save df to feature store folder
[ 2022-12-08 15:11:00,488 ] 19 root - INFO - >>>>>>>>>>>>>>>>>>>>>>>>>>>>>>>>>>>>>>>> Data Validation <<<<<<<<<<<<<<<<<<<<<<<<<<<<<<<<<<<<<<<<
[ 2022-12-08 15:11:00,488 ] 107 root - INFO - Reading base dataframe
[ 2022-12-08 15:11:03,369 ] 110 root - INFO - Replace na value in base df
[ 2022-12-08 15:11:03,369 ] 112 root - INFO - Drop null values colums from base df
[ 2022-12-08 15:11:04,289 ] 41 root - INFO - selecting column name which contains null above to 0.2
[ 2022-12-08 15:11:04,289 ] 44 root - INFO - Columns to drop: ['ab_000', 'ad_000', 'bk_000', 'bl_000', 'bm_000', 'bn_000', 'bo_000', 'bp_000', 'bq_000', 'br_000', 'cf_000', 'cg_000', 'ch_000', 'co_000', 'cr_000', 'ct_000', 'cu_000', 'cv_000', 'cx_000', 'cy_000', 'cz_000', 'da_000', 'db_000', 'dc_000']
[ 2022-12-08 15:11:04,373 ] 115 root - INFO - Reading train dataframe
[ 2022-12-08 15:11:04,748 ] 117 root - INFO - Reading test dataframe
[ 2022-12-08 15:11:04,849 ] 120 root - INFO - Drop null values colums from train df
[ 2022-12-08 15:11:04,862 ] 41 root - INFO - selecting column name which contains null above to 0.2
[ 2022-12-08 15:11:04,862 ] 44 root - INFO - Columns to drop: ['ab_000', 'ad_000', 'bk_000', 'bl_000', 'bm_000', 'bn_000', 'bo_000', 'bp_000', 'bq_000', 'br_000', 'cf_000', 'cg_000', 'ch_000', 'co_000', 'cr_000', 'ct_000', 'cu_000', 'cv_000', 'cx_000', 'cy_000', 'cz_000', 'da_000', 'db_000', 'dc_000']
[ 2022-12-08 15:11:04,871 ] 122 root - INFO - Drop null values colums from test df
[ 2022-12-08 15:11:04,876 ] 41 root - INFO - selecting column name which contains null above to 0.2
[ 2022-12-08 15:11:04,876 ] 44 root - INFO - Columns to drop: ['ab_000', 'ad_000', 'bk_000', 'bl_000', 'bm_000', 'bn_000', 'bo_000', 'bp_000', 'bq_000', 'br_000', 'cf_000', 'cg_000', 'ch_000', 'co_000', 'cr_000', 'ct_000', 'cu_000', 'cv_000', 'cx_000', 'cy_000', 'cz_000', 'da_000', 'db_000', 'dc_000']
