[ 2022-12-08 14:58:07,952 ] 17 root - INFO - Reading data from database: {database_name} and collection {collection_name}
[ 2022-12-08 14:58:11,317 ] 20 root - INFO - found columns: Index(['_id', 'class', 'aa_000', 'ab_000', 'ac_000', 'ad_000', 'ae_000',
       'af_000', 'ag_000', 'ag_001',
       ...
       'ee_002', 'ee_003', 'ee_004', 'ee_005', 'ee_006', 'ee_007', 'ee_008',
       'ee_009', 'ef_000', 'eg_000'],
      dtype='object', length=172)
[ 2022-12-08 14:58:11,317 ] 22 root - INFO - droping column :_id
[ 2022-12-08 14:58:11,513 ] 24 root - INFO - row and cols in df :(36188, 171)
[ 2022-12-08 14:58:12,060 ] 31 root - INFO - create a feature store folder if not available
[ 2022-12-08 14:58:12,060 ] 34 root - INFO - Save df to feature folder
[ 2022-12-08 14:58:14,532 ] 38 root - INFO - split the dataset into train and test
[ 2022-12-08 14:58:15,061 ] 41 root - INFO - create dataset directory if not available
[ 2022-12-08 14:58:15,061 ] 46 root - INFO - save df to feature store folder
[ 2022-12-08 14:58:17,844 ] 17 root - INFO - >>>>>>>>>>>>>>>>>>>>>>>>>>>>>>>>>>>>>>>> Data Validation <<<<<<<<<<<<<<<<<<<<<<<<<<<<<<<<<<<<<<<<
[ 2022-12-08 14:58:17,845 ] 105 root - INFO - Reading base dataframe
[ 2022-12-08 14:58:20,668 ] 111 root - INFO - Replacing na value in base dataframe
[ 2022-12-08 14:58:20,668 ] 112 root - INFO - drop null value columns having thresold greater than the defined
[ 2022-12-08 14:58:21,609 ] 41 root - INFO - selecing columns name which contains null values above to 0.7
[ 2022-12-08 14:58:21,609 ] 43 root - INFO - f columns to be drop:{drop_columns_names}
[ 2022-12-08 14:58:21,725 ] 115 root - INFO - Reading train dataframe
[ 2022-12-08 14:58:22,113 ] 117 root - INFO - Reading test dataframe
[ 2022-12-08 14:58:22,209 ] 119 root - INFO - dropping missing value column form  train  dataframe
[ 2022-12-08 14:58:22,221 ] 41 root - INFO - selecing columns name which contains null values above to 0.7
[ 2022-12-08 14:58:22,221 ] 43 root - INFO - f columns to be drop:{drop_columns_names}
[ 2022-12-08 14:58:22,231 ] 121 root - INFO - dropping missing value column from test dataframe
[ 2022-12-08 14:58:22,236 ] 41 root - INFO - selecing columns name which contains null values above to 0.7
[ 2022-12-08 14:58:22,236 ] 43 root - INFO - f columns to be drop:{drop_columns_names}
[ 2022-12-08 14:58:22,240 ] 123 root - INFO - checking required column status in train dataframe
[ 2022-12-08 14:58:22,240 ] 125 root - INFO - checking required column status in test dataframe
[ 2022-12-08 14:58:22,241 ] 129 root - INFO - As columns are present in train dataframe hence detecting data drift
