[ 2022-12-08 15:26:23,939 ] 17 root - INFO - Reading data from database: {database_name} and collection {collection_name}
[ 2022-12-08 15:26:27,340 ] 20 root - INFO - found columns: Index(['_id', 'class', 'aa_000', 'ab_000', 'ac_000', 'ad_000', 'ae_000',
       'af_000', 'ag_000', 'ag_001',
       ...
       'ee_002', 'ee_003', 'ee_004', 'ee_005', 'ee_006', 'ee_007', 'ee_008',
       'ee_009', 'ef_000', 'eg_000'],
      dtype='object', length=172)
[ 2022-12-08 15:26:27,340 ] 22 root - INFO - droping column :_id
[ 2022-12-08 15:26:27,536 ] 24 root - INFO - row and cols in df :(36188, 171)
[ 2022-12-08 15:26:28,260 ] 31 root - INFO - create a feature store folder if not available
[ 2022-12-08 15:26:28,260 ] 34 root - INFO - Save df to feature folder
[ 2022-12-08 15:26:30,919 ] 38 root - INFO - split the dataset into train and test
[ 2022-12-08 15:26:31,617 ] 41 root - INFO - create dataset directory if not available
[ 2022-12-08 15:26:31,617 ] 46 root - INFO - save df to feature store folder
[ 2022-12-08 15:26:34,317 ] 19 root - INFO - >>>>>>>>>>>>>>>>>>>>>>>>>>>>>>>>>>>>>>>> Data Validation <<<<<<<<<<<<<<<<<<<<<<<<<<<<<<<<<<<<<<<<
[ 2022-12-08 15:26:34,317 ] 107 root - INFO - Reading base dataframe
[ 2022-12-08 15:26:37,255 ] 110 root - INFO - Replace na value in base df
[ 2022-12-08 15:26:37,255 ] 112 root - INFO - Drop null values colums from base df
[ 2022-12-08 15:26:38,161 ] 41 root - INFO - selecting column name which contains null above to 0.2
[ 2022-12-08 15:26:38,162 ] 44 root - INFO - Columns to drop: ['ab_000', 'ad_000', 'bk_000', 'bl_000', 'bm_000', 'bn_000', 'bo_000', 'bp_000', 'bq_000', 'br_000', 'cf_000', 'cg_000', 'ch_000', 'co_000', 'cr_000', 'ct_000', 'cu_000', 'cv_000', 'cx_000', 'cy_000', 'cz_000', 'da_000', 'db_000', 'dc_000']
[ 2022-12-08 15:26:38,249 ] 115 root - INFO - Reading train dataframe
[ 2022-12-08 15:26:38,664 ] 117 root - INFO - Reading test dataframe
[ 2022-12-08 15:26:38,765 ] 120 root - INFO - Drop null values colums from train df
[ 2022-12-08 15:26:38,777 ] 41 root - INFO - selecting column name which contains null above to 0.2
[ 2022-12-08 15:26:38,777 ] 44 root - INFO - Columns to drop: ['ab_000', 'ad_000', 'bk_000', 'bl_000', 'bm_000', 'bn_000', 'bo_000', 'bp_000', 'bq_000', 'br_000', 'cf_000', 'cg_000', 'ch_000', 'co_000', 'cr_000', 'ct_000', 'cu_000', 'cv_000', 'cx_000', 'cy_000', 'cz_000', 'da_000', 'db_000', 'dc_000']
[ 2022-12-08 15:26:38,789 ] 122 root - INFO - Drop null values colums from test df
[ 2022-12-08 15:26:38,793 ] 41 root - INFO - selecting column name which contains null above to 0.2
[ 2022-12-08 15:26:38,794 ] 44 root - INFO - Columns to drop: ['ab_000', 'ad_000', 'bk_000', 'bl_000', 'bm_000', 'bn_000', 'bo_000', 'bp_000', 'bq_000', 'br_000', 'cf_000', 'cg_000', 'ch_000', 'co_000', 'cr_000', 'ct_000', 'cu_000', 'cv_000', 'cx_000', 'cy_000', 'cz_000', 'da_000', 'db_000', 'dc_000']
[ 2022-12-08 15:26:44,827 ] 131 root - INFO - Is all required columns present in train df
[ 2022-12-08 15:26:44,827 ] 133 root - INFO - Is all required columns present in test df
[ 2022-12-08 15:26:44,827 ] 137 root - INFO - As all column are available in train df hence detecting data drift
[ 2022-12-08 15:26:44,828 ] 85 root - INFO - Hypothesis class: object, object 
[ 2022-12-08 15:26:44,958 ] 85 root - INFO - Hypothesis aa_000: float64, float64 
[ 2022-12-08 15:26:45,000 ] 85 root - INFO - Hypothesis ac_000: float64, float64 
[ 2022-12-08 15:26:45,008 ] 85 root - INFO - Hypothesis ae_000: float64, float64 
[ 2022-12-08 15:26:45,045 ] 85 root - INFO - Hypothesis af_000: float64, float64 
[ 2022-12-08 15:26:45,080 ] 85 root - INFO - Hypothesis ag_000: float64, float64 
[ 2022-12-08 15:26:45,114 ] 85 root - INFO - Hypothesis ag_001: float64, float64 
[ 2022-12-08 15:26:45,150 ] 85 root - INFO - Hypothesis ag_002: float64, float64 
[ 2022-12-08 15:26:45,185 ] 85 root - INFO - Hypothesis ag_003: float64, float64 
[ 2022-12-08 15:26:45,191 ] 85 root - INFO - Hypothesis ag_004: float64, float64 
[ 2022-12-08 15:26:45,202 ] 85 root - INFO - Hypothesis ag_005: float64, float64 
[ 2022-12-08 15:26:45,243 ] 85 root - INFO - Hypothesis ag_006: float64, float64 
[ 2022-12-08 15:26:45,284 ] 85 root - INFO - Hypothesis ag_007: float64, float64 
[ 2022-12-08 15:26:45,323 ] 85 root - INFO - Hypothesis ag_008: float64, float64 
[ 2022-12-08 15:26:45,365 ] 85 root - INFO - Hypothesis ag_009: float64, float64 
[ 2022-12-08 15:26:45,402 ] 85 root - INFO - Hypothesis ah_000: float64, float64 
[ 2022-12-08 15:26:45,444 ] 85 root - INFO - Hypothesis ai_000: float64, float64 
[ 2022-12-08 15:26:45,480 ] 85 root - INFO - Hypothesis aj_000: float64, float64 
[ 2022-12-08 15:26:45,516 ] 85 root - INFO - Hypothesis ak_000: float64, float64 
[ 2022-12-08 15:26:45,551 ] 85 root - INFO - Hypothesis al_000: float64, float64 
[ 2022-12-08 15:26:45,558 ] 85 root - INFO - Hypothesis am_0: float64, float64 
[ 2022-12-08 15:26:45,565 ] 85 root - INFO - Hypothesis an_000: float64, float64 
[ 2022-12-08 15:26:45,607 ] 85 root - INFO - Hypothesis ao_000: float64, float64 
[ 2022-12-08 15:26:45,648 ] 85 root - INFO - Hypothesis ap_000: float64, float64 
[ 2022-12-08 15:26:45,689 ] 85 root - INFO - Hypothesis aq_000: float64, float64 
[ 2022-12-08 15:26:45,700 ] 85 root - INFO - Hypothesis ar_000: float64, float64 
[ 2022-12-08 15:26:45,735 ] 85 root - INFO - Hypothesis as_000: float64, float64 
[ 2022-12-08 15:26:45,739 ] 85 root - INFO - Hypothesis at_000: float64, float64 
[ 2022-12-08 15:26:45,775 ] 85 root - INFO - Hypothesis au_000: float64, float64 
[ 2022-12-08 15:26:45,810 ] 85 root - INFO - Hypothesis av_000: float64, float64 
[ 2022-12-08 15:26:45,849 ] 85 root - INFO - Hypothesis ax_000: float64, float64 
[ 2022-12-08 15:26:45,888 ] 85 root - INFO - Hypothesis ay_000: float64, float64 
[ 2022-12-08 15:26:45,922 ] 85 root - INFO - Hypothesis ay_001: float64, float64 
[ 2022-12-08 15:26:45,958 ] 85 root - INFO - Hypothesis ay_002: float64, float64 
[ 2022-12-08 15:26:45,993 ] 85 root - INFO - Hypothesis ay_003: float64, float64 
[ 2022-12-08 15:26:46,027 ] 85 root - INFO - Hypothesis ay_004: float64, float64 
[ 2022-12-08 15:26:46,065 ] 85 root - INFO - Hypothesis ay_005: float64, float64 
[ 2022-12-08 15:26:46,104 ] 85 root - INFO - Hypothesis ay_006: float64, float64 
[ 2022-12-08 15:26:46,145 ] 85 root - INFO - Hypothesis ay_007: float64, float64 
[ 2022-12-08 15:26:46,187 ] 85 root - INFO - Hypothesis ay_008: float64, float64 
[ 2022-12-08 15:26:46,230 ] 85 root - INFO - Hypothesis ay_009: float64, float64 
[ 2022-12-08 15:26:46,264 ] 85 root - INFO - Hypothesis az_000: float64, float64 
[ 2022-12-08 15:26:46,274 ] 85 root - INFO - Hypothesis az_001: float64, float64 
[ 2022-12-08 15:26:46,316 ] 85 root - INFO - Hypothesis az_002: float64, float64 
[ 2022-12-08 15:26:46,356 ] 85 root - INFO - Hypothesis az_003: float64, float64 
[ 2022-12-08 15:26:46,366 ] 85 root - INFO - Hypothesis az_004: float64, float64 
[ 2022-12-08 15:26:46,377 ] 85 root - INFO - Hypothesis az_005: float64, float64 
[ 2022-12-08 15:26:46,388 ] 85 root - INFO - Hypothesis az_006: float64, float64 
[ 2022-12-08 15:26:46,428 ] 85 root - INFO - Hypothesis az_007: float64, float64 
[ 2022-12-08 15:26:46,465 ] 85 root - INFO - Hypothesis az_008: float64, float64 
[ 2022-12-08 15:26:46,500 ] 85 root - INFO - Hypothesis az_009: float64, float64 
[ 2022-12-08 15:26:46,535 ] 85 root - INFO - Hypothesis ba_000: float64, float64 
[ 2022-12-08 15:26:46,546 ] 85 root - INFO - Hypothesis ba_001: float64, float64 
[ 2022-12-08 15:26:46,557 ] 85 root - INFO - Hypothesis ba_002: float64, float64 
[ 2022-12-08 15:26:46,598 ] 85 root - INFO - Hypothesis ba_003: float64, float64 
[ 2022-12-08 15:26:46,609 ] 85 root - INFO - Hypothesis ba_004: float64, float64 
[ 2022-12-08 15:26:46,651 ] 85 root - INFO - Hypothesis ba_005: float64, float64 
[ 2022-12-08 15:26:46,661 ] 85 root - INFO - Hypothesis ba_006: float64, float64 
[ 2022-12-08 15:26:46,701 ] 85 root - INFO - Hypothesis ba_007: float64, float64 
[ 2022-12-08 15:26:46,711 ] 85 root - INFO - Hypothesis ba_008: float64, float64 
[ 2022-12-08 15:26:46,751 ] 85 root - INFO - Hypothesis ba_009: float64, float64 
[ 2022-12-08 15:26:46,789 ] 85 root - INFO - Hypothesis bb_000: float64, float64 
[ 2022-12-08 15:26:46,830 ] 85 root - INFO - Hypothesis bc_000: float64, float64 
[ 2022-12-08 15:26:46,869 ] 85 root - INFO - Hypothesis bd_000: float64, float64 
[ 2022-12-08 15:26:46,908 ] 85 root - INFO - Hypothesis be_000: float64, float64 
[ 2022-12-08 15:26:46,917 ] 85 root - INFO - Hypothesis bf_000: float64, float64 
[ 2022-12-08 15:26:46,953 ] 85 root - INFO - Hypothesis bg_000: float64, float64 
[ 2022-12-08 15:26:46,994 ] 85 root - INFO - Hypothesis bh_000: float64, float64 
[ 2022-12-08 15:26:47,005 ] 85 root - INFO - Hypothesis bi_000: float64, float64 
[ 2022-12-08 15:26:47,046 ] 85 root - INFO - Hypothesis bj_000: float64, float64 
[ 2022-12-08 15:26:47,088 ] 85 root - INFO - Hypothesis bs_000: float64, float64 
[ 2022-12-08 15:26:47,128 ] 85 root - INFO - Hypothesis bt_000: float64, float64 
[ 2022-12-08 15:26:47,171 ] 85 root - INFO - Hypothesis bu_000: float64, float64 
[ 2022-12-08 15:26:47,213 ] 85 root - INFO - Hypothesis bv_000: float64, float64 
[ 2022-12-08 15:26:47,255 ] 85 root - INFO - Hypothesis bx_000: float64, float64 
[ 2022-12-08 15:26:47,296 ] 85 root - INFO - Hypothesis by_000: float64, float64 
[ 2022-12-08 15:26:47,338 ] 85 root - INFO - Hypothesis bz_000: float64, float64 
[ 2022-12-08 15:26:47,378 ] 85 root - INFO - Hypothesis ca_000: float64, float64 
[ 2022-12-08 15:26:47,420 ] 85 root - INFO - Hypothesis cb_000: float64, float64 
[ 2022-12-08 15:26:47,461 ] 85 root - INFO - Hypothesis cc_000: float64, float64 
[ 2022-12-08 15:26:47,502 ] 85 root - INFO - Hypothesis cd_000: float64, float64 
[ 2022-12-08 15:26:47,538 ] 85 root - INFO - Hypothesis ce_000: float64, float64 
[ 2022-12-08 15:26:47,578 ] 85 root - INFO - Hypothesis ci_000: float64, float64 
[ 2022-12-08 15:26:47,589 ] 85 root - INFO - Hypothesis cj_000: float64, float64 
[ 2022-12-08 15:26:47,625 ] 85 root - INFO - Hypothesis ck_000: float64, float64 
[ 2022-12-08 15:26:47,636 ] 85 root - INFO - Hypothesis cl_000: float64, float64 
[ 2022-12-08 15:26:47,672 ] 85 root - INFO - Hypothesis cm_000: float64, float64 
[ 2022-12-08 15:26:47,680 ] 85 root - INFO - Hypothesis cn_000: float64, float64 
[ 2022-12-08 15:26:47,715 ] 85 root - INFO - Hypothesis cn_001: float64, float64 
[ 2022-12-08 15:26:47,751 ] 85 root - INFO - Hypothesis cn_002: float64, float64 
[ 2022-12-08 15:26:47,759 ] 85 root - INFO - Hypothesis cn_003: float64, float64 
[ 2022-12-08 15:26:47,800 ] 85 root - INFO - Hypothesis cn_004: float64, float64 
[ 2022-12-08 15:26:47,811 ] 85 root - INFO - Hypothesis cn_005: float64, float64 
[ 2022-12-08 15:26:47,852 ] 85 root - INFO - Hypothesis cn_006: float64, float64 
[ 2022-12-08 15:26:47,862 ] 85 root - INFO - Hypothesis cn_007: float64, float64 
[ 2022-12-08 15:26:47,872 ] 85 root - INFO - Hypothesis cn_008: float64, float64 
[ 2022-12-08 15:26:47,881 ] 85 root - INFO - Hypothesis cn_009: float64, float64 
[ 2022-12-08 15:26:47,919 ] 85 root - INFO - Hypothesis cp_000: float64, float64 
[ 2022-12-08 15:26:47,958 ] 85 root - INFO - Hypothesis cq_000: float64, float64 
[ 2022-12-08 15:26:47,999 ] 85 root - INFO - Hypothesis cs_000: float64, float64 
[ 2022-12-08 15:26:48,040 ] 85 root - INFO - Hypothesis cs_001: float64, float64 
[ 2022-12-08 15:26:48,049 ] 85 root - INFO - Hypothesis cs_002: float64, float64 
[ 2022-12-08 15:26:48,090 ] 85 root - INFO - Hypothesis cs_003: float64, float64 
[ 2022-12-08 15:26:48,100 ] 85 root - INFO - Hypothesis cs_004: float64, float64 
[ 2022-12-08 15:26:48,142 ] 85 root - INFO - Hypothesis cs_005: float64, float64 
[ 2022-12-08 15:26:48,183 ] 85 root - INFO - Hypothesis cs_006: float64, float64 
[ 2022-12-08 15:26:48,225 ] 85 root - INFO - Hypothesis cs_007: float64, float64 
[ 2022-12-08 15:26:48,268 ] 85 root - INFO - Hypothesis cs_008: float64, float64 
[ 2022-12-08 15:26:48,308 ] 85 root - INFO - Hypothesis cs_009: float64, float64 
[ 2022-12-08 15:26:48,343 ] 85 root - INFO - Hypothesis dd_000: float64, float64 
[ 2022-12-08 15:26:48,386 ] 85 root - INFO - Hypothesis de_000: float64, float64 
[ 2022-12-08 15:26:48,395 ] 85 root - INFO - Hypothesis df_000: float64, float64 
[ 2022-12-08 15:26:48,431 ] 85 root - INFO - Hypothesis dg_000: float64, float64 
[ 2022-12-08 15:26:48,466 ] 85 root - INFO - Hypothesis dh_000: float64, float64 
[ 2022-12-08 15:26:48,502 ] 85 root - INFO - Hypothesis di_000: float64, float64 
[ 2022-12-08 15:26:48,538 ] 85 root - INFO - Hypothesis dj_000: float64, float64 
[ 2022-12-08 15:26:48,574 ] 85 root - INFO - Hypothesis dk_000: float64, float64 
[ 2022-12-08 15:26:48,608 ] 85 root - INFO - Hypothesis dl_000: float64, float64 
[ 2022-12-08 15:26:48,644 ] 85 root - INFO - Hypothesis dm_000: float64, float64 
[ 2022-12-08 15:26:48,680 ] 85 root - INFO - Hypothesis dn_000: float64, float64 
[ 2022-12-08 15:26:48,690 ] 85 root - INFO - Hypothesis do_000: float64, float64 
[ 2022-12-08 15:26:48,699 ] 85 root - INFO - Hypothesis dp_000: float64, float64 
[ 2022-12-08 15:26:48,709 ] 85 root - INFO - Hypothesis dq_000: float64, float64 
[ 2022-12-08 15:26:48,745 ] 85 root - INFO - Hypothesis dr_000: float64, float64 
[ 2022-12-08 15:26:48,782 ] 85 root - INFO - Hypothesis ds_000: float64, float64 
[ 2022-12-08 15:26:48,792 ] 85 root - INFO - Hypothesis dt_000: float64, float64 
[ 2022-12-08 15:26:48,834 ] 85 root - INFO - Hypothesis du_000: float64, float64 
[ 2022-12-08 15:26:48,844 ] 85 root - INFO - Hypothesis dv_000: float64, float64 
[ 2022-12-08 15:26:48,854 ] 85 root - INFO - Hypothesis dx_000: float64, float64 
[ 2022-12-08 15:26:48,890 ] 85 root - INFO - Hypothesis dy_000: float64, float64 
[ 2022-12-08 15:26:48,928 ] 85 root - INFO - Hypothesis dz_000: float64, float64 
[ 2022-12-08 15:26:48,963 ] 85 root - INFO - Hypothesis ea_000: float64, float64 
[ 2022-12-08 15:26:48,998 ] 85 root - INFO - Hypothesis eb_000: float64, float64 
[ 2022-12-08 15:26:49,038 ] 85 root - INFO - Hypothesis ec_00: float64, float64 
[ 2022-12-08 15:26:49,077 ] 85 root - INFO - Hypothesis ed_000: float64, float64 
[ 2022-12-08 15:26:49,116 ] 85 root - INFO - Hypothesis ee_000: float64, float64 
[ 2022-12-08 15:26:49,127 ] 85 root - INFO - Hypothesis ee_001: float64, float64 
[ 2022-12-08 15:26:49,169 ] 85 root - INFO - Hypothesis ee_002: float64, float64 
[ 2022-12-08 15:26:49,210 ] 85 root - INFO - Hypothesis ee_003: float64, float64 
[ 2022-12-08 15:26:49,252 ] 85 root - INFO - Hypothesis ee_004: float64, float64 
[ 2022-12-08 15:26:49,262 ] 85 root - INFO - Hypothesis ee_005: float64, float64 
[ 2022-12-08 15:26:49,272 ] 85 root - INFO - Hypothesis ee_006: float64, float64 
[ 2022-12-08 15:26:49,282 ] 85 root - INFO - Hypothesis ee_007: float64, float64 
[ 2022-12-08 15:26:49,324 ] 85 root - INFO - Hypothesis ee_008: float64, float64 
[ 2022-12-08 15:26:49,406 ] 85 root - INFO - Hypothesis ee_009: float64, float64 
[ 2022-12-08 15:26:49,414 ] 85 root - INFO - Hypothesis ef_000: float64, float64 
[ 2022-12-08 15:26:49,449 ] 85 root - INFO - Hypothesis eg_000: float64, float64 
[ 2022-12-08 15:26:49,482 ] 140 root - INFO - As all column are available in test df hence detecting data drift
[ 2022-12-08 15:26:49,482 ] 85 root - INFO - Hypothesis class: object, object 
[ 2022-12-08 15:26:49,557 ] 85 root - INFO - Hypothesis aa_000: float64, float64 
[ 2022-12-08 15:26:49,564 ] 85 root - INFO - Hypothesis ac_000: float64, float64 
[ 2022-12-08 15:26:49,569 ] 85 root - INFO - Hypothesis ae_000: float64, float64 
[ 2022-12-08 15:26:49,584 ] 85 root - INFO - Hypothesis af_000: float64, float64 
[ 2022-12-08 15:26:49,601 ] 85 root - INFO - Hypothesis ag_000: float64, float64 
[ 2022-12-08 15:26:49,615 ] 85 root - INFO - Hypothesis ag_001: float64, float64 
[ 2022-12-08 15:26:49,630 ] 85 root - INFO - Hypothesis ag_002: float64, float64 
[ 2022-12-08 15:26:49,645 ] 85 root - INFO - Hypothesis ag_003: float64, float64 
[ 2022-12-08 15:26:49,649 ] 85 root - INFO - Hypothesis ag_004: float64, float64 
[ 2022-12-08 15:26:49,656 ] 85 root - INFO - Hypothesis ag_005: float64, float64 
[ 2022-12-08 15:26:49,663 ] 85 root - INFO - Hypothesis ag_006: float64, float64 
[ 2022-12-08 15:26:49,670 ] 85 root - INFO - Hypothesis ag_007: float64, float64 
[ 2022-12-08 15:26:49,677 ] 85 root - INFO - Hypothesis ag_008: float64, float64 
[ 2022-12-08 15:26:49,695 ] 85 root - INFO - Hypothesis ag_009: float64, float64 
[ 2022-12-08 15:26:49,699 ] 85 root - INFO - Hypothesis ah_000: float64, float64 
[ 2022-12-08 15:26:49,706 ] 85 root - INFO - Hypothesis ai_000: float64, float64 
[ 2022-12-08 15:26:49,722 ] 85 root - INFO - Hypothesis aj_000: float64, float64 
[ 2022-12-08 15:26:49,727 ] 85 root - INFO - Hypothesis ak_000: float64, float64 
[ 2022-12-08 15:26:49,741 ] 85 root - INFO - Hypothesis al_000: float64, float64 
[ 2022-12-08 15:26:49,746 ] 85 root - INFO - Hypothesis am_0: float64, float64 
[ 2022-12-08 15:26:49,751 ] 85 root - INFO - Hypothesis an_000: float64, float64 
[ 2022-12-08 15:26:49,758 ] 85 root - INFO - Hypothesis ao_000: float64, float64 
[ 2022-12-08 15:26:49,765 ] 85 root - INFO - Hypothesis ap_000: float64, float64 
[ 2022-12-08 15:26:49,773 ] 85 root - INFO - Hypothesis aq_000: float64, float64 
[ 2022-12-08 15:26:49,780 ] 85 root - INFO - Hypothesis ar_000: float64, float64 
[ 2022-12-08 15:26:49,795 ] 85 root - INFO - Hypothesis as_000: float64, float64 
[ 2022-12-08 15:26:49,809 ] 85 root - INFO - Hypothesis at_000: float64, float64 
[ 2022-12-08 15:26:49,825 ] 85 root - INFO - Hypothesis au_000: float64, float64 
[ 2022-12-08 15:26:49,840 ] 85 root - INFO - Hypothesis av_000: float64, float64 
[ 2022-12-08 15:26:49,846 ] 85 root - INFO - Hypothesis ax_000: float64, float64 
[ 2022-12-08 15:26:49,851 ] 85 root - INFO - Hypothesis ay_000: float64, float64 
[ 2022-12-08 15:26:49,866 ] 85 root - INFO - Hypothesis ay_001: float64, float64 
[ 2022-12-08 15:26:49,880 ] 85 root - INFO - Hypothesis ay_002: float64, float64 
[ 2022-12-08 15:26:49,895 ] 85 root - INFO - Hypothesis ay_003: float64, float64 
[ 2022-12-08 15:26:49,910 ] 85 root - INFO - Hypothesis ay_004: float64, float64 
[ 2022-12-08 15:26:49,925 ] 85 root - INFO - Hypothesis ay_005: float64, float64 
[ 2022-12-08 15:26:49,930 ] 85 root - INFO - Hypothesis ay_006: float64, float64 
[ 2022-12-08 15:26:49,937 ] 85 root - INFO - Hypothesis ay_007: float64, float64 
[ 2022-12-08 15:26:49,944 ] 85 root - INFO - Hypothesis ay_008: float64, float64 
[ 2022-12-08 15:26:49,950 ] 85 root - INFO - Hypothesis ay_009: float64, float64 
[ 2022-12-08 15:26:49,965 ] 85 root - INFO - Hypothesis az_000: float64, float64 
[ 2022-12-08 15:26:49,972 ] 85 root - INFO - Hypothesis az_001: float64, float64 
[ 2022-12-08 15:26:49,978 ] 85 root - INFO - Hypothesis az_002: float64, float64 
[ 2022-12-08 15:26:49,985 ] 85 root - INFO - Hypothesis az_003: float64, float64 
[ 2022-12-08 15:26:49,992 ] 85 root - INFO - Hypothesis az_004: float64, float64 
[ 2022-12-08 15:26:49,999 ] 85 root - INFO - Hypothesis az_005: float64, float64 
[ 2022-12-08 15:26:50,006 ] 85 root - INFO - Hypothesis az_006: float64, float64 
[ 2022-12-08 15:26:50,012 ] 85 root - INFO - Hypothesis az_007: float64, float64 
[ 2022-12-08 15:26:50,017 ] 85 root - INFO - Hypothesis az_008: float64, float64 
[ 2022-12-08 15:26:50,032 ] 85 root - INFO - Hypothesis az_009: float64, float64 
[ 2022-12-08 15:26:50,047 ] 85 root - INFO - Hypothesis ba_000: float64, float64 
[ 2022-12-08 15:26:50,054 ] 85 root - INFO - Hypothesis ba_001: float64, float64 
[ 2022-12-08 15:26:50,061 ] 85 root - INFO - Hypothesis ba_002: float64, float64 
[ 2022-12-08 15:26:50,068 ] 85 root - INFO - Hypothesis ba_003: float64, float64 
[ 2022-12-08 15:26:50,075 ] 85 root - INFO - Hypothesis ba_004: float64, float64 
[ 2022-12-08 15:26:50,082 ] 85 root - INFO - Hypothesis ba_005: float64, float64 
[ 2022-12-08 15:26:50,089 ] 85 root - INFO - Hypothesis ba_006: float64, float64 
[ 2022-12-08 15:26:50,096 ] 85 root - INFO - Hypothesis ba_007: float64, float64 
[ 2022-12-08 15:26:50,102 ] 85 root - INFO - Hypothesis ba_008: float64, float64 
[ 2022-12-08 15:26:50,108 ] 85 root - INFO - Hypothesis ba_009: float64, float64 
[ 2022-12-08 15:26:50,113 ] 85 root - INFO - Hypothesis bb_000: float64, float64 
[ 2022-12-08 15:26:50,120 ] 85 root - INFO - Hypothesis bc_000: float64, float64 
[ 2022-12-08 15:26:50,125 ] 85 root - INFO - Hypothesis bd_000: float64, float64 
[ 2022-12-08 15:26:50,131 ] 85 root - INFO - Hypothesis be_000: float64, float64 
[ 2022-12-08 15:26:50,136 ] 85 root - INFO - Hypothesis bf_000: float64, float64 
[ 2022-12-08 15:26:50,141 ] 85 root - INFO - Hypothesis bg_000: float64, float64 
[ 2022-12-08 15:26:50,148 ] 85 root - INFO - Hypothesis bh_000: float64, float64 
[ 2022-12-08 15:26:50,155 ] 85 root - INFO - Hypothesis bi_000: float64, float64 
[ 2022-12-08 15:26:50,162 ] 85 root - INFO - Hypothesis bj_000: float64, float64 
[ 2022-12-08 15:26:50,169 ] 85 root - INFO - Hypothesis bs_000: float64, float64 
[ 2022-12-08 15:26:50,176 ] 85 root - INFO - Hypothesis bt_000: float64, float64 
[ 2022-12-08 15:26:50,183 ] 85 root - INFO - Hypothesis bu_000: float64, float64 
[ 2022-12-08 15:26:50,190 ] 85 root - INFO - Hypothesis bv_000: float64, float64 
[ 2022-12-08 15:26:50,197 ] 85 root - INFO - Hypothesis bx_000: float64, float64 
[ 2022-12-08 15:26:50,205 ] 85 root - INFO - Hypothesis by_000: float64, float64 
[ 2022-12-08 15:26:50,211 ] 85 root - INFO - Hypothesis bz_000: float64, float64 
[ 2022-12-08 15:26:50,217 ] 85 root - INFO - Hypothesis ca_000: float64, float64 
[ 2022-12-08 15:26:50,224 ] 85 root - INFO - Hypothesis cb_000: float64, float64 
[ 2022-12-08 15:26:50,232 ] 85 root - INFO - Hypothesis cc_000: float64, float64 
[ 2022-12-08 15:26:50,239 ] 85 root - INFO - Hypothesis cd_000: float64, float64 
[ 2022-12-08 15:26:50,254 ] 85 root - INFO - Hypothesis ce_000: float64, float64 
[ 2022-12-08 15:26:50,260 ] 85 root - INFO - Hypothesis ci_000: float64, float64 
[ 2022-12-08 15:26:50,267 ] 85 root - INFO - Hypothesis cj_000: float64, float64 
[ 2022-12-08 15:26:50,271 ] 85 root - INFO - Hypothesis ck_000: float64, float64 
[ 2022-12-08 15:26:50,281 ] 85 root - INFO - Hypothesis cl_000: float64, float64 
[ 2022-12-08 15:26:50,286 ] 85 root - INFO - Hypothesis cm_000: float64, float64 
[ 2022-12-08 15:26:50,291 ] 85 root - INFO - Hypothesis cn_000: float64, float64 
[ 2022-12-08 15:26:50,307 ] 85 root - INFO - Hypothesis cn_001: float64, float64 
[ 2022-12-08 15:26:50,312 ] 85 root - INFO - Hypothesis cn_002: float64, float64 
[ 2022-12-08 15:26:50,318 ] 85 root - INFO - Hypothesis cn_003: float64, float64 
[ 2022-12-08 15:26:50,325 ] 85 root - INFO - Hypothesis cn_004: float64, float64 
[ 2022-12-08 15:26:50,332 ] 85 root - INFO - Hypothesis cn_005: float64, float64 
[ 2022-12-08 15:26:50,340 ] 85 root - INFO - Hypothesis cn_006: float64, float64 
[ 2022-12-08 15:26:50,348 ] 85 root - INFO - Hypothesis cn_007: float64, float64 
[ 2022-12-08 15:26:50,356 ] 85 root - INFO - Hypothesis cn_008: float64, float64 
[ 2022-12-08 15:26:50,363 ] 85 root - INFO - Hypothesis cn_009: float64, float64 
[ 2022-12-08 15:26:50,369 ] 85 root - INFO - Hypothesis cp_000: float64, float64 
[ 2022-12-08 15:26:50,374 ] 85 root - INFO - Hypothesis cq_000: float64, float64 
[ 2022-12-08 15:26:50,381 ] 85 root - INFO - Hypothesis cs_000: float64, float64 
[ 2022-12-08 15:26:50,388 ] 85 root - INFO - Hypothesis cs_001: float64, float64 
[ 2022-12-08 15:26:50,394 ] 85 root - INFO - Hypothesis cs_002: float64, float64 
[ 2022-12-08 15:26:50,402 ] 85 root - INFO - Hypothesis cs_003: float64, float64 
[ 2022-12-08 15:26:50,414 ] 85 root - INFO - Hypothesis cs_004: float64, float64 
[ 2022-12-08 15:26:50,421 ] 85 root - INFO - Hypothesis cs_005: float64, float64 
[ 2022-12-08 15:26:50,428 ] 85 root - INFO - Hypothesis cs_006: float64, float64 
[ 2022-12-08 15:26:50,436 ] 85 root - INFO - Hypothesis cs_007: float64, float64 
[ 2022-12-08 15:26:50,442 ] 85 root - INFO - Hypothesis cs_008: float64, float64 
[ 2022-12-08 15:26:50,448 ] 85 root - INFO - Hypothesis cs_009: float64, float64 
[ 2022-12-08 15:26:50,462 ] 85 root - INFO - Hypothesis dd_000: float64, float64 
[ 2022-12-08 15:26:50,469 ] 85 root - INFO - Hypothesis de_000: float64, float64 
[ 2022-12-08 15:26:50,475 ] 85 root - INFO - Hypothesis df_000: float64, float64 
[ 2022-12-08 15:26:50,490 ] 85 root - INFO - Hypothesis dg_000: float64, float64 
[ 2022-12-08 15:26:50,505 ] 85 root - INFO - Hypothesis dh_000: float64, float64 
[ 2022-12-08 15:26:50,509 ] 85 root - INFO - Hypothesis di_000: float64, float64 
[ 2022-12-08 15:26:50,513 ] 85 root - INFO - Hypothesis dj_000: float64, float64 
[ 2022-12-08 15:26:50,528 ] 85 root - INFO - Hypothesis dk_000: float64, float64 
[ 2022-12-08 15:26:50,543 ] 85 root - INFO - Hypothesis dl_000: float64, float64 
[ 2022-12-08 15:26:50,558 ] 85 root - INFO - Hypothesis dm_000: float64, float64 
[ 2022-12-08 15:26:50,574 ] 85 root - INFO - Hypothesis dn_000: float64, float64 
[ 2022-12-08 15:26:50,580 ] 85 root - INFO - Hypothesis do_000: float64, float64 
[ 2022-12-08 15:26:50,587 ] 85 root - INFO - Hypothesis dp_000: float64, float64 
[ 2022-12-08 15:26:50,593 ] 85 root - INFO - Hypothesis dq_000: float64, float64 
[ 2022-12-08 15:26:50,609 ] 85 root - INFO - Hypothesis dr_000: float64, float64 
[ 2022-12-08 15:26:50,626 ] 85 root - INFO - Hypothesis ds_000: float64, float64 
[ 2022-12-08 15:26:50,633 ] 85 root - INFO - Hypothesis dt_000: float64, float64 
[ 2022-12-08 15:26:50,640 ] 85 root - INFO - Hypothesis du_000: float64, float64 
[ 2022-12-08 15:26:50,647 ] 85 root - INFO - Hypothesis dv_000: float64, float64 
[ 2022-12-08 15:26:50,654 ] 85 root - INFO - Hypothesis dx_000: float64, float64 
[ 2022-12-08 15:26:50,659 ] 85 root - INFO - Hypothesis dy_000: float64, float64 
[ 2022-12-08 15:26:50,663 ] 85 root - INFO - Hypothesis dz_000: float64, float64 
[ 2022-12-08 15:26:50,678 ] 85 root - INFO - Hypothesis ea_000: float64, float64 
[ 2022-12-08 15:26:50,694 ] 85 root - INFO - Hypothesis eb_000: float64, float64 
[ 2022-12-08 15:26:50,700 ] 85 root - INFO - Hypothesis ec_00: float64, float64 
[ 2022-12-08 15:26:50,706 ] 85 root - INFO - Hypothesis ed_000: float64, float64 
[ 2022-12-08 15:26:50,712 ] 85 root - INFO - Hypothesis ee_000: float64, float64 
[ 2022-12-08 15:26:50,719 ] 85 root - INFO - Hypothesis ee_001: float64, float64 
[ 2022-12-08 15:26:50,726 ] 85 root - INFO - Hypothesis ee_002: float64, float64 
[ 2022-12-08 15:26:50,734 ] 85 root - INFO - Hypothesis ee_003: float64, float64 
[ 2022-12-08 15:26:50,741 ] 85 root - INFO - Hypothesis ee_004: float64, float64 
[ 2022-12-08 15:26:50,747 ] 85 root - INFO - Hypothesis ee_005: float64, float64 
[ 2022-12-08 15:26:50,754 ] 85 root - INFO - Hypothesis ee_006: float64, float64 
[ 2022-12-08 15:26:50,761 ] 85 root - INFO - Hypothesis ee_007: float64, float64 
[ 2022-12-08 15:26:50,767 ] 85 root - INFO - Hypothesis ee_008: float64, float64 
[ 2022-12-08 15:26:50,773 ] 85 root - INFO - Hypothesis ee_009: float64, float64 
[ 2022-12-08 15:26:50,779 ] 85 root - INFO - Hypothesis ef_000: float64, float64 
[ 2022-12-08 15:26:50,793 ] 85 root - INFO - Hypothesis eg_000: float64, float64 
[ 2022-12-08 15:26:50,808 ] 144 root - INFO - Write reprt in yaml file
[ 2022-12-08 15:26:50,876 ] 149 root - INFO - Data validation artifact: DataValidationArtifact(report_file_path='/config/workspace/artifact/12082022__152623/data_validation/report.yaml')
