[ 2022-12-08 16:58:21,973 ] 17 root - INFO - Reading data from database: {database_name} and collection {collection_name}
[ 2022-12-08 16:58:26,577 ] 20 root - INFO - found columns: Index(['_id', 'class', 'aa_000', 'ab_000', 'ac_000', 'ad_000', 'ae_000',
       'af_000', 'ag_000', 'ag_001',
       ...
       'ee_002', 'ee_003', 'ee_004', 'ee_005', 'ee_006', 'ee_007', 'ee_008',
       'ee_009', 'ef_000', 'eg_000'],
      dtype='object', length=172)
[ 2022-12-08 16:58:26,582 ] 22 root - INFO - droping column :_id
[ 2022-12-08 16:58:26,800 ] 24 root - INFO - row and cols in df :(36188, 171)
[ 2022-12-08 16:58:27,534 ] 31 root - INFO - create a feature store folder if not available
[ 2022-12-08 16:58:27,536 ] 34 root - INFO - Save df to feature folder
[ 2022-12-08 16:58:30,257 ] 38 root - INFO - split the dataset into train and test
[ 2022-12-08 16:58:31,007 ] 41 root - INFO - create dataset directory if not available
[ 2022-12-08 16:58:31,008 ] 46 root - INFO - save df to feature store folder
[ 2022-12-08 16:58:33,637 ] 19 root - INFO - >>>>>>>>>>>>>>>>>>>>>>>>>>>>>>>>>>>>>>>> Data Validation <<<<<<<<<<<<<<<<<<<<<<<<<<<<<<<<<<<<<<<<
[ 2022-12-08 16:58:33,638 ] 107 root - INFO - Reading base dataframe
[ 2022-12-08 16:58:36,588 ] 110 root - INFO - Replace na value in base df
[ 2022-12-08 16:58:36,588 ] 112 root - INFO - Drop null values colums from base df
[ 2022-12-08 16:58:37,493 ] 41 root - INFO - selecting column name which contains null above to 0.2
[ 2022-12-08 16:58:37,494 ] 44 root - INFO - Columns to drop: ['ab_000', 'ad_000', 'bk_000', 'bl_000', 'bm_000', 'bn_000', 'bo_000', 'bp_000', 'bq_000', 'br_000', 'cf_000', 'cg_000', 'ch_000', 'co_000', 'cr_000', 'ct_000', 'cu_000', 'cv_000', 'cx_000', 'cy_000', 'cz_000', 'da_000', 'db_000', 'dc_000']
[ 2022-12-08 16:58:37,584 ] 115 root - INFO - Reading train dataframe
[ 2022-12-08 16:58:37,971 ] 117 root - INFO - Reading test dataframe
[ 2022-12-08 16:58:38,074 ] 120 root - INFO - Drop null values colums from train df
[ 2022-12-08 16:58:38,085 ] 41 root - INFO - selecting column name which contains null above to 0.2
[ 2022-12-08 16:58:38,086 ] 44 root - INFO - Columns to drop: ['ab_000', 'ad_000', 'bk_000', 'bl_000', 'bm_000', 'bn_000', 'bo_000', 'bp_000', 'bq_000', 'br_000', 'cf_000', 'cg_000', 'ch_000', 'co_000', 'cr_000', 'ct_000', 'cu_000', 'cv_000', 'cx_000', 'cy_000', 'cz_000', 'da_000', 'db_000', 'dc_000']
[ 2022-12-08 16:58:38,095 ] 122 root - INFO - Drop null values colums from test df
[ 2022-12-08 16:58:38,099 ] 41 root - INFO - selecting column name which contains null above to 0.2
[ 2022-12-08 16:58:38,100 ] 44 root - INFO - Columns to drop: ['ab_000', 'ad_000', 'bk_000', 'bl_000', 'bm_000', 'bn_000', 'bo_000', 'bp_000', 'bq_000', 'br_000', 'cf_000', 'cg_000', 'ch_000', 'co_000', 'cr_000', 'ct_000', 'cu_000', 'cv_000', 'cx_000', 'cy_000', 'cz_000', 'da_000', 'db_000', 'dc_000']
[ 2022-12-08 16:58:44,229 ] 131 root - INFO - Is all required columns present in train df
[ 2022-12-08 16:58:44,230 ] 133 root - INFO - Is all required columns present in test df
[ 2022-12-08 16:58:44,230 ] 137 root - INFO - As all column are available in train df hence detecting data drift
[ 2022-12-08 16:58:44,230 ] 85 root - INFO - Hypothesis class: object, object 
[ 2022-12-08 16:58:44,372 ] 85 root - INFO - Hypothesis aa_000: float64, float64 
[ 2022-12-08 16:58:44,382 ] 85 root - INFO - Hypothesis ac_000: float64, float64 
[ 2022-12-08 16:58:44,390 ] 85 root - INFO - Hypothesis ae_000: float64, float64 
[ 2022-12-08 16:58:44,426 ] 85 root - INFO - Hypothesis af_000: float64, float64 
[ 2022-12-08 16:58:44,461 ] 85 root - INFO - Hypothesis ag_000: float64, float64 
[ 2022-12-08 16:58:44,497 ] 85 root - INFO - Hypothesis ag_001: float64, float64 
[ 2022-12-08 16:58:44,531 ] 85 root - INFO - Hypothesis ag_002: float64, float64 
[ 2022-12-08 16:58:44,566 ] 85 root - INFO - Hypothesis ag_003: float64, float64 
[ 2022-12-08 16:58:44,604 ] 85 root - INFO - Hypothesis ag_004: float64, float64 
[ 2022-12-08 16:58:44,614 ] 85 root - INFO - Hypothesis ag_005: float64, float64 
[ 2022-12-08 16:58:44,625 ] 85 root - INFO - Hypothesis ag_006: float64, float64 
[ 2022-12-08 16:58:44,636 ] 85 root - INFO - Hypothesis ag_007: float64, float64 
[ 2022-12-08 16:58:44,677 ] 85 root - INFO - Hypothesis ag_008: float64, float64 
[ 2022-12-08 16:58:44,686 ] 85 root - INFO - Hypothesis ag_009: float64, float64 
[ 2022-12-08 16:58:44,724 ] 85 root - INFO - Hypothesis ah_000: float64, float64 
[ 2022-12-08 16:58:44,735 ] 85 root - INFO - Hypothesis ai_000: float64, float64 
[ 2022-12-08 16:58:44,770 ] 85 root - INFO - Hypothesis aj_000: float64, float64 
[ 2022-12-08 16:58:44,807 ] 85 root - INFO - Hypothesis ak_000: float64, float64 
[ 2022-12-08 16:58:44,842 ] 85 root - INFO - Hypothesis al_000: float64, float64 
[ 2022-12-08 16:58:44,879 ] 85 root - INFO - Hypothesis am_0: float64, float64 
[ 2022-12-08 16:58:44,916 ] 85 root - INFO - Hypothesis an_000: float64, float64 
[ 2022-12-08 16:58:44,926 ] 85 root - INFO - Hypothesis ao_000: float64, float64 
[ 2022-12-08 16:58:44,937 ] 85 root - INFO - Hypothesis ap_000: float64, float64 
[ 2022-12-08 16:58:44,947 ] 85 root - INFO - Hypothesis aq_000: float64, float64 
[ 2022-12-08 16:58:44,958 ] 85 root - INFO - Hypothesis ar_000: float64, float64 
[ 2022-12-08 16:58:44,993 ] 85 root - INFO - Hypothesis as_000: float64, float64 
[ 2022-12-08 16:58:45,027 ] 85 root - INFO - Hypothesis at_000: float64, float64 
[ 2022-12-08 16:58:45,061 ] 85 root - INFO - Hypothesis au_000: float64, float64 
[ 2022-12-08 16:58:45,099 ] 85 root - INFO - Hypothesis av_000: float64, float64 
[ 2022-12-08 16:58:45,108 ] 85 root - INFO - Hypothesis ax_000: float64, float64 
[ 2022-12-08 16:58:45,116 ] 85 root - INFO - Hypothesis ay_000: float64, float64 
[ 2022-12-08 16:58:45,150 ] 85 root - INFO - Hypothesis ay_001: float64, float64 
[ 2022-12-08 16:58:45,185 ] 85 root - INFO - Hypothesis ay_002: float64, float64 
[ 2022-12-08 16:58:45,219 ] 85 root - INFO - Hypothesis ay_003: float64, float64 
[ 2022-12-08 16:58:45,254 ] 85 root - INFO - Hypothesis ay_004: float64, float64 
[ 2022-12-08 16:58:45,288 ] 85 root - INFO - Hypothesis ay_005: float64, float64 
[ 2022-12-08 16:58:45,328 ] 85 root - INFO - Hypothesis ay_006: float64, float64 
[ 2022-12-08 16:58:45,338 ] 85 root - INFO - Hypothesis ay_007: float64, float64 
[ 2022-12-08 16:58:45,348 ] 85 root - INFO - Hypothesis ay_008: float64, float64 
[ 2022-12-08 16:58:45,388 ] 85 root - INFO - Hypothesis ay_009: float64, float64 
[ 2022-12-08 16:58:45,423 ] 85 root - INFO - Hypothesis az_000: float64, float64 
[ 2022-12-08 16:58:45,433 ] 85 root - INFO - Hypothesis az_001: float64, float64 
[ 2022-12-08 16:58:45,474 ] 85 root - INFO - Hypothesis az_002: float64, float64 
[ 2022-12-08 16:58:45,514 ] 85 root - INFO - Hypothesis az_003: float64, float64 
[ 2022-12-08 16:58:45,525 ] 85 root - INFO - Hypothesis az_004: float64, float64 
[ 2022-12-08 16:58:45,565 ] 85 root - INFO - Hypothesis az_005: float64, float64 
[ 2022-12-08 16:58:45,576 ] 85 root - INFO - Hypothesis az_006: float64, float64 
[ 2022-12-08 16:58:45,615 ] 85 root - INFO - Hypothesis az_007: float64, float64 
[ 2022-12-08 16:58:45,652 ] 85 root - INFO - Hypothesis az_008: float64, float64 
[ 2022-12-08 16:58:45,688 ] 85 root - INFO - Hypothesis az_009: float64, float64 
[ 2022-12-08 16:58:45,723 ] 85 root - INFO - Hypothesis ba_000: float64, float64 
[ 2022-12-08 16:58:45,734 ] 85 root - INFO - Hypothesis ba_001: float64, float64 
[ 2022-12-08 16:58:45,774 ] 85 root - INFO - Hypothesis ba_002: float64, float64 
[ 2022-12-08 16:58:45,785 ] 85 root - INFO - Hypothesis ba_003: float64, float64 
[ 2022-12-08 16:58:45,795 ] 85 root - INFO - Hypothesis ba_004: float64, float64 
[ 2022-12-08 16:58:45,805 ] 85 root - INFO - Hypothesis ba_005: float64, float64 
[ 2022-12-08 16:58:45,815 ] 85 root - INFO - Hypothesis ba_006: float64, float64 
[ 2022-12-08 16:58:45,825 ] 85 root - INFO - Hypothesis ba_007: float64, float64 
[ 2022-12-08 16:58:45,866 ] 85 root - INFO - Hypothesis ba_008: float64, float64 
[ 2022-12-08 16:58:45,904 ] 85 root - INFO - Hypothesis ba_009: float64, float64 
[ 2022-12-08 16:58:45,942 ] 85 root - INFO - Hypothesis bb_000: float64, float64 
[ 2022-12-08 16:58:45,952 ] 85 root - INFO - Hypothesis bc_000: float64, float64 
[ 2022-12-08 16:58:45,960 ] 85 root - INFO - Hypothesis bd_000: float64, float64 
[ 2022-12-08 16:58:45,968 ] 85 root - INFO - Hypothesis be_000: float64, float64 
[ 2022-12-08 16:58:45,977 ] 85 root - INFO - Hypothesis bf_000: float64, float64 
[ 2022-12-08 16:58:46,017 ] 85 root - INFO - Hypothesis bg_000: float64, float64 
[ 2022-12-08 16:58:46,029 ] 85 root - INFO - Hypothesis bh_000: float64, float64 
[ 2022-12-08 16:58:46,041 ] 85 root - INFO - Hypothesis bi_000: float64, float64 
[ 2022-12-08 16:58:46,052 ] 85 root - INFO - Hypothesis bj_000: float64, float64 
[ 2022-12-08 16:58:46,062 ] 85 root - INFO - Hypothesis bs_000: float64, float64 
[ 2022-12-08 16:58:46,073 ] 85 root - INFO - Hypothesis bt_000: float64, float64 
[ 2022-12-08 16:58:46,083 ] 85 root - INFO - Hypothesis bu_000: float64, float64 
[ 2022-12-08 16:58:46,094 ] 85 root - INFO - Hypothesis bv_000: float64, float64 
[ 2022-12-08 16:58:46,104 ] 85 root - INFO - Hypothesis bx_000: float64, float64 
[ 2022-12-08 16:58:46,115 ] 85 root - INFO - Hypothesis by_000: float64, float64 
[ 2022-12-08 16:58:46,125 ] 85 root - INFO - Hypothesis bz_000: float64, float64 
[ 2022-12-08 16:58:46,134 ] 85 root - INFO - Hypothesis ca_000: float64, float64 
[ 2022-12-08 16:58:46,145 ] 85 root - INFO - Hypothesis cb_000: float64, float64 
[ 2022-12-08 16:58:46,155 ] 85 root - INFO - Hypothesis cc_000: float64, float64 
[ 2022-12-08 16:58:46,166 ] 85 root - INFO - Hypothesis cd_000: float64, float64 
[ 2022-12-08 16:58:46,170 ] 85 root - INFO - Hypothesis ce_000: float64, float64 
[ 2022-12-08 16:58:46,180 ] 85 root - INFO - Hypothesis ci_000: float64, float64 
[ 2022-12-08 16:58:46,190 ] 85 root - INFO - Hypothesis cj_000: float64, float64 
[ 2022-12-08 16:58:46,227 ] 85 root - INFO - Hypothesis ck_000: float64, float64 
[ 2022-12-08 16:58:46,238 ] 85 root - INFO - Hypothesis cl_000: float64, float64 
[ 2022-12-08 16:58:46,274 ] 85 root - INFO - Hypothesis cm_000: float64, float64 
[ 2022-12-08 16:58:46,312 ] 85 root - INFO - Hypothesis cn_000: float64, float64 
[ 2022-12-08 16:58:46,349 ] 85 root - INFO - Hypothesis cn_001: float64, float64 
[ 2022-12-08 16:58:46,384 ] 85 root - INFO - Hypothesis cn_002: float64, float64 
[ 2022-12-08 16:58:46,423 ] 85 root - INFO - Hypothesis cn_003: float64, float64 
[ 2022-12-08 16:58:46,465 ] 85 root - INFO - Hypothesis cn_004: float64, float64 
[ 2022-12-08 16:58:46,477 ] 85 root - INFO - Hypothesis cn_005: float64, float64 
[ 2022-12-08 16:58:46,489 ] 85 root - INFO - Hypothesis cn_006: float64, float64 
[ 2022-12-08 16:58:46,501 ] 85 root - INFO - Hypothesis cn_007: float64, float64 
[ 2022-12-08 16:58:46,513 ] 85 root - INFO - Hypothesis cn_008: float64, float64 
[ 2022-12-08 16:58:46,523 ] 85 root - INFO - Hypothesis cn_009: float64, float64 
[ 2022-12-08 16:58:46,562 ] 85 root - INFO - Hypothesis cp_000: float64, float64 
[ 2022-12-08 16:58:46,601 ] 85 root - INFO - Hypothesis cq_000: float64, float64 
[ 2022-12-08 16:58:46,611 ] 85 root - INFO - Hypothesis cs_000: float64, float64 
[ 2022-12-08 16:58:46,621 ] 85 root - INFO - Hypothesis cs_001: float64, float64 
[ 2022-12-08 16:58:46,630 ] 85 root - INFO - Hypothesis cs_002: float64, float64 
[ 2022-12-08 16:58:46,640 ] 85 root - INFO - Hypothesis cs_003: float64, float64 
[ 2022-12-08 16:58:46,650 ] 85 root - INFO - Hypothesis cs_004: float64, float64 
[ 2022-12-08 16:58:46,660 ] 85 root - INFO - Hypothesis cs_005: float64, float64 
[ 2022-12-08 16:58:46,671 ] 85 root - INFO - Hypothesis cs_006: float64, float64 
[ 2022-12-08 16:58:46,682 ] 85 root - INFO - Hypothesis cs_007: float64, float64 
[ 2022-12-08 16:58:46,692 ] 85 root - INFO - Hypothesis cs_008: float64, float64 
[ 2022-12-08 16:58:46,729 ] 85 root - INFO - Hypothesis cs_009: float64, float64 
[ 2022-12-08 16:58:46,763 ] 85 root - INFO - Hypothesis dd_000: float64, float64 
[ 2022-12-08 16:58:46,773 ] 85 root - INFO - Hypothesis de_000: float64, float64 
[ 2022-12-08 16:58:46,781 ] 85 root - INFO - Hypothesis df_000: float64, float64 
[ 2022-12-08 16:58:46,817 ] 85 root - INFO - Hypothesis dg_000: float64, float64 
[ 2022-12-08 16:58:46,852 ] 85 root - INFO - Hypothesis dh_000: float64, float64 
[ 2022-12-08 16:58:46,857 ] 85 root - INFO - Hypothesis di_000: float64, float64 
[ 2022-12-08 16:58:46,863 ] 85 root - INFO - Hypothesis dj_000: float64, float64 
[ 2022-12-08 16:58:46,898 ] 85 root - INFO - Hypothesis dk_000: float64, float64 
[ 2022-12-08 16:58:46,933 ] 85 root - INFO - Hypothesis dl_000: float64, float64 
[ 2022-12-08 16:58:46,968 ] 85 root - INFO - Hypothesis dm_000: float64, float64 
[ 2022-12-08 16:58:47,003 ] 85 root - INFO - Hypothesis dn_000: float64, float64 
[ 2022-12-08 16:58:47,014 ] 85 root - INFO - Hypothesis do_000: float64, float64 
[ 2022-12-08 16:58:47,053 ] 85 root - INFO - Hypothesis dp_000: float64, float64 
[ 2022-12-08 16:58:47,093 ] 85 root - INFO - Hypothesis dq_000: float64, float64 
[ 2022-12-08 16:58:47,129 ] 85 root - INFO - Hypothesis dr_000: float64, float64 
[ 2022-12-08 16:58:47,166 ] 85 root - INFO - Hypothesis ds_000: float64, float64 
[ 2022-12-08 16:58:47,176 ] 85 root - INFO - Hypothesis dt_000: float64, float64 
[ 2022-12-08 16:58:47,217 ] 85 root - INFO - Hypothesis du_000: float64, float64 
[ 2022-12-08 16:58:47,228 ] 85 root - INFO - Hypothesis dv_000: float64, float64 
[ 2022-12-08 16:58:47,238 ] 85 root - INFO - Hypothesis dx_000: float64, float64 
[ 2022-12-08 16:58:47,276 ] 85 root - INFO - Hypothesis dy_000: float64, float64 
[ 2022-12-08 16:58:47,314 ] 85 root - INFO - Hypothesis dz_000: float64, float64 
[ 2022-12-08 16:58:47,349 ] 85 root - INFO - Hypothesis ea_000: float64, float64 
[ 2022-12-08 16:58:47,389 ] 85 root - INFO - Hypothesis eb_000: float64, float64 
[ 2022-12-08 16:58:47,427 ] 85 root - INFO - Hypothesis ec_00: float64, float64 
[ 2022-12-08 16:58:47,468 ] 85 root - INFO - Hypothesis ed_000: float64, float64 
[ 2022-12-08 16:58:47,509 ] 85 root - INFO - Hypothesis ee_000: float64, float64 
[ 2022-12-08 16:58:47,520 ] 85 root - INFO - Hypothesis ee_001: float64, float64 
[ 2022-12-08 16:58:47,532 ] 85 root - INFO - Hypothesis ee_002: float64, float64 
[ 2022-12-08 16:58:47,542 ] 85 root - INFO - Hypothesis ee_003: float64, float64 
[ 2022-12-08 16:58:47,553 ] 85 root - INFO - Hypothesis ee_004: float64, float64 
[ 2022-12-08 16:58:47,563 ] 85 root - INFO - Hypothesis ee_005: float64, float64 
[ 2022-12-08 16:58:47,573 ] 85 root - INFO - Hypothesis ee_006: float64, float64 
[ 2022-12-08 16:58:47,613 ] 85 root - INFO - Hypothesis ee_007: float64, float64 
[ 2022-12-08 16:58:47,654 ] 85 root - INFO - Hypothesis ee_008: float64, float64 
[ 2022-12-08 16:58:47,737 ] 85 root - INFO - Hypothesis ee_009: float64, float64 
[ 2022-12-08 16:58:47,775 ] 85 root - INFO - Hypothesis ef_000: float64, float64 
[ 2022-12-08 16:58:47,810 ] 85 root - INFO - Hypothesis eg_000: float64, float64 
[ 2022-12-08 16:58:47,844 ] 140 root - INFO - As all column are available in test df hence detecting data drift
[ 2022-12-08 16:58:47,845 ] 85 root - INFO - Hypothesis class: object, object 
[ 2022-12-08 16:58:47,919 ] 85 root - INFO - Hypothesis aa_000: float64, float64 
[ 2022-12-08 16:58:47,926 ] 85 root - INFO - Hypothesis ac_000: float64, float64 
[ 2022-12-08 16:58:47,931 ] 85 root - INFO - Hypothesis ae_000: float64, float64 
[ 2022-12-08 16:58:47,934 ] 85 root - INFO - Hypothesis af_000: float64, float64 
[ 2022-12-08 16:58:47,938 ] 85 root - INFO - Hypothesis ag_000: float64, float64 
[ 2022-12-08 16:58:47,952 ] 85 root - INFO - Hypothesis ag_001: float64, float64 
[ 2022-12-08 16:58:47,966 ] 85 root - INFO - Hypothesis ag_002: float64, float64 
[ 2022-12-08 16:58:47,981 ] 85 root - INFO - Hypothesis ag_003: float64, float64 
[ 2022-12-08 16:58:47,986 ] 85 root - INFO - Hypothesis ag_004: float64, float64 
[ 2022-12-08 16:58:47,993 ] 85 root - INFO - Hypothesis ag_005: float64, float64 
[ 2022-12-08 16:58:48,000 ] 85 root - INFO - Hypothesis ag_006: float64, float64 
[ 2022-12-08 16:58:48,007 ] 85 root - INFO - Hypothesis ag_007: float64, float64 
[ 2022-12-08 16:58:48,013 ] 85 root - INFO - Hypothesis ag_008: float64, float64 
[ 2022-12-08 16:58:48,019 ] 85 root - INFO - Hypothesis ag_009: float64, float64 
[ 2022-12-08 16:58:48,024 ] 85 root - INFO - Hypothesis ah_000: float64, float64 
[ 2022-12-08 16:58:48,031 ] 85 root - INFO - Hypothesis ai_000: float64, float64 
[ 2022-12-08 16:58:48,035 ] 85 root - INFO - Hypothesis aj_000: float64, float64 
[ 2022-12-08 16:58:48,039 ] 85 root - INFO - Hypothesis ak_000: float64, float64 
[ 2022-12-08 16:58:48,042 ] 85 root - INFO - Hypothesis al_000: float64, float64 
[ 2022-12-08 16:58:48,047 ] 85 root - INFO - Hypothesis am_0: float64, float64 
[ 2022-12-08 16:58:48,052 ] 85 root - INFO - Hypothesis an_000: float64, float64 
[ 2022-12-08 16:58:48,059 ] 85 root - INFO - Hypothesis ao_000: float64, float64 
[ 2022-12-08 16:58:48,066 ] 85 root - INFO - Hypothesis ap_000: float64, float64 
[ 2022-12-08 16:58:48,073 ] 85 root - INFO - Hypothesis aq_000: float64, float64 
[ 2022-12-08 16:58:48,080 ] 85 root - INFO - Hypothesis ar_000: float64, float64 
[ 2022-12-08 16:58:48,084 ] 85 root - INFO - Hypothesis as_000: float64, float64 
[ 2022-12-08 16:58:48,098 ] 85 root - INFO - Hypothesis at_000: float64, float64 
[ 2022-12-08 16:58:48,113 ] 85 root - INFO - Hypothesis au_000: float64, float64 
[ 2022-12-08 16:58:48,128 ] 85 root - INFO - Hypothesis av_000: float64, float64 
[ 2022-12-08 16:58:48,134 ] 85 root - INFO - Hypothesis ax_000: float64, float64 
[ 2022-12-08 16:58:48,139 ] 85 root - INFO - Hypothesis ay_000: float64, float64 
[ 2022-12-08 16:58:48,153 ] 85 root - INFO - Hypothesis ay_001: float64, float64 
[ 2022-12-08 16:58:48,167 ] 85 root - INFO - Hypothesis ay_002: float64, float64 
[ 2022-12-08 16:58:48,181 ] 85 root - INFO - Hypothesis ay_003: float64, float64 
[ 2022-12-08 16:58:48,196 ] 85 root - INFO - Hypothesis ay_004: float64, float64 
[ 2022-12-08 16:58:48,210 ] 85 root - INFO - Hypothesis ay_005: float64, float64 
[ 2022-12-08 16:58:48,216 ] 85 root - INFO - Hypothesis ay_006: float64, float64 
[ 2022-12-08 16:58:48,222 ] 85 root - INFO - Hypothesis ay_007: float64, float64 
[ 2022-12-08 16:58:48,229 ] 85 root - INFO - Hypothesis ay_008: float64, float64 
[ 2022-12-08 16:58:48,236 ] 85 root - INFO - Hypothesis ay_009: float64, float64 
[ 2022-12-08 16:58:48,250 ] 85 root - INFO - Hypothesis az_000: float64, float64 
[ 2022-12-08 16:58:48,257 ] 85 root - INFO - Hypothesis az_001: float64, float64 
[ 2022-12-08 16:58:48,264 ] 85 root - INFO - Hypothesis az_002: float64, float64 
[ 2022-12-08 16:58:48,270 ] 85 root - INFO - Hypothesis az_003: float64, float64 
[ 2022-12-08 16:58:48,277 ] 85 root - INFO - Hypothesis az_004: float64, float64 
[ 2022-12-08 16:58:48,284 ] 85 root - INFO - Hypothesis az_005: float64, float64 
[ 2022-12-08 16:58:48,292 ] 85 root - INFO - Hypothesis az_006: float64, float64 
[ 2022-12-08 16:58:48,298 ] 85 root - INFO - Hypothesis az_007: float64, float64 
[ 2022-12-08 16:58:48,302 ] 85 root - INFO - Hypothesis az_008: float64, float64 
[ 2022-12-08 16:58:48,318 ] 85 root - INFO - Hypothesis az_009: float64, float64 
[ 2022-12-08 16:58:48,335 ] 85 root - INFO - Hypothesis ba_000: float64, float64 
[ 2022-12-08 16:58:48,343 ] 85 root - INFO - Hypothesis ba_001: float64, float64 
[ 2022-12-08 16:58:48,350 ] 85 root - INFO - Hypothesis ba_002: float64, float64 
[ 2022-12-08 16:58:48,357 ] 85 root - INFO - Hypothesis ba_003: float64, float64 
[ 2022-12-08 16:58:48,364 ] 85 root - INFO - Hypothesis ba_004: float64, float64 
[ 2022-12-08 16:58:48,370 ] 85 root - INFO - Hypothesis ba_005: float64, float64 
[ 2022-12-08 16:58:48,377 ] 85 root - INFO - Hypothesis ba_006: float64, float64 
[ 2022-12-08 16:58:48,384 ] 85 root - INFO - Hypothesis ba_007: float64, float64 
[ 2022-12-08 16:58:48,390 ] 85 root - INFO - Hypothesis ba_008: float64, float64 
[ 2022-12-08 16:58:48,396 ] 85 root - INFO - Hypothesis ba_009: float64, float64 
[ 2022-12-08 16:58:48,400 ] 85 root - INFO - Hypothesis bb_000: float64, float64 
[ 2022-12-08 16:58:48,407 ] 85 root - INFO - Hypothesis bc_000: float64, float64 
[ 2022-12-08 16:58:48,412 ] 85 root - INFO - Hypothesis bd_000: float64, float64 
[ 2022-12-08 16:58:48,418 ] 85 root - INFO - Hypothesis be_000: float64, float64 
[ 2022-12-08 16:58:48,423 ] 85 root - INFO - Hypothesis bf_000: float64, float64 
[ 2022-12-08 16:58:48,428 ] 85 root - INFO - Hypothesis bg_000: float64, float64 
[ 2022-12-08 16:58:48,435 ] 85 root - INFO - Hypothesis bh_000: float64, float64 
[ 2022-12-08 16:58:48,442 ] 85 root - INFO - Hypothesis bi_000: float64, float64 
[ 2022-12-08 16:58:48,449 ] 85 root - INFO - Hypothesis bj_000: float64, float64 
[ 2022-12-08 16:58:48,456 ] 85 root - INFO - Hypothesis bs_000: float64, float64 
[ 2022-12-08 16:58:48,463 ] 85 root - INFO - Hypothesis bt_000: float64, float64 
[ 2022-12-08 16:58:48,470 ] 85 root - INFO - Hypothesis bu_000: float64, float64 
[ 2022-12-08 16:58:48,478 ] 85 root - INFO - Hypothesis bv_000: float64, float64 
[ 2022-12-08 16:58:48,486 ] 85 root - INFO - Hypothesis bx_000: float64, float64 
[ 2022-12-08 16:58:48,493 ] 85 root - INFO - Hypothesis by_000: float64, float64 
[ 2022-12-08 16:58:48,500 ] 85 root - INFO - Hypothesis bz_000: float64, float64 
[ 2022-12-08 16:58:48,506 ] 85 root - INFO - Hypothesis ca_000: float64, float64 
[ 2022-12-08 16:58:48,513 ] 85 root - INFO - Hypothesis cb_000: float64, float64 
[ 2022-12-08 16:58:48,521 ] 85 root - INFO - Hypothesis cc_000: float64, float64 
[ 2022-12-08 16:58:48,528 ] 85 root - INFO - Hypothesis cd_000: float64, float64 
[ 2022-12-08 16:58:48,531 ] 85 root - INFO - Hypothesis ce_000: float64, float64 
[ 2022-12-08 16:58:48,537 ] 85 root - INFO - Hypothesis ci_000: float64, float64 
[ 2022-12-08 16:58:48,544 ] 85 root - INFO - Hypothesis cj_000: float64, float64 
[ 2022-12-08 16:58:48,548 ] 85 root - INFO - Hypothesis ck_000: float64, float64 
[ 2022-12-08 16:58:48,555 ] 85 root - INFO - Hypothesis cl_000: float64, float64 
[ 2022-12-08 16:58:48,559 ] 85 root - INFO - Hypothesis cm_000: float64, float64 
[ 2022-12-08 16:58:48,564 ] 85 root - INFO - Hypothesis cn_000: float64, float64 
[ 2022-12-08 16:58:48,579 ] 85 root - INFO - Hypothesis cn_001: float64, float64 
[ 2022-12-08 16:58:48,594 ] 85 root - INFO - Hypothesis cn_002: float64, float64 
[ 2022-12-08 16:58:48,599 ] 85 root - INFO - Hypothesis cn_003: float64, float64 
[ 2022-12-08 16:58:48,606 ] 85 root - INFO - Hypothesis cn_004: float64, float64 
[ 2022-12-08 16:58:48,613 ] 85 root - INFO - Hypothesis cn_005: float64, float64 
[ 2022-12-08 16:58:48,620 ] 85 root - INFO - Hypothesis cn_006: float64, float64 
[ 2022-12-08 16:58:48,627 ] 85 root - INFO - Hypothesis cn_007: float64, float64 
[ 2022-12-08 16:58:48,633 ] 85 root - INFO - Hypothesis cn_008: float64, float64 
[ 2022-12-08 16:58:48,639 ] 85 root - INFO - Hypothesis cn_009: float64, float64 
[ 2022-12-08 16:58:48,644 ] 85 root - INFO - Hypothesis cp_000: float64, float64 
[ 2022-12-08 16:58:48,650 ] 85 root - INFO - Hypothesis cq_000: float64, float64 
[ 2022-12-08 16:58:48,656 ] 85 root - INFO - Hypothesis cs_000: float64, float64 
[ 2022-12-08 16:58:48,663 ] 85 root - INFO - Hypothesis cs_001: float64, float64 
[ 2022-12-08 16:58:48,669 ] 85 root - INFO - Hypothesis cs_002: float64, float64 
[ 2022-12-08 16:58:48,675 ] 85 root - INFO - Hypothesis cs_003: float64, float64 
[ 2022-12-08 16:58:48,682 ] 85 root - INFO - Hypothesis cs_004: float64, float64 
[ 2022-12-08 16:58:48,689 ] 85 root - INFO - Hypothesis cs_005: float64, float64 
[ 2022-12-08 16:58:48,696 ] 85 root - INFO - Hypothesis cs_006: float64, float64 
[ 2022-12-08 16:58:48,704 ] 85 root - INFO - Hypothesis cs_007: float64, float64 
[ 2022-12-08 16:58:48,711 ] 85 root - INFO - Hypothesis cs_008: float64, float64 
[ 2022-12-08 16:58:48,716 ] 85 root - INFO - Hypothesis cs_009: float64, float64 
[ 2022-12-08 16:58:48,731 ] 85 root - INFO - Hypothesis dd_000: float64, float64 
[ 2022-12-08 16:58:48,737 ] 85 root - INFO - Hypothesis de_000: float64, float64 
[ 2022-12-08 16:58:48,743 ] 85 root - INFO - Hypothesis df_000: float64, float64 
[ 2022-12-08 16:58:48,746 ] 85 root - INFO - Hypothesis dg_000: float64, float64 
[ 2022-12-08 16:58:48,750 ] 85 root - INFO - Hypothesis dh_000: float64, float64 
[ 2022-12-08 16:58:48,753 ] 85 root - INFO - Hypothesis di_000: float64, float64 
[ 2022-12-08 16:58:48,757 ] 85 root - INFO - Hypothesis dj_000: float64, float64 
[ 2022-12-08 16:58:48,761 ] 85 root - INFO - Hypothesis dk_000: float64, float64 
[ 2022-12-08 16:58:48,764 ] 85 root - INFO - Hypothesis dl_000: float64, float64 
[ 2022-12-08 16:58:48,767 ] 85 root - INFO - Hypothesis dm_000: float64, float64 
[ 2022-12-08 16:58:48,770 ] 85 root - INFO - Hypothesis dn_000: float64, float64 
[ 2022-12-08 16:58:48,777 ] 85 root - INFO - Hypothesis do_000: float64, float64 
[ 2022-12-08 16:58:48,783 ] 85 root - INFO - Hypothesis dp_000: float64, float64 
[ 2022-12-08 16:58:48,789 ] 85 root - INFO - Hypothesis dq_000: float64, float64 
[ 2022-12-08 16:58:48,794 ] 85 root - INFO - Hypothesis dr_000: float64, float64 
[ 2022-12-08 16:58:48,798 ] 85 root - INFO - Hypothesis ds_000: float64, float64 
[ 2022-12-08 16:58:48,805 ] 85 root - INFO - Hypothesis dt_000: float64, float64 
[ 2022-12-08 16:58:48,811 ] 85 root - INFO - Hypothesis du_000: float64, float64 
[ 2022-12-08 16:58:48,818 ] 85 root - INFO - Hypothesis dv_000: float64, float64 
[ 2022-12-08 16:58:48,825 ] 85 root - INFO - Hypothesis dx_000: float64, float64 
[ 2022-12-08 16:58:48,829 ] 85 root - INFO - Hypothesis dy_000: float64, float64 
[ 2022-12-08 16:58:48,834 ] 85 root - INFO - Hypothesis dz_000: float64, float64 
[ 2022-12-08 16:58:48,837 ] 85 root - INFO - Hypothesis ea_000: float64, float64 
[ 2022-12-08 16:58:48,840 ] 85 root - INFO - Hypothesis eb_000: float64, float64 
[ 2022-12-08 16:58:48,846 ] 85 root - INFO - Hypothesis ec_00: float64, float64 
[ 2022-12-08 16:58:48,852 ] 85 root - INFO - Hypothesis ed_000: float64, float64 
[ 2022-12-08 16:58:48,858 ] 85 root - INFO - Hypothesis ee_000: float64, float64 
[ 2022-12-08 16:58:48,865 ] 85 root - INFO - Hypothesis ee_001: float64, float64 
[ 2022-12-08 16:58:48,872 ] 85 root - INFO - Hypothesis ee_002: float64, float64 
[ 2022-12-08 16:58:48,879 ] 85 root - INFO - Hypothesis ee_003: float64, float64 
[ 2022-12-08 16:58:48,886 ] 85 root - INFO - Hypothesis ee_004: float64, float64 
[ 2022-12-08 16:58:48,893 ] 85 root - INFO - Hypothesis ee_005: float64, float64 
[ 2022-12-08 16:58:48,900 ] 85 root - INFO - Hypothesis ee_006: float64, float64 
[ 2022-12-08 16:58:48,906 ] 85 root - INFO - Hypothesis ee_007: float64, float64 
[ 2022-12-08 16:58:48,913 ] 85 root - INFO - Hypothesis ee_008: float64, float64 
[ 2022-12-08 16:58:48,919 ] 85 root - INFO - Hypothesis ee_009: float64, float64 
[ 2022-12-08 16:58:48,924 ] 85 root - INFO - Hypothesis ef_000: float64, float64 
[ 2022-12-08 16:58:48,927 ] 85 root - INFO - Hypothesis eg_000: float64, float64 
[ 2022-12-08 16:58:48,930 ] 144 root - INFO - Write reprt in yaml file
[ 2022-12-08 16:58:49,001 ] 149 root - INFO - Data validation artifact: DataValidationArtifact(report_file_path='/config/workspace/artifact/12082022__165821/data_validation/report.yaml')
