[ 2022-12-10 11:48:42,671 ] 19 root - INFO - Reading data from database: {database_name} and collection {collection_name}
[ 2022-12-10 11:48:47,346 ] 22 root - INFO - found columns: Index(['_id', 'class', 'aa_000', 'ab_000', 'ac_000', 'ad_000', 'ae_000',
       'af_000', 'ag_000', 'ag_001',
       ...
       'ee_002', 'ee_003', 'ee_004', 'ee_005', 'ee_006', 'ee_007', 'ee_008',
       'ee_009', 'ef_000', 'eg_000'],
      dtype='object', length=172)
[ 2022-12-10 11:48:47,347 ] 24 root - INFO - droping column :_id
[ 2022-12-10 11:48:47,568 ] 26 root - INFO - row and cols in df :(36188, 171)
[ 2022-12-10 11:48:48,166 ] 31 root - INFO - create a feature store folder if not available
[ 2022-12-10 11:48:48,167 ] 34 root - INFO - Save df to feature folder
[ 2022-12-10 11:48:50,834 ] 38 root - INFO - split the dataset into train and test
[ 2022-12-10 11:48:51,711 ] 41 root - INFO - create dataset directory if not available
[ 2022-12-10 11:48:51,711 ] 46 root - INFO - save df to feature store folder
[ 2022-12-10 11:48:54,479 ] 19 root - INFO - >>>>>>>>>>>>>>>>>>>>>>>>>>>>>>>>>>>>>>>> Data Validation <<<<<<<<<<<<<<<<<<<<<<<<<<<<<<<<<<<<<<<<
[ 2022-12-10 11:48:54,479 ] 107 root - INFO - Reading base dataframe
[ 2022-12-10 11:48:57,478 ] 110 root - INFO - Replace na value in base df
[ 2022-12-10 11:48:57,478 ] 112 root - INFO - Drop null values colums from base df
[ 2022-12-10 11:48:58,514 ] 41 root - INFO - selecting column name which contains null above to 0.2
[ 2022-12-10 11:48:58,515 ] 44 root - INFO - Columns to drop: ['ab_000', 'ad_000', 'bk_000', 'bl_000', 'bm_000', 'bn_000', 'bo_000', 'bp_000', 'bq_000', 'br_000', 'cf_000', 'cg_000', 'ch_000', 'co_000', 'cr_000', 'ct_000', 'cu_000', 'cv_000', 'cx_000', 'cy_000', 'cz_000', 'da_000', 'db_000', 'dc_000']
[ 2022-12-10 11:48:58,628 ] 115 root - INFO - Reading train dataframe
[ 2022-12-10 11:48:59,020 ] 117 root - INFO - Reading test dataframe
[ 2022-12-10 11:48:59,126 ] 120 root - INFO - Drop null values colums from train df
[ 2022-12-10 11:48:59,139 ] 41 root - INFO - selecting column name which contains null above to 0.2
[ 2022-12-10 11:48:59,140 ] 44 root - INFO - Columns to drop: ['ab_000', 'ad_000', 'bk_000', 'bl_000', 'bm_000', 'bn_000', 'bo_000', 'bp_000', 'bq_000', 'br_000', 'cf_000', 'cg_000', 'ch_000', 'co_000', 'cr_000', 'ct_000', 'cu_000', 'cv_000', 'cx_000', 'cy_000', 'cz_000', 'da_000', 'db_000', 'dc_000']
[ 2022-12-10 11:48:59,152 ] 122 root - INFO - Drop null values colums from test df
[ 2022-12-10 11:48:59,157 ] 41 root - INFO - selecting column name which contains null above to 0.2
[ 2022-12-10 11:48:59,157 ] 44 root - INFO - Columns to drop: ['ab_000', 'ad_000', 'bk_000', 'bl_000', 'bm_000', 'bn_000', 'bo_000', 'bp_000', 'bq_000', 'br_000', 'cf_000', 'cg_000', 'ch_000', 'co_000', 'cr_000', 'ct_000', 'cu_000', 'cv_000', 'cx_000', 'cy_000', 'cz_000', 'da_000', 'db_000', 'dc_000']
[ 2022-12-10 11:49:05,009 ] 131 root - INFO - Is all required columns present in train df
[ 2022-12-10 11:49:05,009 ] 133 root - INFO - Is all required columns present in test df
[ 2022-12-10 11:49:05,010 ] 137 root - INFO - As all column are available in train df hence detecting data drift
[ 2022-12-10 11:49:05,010 ] 85 root - INFO - Hypothesis class: object, object 
[ 2022-12-10 11:49:05,143 ] 85 root - INFO - Hypothesis aa_000: float64, float64 
[ 2022-12-10 11:49:05,153 ] 85 root - INFO - Hypothesis ac_000: float64, float64 
[ 2022-12-10 11:49:05,192 ] 85 root - INFO - Hypothesis ae_000: float64, float64 
[ 2022-12-10 11:49:05,226 ] 85 root - INFO - Hypothesis af_000: float64, float64 
[ 2022-12-10 11:49:05,261 ] 85 root - INFO - Hypothesis ag_000: float64, float64 
[ 2022-12-10 11:49:05,295 ] 85 root - INFO - Hypothesis ag_001: float64, float64 
[ 2022-12-10 11:49:05,329 ] 85 root - INFO - Hypothesis ag_002: float64, float64 
[ 2022-12-10 11:49:05,364 ] 85 root - INFO - Hypothesis ag_003: float64, float64 
[ 2022-12-10 11:49:05,401 ] 85 root - INFO - Hypothesis ag_004: float64, float64 
[ 2022-12-10 11:49:05,442 ] 85 root - INFO - Hypothesis ag_005: float64, float64 
[ 2022-12-10 11:49:05,485 ] 85 root - INFO - Hypothesis ag_006: float64, float64 
[ 2022-12-10 11:49:05,496 ] 85 root - INFO - Hypothesis ag_007: float64, float64 
[ 2022-12-10 11:49:05,505 ] 85 root - INFO - Hypothesis ag_008: float64, float64 
[ 2022-12-10 11:49:05,545 ] 85 root - INFO - Hypothesis ag_009: float64, float64 
[ 2022-12-10 11:49:05,583 ] 85 root - INFO - Hypothesis ah_000: float64, float64 
[ 2022-12-10 11:49:05,594 ] 85 root - INFO - Hypothesis ai_000: float64, float64 
[ 2022-12-10 11:49:05,631 ] 85 root - INFO - Hypothesis aj_000: float64, float64 
[ 2022-12-10 11:49:05,668 ] 85 root - INFO - Hypothesis ak_000: float64, float64 
[ 2022-12-10 11:49:05,703 ] 85 root - INFO - Hypothesis al_000: float64, float64 
[ 2022-12-10 11:49:05,741 ] 85 root - INFO - Hypothesis am_0: float64, float64 
[ 2022-12-10 11:49:05,781 ] 85 root - INFO - Hypothesis an_000: float64, float64 
[ 2022-12-10 11:49:05,791 ] 85 root - INFO - Hypothesis ao_000: float64, float64 
[ 2022-12-10 11:49:05,833 ] 85 root - INFO - Hypothesis ap_000: float64, float64 
[ 2022-12-10 11:49:05,843 ] 85 root - INFO - Hypothesis aq_000: float64, float64 
[ 2022-12-10 11:49:05,854 ] 85 root - INFO - Hypothesis ar_000: float64, float64 
[ 2022-12-10 11:49:05,889 ] 85 root - INFO - Hypothesis as_000: float64, float64 
[ 2022-12-10 11:49:05,893 ] 85 root - INFO - Hypothesis at_000: float64, float64 
[ 2022-12-10 11:49:05,929 ] 85 root - INFO - Hypothesis au_000: float64, float64 
[ 2022-12-10 11:49:05,933 ] 85 root - INFO - Hypothesis av_000: float64, float64 
[ 2022-12-10 11:49:05,972 ] 85 root - INFO - Hypothesis ax_000: float64, float64 
[ 2022-12-10 11:49:06,012 ] 85 root - INFO - Hypothesis ay_000: float64, float64 
[ 2022-12-10 11:49:06,047 ] 85 root - INFO - Hypothesis ay_001: float64, float64 
[ 2022-12-10 11:49:06,083 ] 85 root - INFO - Hypothesis ay_002: float64, float64 
[ 2022-12-10 11:49:06,120 ] 85 root - INFO - Hypothesis ay_003: float64, float64 
[ 2022-12-10 11:49:06,155 ] 85 root - INFO - Hypothesis ay_004: float64, float64 
[ 2022-12-10 11:49:06,194 ] 85 root - INFO - Hypothesis ay_005: float64, float64 
[ 2022-12-10 11:49:06,202 ] 85 root - INFO - Hypothesis ay_006: float64, float64 
[ 2022-12-10 11:49:06,211 ] 85 root - INFO - Hypothesis ay_007: float64, float64 
[ 2022-12-10 11:49:06,253 ] 85 root - INFO - Hypothesis ay_008: float64, float64 
[ 2022-12-10 11:49:06,263 ] 85 root - INFO - Hypothesis ay_009: float64, float64 
[ 2022-12-10 11:49:06,297 ] 85 root - INFO - Hypothesis az_000: float64, float64 
[ 2022-12-10 11:49:06,338 ] 85 root - INFO - Hypothesis az_001: float64, float64 
[ 2022-12-10 11:49:06,347 ] 85 root - INFO - Hypothesis az_002: float64, float64 
[ 2022-12-10 11:49:06,357 ] 85 root - INFO - Hypothesis az_003: float64, float64 
[ 2022-12-10 11:49:06,367 ] 85 root - INFO - Hypothesis az_004: float64, float64 
[ 2022-12-10 11:49:06,409 ] 85 root - INFO - Hypothesis az_005: float64, float64 
[ 2022-12-10 11:49:06,452 ] 85 root - INFO - Hypothesis az_006: float64, float64 
[ 2022-12-10 11:49:06,461 ] 85 root - INFO - Hypothesis az_007: float64, float64 
[ 2022-12-10 11:49:06,497 ] 85 root - INFO - Hypothesis az_008: float64, float64 
[ 2022-12-10 11:49:06,534 ] 85 root - INFO - Hypothesis az_009: float64, float64 
[ 2022-12-10 11:49:06,570 ] 85 root - INFO - Hypothesis ba_000: float64, float64 
[ 2022-12-10 11:49:06,582 ] 85 root - INFO - Hypothesis ba_001: float64, float64 
[ 2022-12-10 11:49:06,592 ] 85 root - INFO - Hypothesis ba_002: float64, float64 
[ 2022-12-10 11:49:06,635 ] 85 root - INFO - Hypothesis ba_003: float64, float64 
[ 2022-12-10 11:49:06,645 ] 85 root - INFO - Hypothesis ba_004: float64, float64 
[ 2022-12-10 11:49:06,687 ] 85 root - INFO - Hypothesis ba_005: float64, float64 
[ 2022-12-10 11:49:06,697 ] 85 root - INFO - Hypothesis ba_006: float64, float64 
[ 2022-12-10 11:49:06,707 ] 85 root - INFO - Hypothesis ba_007: float64, float64 
[ 2022-12-10 11:49:06,747 ] 85 root - INFO - Hypothesis ba_008: float64, float64 
[ 2022-12-10 11:49:06,787 ] 85 root - INFO - Hypothesis ba_009: float64, float64 
[ 2022-12-10 11:49:06,826 ] 85 root - INFO - Hypothesis bb_000: float64, float64 
[ 2022-12-10 11:49:06,836 ] 85 root - INFO - Hypothesis bc_000: float64, float64 
[ 2022-12-10 11:49:06,876 ] 85 root - INFO - Hypothesis bd_000: float64, float64 
[ 2022-12-10 11:49:06,884 ] 85 root - INFO - Hypothesis be_000: float64, float64 
[ 2022-12-10 11:49:06,924 ] 85 root - INFO - Hypothesis bf_000: float64, float64 
[ 2022-12-10 11:49:06,962 ] 85 root - INFO - Hypothesis bg_000: float64, float64 
[ 2022-12-10 11:49:06,973 ] 85 root - INFO - Hypothesis bh_000: float64, float64 
[ 2022-12-10 11:49:06,983 ] 85 root - INFO - Hypothesis bi_000: float64, float64 
[ 2022-12-10 11:49:06,994 ] 85 root - INFO - Hypothesis bj_000: float64, float64 
[ 2022-12-10 11:49:07,005 ] 85 root - INFO - Hypothesis bs_000: float64, float64 
[ 2022-12-10 11:49:07,016 ] 85 root - INFO - Hypothesis bt_000: float64, float64 
[ 2022-12-10 11:49:07,026 ] 85 root - INFO - Hypothesis bu_000: float64, float64 
[ 2022-12-10 11:49:07,037 ] 85 root - INFO - Hypothesis bv_000: float64, float64 
[ 2022-12-10 11:49:07,047 ] 85 root - INFO - Hypothesis bx_000: float64, float64 
[ 2022-12-10 11:49:07,058 ] 85 root - INFO - Hypothesis by_000: float64, float64 
[ 2022-12-10 11:49:07,068 ] 85 root - INFO - Hypothesis bz_000: float64, float64 
[ 2022-12-10 11:49:07,077 ] 85 root - INFO - Hypothesis ca_000: float64, float64 
[ 2022-12-10 11:49:07,118 ] 85 root - INFO - Hypothesis cb_000: float64, float64 
[ 2022-12-10 11:49:07,160 ] 85 root - INFO - Hypothesis cc_000: float64, float64 
[ 2022-12-10 11:49:07,171 ] 85 root - INFO - Hypothesis cd_000: float64, float64 
[ 2022-12-10 11:49:07,176 ] 85 root - INFO - Hypothesis ce_000: float64, float64 
[ 2022-12-10 11:49:07,215 ] 85 root - INFO - Hypothesis ci_000: float64, float64 
[ 2022-12-10 11:49:07,226 ] 85 root - INFO - Hypothesis cj_000: float64, float64 
[ 2022-12-10 11:49:07,262 ] 85 root - INFO - Hypothesis ck_000: float64, float64 
[ 2022-12-10 11:49:07,272 ] 85 root - INFO - Hypothesis cl_000: float64, float64 
[ 2022-12-10 11:49:07,309 ] 85 root - INFO - Hypothesis cm_000: float64, float64 
[ 2022-12-10 11:49:07,346 ] 85 root - INFO - Hypothesis cn_000: float64, float64 
[ 2022-12-10 11:49:07,382 ] 85 root - INFO - Hypothesis cn_001: float64, float64 
[ 2022-12-10 11:49:07,423 ] 85 root - INFO - Hypothesis cn_002: float64, float64 
[ 2022-12-10 11:49:07,462 ] 85 root - INFO - Hypothesis cn_003: float64, float64 
[ 2022-12-10 11:49:07,472 ] 85 root - INFO - Hypothesis cn_004: float64, float64 
[ 2022-12-10 11:49:07,483 ] 85 root - INFO - Hypothesis cn_005: float64, float64 
[ 2022-12-10 11:49:07,493 ] 85 root - INFO - Hypothesis cn_006: float64, float64 
[ 2022-12-10 11:49:07,504 ] 85 root - INFO - Hypothesis cn_007: float64, float64 
[ 2022-12-10 11:49:07,552 ] 85 root - INFO - Hypothesis cn_008: float64, float64 
[ 2022-12-10 11:49:07,562 ] 85 root - INFO - Hypothesis cn_009: float64, float64 
[ 2022-12-10 11:49:07,569 ] 85 root - INFO - Hypothesis cp_000: float64, float64 
[ 2022-12-10 11:49:07,577 ] 85 root - INFO - Hypothesis cq_000: float64, float64 
[ 2022-12-10 11:49:07,588 ] 85 root - INFO - Hypothesis cs_000: float64, float64 
[ 2022-12-10 11:49:07,598 ] 85 root - INFO - Hypothesis cs_001: float64, float64 
[ 2022-12-10 11:49:07,607 ] 85 root - INFO - Hypothesis cs_002: float64, float64 
[ 2022-12-10 11:49:07,651 ] 85 root - INFO - Hypothesis cs_003: float64, float64 
[ 2022-12-10 11:49:07,693 ] 85 root - INFO - Hypothesis cs_004: float64, float64 
[ 2022-12-10 11:49:07,735 ] 85 root - INFO - Hypothesis cs_005: float64, float64 
[ 2022-12-10 11:49:07,776 ] 85 root - INFO - Hypothesis cs_006: float64, float64 
[ 2022-12-10 11:49:07,787 ] 85 root - INFO - Hypothesis cs_007: float64, float64 
[ 2022-12-10 11:49:07,797 ] 85 root - INFO - Hypothesis cs_008: float64, float64 
[ 2022-12-10 11:49:07,837 ] 85 root - INFO - Hypothesis cs_009: float64, float64 
[ 2022-12-10 11:49:07,872 ] 85 root - INFO - Hypothesis dd_000: float64, float64 
[ 2022-12-10 11:49:07,881 ] 85 root - INFO - Hypothesis de_000: float64, float64 
[ 2022-12-10 11:49:07,921 ] 85 root - INFO - Hypothesis df_000: float64, float64 
[ 2022-12-10 11:49:07,956 ] 85 root - INFO - Hypothesis dg_000: float64, float64 
[ 2022-12-10 11:49:07,991 ] 85 root - INFO - Hypothesis dh_000: float64, float64 
[ 2022-12-10 11:49:08,028 ] 85 root - INFO - Hypothesis di_000: float64, float64 
[ 2022-12-10 11:49:08,065 ] 85 root - INFO - Hypothesis dj_000: float64, float64 
[ 2022-12-10 11:49:08,102 ] 85 root - INFO - Hypothesis dk_000: float64, float64 
[ 2022-12-10 11:49:08,139 ] 85 root - INFO - Hypothesis dl_000: float64, float64 
[ 2022-12-10 11:49:08,175 ] 85 root - INFO - Hypothesis dm_000: float64, float64 
[ 2022-12-10 11:49:08,210 ] 85 root - INFO - Hypothesis dn_000: float64, float64 
[ 2022-12-10 11:49:08,221 ] 85 root - INFO - Hypothesis do_000: float64, float64 
[ 2022-12-10 11:49:08,230 ] 85 root - INFO - Hypothesis dp_000: float64, float64 
[ 2022-12-10 11:49:08,239 ] 85 root - INFO - Hypothesis dq_000: float64, float64 
[ 2022-12-10 11:49:08,278 ] 85 root - INFO - Hypothesis dr_000: float64, float64 
[ 2022-12-10 11:49:08,316 ] 85 root - INFO - Hypothesis ds_000: float64, float64 
[ 2022-12-10 11:49:08,358 ] 85 root - INFO - Hypothesis dt_000: float64, float64 
[ 2022-12-10 11:49:08,405 ] 85 root - INFO - Hypothesis du_000: float64, float64 
[ 2022-12-10 11:49:08,447 ] 85 root - INFO - Hypothesis dv_000: float64, float64 
[ 2022-12-10 11:49:08,492 ] 85 root - INFO - Hypothesis dx_000: float64, float64 
[ 2022-12-10 11:49:08,500 ] 85 root - INFO - Hypothesis dy_000: float64, float64 
[ 2022-12-10 11:49:08,507 ] 85 root - INFO - Hypothesis dz_000: float64, float64 
[ 2022-12-10 11:49:08,542 ] 85 root - INFO - Hypothesis ea_000: float64, float64 
[ 2022-12-10 11:49:08,579 ] 85 root - INFO - Hypothesis eb_000: float64, float64 
[ 2022-12-10 11:49:08,619 ] 85 root - INFO - Hypothesis ec_00: float64, float64 
[ 2022-12-10 11:49:08,660 ] 85 root - INFO - Hypothesis ed_000: float64, float64 
[ 2022-12-10 11:49:08,699 ] 85 root - INFO - Hypothesis ee_000: float64, float64 
[ 2022-12-10 11:49:08,710 ] 85 root - INFO - Hypothesis ee_001: float64, float64 
[ 2022-12-10 11:49:08,721 ] 85 root - INFO - Hypothesis ee_002: float64, float64 
[ 2022-12-10 11:49:08,763 ] 85 root - INFO - Hypothesis ee_003: float64, float64 
[ 2022-12-10 11:49:08,805 ] 85 root - INFO - Hypothesis ee_004: float64, float64 
[ 2022-12-10 11:49:08,847 ] 85 root - INFO - Hypothesis ee_005: float64, float64 
[ 2022-12-10 11:49:08,858 ] 85 root - INFO - Hypothesis ee_006: float64, float64 
[ 2022-12-10 11:49:08,868 ] 85 root - INFO - Hypothesis ee_007: float64, float64 
[ 2022-12-10 11:49:08,878 ] 85 root - INFO - Hypothesis ee_008: float64, float64 
[ 2022-12-10 11:49:08,918 ] 85 root - INFO - Hypothesis ee_009: float64, float64 
[ 2022-12-10 11:49:08,957 ] 85 root - INFO - Hypothesis ef_000: float64, float64 
[ 2022-12-10 11:49:08,992 ] 85 root - INFO - Hypothesis eg_000: float64, float64 
[ 2022-12-10 11:49:09,027 ] 140 root - INFO - As all column are available in test df hence detecting data drift
[ 2022-12-10 11:49:09,028 ] 85 root - INFO - Hypothesis class: object, object 
[ 2022-12-10 11:49:09,105 ] 85 root - INFO - Hypothesis aa_000: float64, float64 
[ 2022-12-10 11:49:09,112 ] 85 root - INFO - Hypothesis ac_000: float64, float64 
[ 2022-12-10 11:49:09,118 ] 85 root - INFO - Hypothesis ae_000: float64, float64 
[ 2022-12-10 11:49:09,133 ] 85 root - INFO - Hypothesis af_000: float64, float64 
[ 2022-12-10 11:49:09,148 ] 85 root - INFO - Hypothesis ag_000: float64, float64 
[ 2022-12-10 11:49:09,163 ] 85 root - INFO - Hypothesis ag_001: float64, float64 
[ 2022-12-10 11:49:09,177 ] 85 root - INFO - Hypothesis ag_002: float64, float64 
[ 2022-12-10 11:49:09,193 ] 85 root - INFO - Hypothesis ag_003: float64, float64 
[ 2022-12-10 11:49:09,209 ] 85 root - INFO - Hypothesis ag_004: float64, float64 
[ 2022-12-10 11:49:09,216 ] 85 root - INFO - Hypothesis ag_005: float64, float64 
[ 2022-12-10 11:49:09,223 ] 85 root - INFO - Hypothesis ag_006: float64, float64 
[ 2022-12-10 11:49:09,230 ] 85 root - INFO - Hypothesis ag_007: float64, float64 
[ 2022-12-10 11:49:09,237 ] 85 root - INFO - Hypothesis ag_008: float64, float64 
[ 2022-12-10 11:49:09,242 ] 85 root - INFO - Hypothesis ag_009: float64, float64 
[ 2022-12-10 11:49:09,247 ] 85 root - INFO - Hypothesis ah_000: float64, float64 
[ 2022-12-10 11:49:09,254 ] 85 root - INFO - Hypothesis ai_000: float64, float64 
[ 2022-12-10 11:49:09,270 ] 85 root - INFO - Hypothesis aj_000: float64, float64 
[ 2022-12-10 11:49:09,274 ] 85 root - INFO - Hypothesis ak_000: float64, float64 
[ 2022-12-10 11:49:09,289 ] 85 root - INFO - Hypothesis al_000: float64, float64 
[ 2022-12-10 11:49:09,296 ] 85 root - INFO - Hypothesis am_0: float64, float64 
[ 2022-12-10 11:49:09,301 ] 85 root - INFO - Hypothesis an_000: float64, float64 
[ 2022-12-10 11:49:09,308 ] 85 root - INFO - Hypothesis ao_000: float64, float64 
[ 2022-12-10 11:49:09,315 ] 85 root - INFO - Hypothesis ap_000: float64, float64 
[ 2022-12-10 11:49:09,322 ] 85 root - INFO - Hypothesis aq_000: float64, float64 
[ 2022-12-10 11:49:09,329 ] 85 root - INFO - Hypothesis ar_000: float64, float64 
[ 2022-12-10 11:49:09,345 ] 85 root - INFO - Hypothesis as_000: float64, float64 
[ 2022-12-10 11:49:09,359 ] 85 root - INFO - Hypothesis at_000: float64, float64 
[ 2022-12-10 11:49:09,375 ] 85 root - INFO - Hypothesis au_000: float64, float64 
[ 2022-12-10 11:49:09,389 ] 85 root - INFO - Hypothesis av_000: float64, float64 
[ 2022-12-10 11:49:09,395 ] 85 root - INFO - Hypothesis ax_000: float64, float64 
[ 2022-12-10 11:49:09,401 ] 85 root - INFO - Hypothesis ay_000: float64, float64 
[ 2022-12-10 11:49:09,417 ] 85 root - INFO - Hypothesis ay_001: float64, float64 
[ 2022-12-10 11:49:09,436 ] 85 root - INFO - Hypothesis ay_002: float64, float64 
[ 2022-12-10 11:49:09,451 ] 85 root - INFO - Hypothesis ay_003: float64, float64 
[ 2022-12-10 11:49:09,466 ] 85 root - INFO - Hypothesis ay_004: float64, float64 
[ 2022-12-10 11:49:09,481 ] 85 root - INFO - Hypothesis ay_005: float64, float64 
[ 2022-12-10 11:49:09,486 ] 85 root - INFO - Hypothesis ay_006: float64, float64 
[ 2022-12-10 11:49:09,492 ] 85 root - INFO - Hypothesis ay_007: float64, float64 
[ 2022-12-10 11:49:09,499 ] 85 root - INFO - Hypothesis ay_008: float64, float64 
[ 2022-12-10 11:49:09,506 ] 85 root - INFO - Hypothesis ay_009: float64, float64 
[ 2022-12-10 11:49:09,520 ] 85 root - INFO - Hypothesis az_000: float64, float64 
[ 2022-12-10 11:49:09,527 ] 85 root - INFO - Hypothesis az_001: float64, float64 
[ 2022-12-10 11:49:09,533 ] 85 root - INFO - Hypothesis az_002: float64, float64 
[ 2022-12-10 11:49:09,540 ] 85 root - INFO - Hypothesis az_003: float64, float64 
[ 2022-12-10 11:49:09,546 ] 85 root - INFO - Hypothesis az_004: float64, float64 
[ 2022-12-10 11:49:09,553 ] 85 root - INFO - Hypothesis az_005: float64, float64 
[ 2022-12-10 11:49:09,561 ] 85 root - INFO - Hypothesis az_006: float64, float64 
[ 2022-12-10 11:49:09,567 ] 85 root - INFO - Hypothesis az_007: float64, float64 
[ 2022-12-10 11:49:09,571 ] 85 root - INFO - Hypothesis az_008: float64, float64 
[ 2022-12-10 11:49:09,586 ] 85 root - INFO - Hypothesis az_009: float64, float64 
[ 2022-12-10 11:49:09,600 ] 85 root - INFO - Hypothesis ba_000: float64, float64 
[ 2022-12-10 11:49:09,607 ] 85 root - INFO - Hypothesis ba_001: float64, float64 
[ 2022-12-10 11:49:09,614 ] 85 root - INFO - Hypothesis ba_002: float64, float64 
[ 2022-12-10 11:49:09,621 ] 85 root - INFO - Hypothesis ba_003: float64, float64 
[ 2022-12-10 11:49:09,628 ] 85 root - INFO - Hypothesis ba_004: float64, float64 
[ 2022-12-10 11:49:09,635 ] 85 root - INFO - Hypothesis ba_005: float64, float64 
[ 2022-12-10 11:49:09,642 ] 85 root - INFO - Hypothesis ba_006: float64, float64 
[ 2022-12-10 11:49:09,649 ] 85 root - INFO - Hypothesis ba_007: float64, float64 
[ 2022-12-10 11:49:09,655 ] 85 root - INFO - Hypothesis ba_008: float64, float64 
[ 2022-12-10 11:49:09,661 ] 85 root - INFO - Hypothesis ba_009: float64, float64 
[ 2022-12-10 11:49:09,665 ] 85 root - INFO - Hypothesis bb_000: float64, float64 
[ 2022-12-10 11:49:09,673 ] 85 root - INFO - Hypothesis bc_000: float64, float64 
[ 2022-12-10 11:49:09,678 ] 85 root - INFO - Hypothesis bd_000: float64, float64 
[ 2022-12-10 11:49:09,683 ] 85 root - INFO - Hypothesis be_000: float64, float64 
[ 2022-12-10 11:49:09,689 ] 85 root - INFO - Hypothesis bf_000: float64, float64 
[ 2022-12-10 11:49:09,694 ] 85 root - INFO - Hypothesis bg_000: float64, float64 
[ 2022-12-10 11:49:09,701 ] 85 root - INFO - Hypothesis bh_000: float64, float64 
[ 2022-12-10 11:49:09,708 ] 85 root - INFO - Hypothesis bi_000: float64, float64 
[ 2022-12-10 11:49:09,715 ] 85 root - INFO - Hypothesis bj_000: float64, float64 
[ 2022-12-10 11:49:09,723 ] 85 root - INFO - Hypothesis bs_000: float64, float64 
[ 2022-12-10 11:49:09,731 ] 85 root - INFO - Hypothesis bt_000: float64, float64 
[ 2022-12-10 11:49:09,739 ] 85 root - INFO - Hypothesis bu_000: float64, float64 
[ 2022-12-10 11:49:09,746 ] 85 root - INFO - Hypothesis bv_000: float64, float64 
[ 2022-12-10 11:49:09,753 ] 85 root - INFO - Hypothesis bx_000: float64, float64 
[ 2022-12-10 11:49:09,760 ] 85 root - INFO - Hypothesis by_000: float64, float64 
[ 2022-12-10 11:49:09,767 ] 85 root - INFO - Hypothesis bz_000: float64, float64 
[ 2022-12-10 11:49:09,773 ] 85 root - INFO - Hypothesis ca_000: float64, float64 
[ 2022-12-10 11:49:09,780 ] 85 root - INFO - Hypothesis cb_000: float64, float64 
[ 2022-12-10 11:49:09,787 ] 85 root - INFO - Hypothesis cc_000: float64, float64 
[ 2022-12-10 11:49:09,794 ] 85 root - INFO - Hypothesis cd_000: float64, float64 
[ 2022-12-10 11:49:09,809 ] 85 root - INFO - Hypothesis ce_000: float64, float64 
[ 2022-12-10 11:49:09,815 ] 85 root - INFO - Hypothesis ci_000: float64, float64 
[ 2022-12-10 11:49:09,822 ] 85 root - INFO - Hypothesis cj_000: float64, float64 
[ 2022-12-10 11:49:09,838 ] 85 root - INFO - Hypothesis ck_000: float64, float64 
[ 2022-12-10 11:49:09,845 ] 85 root - INFO - Hypothesis cl_000: float64, float64 
[ 2022-12-10 11:49:09,849 ] 85 root - INFO - Hypothesis cm_000: float64, float64 
[ 2022-12-10 11:49:09,854 ] 85 root - INFO - Hypothesis cn_000: float64, float64 
[ 2022-12-10 11:49:09,869 ] 85 root - INFO - Hypothesis cn_001: float64, float64 
[ 2022-12-10 11:49:09,885 ] 85 root - INFO - Hypothesis cn_002: float64, float64 
[ 2022-12-10 11:49:09,890 ] 85 root - INFO - Hypothesis cn_003: float64, float64 
[ 2022-12-10 11:49:09,897 ] 85 root - INFO - Hypothesis cn_004: float64, float64 
[ 2022-12-10 11:49:09,905 ] 85 root - INFO - Hypothesis cn_005: float64, float64 
[ 2022-12-10 11:49:09,912 ] 85 root - INFO - Hypothesis cn_006: float64, float64 
[ 2022-12-10 11:49:09,919 ] 85 root - INFO - Hypothesis cn_007: float64, float64 
[ 2022-12-10 11:49:09,925 ] 85 root - INFO - Hypothesis cn_008: float64, float64 
[ 2022-12-10 11:49:09,931 ] 85 root - INFO - Hypothesis cn_009: float64, float64 
[ 2022-12-10 11:49:09,937 ] 85 root - INFO - Hypothesis cp_000: float64, float64 
[ 2022-12-10 11:49:09,942 ] 85 root - INFO - Hypothesis cq_000: float64, float64 
[ 2022-12-10 11:49:09,949 ] 85 root - INFO - Hypothesis cs_000: float64, float64 
[ 2022-12-10 11:49:09,956 ] 85 root - INFO - Hypothesis cs_001: float64, float64 
[ 2022-12-10 11:49:09,961 ] 85 root - INFO - Hypothesis cs_002: float64, float64 
[ 2022-12-10 11:49:09,968 ] 85 root - INFO - Hypothesis cs_003: float64, float64 
[ 2022-12-10 11:49:09,975 ] 85 root - INFO - Hypothesis cs_004: float64, float64 
[ 2022-12-10 11:49:09,982 ] 85 root - INFO - Hypothesis cs_005: float64, float64 
[ 2022-12-10 11:49:09,989 ] 85 root - INFO - Hypothesis cs_006: float64, float64 
[ 2022-12-10 11:49:09,996 ] 85 root - INFO - Hypothesis cs_007: float64, float64 
[ 2022-12-10 11:49:10,003 ] 85 root - INFO - Hypothesis cs_008: float64, float64 
[ 2022-12-10 11:49:10,009 ] 85 root - INFO - Hypothesis cs_009: float64, float64 
[ 2022-12-10 11:49:10,023 ] 85 root - INFO - Hypothesis dd_000: float64, float64 
[ 2022-12-10 11:49:10,030 ] 85 root - INFO - Hypothesis de_000: float64, float64 
[ 2022-12-10 11:49:10,035 ] 85 root - INFO - Hypothesis df_000: float64, float64 
[ 2022-12-10 11:49:10,050 ] 85 root - INFO - Hypothesis dg_000: float64, float64 
[ 2022-12-10 11:49:10,053 ] 85 root - INFO - Hypothesis dh_000: float64, float64 
[ 2022-12-10 11:49:10,069 ] 85 root - INFO - Hypothesis di_000: float64, float64 
[ 2022-12-10 11:49:10,074 ] 85 root - INFO - Hypothesis dj_000: float64, float64 
[ 2022-12-10 11:49:10,089 ] 85 root - INFO - Hypothesis dk_000: float64, float64 
[ 2022-12-10 11:49:10,104 ] 85 root - INFO - Hypothesis dl_000: float64, float64 
[ 2022-12-10 11:49:10,119 ] 85 root - INFO - Hypothesis dm_000: float64, float64 
[ 2022-12-10 11:49:10,133 ] 85 root - INFO - Hypothesis dn_000: float64, float64 
[ 2022-12-10 11:49:10,140 ] 85 root - INFO - Hypothesis do_000: float64, float64 
[ 2022-12-10 11:49:10,146 ] 85 root - INFO - Hypothesis dp_000: float64, float64 
[ 2022-12-10 11:49:10,153 ] 85 root - INFO - Hypothesis dq_000: float64, float64 
[ 2022-12-10 11:49:10,157 ] 85 root - INFO - Hypothesis dr_000: float64, float64 
[ 2022-12-10 11:49:10,161 ] 85 root - INFO - Hypothesis ds_000: float64, float64 
[ 2022-12-10 11:49:10,168 ] 85 root - INFO - Hypothesis dt_000: float64, float64 
[ 2022-12-10 11:49:10,175 ] 85 root - INFO - Hypothesis du_000: float64, float64 
[ 2022-12-10 11:49:10,181 ] 85 root - INFO - Hypothesis dv_000: float64, float64 
[ 2022-12-10 11:49:10,188 ] 85 root - INFO - Hypothesis dx_000: float64, float64 
[ 2022-12-10 11:49:10,193 ] 85 root - INFO - Hypothesis dy_000: float64, float64 
[ 2022-12-10 11:49:10,198 ] 85 root - INFO - Hypothesis dz_000: float64, float64 
[ 2022-12-10 11:49:10,212 ] 85 root - INFO - Hypothesis ea_000: float64, float64 
[ 2022-12-10 11:49:10,227 ] 85 root - INFO - Hypothesis eb_000: float64, float64 
[ 2022-12-10 11:49:10,233 ] 85 root - INFO - Hypothesis ec_00: float64, float64 
[ 2022-12-10 11:49:10,239 ] 85 root - INFO - Hypothesis ed_000: float64, float64 
[ 2022-12-10 11:49:10,245 ] 85 root - INFO - Hypothesis ee_000: float64, float64 
[ 2022-12-10 11:49:10,252 ] 85 root - INFO - Hypothesis ee_001: float64, float64 
[ 2022-12-10 11:49:10,259 ] 85 root - INFO - Hypothesis ee_002: float64, float64 
[ 2022-12-10 11:49:10,266 ] 85 root - INFO - Hypothesis ee_003: float64, float64 
[ 2022-12-10 11:49:10,273 ] 85 root - INFO - Hypothesis ee_004: float64, float64 
[ 2022-12-10 11:49:10,280 ] 85 root - INFO - Hypothesis ee_005: float64, float64 
[ 2022-12-10 11:49:10,287 ] 85 root - INFO - Hypothesis ee_006: float64, float64 
[ 2022-12-10 11:49:10,294 ] 85 root - INFO - Hypothesis ee_007: float64, float64 
[ 2022-12-10 11:49:10,301 ] 85 root - INFO - Hypothesis ee_008: float64, float64 
[ 2022-12-10 11:49:10,307 ] 85 root - INFO - Hypothesis ee_009: float64, float64 
[ 2022-12-10 11:49:10,312 ] 85 root - INFO - Hypothesis ef_000: float64, float64 
[ 2022-12-10 11:49:10,327 ] 85 root - INFO - Hypothesis eg_000: float64, float64 
[ 2022-12-10 11:49:10,342 ] 144 root - INFO - Write reprt in yaml file
[ 2022-12-10 11:49:10,419 ] 149 root - INFO - Data validation artifact: DataValidationArtifact(report_file_path='/config/workspace/artifact/12102022__114842/data_validation/report.yaml')
[ 2022-12-10 11:49:10,421 ] 25 root - INFO - >>>>>>>>>>>>>>>>>>>>>>>>>>>>>>>>>>>>>>>> Data Transformation <<<<<<<<<<<<<<<<<<<<<<<<<<<<<<<<<<<<<<<<
[ 2022-12-10 11:49:11,320 ] 76 root - INFO - Before resampling in training set Input: (28950, 170) Target:(28950,)
