[ 2022-12-10 11:57:04,139 ] 19 root - INFO - Reading data from database: {database_name} and collection {collection_name}
[ 2022-12-10 11:57:07,714 ] 22 root - INFO - found columns: Index(['_id', 'class', 'aa_000', 'ab_000', 'ac_000', 'ad_000', 'ae_000',
       'af_000', 'ag_000', 'ag_001',
       ...
       'ee_002', 'ee_003', 'ee_004', 'ee_005', 'ee_006', 'ee_007', 'ee_008',
       'ee_009', 'ef_000', 'eg_000'],
      dtype='object', length=172)
[ 2022-12-10 11:57:07,715 ] 24 root - INFO - droping column :_id
[ 2022-12-10 11:57:07,906 ] 26 root - INFO - row and cols in df :(36188, 171)
[ 2022-12-10 11:57:08,573 ] 31 root - INFO - create a feature store folder if not available
[ 2022-12-10 11:57:08,574 ] 34 root - INFO - Save df to feature folder
[ 2022-12-10 11:57:11,177 ] 38 root - INFO - split the dataset into train and test
[ 2022-12-10 11:57:11,884 ] 41 root - INFO - create dataset directory if not available
[ 2022-12-10 11:57:11,884 ] 46 root - INFO - save df to feature store folder
[ 2022-12-10 11:57:14,643 ] 19 root - INFO - >>>>>>>>>>>>>>>>>>>>>>>>>>>>>>>>>>>>>>>> Data Validation <<<<<<<<<<<<<<<<<<<<<<<<<<<<<<<<<<<<<<<<
[ 2022-12-10 11:57:14,644 ] 107 root - INFO - Reading base dataframe
[ 2022-12-10 11:57:17,637 ] 110 root - INFO - Replace na value in base df
[ 2022-12-10 11:57:17,637 ] 112 root - INFO - Drop null values colums from base df
[ 2022-12-10 11:57:18,658 ] 41 root - INFO - selecting column name which contains null above to 0.2
[ 2022-12-10 11:57:18,659 ] 44 root - INFO - Columns to drop: ['ab_000', 'ad_000', 'bk_000', 'bl_000', 'bm_000', 'bn_000', 'bo_000', 'bp_000', 'bq_000', 'br_000', 'cf_000', 'cg_000', 'ch_000', 'co_000', 'cr_000', 'ct_000', 'cu_000', 'cv_000', 'cx_000', 'cy_000', 'cz_000', 'da_000', 'db_000', 'dc_000']
[ 2022-12-10 11:57:18,757 ] 115 root - INFO - Reading train dataframe
[ 2022-12-10 11:57:19,149 ] 117 root - INFO - Reading test dataframe
[ 2022-12-10 11:57:19,250 ] 120 root - INFO - Drop null values colums from train df
[ 2022-12-10 11:57:19,262 ] 41 root - INFO - selecting column name which contains null above to 0.2
[ 2022-12-10 11:57:19,263 ] 44 root - INFO - Columns to drop: ['ab_000', 'ad_000', 'bk_000', 'bl_000', 'bm_000', 'bn_000', 'bo_000', 'bp_000', 'bq_000', 'br_000', 'cf_000', 'cg_000', 'ch_000', 'co_000', 'cr_000', 'ct_000', 'cu_000', 'cv_000', 'cx_000', 'cy_000', 'cz_000', 'da_000', 'db_000', 'dc_000']
[ 2022-12-10 11:57:19,275 ] 122 root - INFO - Drop null values colums from test df
[ 2022-12-10 11:57:19,280 ] 41 root - INFO - selecting column name which contains null above to 0.2
[ 2022-12-10 11:57:19,280 ] 44 root - INFO - Columns to drop: ['ab_000', 'ad_000', 'bk_000', 'bl_000', 'bm_000', 'bn_000', 'bo_000', 'bp_000', 'bq_000', 'br_000', 'cf_000', 'cg_000', 'ch_000', 'co_000', 'cr_000', 'ct_000', 'cu_000', 'cv_000', 'cx_000', 'cy_000', 'cz_000', 'da_000', 'db_000', 'dc_000']
[ 2022-12-10 11:57:25,097 ] 131 root - INFO - Is all required columns present in train df
[ 2022-12-10 11:57:25,097 ] 133 root - INFO - Is all required columns present in test df
[ 2022-12-10 11:57:25,098 ] 137 root - INFO - As all column are available in train df hence detecting data drift
[ 2022-12-10 11:57:25,098 ] 85 root - INFO - Hypothesis class: object, object 
[ 2022-12-10 11:57:25,229 ] 85 root - INFO - Hypothesis aa_000: float64, float64 
[ 2022-12-10 11:57:25,271 ] 85 root - INFO - Hypothesis ac_000: float64, float64 
[ 2022-12-10 11:57:25,311 ] 85 root - INFO - Hypothesis ae_000: float64, float64 
[ 2022-12-10 11:57:25,346 ] 85 root - INFO - Hypothesis af_000: float64, float64 
[ 2022-12-10 11:57:25,383 ] 85 root - INFO - Hypothesis ag_000: float64, float64 
[ 2022-12-10 11:57:25,418 ] 85 root - INFO - Hypothesis ag_001: float64, float64 
[ 2022-12-10 11:57:25,453 ] 85 root - INFO - Hypothesis ag_002: float64, float64 
[ 2022-12-10 11:57:25,489 ] 85 root - INFO - Hypothesis ag_003: float64, float64 
[ 2022-12-10 11:57:25,495 ] 85 root - INFO - Hypothesis ag_004: float64, float64 
[ 2022-12-10 11:57:25,505 ] 85 root - INFO - Hypothesis ag_005: float64, float64 
[ 2022-12-10 11:57:25,516 ] 85 root - INFO - Hypothesis ag_006: float64, float64 
[ 2022-12-10 11:57:25,527 ] 85 root - INFO - Hypothesis ag_007: float64, float64 
[ 2022-12-10 11:57:25,536 ] 85 root - INFO - Hypothesis ag_008: float64, float64 
[ 2022-12-10 11:57:25,544 ] 85 root - INFO - Hypothesis ag_009: float64, float64 
[ 2022-12-10 11:57:25,551 ] 85 root - INFO - Hypothesis ah_000: float64, float64 
[ 2022-12-10 11:57:25,562 ] 85 root - INFO - Hypothesis ai_000: float64, float64 
[ 2022-12-10 11:57:25,598 ] 85 root - INFO - Hypothesis aj_000: float64, float64 
[ 2022-12-10 11:57:25,634 ] 85 root - INFO - Hypothesis ak_000: float64, float64 
[ 2022-12-10 11:57:25,669 ] 85 root - INFO - Hypothesis al_000: float64, float64 
[ 2022-12-10 11:57:25,676 ] 85 root - INFO - Hypothesis am_0: float64, float64 
[ 2022-12-10 11:57:25,684 ] 85 root - INFO - Hypothesis an_000: float64, float64 
[ 2022-12-10 11:57:25,694 ] 85 root - INFO - Hypothesis ao_000: float64, float64 
[ 2022-12-10 11:57:25,735 ] 85 root - INFO - Hypothesis ap_000: float64, float64 
[ 2022-12-10 11:57:25,746 ] 85 root - INFO - Hypothesis aq_000: float64, float64 
[ 2022-12-10 11:57:25,757 ] 85 root - INFO - Hypothesis ar_000: float64, float64 
[ 2022-12-10 11:57:25,794 ] 85 root - INFO - Hypothesis as_000: float64, float64 
[ 2022-12-10 11:57:25,829 ] 85 root - INFO - Hypothesis at_000: float64, float64 
[ 2022-12-10 11:57:25,865 ] 85 root - INFO - Hypothesis au_000: float64, float64 
[ 2022-12-10 11:57:25,900 ] 85 root - INFO - Hypothesis av_000: float64, float64 
[ 2022-12-10 11:57:25,908 ] 85 root - INFO - Hypothesis ax_000: float64, float64 
[ 2022-12-10 11:57:25,916 ] 85 root - INFO - Hypothesis ay_000: float64, float64 
[ 2022-12-10 11:57:25,950 ] 85 root - INFO - Hypothesis ay_001: float64, float64 
[ 2022-12-10 11:57:25,989 ] 85 root - INFO - Hypothesis ay_002: float64, float64 
[ 2022-12-10 11:57:26,026 ] 85 root - INFO - Hypothesis ay_003: float64, float64 
[ 2022-12-10 11:57:26,062 ] 85 root - INFO - Hypothesis ay_004: float64, float64 
[ 2022-12-10 11:57:26,100 ] 85 root - INFO - Hypothesis ay_005: float64, float64 
[ 2022-12-10 11:57:26,140 ] 85 root - INFO - Hypothesis ay_006: float64, float64 
[ 2022-12-10 11:57:26,149 ] 85 root - INFO - Hypothesis ay_007: float64, float64 
[ 2022-12-10 11:57:26,160 ] 85 root - INFO - Hypothesis ay_008: float64, float64 
[ 2022-12-10 11:57:26,170 ] 85 root - INFO - Hypothesis ay_009: float64, float64 
[ 2022-12-10 11:57:26,205 ] 85 root - INFO - Hypothesis az_000: float64, float64 
[ 2022-12-10 11:57:26,215 ] 85 root - INFO - Hypothesis az_001: float64, float64 
[ 2022-12-10 11:57:26,224 ] 85 root - INFO - Hypothesis az_002: float64, float64 
[ 2022-12-10 11:57:26,234 ] 85 root - INFO - Hypothesis az_003: float64, float64 
[ 2022-12-10 11:57:26,278 ] 85 root - INFO - Hypothesis az_004: float64, float64 
[ 2022-12-10 11:57:26,290 ] 85 root - INFO - Hypothesis az_005: float64, float64 
[ 2022-12-10 11:57:26,301 ] 85 root - INFO - Hypothesis az_006: float64, float64 
[ 2022-12-10 11:57:26,343 ] 85 root - INFO - Hypothesis az_007: float64, float64 
[ 2022-12-10 11:57:26,349 ] 85 root - INFO - Hypothesis az_008: float64, float64 
[ 2022-12-10 11:57:26,354 ] 85 root - INFO - Hypothesis az_009: float64, float64 
[ 2022-12-10 11:57:26,390 ] 85 root - INFO - Hypothesis ba_000: float64, float64 
[ 2022-12-10 11:57:26,401 ] 85 root - INFO - Hypothesis ba_001: float64, float64 
[ 2022-12-10 11:57:26,412 ] 85 root - INFO - Hypothesis ba_002: float64, float64 
[ 2022-12-10 11:57:26,422 ] 85 root - INFO - Hypothesis ba_003: float64, float64 
[ 2022-12-10 11:57:26,438 ] 85 root - INFO - Hypothesis ba_004: float64, float64 
[ 2022-12-10 11:57:26,448 ] 85 root - INFO - Hypothesis ba_005: float64, float64 
[ 2022-12-10 11:57:26,458 ] 85 root - INFO - Hypothesis ba_006: float64, float64 
[ 2022-12-10 11:57:26,468 ] 85 root - INFO - Hypothesis ba_007: float64, float64 
[ 2022-12-10 11:57:26,478 ] 85 root - INFO - Hypothesis ba_008: float64, float64 
[ 2022-12-10 11:57:26,486 ] 85 root - INFO - Hypothesis ba_009: float64, float64 
[ 2022-12-10 11:57:26,524 ] 85 root - INFO - Hypothesis bb_000: float64, float64 
[ 2022-12-10 11:57:26,535 ] 85 root - INFO - Hypothesis bc_000: float64, float64 
[ 2022-12-10 11:57:26,542 ] 85 root - INFO - Hypothesis bd_000: float64, float64 
[ 2022-12-10 11:57:26,550 ] 85 root - INFO - Hypothesis be_000: float64, float64 
[ 2022-12-10 11:57:26,591 ] 85 root - INFO - Hypothesis bf_000: float64, float64 
[ 2022-12-10 11:57:26,628 ] 85 root - INFO - Hypothesis bg_000: float64, float64 
[ 2022-12-10 11:57:26,639 ] 85 root - INFO - Hypothesis bh_000: float64, float64 
[ 2022-12-10 11:57:26,649 ] 85 root - INFO - Hypothesis bi_000: float64, float64 
[ 2022-12-10 11:57:26,660 ] 85 root - INFO - Hypothesis bj_000: float64, float64 
[ 2022-12-10 11:57:26,671 ] 85 root - INFO - Hypothesis bs_000: float64, float64 
[ 2022-12-10 11:57:26,681 ] 85 root - INFO - Hypothesis bt_000: float64, float64 
[ 2022-12-10 11:57:26,723 ] 85 root - INFO - Hypothesis bu_000: float64, float64 
[ 2022-12-10 11:57:26,734 ] 85 root - INFO - Hypothesis bv_000: float64, float64 
[ 2022-12-10 11:57:26,744 ] 85 root - INFO - Hypothesis bx_000: float64, float64 
[ 2022-12-10 11:57:26,785 ] 85 root - INFO - Hypothesis by_000: float64, float64 
[ 2022-12-10 11:57:26,796 ] 85 root - INFO - Hypothesis bz_000: float64, float64 
[ 2022-12-10 11:57:26,805 ] 85 root - INFO - Hypothesis ca_000: float64, float64 
[ 2022-12-10 11:57:26,816 ] 85 root - INFO - Hypothesis cb_000: float64, float64 
[ 2022-12-10 11:57:26,826 ] 85 root - INFO - Hypothesis cc_000: float64, float64 
[ 2022-12-10 11:57:26,837 ] 85 root - INFO - Hypothesis cd_000: float64, float64 
[ 2022-12-10 11:57:26,872 ] 85 root - INFO - Hypothesis ce_000: float64, float64 
[ 2022-12-10 11:57:26,882 ] 85 root - INFO - Hypothesis ci_000: float64, float64 
[ 2022-12-10 11:57:26,893 ] 85 root - INFO - Hypothesis cj_000: float64, float64 
[ 2022-12-10 11:57:26,930 ] 85 root - INFO - Hypothesis ck_000: float64, float64 
[ 2022-12-10 11:57:26,941 ] 85 root - INFO - Hypothesis cl_000: float64, float64 
[ 2022-12-10 11:57:26,977 ] 85 root - INFO - Hypothesis cm_000: float64, float64 
[ 2022-12-10 11:57:27,016 ] 85 root - INFO - Hypothesis cn_000: float64, float64 
[ 2022-12-10 11:57:27,052 ] 85 root - INFO - Hypothesis cn_001: float64, float64 
[ 2022-12-10 11:57:27,092 ] 85 root - INFO - Hypothesis cn_002: float64, float64 
[ 2022-12-10 11:57:27,101 ] 85 root - INFO - Hypothesis cn_003: float64, float64 
[ 2022-12-10 11:57:27,112 ] 85 root - INFO - Hypothesis cn_004: float64, float64 
[ 2022-12-10 11:57:27,123 ] 85 root - INFO - Hypothesis cn_005: float64, float64 
[ 2022-12-10 11:57:27,133 ] 85 root - INFO - Hypothesis cn_006: float64, float64 
[ 2022-12-10 11:57:27,144 ] 85 root - INFO - Hypothesis cn_007: float64, float64 
[ 2022-12-10 11:57:27,154 ] 85 root - INFO - Hypothesis cn_008: float64, float64 
[ 2022-12-10 11:57:27,164 ] 85 root - INFO - Hypothesis cn_009: float64, float64 
[ 2022-12-10 11:57:27,172 ] 85 root - INFO - Hypothesis cp_000: float64, float64 
[ 2022-12-10 11:57:27,211 ] 85 root - INFO - Hypothesis cq_000: float64, float64 
[ 2022-12-10 11:57:27,222 ] 85 root - INFO - Hypothesis cs_000: float64, float64 
[ 2022-12-10 11:57:27,233 ] 85 root - INFO - Hypothesis cs_001: float64, float64 
[ 2022-12-10 11:57:27,273 ] 85 root - INFO - Hypothesis cs_002: float64, float64 
[ 2022-12-10 11:57:27,283 ] 85 root - INFO - Hypothesis cs_003: float64, float64 
[ 2022-12-10 11:57:27,297 ] 85 root - INFO - Hypothesis cs_004: float64, float64 
[ 2022-12-10 11:57:27,307 ] 85 root - INFO - Hypothesis cs_005: float64, float64 
[ 2022-12-10 11:57:27,318 ] 85 root - INFO - Hypothesis cs_006: float64, float64 
[ 2022-12-10 11:57:27,329 ] 85 root - INFO - Hypothesis cs_007: float64, float64 
[ 2022-12-10 11:57:27,339 ] 85 root - INFO - Hypothesis cs_008: float64, float64 
[ 2022-12-10 11:57:27,346 ] 85 root - INFO - Hypothesis cs_009: float64, float64 
[ 2022-12-10 11:57:27,383 ] 85 root - INFO - Hypothesis dd_000: float64, float64 
[ 2022-12-10 11:57:27,392 ] 85 root - INFO - Hypothesis de_000: float64, float64 
[ 2022-12-10 11:57:27,436 ] 85 root - INFO - Hypothesis df_000: float64, float64 
[ 2022-12-10 11:57:27,471 ] 85 root - INFO - Hypothesis dg_000: float64, float64 
[ 2022-12-10 11:57:27,507 ] 85 root - INFO - Hypothesis dh_000: float64, float64 
[ 2022-12-10 11:57:27,512 ] 85 root - INFO - Hypothesis di_000: float64, float64 
[ 2022-12-10 11:57:27,518 ] 85 root - INFO - Hypothesis dj_000: float64, float64 
[ 2022-12-10 11:57:27,555 ] 85 root - INFO - Hypothesis dk_000: float64, float64 
[ 2022-12-10 11:57:27,591 ] 85 root - INFO - Hypothesis dl_000: float64, float64 
[ 2022-12-10 11:57:27,628 ] 85 root - INFO - Hypothesis dm_000: float64, float64 
[ 2022-12-10 11:57:27,663 ] 85 root - INFO - Hypothesis dn_000: float64, float64 
[ 2022-12-10 11:57:27,673 ] 85 root - INFO - Hypothesis do_000: float64, float64 
[ 2022-12-10 11:57:27,683 ] 85 root - INFO - Hypothesis dp_000: float64, float64 
[ 2022-12-10 11:57:27,692 ] 85 root - INFO - Hypothesis dq_000: float64, float64 
[ 2022-12-10 11:57:27,729 ] 85 root - INFO - Hypothesis dr_000: float64, float64 
[ 2022-12-10 11:57:27,767 ] 85 root - INFO - Hypothesis ds_000: float64, float64 
[ 2022-12-10 11:57:27,777 ] 85 root - INFO - Hypothesis dt_000: float64, float64 
[ 2022-12-10 11:57:27,786 ] 85 root - INFO - Hypothesis du_000: float64, float64 
[ 2022-12-10 11:57:27,796 ] 85 root - INFO - Hypothesis dv_000: float64, float64 
[ 2022-12-10 11:57:27,807 ] 85 root - INFO - Hypothesis dx_000: float64, float64 
[ 2022-12-10 11:57:27,846 ] 85 root - INFO - Hypothesis dy_000: float64, float64 
[ 2022-12-10 11:57:27,885 ] 85 root - INFO - Hypothesis dz_000: float64, float64 
[ 2022-12-10 11:57:27,920 ] 85 root - INFO - Hypothesis ea_000: float64, float64 
[ 2022-12-10 11:57:27,956 ] 85 root - INFO - Hypothesis eb_000: float64, float64 
[ 2022-12-10 11:57:27,965 ] 85 root - INFO - Hypothesis ec_00: float64, float64 
[ 2022-12-10 11:57:28,007 ] 85 root - INFO - Hypothesis ed_000: float64, float64 
[ 2022-12-10 11:57:28,049 ] 85 root - INFO - Hypothesis ee_000: float64, float64 
[ 2022-12-10 11:57:28,061 ] 85 root - INFO - Hypothesis ee_001: float64, float64 
[ 2022-12-10 11:57:28,072 ] 85 root - INFO - Hypothesis ee_002: float64, float64 
[ 2022-12-10 11:57:28,082 ] 85 root - INFO - Hypothesis ee_003: float64, float64 
[ 2022-12-10 11:57:28,093 ] 85 root - INFO - Hypothesis ee_004: float64, float64 
[ 2022-12-10 11:57:28,103 ] 85 root - INFO - Hypothesis ee_005: float64, float64 
[ 2022-12-10 11:57:28,114 ] 85 root - INFO - Hypothesis ee_006: float64, float64 
[ 2022-12-10 11:57:28,124 ] 85 root - INFO - Hypothesis ee_007: float64, float64 
[ 2022-12-10 11:57:28,134 ] 85 root - INFO - Hypothesis ee_008: float64, float64 
[ 2022-12-10 11:57:28,143 ] 85 root - INFO - Hypothesis ee_009: float64, float64 
[ 2022-12-10 11:57:28,151 ] 85 root - INFO - Hypothesis ef_000: float64, float64 
[ 2022-12-10 11:57:28,185 ] 85 root - INFO - Hypothesis eg_000: float64, float64 
[ 2022-12-10 11:57:28,220 ] 140 root - INFO - As all column are available in test df hence detecting data drift
[ 2022-12-10 11:57:28,221 ] 85 root - INFO - Hypothesis class: object, object 
[ 2022-12-10 11:57:28,294 ] 85 root - INFO - Hypothesis aa_000: float64, float64 
[ 2022-12-10 11:57:28,301 ] 85 root - INFO - Hypothesis ac_000: float64, float64 
[ 2022-12-10 11:57:28,306 ] 85 root - INFO - Hypothesis ae_000: float64, float64 
[ 2022-12-10 11:57:28,310 ] 85 root - INFO - Hypothesis af_000: float64, float64 
[ 2022-12-10 11:57:28,325 ] 85 root - INFO - Hypothesis ag_000: float64, float64 
[ 2022-12-10 11:57:28,339 ] 85 root - INFO - Hypothesis ag_001: float64, float64 
[ 2022-12-10 11:57:28,342 ] 85 root - INFO - Hypothesis ag_002: float64, float64 
[ 2022-12-10 11:57:28,346 ] 85 root - INFO - Hypothesis ag_003: float64, float64 
[ 2022-12-10 11:57:28,350 ] 85 root - INFO - Hypothesis ag_004: float64, float64 
[ 2022-12-10 11:57:28,358 ] 85 root - INFO - Hypothesis ag_005: float64, float64 
[ 2022-12-10 11:57:28,367 ] 85 root - INFO - Hypothesis ag_006: float64, float64 
[ 2022-12-10 11:57:28,374 ] 85 root - INFO - Hypothesis ag_007: float64, float64 
[ 2022-12-10 11:57:28,380 ] 85 root - INFO - Hypothesis ag_008: float64, float64 
[ 2022-12-10 11:57:28,386 ] 85 root - INFO - Hypothesis ag_009: float64, float64 
[ 2022-12-10 11:57:28,391 ] 85 root - INFO - Hypothesis ah_000: float64, float64 
[ 2022-12-10 11:57:28,398 ] 85 root - INFO - Hypothesis ai_000: float64, float64 
[ 2022-12-10 11:57:28,413 ] 85 root - INFO - Hypothesis aj_000: float64, float64 
[ 2022-12-10 11:57:28,417 ] 85 root - INFO - Hypothesis ak_000: float64, float64 
[ 2022-12-10 11:57:28,432 ] 85 root - INFO - Hypothesis al_000: float64, float64 
[ 2022-12-10 11:57:28,437 ] 85 root - INFO - Hypothesis am_0: float64, float64 
[ 2022-12-10 11:57:28,442 ] 85 root - INFO - Hypothesis an_000: float64, float64 
[ 2022-12-10 11:57:28,450 ] 85 root - INFO - Hypothesis ao_000: float64, float64 
[ 2022-12-10 11:57:28,457 ] 85 root - INFO - Hypothesis ap_000: float64, float64 
[ 2022-12-10 11:57:28,464 ] 85 root - INFO - Hypothesis aq_000: float64, float64 
[ 2022-12-10 11:57:28,471 ] 85 root - INFO - Hypothesis ar_000: float64, float64 
[ 2022-12-10 11:57:28,487 ] 85 root - INFO - Hypothesis as_000: float64, float64 
[ 2022-12-10 11:57:28,501 ] 85 root - INFO - Hypothesis at_000: float64, float64 
[ 2022-12-10 11:57:28,505 ] 85 root - INFO - Hypothesis au_000: float64, float64 
[ 2022-12-10 11:57:28,519 ] 85 root - INFO - Hypothesis av_000: float64, float64 
[ 2022-12-10 11:57:28,525 ] 85 root - INFO - Hypothesis ax_000: float64, float64 
[ 2022-12-10 11:57:28,530 ] 85 root - INFO - Hypothesis ay_000: float64, float64 
[ 2022-12-10 11:57:28,545 ] 85 root - INFO - Hypothesis ay_001: float64, float64 
[ 2022-12-10 11:57:28,548 ] 85 root - INFO - Hypothesis ay_002: float64, float64 
[ 2022-12-10 11:57:28,551 ] 85 root - INFO - Hypothesis ay_003: float64, float64 
[ 2022-12-10 11:57:28,554 ] 85 root - INFO - Hypothesis ay_004: float64, float64 
[ 2022-12-10 11:57:28,558 ] 85 root - INFO - Hypothesis ay_005: float64, float64 
[ 2022-12-10 11:57:28,563 ] 85 root - INFO - Hypothesis ay_006: float64, float64 
[ 2022-12-10 11:57:28,569 ] 85 root - INFO - Hypothesis ay_007: float64, float64 
[ 2022-12-10 11:57:28,576 ] 85 root - INFO - Hypothesis ay_008: float64, float64 
[ 2022-12-10 11:57:28,583 ] 85 root - INFO - Hypothesis ay_009: float64, float64 
[ 2022-12-10 11:57:28,585 ] 85 root - INFO - Hypothesis az_000: float64, float64 
[ 2022-12-10 11:57:28,592 ] 85 root - INFO - Hypothesis az_001: float64, float64 
[ 2022-12-10 11:57:28,598 ] 85 root - INFO - Hypothesis az_002: float64, float64 
[ 2022-12-10 11:57:28,605 ] 85 root - INFO - Hypothesis az_003: float64, float64 
[ 2022-12-10 11:57:28,611 ] 85 root - INFO - Hypothesis az_004: float64, float64 
[ 2022-12-10 11:57:28,618 ] 85 root - INFO - Hypothesis az_005: float64, float64 
[ 2022-12-10 11:57:28,625 ] 85 root - INFO - Hypothesis az_006: float64, float64 
[ 2022-12-10 11:57:28,631 ] 85 root - INFO - Hypothesis az_007: float64, float64 
[ 2022-12-10 11:57:28,635 ] 85 root - INFO - Hypothesis az_008: float64, float64 
[ 2022-12-10 11:57:28,639 ] 85 root - INFO - Hypothesis az_009: float64, float64 
[ 2022-12-10 11:57:28,642 ] 85 root - INFO - Hypothesis ba_000: float64, float64 
[ 2022-12-10 11:57:28,649 ] 85 root - INFO - Hypothesis ba_001: float64, float64 
[ 2022-12-10 11:57:28,656 ] 85 root - INFO - Hypothesis ba_002: float64, float64 
[ 2022-12-10 11:57:28,663 ] 85 root - INFO - Hypothesis ba_003: float64, float64 
[ 2022-12-10 11:57:28,670 ] 85 root - INFO - Hypothesis ba_004: float64, float64 
[ 2022-12-10 11:57:28,677 ] 85 root - INFO - Hypothesis ba_005: float64, float64 
[ 2022-12-10 11:57:28,684 ] 85 root - INFO - Hypothesis ba_006: float64, float64 
[ 2022-12-10 11:57:28,690 ] 85 root - INFO - Hypothesis ba_007: float64, float64 
[ 2022-12-10 11:57:28,697 ] 85 root - INFO - Hypothesis ba_008: float64, float64 
[ 2022-12-10 11:57:28,702 ] 85 root - INFO - Hypothesis ba_009: float64, float64 
[ 2022-12-10 11:57:28,707 ] 85 root - INFO - Hypothesis bb_000: float64, float64 
[ 2022-12-10 11:57:28,714 ] 85 root - INFO - Hypothesis bc_000: float64, float64 
[ 2022-12-10 11:57:28,719 ] 85 root - INFO - Hypothesis bd_000: float64, float64 
[ 2022-12-10 11:57:28,724 ] 85 root - INFO - Hypothesis be_000: float64, float64 
[ 2022-12-10 11:57:28,730 ] 85 root - INFO - Hypothesis bf_000: float64, float64 
[ 2022-12-10 11:57:28,735 ] 85 root - INFO - Hypothesis bg_000: float64, float64 
[ 2022-12-10 11:57:28,742 ] 85 root - INFO - Hypothesis bh_000: float64, float64 
[ 2022-12-10 11:57:28,749 ] 85 root - INFO - Hypothesis bi_000: float64, float64 
[ 2022-12-10 11:57:28,756 ] 85 root - INFO - Hypothesis bj_000: float64, float64 
[ 2022-12-10 11:57:28,763 ] 85 root - INFO - Hypothesis bs_000: float64, float64 
[ 2022-12-10 11:57:28,770 ] 85 root - INFO - Hypothesis bt_000: float64, float64 
[ 2022-12-10 11:57:28,777 ] 85 root - INFO - Hypothesis bu_000: float64, float64 
[ 2022-12-10 11:57:28,784 ] 85 root - INFO - Hypothesis bv_000: float64, float64 
[ 2022-12-10 11:57:28,791 ] 85 root - INFO - Hypothesis bx_000: float64, float64 
[ 2022-12-10 11:57:28,798 ] 85 root - INFO - Hypothesis by_000: float64, float64 
[ 2022-12-10 11:57:28,805 ] 85 root - INFO - Hypothesis bz_000: float64, float64 
[ 2022-12-10 11:57:28,811 ] 85 root - INFO - Hypothesis ca_000: float64, float64 
[ 2022-12-10 11:57:28,818 ] 85 root - INFO - Hypothesis cb_000: float64, float64 
[ 2022-12-10 11:57:28,825 ] 85 root - INFO - Hypothesis cc_000: float64, float64 
[ 2022-12-10 11:57:28,832 ] 85 root - INFO - Hypothesis cd_000: float64, float64 
[ 2022-12-10 11:57:28,847 ] 85 root - INFO - Hypothesis ce_000: float64, float64 
[ 2022-12-10 11:57:28,853 ] 85 root - INFO - Hypothesis ci_000: float64, float64 
[ 2022-12-10 11:57:28,860 ] 85 root - INFO - Hypothesis cj_000: float64, float64 
[ 2022-12-10 11:57:28,864 ] 85 root - INFO - Hypothesis ck_000: float64, float64 
[ 2022-12-10 11:57:28,871 ] 85 root - INFO - Hypothesis cl_000: float64, float64 
[ 2022-12-10 11:57:28,875 ] 85 root - INFO - Hypothesis cm_000: float64, float64 
[ 2022-12-10 11:57:28,882 ] 85 root - INFO - Hypothesis cn_000: float64, float64 
[ 2022-12-10 11:57:28,885 ] 85 root - INFO - Hypothesis cn_001: float64, float64 
[ 2022-12-10 11:57:28,889 ] 85 root - INFO - Hypothesis cn_002: float64, float64 
[ 2022-12-10 11:57:28,895 ] 85 root - INFO - Hypothesis cn_003: float64, float64 
[ 2022-12-10 11:57:28,902 ] 85 root - INFO - Hypothesis cn_004: float64, float64 
[ 2022-12-10 11:57:28,909 ] 85 root - INFO - Hypothesis cn_005: float64, float64 
[ 2022-12-10 11:57:28,916 ] 85 root - INFO - Hypothesis cn_006: float64, float64 
[ 2022-12-10 11:57:28,922 ] 85 root - INFO - Hypothesis cn_007: float64, float64 
[ 2022-12-10 11:57:28,929 ] 85 root - INFO - Hypothesis cn_008: float64, float64 
[ 2022-12-10 11:57:28,935 ] 85 root - INFO - Hypothesis cn_009: float64, float64 
[ 2022-12-10 11:57:28,940 ] 85 root - INFO - Hypothesis cp_000: float64, float64 
[ 2022-12-10 11:57:28,945 ] 85 root - INFO - Hypothesis cq_000: float64, float64 
[ 2022-12-10 11:57:28,952 ] 85 root - INFO - Hypothesis cs_000: float64, float64 
[ 2022-12-10 11:57:28,959 ] 85 root - INFO - Hypothesis cs_001: float64, float64 
[ 2022-12-10 11:57:28,965 ] 85 root - INFO - Hypothesis cs_002: float64, float64 
[ 2022-12-10 11:57:28,972 ] 85 root - INFO - Hypothesis cs_003: float64, float64 
[ 2022-12-10 11:57:28,978 ] 85 root - INFO - Hypothesis cs_004: float64, float64 
[ 2022-12-10 11:57:28,985 ] 85 root - INFO - Hypothesis cs_005: float64, float64 
[ 2022-12-10 11:57:28,992 ] 85 root - INFO - Hypothesis cs_006: float64, float64 
[ 2022-12-10 11:57:29,000 ] 85 root - INFO - Hypothesis cs_007: float64, float64 
[ 2022-12-10 11:57:29,007 ] 85 root - INFO - Hypothesis cs_008: float64, float64 
[ 2022-12-10 11:57:29,012 ] 85 root - INFO - Hypothesis cs_009: float64, float64 
[ 2022-12-10 11:57:29,015 ] 85 root - INFO - Hypothesis dd_000: float64, float64 
[ 2022-12-10 11:57:29,022 ] 85 root - INFO - Hypothesis de_000: float64, float64 
[ 2022-12-10 11:57:29,028 ] 85 root - INFO - Hypothesis df_000: float64, float64 
[ 2022-12-10 11:57:29,031 ] 85 root - INFO - Hypothesis dg_000: float64, float64 
[ 2022-12-10 11:57:29,034 ] 85 root - INFO - Hypothesis dh_000: float64, float64 
[ 2022-12-10 11:57:29,038 ] 85 root - INFO - Hypothesis di_000: float64, float64 
[ 2022-12-10 11:57:29,042 ] 85 root - INFO - Hypothesis dj_000: float64, float64 
[ 2022-12-10 11:57:29,045 ] 85 root - INFO - Hypothesis dk_000: float64, float64 
[ 2022-12-10 11:57:29,048 ] 85 root - INFO - Hypothesis dl_000: float64, float64 
[ 2022-12-10 11:57:29,052 ] 85 root - INFO - Hypothesis dm_000: float64, float64 
[ 2022-12-10 11:57:29,056 ] 85 root - INFO - Hypothesis dn_000: float64, float64 
[ 2022-12-10 11:57:29,064 ] 85 root - INFO - Hypothesis do_000: float64, float64 
[ 2022-12-10 11:57:29,071 ] 85 root - INFO - Hypothesis dp_000: float64, float64 
[ 2022-12-10 11:57:29,077 ] 85 root - INFO - Hypothesis dq_000: float64, float64 
[ 2022-12-10 11:57:29,082 ] 85 root - INFO - Hypothesis dr_000: float64, float64 
[ 2022-12-10 11:57:29,086 ] 85 root - INFO - Hypothesis ds_000: float64, float64 
[ 2022-12-10 11:57:29,093 ] 85 root - INFO - Hypothesis dt_000: float64, float64 
[ 2022-12-10 11:57:29,101 ] 85 root - INFO - Hypothesis du_000: float64, float64 
[ 2022-12-10 11:57:29,108 ] 85 root - INFO - Hypothesis dv_000: float64, float64 
[ 2022-12-10 11:57:29,115 ] 85 root - INFO - Hypothesis dx_000: float64, float64 
[ 2022-12-10 11:57:29,120 ] 85 root - INFO - Hypothesis dy_000: float64, float64 
[ 2022-12-10 11:57:29,125 ] 85 root - INFO - Hypothesis dz_000: float64, float64 
[ 2022-12-10 11:57:29,141 ] 85 root - INFO - Hypothesis ea_000: float64, float64 
[ 2022-12-10 11:57:29,145 ] 85 root - INFO - Hypothesis eb_000: float64, float64 
[ 2022-12-10 11:57:29,151 ] 85 root - INFO - Hypothesis ec_00: float64, float64 
[ 2022-12-10 11:57:29,158 ] 85 root - INFO - Hypothesis ed_000: float64, float64 
[ 2022-12-10 11:57:29,164 ] 85 root - INFO - Hypothesis ee_000: float64, float64 
[ 2022-12-10 11:57:29,171 ] 85 root - INFO - Hypothesis ee_001: float64, float64 
[ 2022-12-10 11:57:29,178 ] 85 root - INFO - Hypothesis ee_002: float64, float64 
[ 2022-12-10 11:57:29,185 ] 85 root - INFO - Hypothesis ee_003: float64, float64 
[ 2022-12-10 11:57:29,192 ] 85 root - INFO - Hypothesis ee_004: float64, float64 
[ 2022-12-10 11:57:29,199 ] 85 root - INFO - Hypothesis ee_005: float64, float64 
[ 2022-12-10 11:57:29,206 ] 85 root - INFO - Hypothesis ee_006: float64, float64 
[ 2022-12-10 11:57:29,212 ] 85 root - INFO - Hypothesis ee_007: float64, float64 
[ 2022-12-10 11:57:29,219 ] 85 root - INFO - Hypothesis ee_008: float64, float64 
[ 2022-12-10 11:57:29,225 ] 85 root - INFO - Hypothesis ee_009: float64, float64 
[ 2022-12-10 11:57:29,230 ] 85 root - INFO - Hypothesis ef_000: float64, float64 
[ 2022-12-10 11:57:29,245 ] 85 root - INFO - Hypothesis eg_000: float64, float64 
[ 2022-12-10 11:57:29,260 ] 144 root - INFO - Write reprt in yaml file
[ 2022-12-10 11:57:29,333 ] 149 root - INFO - Data validation artifact: DataValidationArtifact(report_file_path='/config/workspace/artifact/12102022__115704/data_validation/report.yaml')
[ 2022-12-10 11:57:29,336 ] 25 root - INFO - >>>>>>>>>>>>>>>>>>>>>>>>>>>>>>>>>>>>>>>> Data Transformation <<<<<<<<<<<<<<<<<<<<<<<<<<<<<<<<<<<<<<<<
[ 2022-12-10 11:57:30,223 ] 76 root - INFO - Before resampling in training set Input: (28950, 170) Target:(28950,)
[ 2022-12-10 11:57:35,982 ] 78 root - INFO - After resampling in training set Input: (56192, 170) Target:(56192,)
[ 2022-12-10 11:57:35,982 ] 80 root - INFO - Before resampling in testing set Input: (7238, 170) Target:(7238,)
[ 2022-12-10 11:57:36,634 ] 82 root - INFO - After resampling in testing set Input: (14026, 170) Target:(14026,)
[ 2022-12-10 11:57:36,737 ] 55 root - INFO - Entered the save_object method of utils
[ 2022-12-10 11:57:36,740 ] 59 root - INFO - Exited the save_object method of utils
[ 2022-12-10 11:57:36,740 ] 55 root - INFO - Entered the save_object method of utils
[ 2022-12-10 11:57:36,740 ] 59 root - INFO - Exited the save_object method of utils
