[ 2022-12-10 11:54:25,987 ] 19 root - INFO - Reading data from database: {database_name} and collection {collection_name}
[ 2022-12-10 11:54:29,626 ] 22 root - INFO - found columns: Index(['_id', 'class', 'aa_000', 'ab_000', 'ac_000', 'ad_000', 'ae_000',
       'af_000', 'ag_000', 'ag_001',
       ...
       'ee_002', 'ee_003', 'ee_004', 'ee_005', 'ee_006', 'ee_007', 'ee_008',
       'ee_009', 'ef_000', 'eg_000'],
      dtype='object', length=172)
[ 2022-12-10 11:54:29,626 ] 24 root - INFO - droping column :_id
[ 2022-12-10 11:54:29,822 ] 26 root - INFO - row and cols in df :(36188, 171)
[ 2022-12-10 11:54:30,447 ] 31 root - INFO - create a feature store folder if not available
[ 2022-12-10 11:54:30,448 ] 34 root - INFO - Save df to feature folder
[ 2022-12-10 11:54:32,882 ] 38 root - INFO - split the dataset into train and test
[ 2022-12-10 11:54:33,552 ] 41 root - INFO - create dataset directory if not available
[ 2022-12-10 11:54:33,552 ] 46 root - INFO - save df to feature store folder
[ 2022-12-10 11:54:36,328 ] 19 root - INFO - >>>>>>>>>>>>>>>>>>>>>>>>>>>>>>>>>>>>>>>> Data Validation <<<<<<<<<<<<<<<<<<<<<<<<<<<<<<<<<<<<<<<<
[ 2022-12-10 11:54:36,328 ] 107 root - INFO - Reading base dataframe
[ 2022-12-10 11:54:39,354 ] 110 root - INFO - Replace na value in base df
[ 2022-12-10 11:54:39,355 ] 112 root - INFO - Drop null values colums from base df
[ 2022-12-10 11:54:40,400 ] 41 root - INFO - selecting column name which contains null above to 0.2
[ 2022-12-10 11:54:40,401 ] 44 root - INFO - Columns to drop: ['ab_000', 'ad_000', 'bk_000', 'bl_000', 'bm_000', 'bn_000', 'bo_000', 'bp_000', 'bq_000', 'br_000', 'cf_000', 'cg_000', 'ch_000', 'co_000', 'cr_000', 'ct_000', 'cu_000', 'cv_000', 'cx_000', 'cy_000', 'cz_000', 'da_000', 'db_000', 'dc_000']
[ 2022-12-10 11:54:40,516 ] 115 root - INFO - Reading train dataframe
[ 2022-12-10 11:54:40,938 ] 117 root - INFO - Reading test dataframe
[ 2022-12-10 11:54:41,049 ] 120 root - INFO - Drop null values colums from train df
[ 2022-12-10 11:54:41,061 ] 41 root - INFO - selecting column name which contains null above to 0.2
[ 2022-12-10 11:54:41,061 ] 44 root - INFO - Columns to drop: ['ab_000', 'ad_000', 'bk_000', 'bl_000', 'bm_000', 'bn_000', 'bo_000', 'bp_000', 'bq_000', 'br_000', 'cf_000', 'cg_000', 'ch_000', 'co_000', 'cr_000', 'ct_000', 'cu_000', 'cv_000', 'cx_000', 'cy_000', 'cz_000', 'da_000', 'db_000', 'dc_000']
[ 2022-12-10 11:54:41,074 ] 122 root - INFO - Drop null values colums from test df
[ 2022-12-10 11:54:41,078 ] 41 root - INFO - selecting column name which contains null above to 0.2
[ 2022-12-10 11:54:41,078 ] 44 root - INFO - Columns to drop: ['ab_000', 'ad_000', 'bk_000', 'bl_000', 'bm_000', 'bn_000', 'bo_000', 'bp_000', 'bq_000', 'br_000', 'cf_000', 'cg_000', 'ch_000', 'co_000', 'cr_000', 'ct_000', 'cu_000', 'cv_000', 'cx_000', 'cy_000', 'cz_000', 'da_000', 'db_000', 'dc_000']
[ 2022-12-10 11:54:47,143 ] 131 root - INFO - Is all required columns present in train df
[ 2022-12-10 11:54:47,143 ] 133 root - INFO - Is all required columns present in test df
[ 2022-12-10 11:54:47,144 ] 137 root - INFO - As all column are available in train df hence detecting data drift
[ 2022-12-10 11:54:47,144 ] 85 root - INFO - Hypothesis class: object, object 
[ 2022-12-10 11:54:47,281 ] 85 root - INFO - Hypothesis aa_000: float64, float64 
[ 2022-12-10 11:54:47,294 ] 85 root - INFO - Hypothesis ac_000: float64, float64 
[ 2022-12-10 11:54:47,304 ] 85 root - INFO - Hypothesis ae_000: float64, float64 
[ 2022-12-10 11:54:47,342 ] 85 root - INFO - Hypothesis af_000: float64, float64 
[ 2022-12-10 11:54:47,378 ] 85 root - INFO - Hypothesis ag_000: float64, float64 
[ 2022-12-10 11:54:47,419 ] 85 root - INFO - Hypothesis ag_001: float64, float64 
[ 2022-12-10 11:54:47,455 ] 85 root - INFO - Hypothesis ag_002: float64, float64 
[ 2022-12-10 11:54:47,491 ] 85 root - INFO - Hypothesis ag_003: float64, float64 
[ 2022-12-10 11:54:47,531 ] 85 root - INFO - Hypothesis ag_004: float64, float64 
[ 2022-12-10 11:54:47,543 ] 85 root - INFO - Hypothesis ag_005: float64, float64 
[ 2022-12-10 11:54:47,556 ] 85 root - INFO - Hypothesis ag_006: float64, float64 
[ 2022-12-10 11:54:47,569 ] 85 root - INFO - Hypothesis ag_007: float64, float64 
[ 2022-12-10 11:54:47,580 ] 85 root - INFO - Hypothesis ag_008: float64, float64 
[ 2022-12-10 11:54:47,591 ] 85 root - INFO - Hypothesis ag_009: float64, float64 
[ 2022-12-10 11:54:47,631 ] 85 root - INFO - Hypothesis ah_000: float64, float64 
[ 2022-12-10 11:54:47,643 ] 85 root - INFO - Hypothesis ai_000: float64, float64 
[ 2022-12-10 11:54:47,682 ] 85 root - INFO - Hypothesis aj_000: float64, float64 
[ 2022-12-10 11:54:47,720 ] 85 root - INFO - Hypothesis ak_000: float64, float64 
[ 2022-12-10 11:54:47,757 ] 85 root - INFO - Hypothesis al_000: float64, float64 
[ 2022-12-10 11:54:47,767 ] 85 root - INFO - Hypothesis am_0: float64, float64 
[ 2022-12-10 11:54:47,776 ] 85 root - INFO - Hypothesis an_000: float64, float64 
[ 2022-12-10 11:54:47,789 ] 85 root - INFO - Hypothesis ao_000: float64, float64 
[ 2022-12-10 11:54:47,801 ] 85 root - INFO - Hypothesis ap_000: float64, float64 
[ 2022-12-10 11:54:47,814 ] 85 root - INFO - Hypothesis aq_000: float64, float64 
[ 2022-12-10 11:54:47,825 ] 85 root - INFO - Hypothesis ar_000: float64, float64 
[ 2022-12-10 11:54:47,863 ] 85 root - INFO - Hypothesis as_000: float64, float64 
[ 2022-12-10 11:54:47,900 ] 85 root - INFO - Hypothesis at_000: float64, float64 
[ 2022-12-10 11:54:47,939 ] 85 root - INFO - Hypothesis au_000: float64, float64 
[ 2022-12-10 11:54:47,976 ] 85 root - INFO - Hypothesis av_000: float64, float64 
[ 2022-12-10 11:54:47,986 ] 85 root - INFO - Hypothesis ax_000: float64, float64 
[ 2022-12-10 11:54:47,996 ] 85 root - INFO - Hypothesis ay_000: float64, float64 
[ 2022-12-10 11:54:48,033 ] 85 root - INFO - Hypothesis ay_001: float64, float64 
[ 2022-12-10 11:54:48,074 ] 85 root - INFO - Hypothesis ay_002: float64, float64 
[ 2022-12-10 11:54:48,120 ] 85 root - INFO - Hypothesis ay_003: float64, float64 
[ 2022-12-10 11:54:48,158 ] 85 root - INFO - Hypothesis ay_004: float64, float64 
[ 2022-12-10 11:54:48,196 ] 85 root - INFO - Hypothesis ay_005: float64, float64 
[ 2022-12-10 11:54:48,206 ] 85 root - INFO - Hypothesis ay_006: float64, float64 
[ 2022-12-10 11:54:48,216 ] 85 root - INFO - Hypothesis ay_007: float64, float64 
[ 2022-12-10 11:54:48,228 ] 85 root - INFO - Hypothesis ay_008: float64, float64 
[ 2022-12-10 11:54:48,240 ] 85 root - INFO - Hypothesis ay_009: float64, float64 
[ 2022-12-10 11:54:48,278 ] 85 root - INFO - Hypothesis az_000: float64, float64 
[ 2022-12-10 11:54:48,290 ] 85 root - INFO - Hypothesis az_001: float64, float64 
[ 2022-12-10 11:54:48,301 ] 85 root - INFO - Hypothesis az_002: float64, float64 
[ 2022-12-10 11:54:48,313 ] 85 root - INFO - Hypothesis az_003: float64, float64 
[ 2022-12-10 11:54:48,325 ] 85 root - INFO - Hypothesis az_004: float64, float64 
[ 2022-12-10 11:54:48,338 ] 85 root - INFO - Hypothesis az_005: float64, float64 
[ 2022-12-10 11:54:48,352 ] 85 root - INFO - Hypothesis az_006: float64, float64 
[ 2022-12-10 11:54:48,363 ] 85 root - INFO - Hypothesis az_007: float64, float64 
[ 2022-12-10 11:54:48,402 ] 85 root - INFO - Hypothesis az_008: float64, float64 
[ 2022-12-10 11:54:48,440 ] 85 root - INFO - Hypothesis az_009: float64, float64 
[ 2022-12-10 11:54:48,482 ] 85 root - INFO - Hypothesis ba_000: float64, float64 
[ 2022-12-10 11:54:48,495 ] 85 root - INFO - Hypothesis ba_001: float64, float64 
[ 2022-12-10 11:54:48,508 ] 85 root - INFO - Hypothesis ba_002: float64, float64 
[ 2022-12-10 11:54:48,521 ] 85 root - INFO - Hypothesis ba_003: float64, float64 
[ 2022-12-10 11:54:48,533 ] 85 root - INFO - Hypothesis ba_004: float64, float64 
[ 2022-12-10 11:54:48,545 ] 85 root - INFO - Hypothesis ba_005: float64, float64 
[ 2022-12-10 11:54:48,557 ] 85 root - INFO - Hypothesis ba_006: float64, float64 
[ 2022-12-10 11:54:48,570 ] 85 root - INFO - Hypothesis ba_007: float64, float64 
[ 2022-12-10 11:54:48,582 ] 85 root - INFO - Hypothesis ba_008: float64, float64 
[ 2022-12-10 11:54:48,624 ] 85 root - INFO - Hypothesis ba_009: float64, float64 
[ 2022-12-10 11:54:48,665 ] 85 root - INFO - Hypothesis bb_000: float64, float64 
[ 2022-12-10 11:54:48,677 ] 85 root - INFO - Hypothesis bc_000: float64, float64 
[ 2022-12-10 11:54:48,717 ] 85 root - INFO - Hypothesis bd_000: float64, float64 
[ 2022-12-10 11:54:48,727 ] 85 root - INFO - Hypothesis be_000: float64, float64 
[ 2022-12-10 11:54:48,738 ] 85 root - INFO - Hypothesis bf_000: float64, float64 
[ 2022-12-10 11:54:48,746 ] 85 root - INFO - Hypothesis bg_000: float64, float64 
[ 2022-12-10 11:54:48,759 ] 85 root - INFO - Hypothesis bh_000: float64, float64 
[ 2022-12-10 11:54:48,771 ] 85 root - INFO - Hypothesis bi_000: float64, float64 
[ 2022-12-10 11:54:48,783 ] 85 root - INFO - Hypothesis bj_000: float64, float64 
[ 2022-12-10 11:54:48,794 ] 85 root - INFO - Hypothesis bs_000: float64, float64 
[ 2022-12-10 11:54:48,807 ] 85 root - INFO - Hypothesis bt_000: float64, float64 
[ 2022-12-10 11:54:48,818 ] 85 root - INFO - Hypothesis bu_000: float64, float64 
[ 2022-12-10 11:54:48,830 ] 85 root - INFO - Hypothesis bv_000: float64, float64 
[ 2022-12-10 11:54:48,841 ] 85 root - INFO - Hypothesis bx_000: float64, float64 
[ 2022-12-10 11:54:48,853 ] 85 root - INFO - Hypothesis by_000: float64, float64 
[ 2022-12-10 11:54:48,865 ] 85 root - INFO - Hypothesis bz_000: float64, float64 
[ 2022-12-10 11:54:48,876 ] 85 root - INFO - Hypothesis ca_000: float64, float64 
[ 2022-12-10 11:54:48,889 ] 85 root - INFO - Hypothesis cb_000: float64, float64 
[ 2022-12-10 11:54:48,902 ] 85 root - INFO - Hypothesis cc_000: float64, float64 
[ 2022-12-10 11:54:48,914 ] 85 root - INFO - Hypothesis cd_000: float64, float64 
[ 2022-12-10 11:54:48,951 ] 85 root - INFO - Hypothesis ce_000: float64, float64 
[ 2022-12-10 11:54:48,962 ] 85 root - INFO - Hypothesis ci_000: float64, float64 
[ 2022-12-10 11:54:48,975 ] 85 root - INFO - Hypothesis cj_000: float64, float64 
[ 2022-12-10 11:54:49,015 ] 85 root - INFO - Hypothesis ck_000: float64, float64 
[ 2022-12-10 11:54:49,027 ] 85 root - INFO - Hypothesis cl_000: float64, float64 
[ 2022-12-10 11:54:49,068 ] 85 root - INFO - Hypothesis cm_000: float64, float64 
[ 2022-12-10 11:54:49,077 ] 85 root - INFO - Hypothesis cn_000: float64, float64 
[ 2022-12-10 11:54:49,113 ] 85 root - INFO - Hypothesis cn_001: float64, float64 
[ 2022-12-10 11:54:49,153 ] 85 root - INFO - Hypothesis cn_002: float64, float64 
[ 2022-12-10 11:54:49,162 ] 85 root - INFO - Hypothesis cn_003: float64, float64 
[ 2022-12-10 11:54:49,174 ] 85 root - INFO - Hypothesis cn_004: float64, float64 
[ 2022-12-10 11:54:49,186 ] 85 root - INFO - Hypothesis cn_005: float64, float64 
[ 2022-12-10 11:54:49,199 ] 85 root - INFO - Hypothesis cn_006: float64, float64 
[ 2022-12-10 11:54:49,210 ] 85 root - INFO - Hypothesis cn_007: float64, float64 
[ 2022-12-10 11:54:49,221 ] 85 root - INFO - Hypothesis cn_008: float64, float64 
[ 2022-12-10 11:54:49,233 ] 85 root - INFO - Hypothesis cn_009: float64, float64 
[ 2022-12-10 11:54:49,240 ] 85 root - INFO - Hypothesis cp_000: float64, float64 
[ 2022-12-10 11:54:49,280 ] 85 root - INFO - Hypothesis cq_000: float64, float64 
[ 2022-12-10 11:54:49,293 ] 85 root - INFO - Hypothesis cs_000: float64, float64 
[ 2022-12-10 11:54:49,305 ] 85 root - INFO - Hypothesis cs_001: float64, float64 
[ 2022-12-10 11:54:49,315 ] 85 root - INFO - Hypothesis cs_002: float64, float64 
[ 2022-12-10 11:54:49,327 ] 85 root - INFO - Hypothesis cs_003: float64, float64 
[ 2022-12-10 11:54:49,340 ] 85 root - INFO - Hypothesis cs_004: float64, float64 
[ 2022-12-10 11:54:49,352 ] 85 root - INFO - Hypothesis cs_005: float64, float64 
[ 2022-12-10 11:54:49,365 ] 85 root - INFO - Hypothesis cs_006: float64, float64 
[ 2022-12-10 11:54:49,377 ] 85 root - INFO - Hypothesis cs_007: float64, float64 
[ 2022-12-10 11:54:49,389 ] 85 root - INFO - Hypothesis cs_008: float64, float64 
[ 2022-12-10 11:54:49,399 ] 85 root - INFO - Hypothesis cs_009: float64, float64 
[ 2022-12-10 11:54:49,440 ] 85 root - INFO - Hypothesis dd_000: float64, float64 
[ 2022-12-10 11:54:49,450 ] 85 root - INFO - Hypothesis de_000: float64, float64 
[ 2022-12-10 11:54:49,460 ] 85 root - INFO - Hypothesis df_000: float64, float64 
[ 2022-12-10 11:54:49,498 ] 85 root - INFO - Hypothesis dg_000: float64, float64 
[ 2022-12-10 11:54:49,535 ] 85 root - INFO - Hypothesis dh_000: float64, float64 
[ 2022-12-10 11:54:49,572 ] 85 root - INFO - Hypothesis di_000: float64, float64 
[ 2022-12-10 11:54:49,612 ] 85 root - INFO - Hypothesis dj_000: float64, float64 
[ 2022-12-10 11:54:49,650 ] 85 root - INFO - Hypothesis dk_000: float64, float64 
[ 2022-12-10 11:54:49,689 ] 85 root - INFO - Hypothesis dl_000: float64, float64 
[ 2022-12-10 11:54:49,727 ] 85 root - INFO - Hypothesis dm_000: float64, float64 
[ 2022-12-10 11:54:49,763 ] 85 root - INFO - Hypothesis dn_000: float64, float64 
[ 2022-12-10 11:54:49,775 ] 85 root - INFO - Hypothesis do_000: float64, float64 
[ 2022-12-10 11:54:49,784 ] 85 root - INFO - Hypothesis dp_000: float64, float64 
[ 2022-12-10 11:54:49,796 ] 85 root - INFO - Hypothesis dq_000: float64, float64 
[ 2022-12-10 11:54:49,832 ] 85 root - INFO - Hypothesis dr_000: float64, float64 
[ 2022-12-10 11:54:49,872 ] 85 root - INFO - Hypothesis ds_000: float64, float64 
[ 2022-12-10 11:54:49,884 ] 85 root - INFO - Hypothesis dt_000: float64, float64 
[ 2022-12-10 11:54:49,894 ] 85 root - INFO - Hypothesis du_000: float64, float64 
[ 2022-12-10 11:54:49,906 ] 85 root - INFO - Hypothesis dv_000: float64, float64 
[ 2022-12-10 11:54:49,916 ] 85 root - INFO - Hypothesis dx_000: float64, float64 
[ 2022-12-10 11:54:49,925 ] 85 root - INFO - Hypothesis dy_000: float64, float64 
[ 2022-12-10 11:54:49,933 ] 85 root - INFO - Hypothesis dz_000: float64, float64 
[ 2022-12-10 11:54:49,970 ] 85 root - INFO - Hypothesis ea_000: float64, float64 
[ 2022-12-10 11:54:50,008 ] 85 root - INFO - Hypothesis eb_000: float64, float64 
[ 2022-12-10 11:54:50,018 ] 85 root - INFO - Hypothesis ec_00: float64, float64 
[ 2022-12-10 11:54:50,028 ] 85 root - INFO - Hypothesis ed_000: float64, float64 
[ 2022-12-10 11:54:50,039 ] 85 root - INFO - Hypothesis ee_000: float64, float64 
[ 2022-12-10 11:54:50,051 ] 85 root - INFO - Hypothesis ee_001: float64, float64 
[ 2022-12-10 11:54:50,065 ] 85 root - INFO - Hypothesis ee_002: float64, float64 
[ 2022-12-10 11:54:50,076 ] 85 root - INFO - Hypothesis ee_003: float64, float64 
[ 2022-12-10 11:54:50,088 ] 85 root - INFO - Hypothesis ee_004: float64, float64 
[ 2022-12-10 11:54:50,101 ] 85 root - INFO - Hypothesis ee_005: float64, float64 
[ 2022-12-10 11:54:50,113 ] 85 root - INFO - Hypothesis ee_006: float64, float64 
[ 2022-12-10 11:54:50,122 ] 85 root - INFO - Hypothesis ee_007: float64, float64 
[ 2022-12-10 11:54:50,132 ] 85 root - INFO - Hypothesis ee_008: float64, float64 
[ 2022-12-10 11:54:50,143 ] 85 root - INFO - Hypothesis ee_009: float64, float64 
[ 2022-12-10 11:54:50,153 ] 85 root - INFO - Hypothesis ef_000: float64, float64 
[ 2022-12-10 11:54:50,190 ] 85 root - INFO - Hypothesis eg_000: float64, float64 
[ 2022-12-10 11:54:50,227 ] 140 root - INFO - As all column are available in test df hence detecting data drift
[ 2022-12-10 11:54:50,227 ] 85 root - INFO - Hypothesis class: object, object 
[ 2022-12-10 11:54:50,302 ] 85 root - INFO - Hypothesis aa_000: float64, float64 
[ 2022-12-10 11:54:50,310 ] 85 root - INFO - Hypothesis ac_000: float64, float64 
[ 2022-12-10 11:54:50,317 ] 85 root - INFO - Hypothesis ae_000: float64, float64 
[ 2022-12-10 11:54:50,332 ] 85 root - INFO - Hypothesis af_000: float64, float64 
[ 2022-12-10 11:54:50,348 ] 85 root - INFO - Hypothesis ag_000: float64, float64 
[ 2022-12-10 11:54:50,365 ] 85 root - INFO - Hypothesis ag_001: float64, float64 
[ 2022-12-10 11:54:50,382 ] 85 root - INFO - Hypothesis ag_002: float64, float64 
[ 2022-12-10 11:54:50,399 ] 85 root - INFO - Hypothesis ag_003: float64, float64 
[ 2022-12-10 11:54:50,404 ] 85 root - INFO - Hypothesis ag_004: float64, float64 
[ 2022-12-10 11:54:50,411 ] 85 root - INFO - Hypothesis ag_005: float64, float64 
[ 2022-12-10 11:54:50,419 ] 85 root - INFO - Hypothesis ag_006: float64, float64 
[ 2022-12-10 11:54:50,428 ] 85 root - INFO - Hypothesis ag_007: float64, float64 
[ 2022-12-10 11:54:50,435 ] 85 root - INFO - Hypothesis ag_008: float64, float64 
[ 2022-12-10 11:54:50,443 ] 85 root - INFO - Hypothesis ag_009: float64, float64 
[ 2022-12-10 11:54:50,447 ] 85 root - INFO - Hypothesis ah_000: float64, float64 
[ 2022-12-10 11:54:50,458 ] 85 root - INFO - Hypothesis ai_000: float64, float64 
[ 2022-12-10 11:54:50,477 ] 85 root - INFO - Hypothesis aj_000: float64, float64 
[ 2022-12-10 11:54:50,481 ] 85 root - INFO - Hypothesis ak_000: float64, float64 
[ 2022-12-10 11:54:50,498 ] 85 root - INFO - Hypothesis al_000: float64, float64 
[ 2022-12-10 11:54:50,504 ] 85 root - INFO - Hypothesis am_0: float64, float64 
[ 2022-12-10 11:54:50,510 ] 85 root - INFO - Hypothesis an_000: float64, float64 
[ 2022-12-10 11:54:50,517 ] 85 root - INFO - Hypothesis ao_000: float64, float64 
[ 2022-12-10 11:54:50,525 ] 85 root - INFO - Hypothesis ap_000: float64, float64 
[ 2022-12-10 11:54:50,533 ] 85 root - INFO - Hypothesis aq_000: float64, float64 
[ 2022-12-10 11:54:50,540 ] 85 root - INFO - Hypothesis ar_000: float64, float64 
[ 2022-12-10 11:54:50,556 ] 85 root - INFO - Hypothesis as_000: float64, float64 
[ 2022-12-10 11:54:50,571 ] 85 root - INFO - Hypothesis at_000: float64, float64 
[ 2022-12-10 11:54:50,576 ] 85 root - INFO - Hypothesis au_000: float64, float64 
[ 2022-12-10 11:54:50,597 ] 85 root - INFO - Hypothesis av_000: float64, float64 
[ 2022-12-10 11:54:50,604 ] 85 root - INFO - Hypothesis ax_000: float64, float64 
[ 2022-12-10 11:54:50,611 ] 85 root - INFO - Hypothesis ay_000: float64, float64 
[ 2022-12-10 11:54:50,626 ] 85 root - INFO - Hypothesis ay_001: float64, float64 
[ 2022-12-10 11:54:50,641 ] 85 root - INFO - Hypothesis ay_002: float64, float64 
[ 2022-12-10 11:54:50,658 ] 85 root - INFO - Hypothesis ay_003: float64, float64 
[ 2022-12-10 11:54:50,673 ] 85 root - INFO - Hypothesis ay_004: float64, float64 
[ 2022-12-10 11:54:50,689 ] 85 root - INFO - Hypothesis ay_005: float64, float64 
[ 2022-12-10 11:54:50,696 ] 85 root - INFO - Hypothesis ay_006: float64, float64 
[ 2022-12-10 11:54:50,704 ] 85 root - INFO - Hypothesis ay_007: float64, float64 
[ 2022-12-10 11:54:50,712 ] 85 root - INFO - Hypothesis ay_008: float64, float64 
[ 2022-12-10 11:54:50,720 ] 85 root - INFO - Hypothesis ay_009: float64, float64 
[ 2022-12-10 11:54:50,735 ] 85 root - INFO - Hypothesis az_000: float64, float64 
[ 2022-12-10 11:54:50,743 ] 85 root - INFO - Hypothesis az_001: float64, float64 
[ 2022-12-10 11:54:50,751 ] 85 root - INFO - Hypothesis az_002: float64, float64 
[ 2022-12-10 11:54:50,757 ] 85 root - INFO - Hypothesis az_003: float64, float64 
[ 2022-12-10 11:54:50,764 ] 85 root - INFO - Hypothesis az_004: float64, float64 
[ 2022-12-10 11:54:50,771 ] 85 root - INFO - Hypothesis az_005: float64, float64 
[ 2022-12-10 11:54:50,779 ] 85 root - INFO - Hypothesis az_006: float64, float64 
[ 2022-12-10 11:54:50,787 ] 85 root - INFO - Hypothesis az_007: float64, float64 
[ 2022-12-10 11:54:50,804 ] 85 root - INFO - Hypothesis az_008: float64, float64 
[ 2022-12-10 11:54:50,821 ] 85 root - INFO - Hypothesis az_009: float64, float64 
[ 2022-12-10 11:54:50,837 ] 85 root - INFO - Hypothesis ba_000: float64, float64 
[ 2022-12-10 11:54:50,846 ] 85 root - INFO - Hypothesis ba_001: float64, float64 
[ 2022-12-10 11:54:50,853 ] 85 root - INFO - Hypothesis ba_002: float64, float64 
[ 2022-12-10 11:54:50,860 ] 85 root - INFO - Hypothesis ba_003: float64, float64 
[ 2022-12-10 11:54:50,867 ] 85 root - INFO - Hypothesis ba_004: float64, float64 
[ 2022-12-10 11:54:50,875 ] 85 root - INFO - Hypothesis ba_005: float64, float64 
[ 2022-12-10 11:54:50,883 ] 85 root - INFO - Hypothesis ba_006: float64, float64 
[ 2022-12-10 11:54:50,901 ] 85 root - INFO - Hypothesis ba_007: float64, float64 
[ 2022-12-10 11:54:50,911 ] 85 root - INFO - Hypothesis ba_008: float64, float64 
[ 2022-12-10 11:54:50,917 ] 85 root - INFO - Hypothesis ba_009: float64, float64 
[ 2022-12-10 11:54:50,923 ] 85 root - INFO - Hypothesis bb_000: float64, float64 
[ 2022-12-10 11:54:50,932 ] 85 root - INFO - Hypothesis bc_000: float64, float64 
[ 2022-12-10 11:54:50,938 ] 85 root - INFO - Hypothesis bd_000: float64, float64 
[ 2022-12-10 11:54:50,944 ] 85 root - INFO - Hypothesis be_000: float64, float64 
[ 2022-12-10 11:54:50,951 ] 85 root - INFO - Hypothesis bf_000: float64, float64 
[ 2022-12-10 11:54:50,956 ] 85 root - INFO - Hypothesis bg_000: float64, float64 
[ 2022-12-10 11:54:50,964 ] 85 root - INFO - Hypothesis bh_000: float64, float64 
[ 2022-12-10 11:54:50,972 ] 85 root - INFO - Hypothesis bi_000: float64, float64 
[ 2022-12-10 11:54:50,981 ] 85 root - INFO - Hypothesis bj_000: float64, float64 
[ 2022-12-10 11:54:50,988 ] 85 root - INFO - Hypothesis bs_000: float64, float64 
[ 2022-12-10 11:54:50,995 ] 85 root - INFO - Hypothesis bt_000: float64, float64 
[ 2022-12-10 11:54:51,003 ] 85 root - INFO - Hypothesis bu_000: float64, float64 
[ 2022-12-10 11:54:51,012 ] 85 root - INFO - Hypothesis bv_000: float64, float64 
[ 2022-12-10 11:54:51,019 ] 85 root - INFO - Hypothesis bx_000: float64, float64 
[ 2022-12-10 11:54:51,027 ] 85 root - INFO - Hypothesis by_000: float64, float64 
[ 2022-12-10 11:54:51,036 ] 85 root - INFO - Hypothesis bz_000: float64, float64 
[ 2022-12-10 11:54:51,043 ] 85 root - INFO - Hypothesis ca_000: float64, float64 
[ 2022-12-10 11:54:51,052 ] 85 root - INFO - Hypothesis cb_000: float64, float64 
[ 2022-12-10 11:54:51,060 ] 85 root - INFO - Hypothesis cc_000: float64, float64 
[ 2022-12-10 11:54:51,069 ] 85 root - INFO - Hypothesis cd_000: float64, float64 
[ 2022-12-10 11:54:51,084 ] 85 root - INFO - Hypothesis ce_000: float64, float64 
[ 2022-12-10 11:54:51,091 ] 85 root - INFO - Hypothesis ci_000: float64, float64 
[ 2022-12-10 11:54:51,099 ] 85 root - INFO - Hypothesis cj_000: float64, float64 
[ 2022-12-10 11:54:51,116 ] 85 root - INFO - Hypothesis ck_000: float64, float64 
[ 2022-12-10 11:54:51,123 ] 85 root - INFO - Hypothesis cl_000: float64, float64 
[ 2022-12-10 11:54:51,127 ] 85 root - INFO - Hypothesis cm_000: float64, float64 
[ 2022-12-10 11:54:51,134 ] 85 root - INFO - Hypothesis cn_000: float64, float64 
[ 2022-12-10 11:54:51,150 ] 85 root - INFO - Hypothesis cn_001: float64, float64 
[ 2022-12-10 11:54:51,155 ] 85 root - INFO - Hypothesis cn_002: float64, float64 
[ 2022-12-10 11:54:51,161 ] 85 root - INFO - Hypothesis cn_003: float64, float64 
[ 2022-12-10 11:54:51,168 ] 85 root - INFO - Hypothesis cn_004: float64, float64 
[ 2022-12-10 11:54:51,175 ] 85 root - INFO - Hypothesis cn_005: float64, float64 
[ 2022-12-10 11:54:51,184 ] 85 root - INFO - Hypothesis cn_006: float64, float64 
[ 2022-12-10 11:54:51,191 ] 85 root - INFO - Hypothesis cn_007: float64, float64 
[ 2022-12-10 11:54:51,199 ] 85 root - INFO - Hypothesis cn_008: float64, float64 
[ 2022-12-10 11:54:51,206 ] 85 root - INFO - Hypothesis cn_009: float64, float64 
[ 2022-12-10 11:54:51,211 ] 85 root - INFO - Hypothesis cp_000: float64, float64 
[ 2022-12-10 11:54:51,217 ] 85 root - INFO - Hypothesis cq_000: float64, float64 
[ 2022-12-10 11:54:51,225 ] 85 root - INFO - Hypothesis cs_000: float64, float64 
[ 2022-12-10 11:54:51,233 ] 85 root - INFO - Hypothesis cs_001: float64, float64 
[ 2022-12-10 11:54:51,240 ] 85 root - INFO - Hypothesis cs_002: float64, float64 
[ 2022-12-10 11:54:51,247 ] 85 root - INFO - Hypothesis cs_003: float64, float64 
[ 2022-12-10 11:54:51,255 ] 85 root - INFO - Hypothesis cs_004: float64, float64 
[ 2022-12-10 11:54:51,264 ] 85 root - INFO - Hypothesis cs_005: float64, float64 
[ 2022-12-10 11:54:51,273 ] 85 root - INFO - Hypothesis cs_006: float64, float64 
[ 2022-12-10 11:54:51,281 ] 85 root - INFO - Hypothesis cs_007: float64, float64 
[ 2022-12-10 11:54:51,290 ] 85 root - INFO - Hypothesis cs_008: float64, float64 
[ 2022-12-10 11:54:51,295 ] 85 root - INFO - Hypothesis cs_009: float64, float64 
[ 2022-12-10 11:54:51,310 ] 85 root - INFO - Hypothesis dd_000: float64, float64 
[ 2022-12-10 11:54:51,318 ] 85 root - INFO - Hypothesis de_000: float64, float64 
[ 2022-12-10 11:54:51,324 ] 85 root - INFO - Hypothesis df_000: float64, float64 
[ 2022-12-10 11:54:51,339 ] 85 root - INFO - Hypothesis dg_000: float64, float64 
[ 2022-12-10 11:54:51,354 ] 85 root - INFO - Hypothesis dh_000: float64, float64 
[ 2022-12-10 11:54:51,372 ] 85 root - INFO - Hypothesis di_000: float64, float64 
[ 2022-12-10 11:54:51,389 ] 85 root - INFO - Hypothesis dj_000: float64, float64 
[ 2022-12-10 11:54:51,409 ] 85 root - INFO - Hypothesis dk_000: float64, float64 
[ 2022-12-10 11:54:51,425 ] 85 root - INFO - Hypothesis dl_000: float64, float64 
[ 2022-12-10 11:54:51,440 ] 85 root - INFO - Hypothesis dm_000: float64, float64 
[ 2022-12-10 11:54:51,456 ] 85 root - INFO - Hypothesis dn_000: float64, float64 
[ 2022-12-10 11:54:51,464 ] 85 root - INFO - Hypothesis do_000: float64, float64 
[ 2022-12-10 11:54:51,471 ] 85 root - INFO - Hypothesis dp_000: float64, float64 
[ 2022-12-10 11:54:51,478 ] 85 root - INFO - Hypothesis dq_000: float64, float64 
[ 2022-12-10 11:54:51,496 ] 85 root - INFO - Hypothesis dr_000: float64, float64 
[ 2022-12-10 11:54:51,501 ] 85 root - INFO - Hypothesis ds_000: float64, float64 
[ 2022-12-10 11:54:51,509 ] 85 root - INFO - Hypothesis dt_000: float64, float64 
[ 2022-12-10 11:54:51,516 ] 85 root - INFO - Hypothesis du_000: float64, float64 
[ 2022-12-10 11:54:51,522 ] 85 root - INFO - Hypothesis dv_000: float64, float64 
[ 2022-12-10 11:54:51,530 ] 85 root - INFO - Hypothesis dx_000: float64, float64 
[ 2022-12-10 11:54:51,537 ] 85 root - INFO - Hypothesis dy_000: float64, float64 
[ 2022-12-10 11:54:51,544 ] 85 root - INFO - Hypothesis dz_000: float64, float64 
[ 2022-12-10 11:54:51,559 ] 85 root - INFO - Hypothesis ea_000: float64, float64 
[ 2022-12-10 11:54:51,575 ] 85 root - INFO - Hypothesis eb_000: float64, float64 
[ 2022-12-10 11:54:51,581 ] 85 root - INFO - Hypothesis ec_00: float64, float64 
[ 2022-12-10 11:54:51,589 ] 85 root - INFO - Hypothesis ed_000: float64, float64 
[ 2022-12-10 11:54:51,597 ] 85 root - INFO - Hypothesis ee_000: float64, float64 
[ 2022-12-10 11:54:51,605 ] 85 root - INFO - Hypothesis ee_001: float64, float64 
[ 2022-12-10 11:54:51,613 ] 85 root - INFO - Hypothesis ee_002: float64, float64 
[ 2022-12-10 11:54:51,622 ] 85 root - INFO - Hypothesis ee_003: float64, float64 
[ 2022-12-10 11:54:51,629 ] 85 root - INFO - Hypothesis ee_004: float64, float64 
[ 2022-12-10 11:54:51,636 ] 85 root - INFO - Hypothesis ee_005: float64, float64 
[ 2022-12-10 11:54:51,644 ] 85 root - INFO - Hypothesis ee_006: float64, float64 
[ 2022-12-10 11:54:51,651 ] 85 root - INFO - Hypothesis ee_007: float64, float64 
[ 2022-12-10 11:54:51,658 ] 85 root - INFO - Hypothesis ee_008: float64, float64 
[ 2022-12-10 11:54:51,665 ] 85 root - INFO - Hypothesis ee_009: float64, float64 
[ 2022-12-10 11:54:51,670 ] 85 root - INFO - Hypothesis ef_000: float64, float64 
[ 2022-12-10 11:54:51,685 ] 85 root - INFO - Hypothesis eg_000: float64, float64 
[ 2022-12-10 11:54:51,702 ] 144 root - INFO - Write reprt in yaml file
[ 2022-12-10 11:54:51,770 ] 149 root - INFO - Data validation artifact: DataValidationArtifact(report_file_path='/config/workspace/artifact/12102022__115425/data_validation/report.yaml')
[ 2022-12-10 11:54:51,772 ] 25 root - INFO - >>>>>>>>>>>>>>>>>>>>>>>>>>>>>>>>>>>>>>>> Data Transformation <<<<<<<<<<<<<<<<<<<<<<<<<<<<<<<<<<<<<<<<
[ 2022-12-10 11:54:52,725 ] 76 root - INFO - Before resampling in training set Input: (28950, 170) Target:(28950,)
[ 2022-12-10 11:54:58,035 ] 78 root - INFO - After resampling in training set Input: (56152, 170) Target:(56152,)
[ 2022-12-10 11:54:58,035 ] 80 root - INFO - Before resampling in testing set Input: (7238, 170) Target:(7238,)
[ 2022-12-10 11:54:58,643 ] 82 root - INFO - After resampling in testing set Input: (14024, 170) Target:(14024,)
[ 2022-12-10 11:54:58,756 ] 55 root - INFO - Entered the save_object method of utils
[ 2022-12-10 11:54:58,759 ] 59 root - INFO - Exited the save_object method of utils
[ 2022-12-10 11:54:58,759 ] 55 root - INFO - Entered the save_object method of utils
[ 2022-12-10 11:54:58,760 ] 59 root - INFO - Exited the save_object method of utils
