[ 2022-12-10 11:51:47,723 ] 19 root - INFO - Reading data from database: {database_name} and collection {collection_name}
[ 2022-12-10 11:51:51,346 ] 22 root - INFO - found columns: Index(['_id', 'class', 'aa_000', 'ab_000', 'ac_000', 'ad_000', 'ae_000',
       'af_000', 'ag_000', 'ag_001',
       ...
       'ee_002', 'ee_003', 'ee_004', 'ee_005', 'ee_006', 'ee_007', 'ee_008',
       'ee_009', 'ef_000', 'eg_000'],
      dtype='object', length=172)
[ 2022-12-10 11:51:51,347 ] 24 root - INFO - droping column :_id
[ 2022-12-10 11:51:51,561 ] 26 root - INFO - row and cols in df :(36188, 171)
[ 2022-12-10 11:51:52,192 ] 31 root - INFO - create a feature store folder if not available
[ 2022-12-10 11:51:52,193 ] 34 root - INFO - Save df to feature folder
[ 2022-12-10 11:51:54,697 ] 38 root - INFO - split the dataset into train and test
[ 2022-12-10 11:51:55,336 ] 41 root - INFO - create dataset directory if not available
[ 2022-12-10 11:51:55,337 ] 46 root - INFO - save df to feature store folder
[ 2022-12-10 11:51:58,270 ] 19 root - INFO - >>>>>>>>>>>>>>>>>>>>>>>>>>>>>>>>>>>>>>>> Data Validation <<<<<<<<<<<<<<<<<<<<<<<<<<<<<<<<<<<<<<<<
[ 2022-12-10 11:51:58,270 ] 107 root - INFO - Reading base dataframe
[ 2022-12-10 11:52:01,376 ] 110 root - INFO - Replace na value in base df
[ 2022-12-10 11:52:01,377 ] 112 root - INFO - Drop null values colums from base df
[ 2022-12-10 11:52:02,445 ] 41 root - INFO - selecting column name which contains null above to 0.2
[ 2022-12-10 11:52:02,446 ] 44 root - INFO - Columns to drop: ['ab_000', 'ad_000', 'bk_000', 'bl_000', 'bm_000', 'bn_000', 'bo_000', 'bp_000', 'bq_000', 'br_000', 'cf_000', 'cg_000', 'ch_000', 'co_000', 'cr_000', 'ct_000', 'cu_000', 'cv_000', 'cx_000', 'cy_000', 'cz_000', 'da_000', 'db_000', 'dc_000']
[ 2022-12-10 11:52:02,550 ] 115 root - INFO - Reading train dataframe
[ 2022-12-10 11:52:02,940 ] 117 root - INFO - Reading test dataframe
[ 2022-12-10 11:52:03,041 ] 120 root - INFO - Drop null values colums from train df
[ 2022-12-10 11:52:03,053 ] 41 root - INFO - selecting column name which contains null above to 0.2
[ 2022-12-10 11:52:03,054 ] 44 root - INFO - Columns to drop: ['ab_000', 'ad_000', 'bk_000', 'bl_000', 'bm_000', 'bn_000', 'bo_000', 'bp_000', 'bq_000', 'br_000', 'cf_000', 'cg_000', 'ch_000', 'co_000', 'cr_000', 'ct_000', 'cu_000', 'cv_000', 'cx_000', 'cy_000', 'cz_000', 'da_000', 'db_000', 'dc_000']
[ 2022-12-10 11:52:03,067 ] 122 root - INFO - Drop null values colums from test df
[ 2022-12-10 11:52:03,071 ] 41 root - INFO - selecting column name which contains null above to 0.2
[ 2022-12-10 11:52:03,072 ] 44 root - INFO - Columns to drop: ['ab_000', 'ad_000', 'bk_000', 'bl_000', 'bm_000', 'bn_000', 'bo_000', 'bp_000', 'bq_000', 'br_000', 'cf_000', 'cg_000', 'ch_000', 'co_000', 'cr_000', 'ct_000', 'cu_000', 'cv_000', 'cx_000', 'cy_000', 'cz_000', 'da_000', 'db_000', 'dc_000']
[ 2022-12-10 11:52:09,166 ] 131 root - INFO - Is all required columns present in train df
[ 2022-12-10 11:52:09,166 ] 133 root - INFO - Is all required columns present in test df
[ 2022-12-10 11:52:09,166 ] 137 root - INFO - As all column are available in train df hence detecting data drift
[ 2022-12-10 11:52:09,167 ] 85 root - INFO - Hypothesis class: object, object 
[ 2022-12-10 11:52:09,301 ] 85 root - INFO - Hypothesis aa_000: float64, float64 
[ 2022-12-10 11:52:09,342 ] 85 root - INFO - Hypothesis ac_000: float64, float64 
[ 2022-12-10 11:52:09,350 ] 85 root - INFO - Hypothesis ae_000: float64, float64 
[ 2022-12-10 11:52:09,389 ] 85 root - INFO - Hypothesis af_000: float64, float64 
[ 2022-12-10 11:52:09,424 ] 85 root - INFO - Hypothesis ag_000: float64, float64 
[ 2022-12-10 11:52:09,459 ] 85 root - INFO - Hypothesis ag_001: float64, float64 
[ 2022-12-10 11:52:09,494 ] 85 root - INFO - Hypothesis ag_002: float64, float64 
[ 2022-12-10 11:52:09,530 ] 85 root - INFO - Hypothesis ag_003: float64, float64 
[ 2022-12-10 11:52:09,566 ] 85 root - INFO - Hypothesis ag_004: float64, float64 
[ 2022-12-10 11:52:09,577 ] 85 root - INFO - Hypothesis ag_005: float64, float64 
[ 2022-12-10 11:52:09,619 ] 85 root - INFO - Hypothesis ag_006: float64, float64 
[ 2022-12-10 11:52:09,663 ] 85 root - INFO - Hypothesis ag_007: float64, float64 
[ 2022-12-10 11:52:09,672 ] 85 root - INFO - Hypothesis ag_008: float64, float64 
[ 2022-12-10 11:52:09,681 ] 85 root - INFO - Hypothesis ag_009: float64, float64 
[ 2022-12-10 11:52:09,719 ] 85 root - INFO - Hypothesis ah_000: float64, float64 
[ 2022-12-10 11:52:09,730 ] 85 root - INFO - Hypothesis ai_000: float64, float64 
[ 2022-12-10 11:52:09,765 ] 85 root - INFO - Hypothesis aj_000: float64, float64 
[ 2022-12-10 11:52:09,801 ] 85 root - INFO - Hypothesis ak_000: float64, float64 
[ 2022-12-10 11:52:09,836 ] 85 root - INFO - Hypothesis al_000: float64, float64 
[ 2022-12-10 11:52:09,875 ] 85 root - INFO - Hypothesis am_0: float64, float64 
[ 2022-12-10 11:52:09,914 ] 85 root - INFO - Hypothesis an_000: float64, float64 
[ 2022-12-10 11:52:09,956 ] 85 root - INFO - Hypothesis ao_000: float64, float64 
[ 2022-12-10 11:52:09,967 ] 85 root - INFO - Hypothesis ap_000: float64, float64 
[ 2022-12-10 11:52:10,009 ] 85 root - INFO - Hypothesis aq_000: float64, float64 
[ 2022-12-10 11:52:10,020 ] 85 root - INFO - Hypothesis ar_000: float64, float64 
[ 2022-12-10 11:52:10,055 ] 85 root - INFO - Hypothesis as_000: float64, float64 
[ 2022-12-10 11:52:10,092 ] 85 root - INFO - Hypothesis at_000: float64, float64 
[ 2022-12-10 11:52:10,132 ] 85 root - INFO - Hypothesis au_000: float64, float64 
[ 2022-12-10 11:52:10,166 ] 85 root - INFO - Hypothesis av_000: float64, float64 
[ 2022-12-10 11:52:10,175 ] 85 root - INFO - Hypothesis ax_000: float64, float64 
[ 2022-12-10 11:52:10,183 ] 85 root - INFO - Hypothesis ay_000: float64, float64 
[ 2022-12-10 11:52:10,217 ] 85 root - INFO - Hypothesis ay_001: float64, float64 
[ 2022-12-10 11:52:10,253 ] 85 root - INFO - Hypothesis ay_002: float64, float64 
[ 2022-12-10 11:52:10,287 ] 85 root - INFO - Hypothesis ay_003: float64, float64 
[ 2022-12-10 11:52:10,322 ] 85 root - INFO - Hypothesis ay_004: float64, float64 
[ 2022-12-10 11:52:10,358 ] 85 root - INFO - Hypothesis ay_005: float64, float64 
[ 2022-12-10 11:52:10,400 ] 85 root - INFO - Hypothesis ay_006: float64, float64 
[ 2022-12-10 11:52:10,440 ] 85 root - INFO - Hypothesis ay_007: float64, float64 
[ 2022-12-10 11:52:10,451 ] 85 root - INFO - Hypothesis ay_008: float64, float64 
[ 2022-12-10 11:52:10,492 ] 85 root - INFO - Hypothesis ay_009: float64, float64 
[ 2022-12-10 11:52:10,526 ] 85 root - INFO - Hypothesis az_000: float64, float64 
[ 2022-12-10 11:52:10,567 ] 85 root - INFO - Hypothesis az_001: float64, float64 
[ 2022-12-10 11:52:10,608 ] 85 root - INFO - Hypothesis az_002: float64, float64 
[ 2022-12-10 11:52:10,648 ] 85 root - INFO - Hypothesis az_003: float64, float64 
[ 2022-12-10 11:52:10,689 ] 85 root - INFO - Hypothesis az_004: float64, float64 
[ 2022-12-10 11:52:10,700 ] 85 root - INFO - Hypothesis az_005: float64, float64 
[ 2022-12-10 11:52:10,711 ] 85 root - INFO - Hypothesis az_006: float64, float64 
[ 2022-12-10 11:52:10,751 ] 85 root - INFO - Hypothesis az_007: float64, float64 
[ 2022-12-10 11:52:10,788 ] 85 root - INFO - Hypothesis az_008: float64, float64 
[ 2022-12-10 11:52:10,824 ] 85 root - INFO - Hypothesis az_009: float64, float64 
[ 2022-12-10 11:52:10,858 ] 85 root - INFO - Hypothesis ba_000: float64, float64 
[ 2022-12-10 11:52:10,900 ] 85 root - INFO - Hypothesis ba_001: float64, float64 
[ 2022-12-10 11:52:10,942 ] 85 root - INFO - Hypothesis ba_002: float64, float64 
[ 2022-12-10 11:52:10,953 ] 85 root - INFO - Hypothesis ba_003: float64, float64 
[ 2022-12-10 11:52:10,963 ] 85 root - INFO - Hypothesis ba_004: float64, float64 
[ 2022-12-10 11:52:10,973 ] 85 root - INFO - Hypothesis ba_005: float64, float64 
[ 2022-12-10 11:52:11,014 ] 85 root - INFO - Hypothesis ba_006: float64, float64 
[ 2022-12-10 11:52:11,024 ] 85 root - INFO - Hypothesis ba_007: float64, float64 
[ 2022-12-10 11:52:11,034 ] 85 root - INFO - Hypothesis ba_008: float64, float64 
[ 2022-12-10 11:52:11,073 ] 85 root - INFO - Hypothesis ba_009: float64, float64 
[ 2022-12-10 11:52:11,110 ] 85 root - INFO - Hypothesis bb_000: float64, float64 
[ 2022-12-10 11:52:11,152 ] 85 root - INFO - Hypothesis bc_000: float64, float64 
[ 2022-12-10 11:52:11,191 ] 85 root - INFO - Hypothesis bd_000: float64, float64 
[ 2022-12-10 11:52:11,199 ] 85 root - INFO - Hypothesis be_000: float64, float64 
[ 2022-12-10 11:52:11,208 ] 85 root - INFO - Hypothesis bf_000: float64, float64 
[ 2022-12-10 11:52:11,246 ] 85 root - INFO - Hypothesis bg_000: float64, float64 
[ 2022-12-10 11:52:11,288 ] 85 root - INFO - Hypothesis bh_000: float64, float64 
[ 2022-12-10 11:52:11,329 ] 85 root - INFO - Hypothesis bi_000: float64, float64 
[ 2022-12-10 11:52:11,371 ] 85 root - INFO - Hypothesis bj_000: float64, float64 
[ 2022-12-10 11:52:11,382 ] 85 root - INFO - Hypothesis bs_000: float64, float64 
[ 2022-12-10 11:52:11,393 ] 85 root - INFO - Hypothesis bt_000: float64, float64 
[ 2022-12-10 11:52:11,437 ] 85 root - INFO - Hypothesis bu_000: float64, float64 
[ 2022-12-10 11:52:11,479 ] 85 root - INFO - Hypothesis bv_000: float64, float64 
[ 2022-12-10 11:52:11,523 ] 85 root - INFO - Hypothesis bx_000: float64, float64 
[ 2022-12-10 11:52:11,565 ] 85 root - INFO - Hypothesis by_000: float64, float64 
[ 2022-12-10 11:52:11,607 ] 85 root - INFO - Hypothesis bz_000: float64, float64 
[ 2022-12-10 11:52:11,648 ] 85 root - INFO - Hypothesis ca_000: float64, float64 
[ 2022-12-10 11:52:11,658 ] 85 root - INFO - Hypothesis cb_000: float64, float64 
[ 2022-12-10 11:52:11,669 ] 85 root - INFO - Hypothesis cc_000: float64, float64 
[ 2022-12-10 11:52:11,680 ] 85 root - INFO - Hypothesis cd_000: float64, float64 
[ 2022-12-10 11:52:11,685 ] 85 root - INFO - Hypothesis ce_000: float64, float64 
[ 2022-12-10 11:52:11,726 ] 85 root - INFO - Hypothesis ci_000: float64, float64 
[ 2022-12-10 11:52:11,768 ] 85 root - INFO - Hypothesis cj_000: float64, float64 
[ 2022-12-10 11:52:11,805 ] 85 root - INFO - Hypothesis ck_000: float64, float64 
[ 2022-12-10 11:52:11,817 ] 85 root - INFO - Hypothesis cl_000: float64, float64 
[ 2022-12-10 11:52:11,854 ] 85 root - INFO - Hypothesis cm_000: float64, float64 
[ 2022-12-10 11:52:11,892 ] 85 root - INFO - Hypothesis cn_000: float64, float64 
[ 2022-12-10 11:52:11,927 ] 85 root - INFO - Hypothesis cn_001: float64, float64 
[ 2022-12-10 11:52:11,963 ] 85 root - INFO - Hypothesis cn_002: float64, float64 
[ 2022-12-10 11:52:12,002 ] 85 root - INFO - Hypothesis cn_003: float64, float64 
[ 2022-12-10 11:52:12,013 ] 85 root - INFO - Hypothesis cn_004: float64, float64 
[ 2022-12-10 11:52:12,024 ] 85 root - INFO - Hypothesis cn_005: float64, float64 
[ 2022-12-10 11:52:12,035 ] 85 root - INFO - Hypothesis cn_006: float64, float64 
[ 2022-12-10 11:52:12,045 ] 85 root - INFO - Hypothesis cn_007: float64, float64 
[ 2022-12-10 11:52:12,055 ] 85 root - INFO - Hypothesis cn_008: float64, float64 
[ 2022-12-10 11:52:12,097 ] 85 root - INFO - Hypothesis cn_009: float64, float64 
[ 2022-12-10 11:52:12,136 ] 85 root - INFO - Hypothesis cp_000: float64, float64 
[ 2022-12-10 11:52:12,144 ] 85 root - INFO - Hypothesis cq_000: float64, float64 
[ 2022-12-10 11:52:12,186 ] 85 root - INFO - Hypothesis cs_000: float64, float64 
[ 2022-12-10 11:52:12,228 ] 85 root - INFO - Hypothesis cs_001: float64, float64 
[ 2022-12-10 11:52:12,237 ] 85 root - INFO - Hypothesis cs_002: float64, float64 
[ 2022-12-10 11:52:12,278 ] 85 root - INFO - Hypothesis cs_003: float64, float64 
[ 2022-12-10 11:52:12,288 ] 85 root - INFO - Hypothesis cs_004: float64, float64 
[ 2022-12-10 11:52:12,330 ] 85 root - INFO - Hypothesis cs_005: float64, float64 
[ 2022-12-10 11:52:12,341 ] 85 root - INFO - Hypothesis cs_006: float64, float64 
[ 2022-12-10 11:52:12,352 ] 85 root - INFO - Hypothesis cs_007: float64, float64 
[ 2022-12-10 11:52:12,397 ] 85 root - INFO - Hypothesis cs_008: float64, float64 
[ 2022-12-10 11:52:12,436 ] 85 root - INFO - Hypothesis cs_009: float64, float64 
[ 2022-12-10 11:52:12,471 ] 85 root - INFO - Hypothesis dd_000: float64, float64 
[ 2022-12-10 11:52:12,481 ] 85 root - INFO - Hypothesis de_000: float64, float64 
[ 2022-12-10 11:52:12,489 ] 85 root - INFO - Hypothesis df_000: float64, float64 
[ 2022-12-10 11:52:12,524 ] 85 root - INFO - Hypothesis dg_000: float64, float64 
[ 2022-12-10 11:52:12,559 ] 85 root - INFO - Hypothesis dh_000: float64, float64 
[ 2022-12-10 11:52:12,595 ] 85 root - INFO - Hypothesis di_000: float64, float64 
[ 2022-12-10 11:52:12,632 ] 85 root - INFO - Hypothesis dj_000: float64, float64 
[ 2022-12-10 11:52:12,668 ] 85 root - INFO - Hypothesis dk_000: float64, float64 
[ 2022-12-10 11:52:12,704 ] 85 root - INFO - Hypothesis dl_000: float64, float64 
[ 2022-12-10 11:52:12,740 ] 85 root - INFO - Hypothesis dm_000: float64, float64 
[ 2022-12-10 11:52:12,776 ] 85 root - INFO - Hypothesis dn_000: float64, float64 
[ 2022-12-10 11:52:12,817 ] 85 root - INFO - Hypothesis do_000: float64, float64 
[ 2022-12-10 11:52:12,859 ] 85 root - INFO - Hypothesis dp_000: float64, float64 
[ 2022-12-10 11:52:12,901 ] 85 root - INFO - Hypothesis dq_000: float64, float64 
[ 2022-12-10 11:52:12,938 ] 85 root - INFO - Hypothesis dr_000: float64, float64 
[ 2022-12-10 11:52:12,975 ] 85 root - INFO - Hypothesis ds_000: float64, float64 
[ 2022-12-10 11:52:13,017 ] 85 root - INFO - Hypothesis dt_000: float64, float64 
[ 2022-12-10 11:52:13,058 ] 85 root - INFO - Hypothesis du_000: float64, float64 
[ 2022-12-10 11:52:13,070 ] 85 root - INFO - Hypothesis dv_000: float64, float64 
[ 2022-12-10 11:52:13,115 ] 85 root - INFO - Hypothesis dx_000: float64, float64 
[ 2022-12-10 11:52:13,153 ] 85 root - INFO - Hypothesis dy_000: float64, float64 
[ 2022-12-10 11:52:13,191 ] 85 root - INFO - Hypothesis dz_000: float64, float64 
[ 2022-12-10 11:52:13,226 ] 85 root - INFO - Hypothesis ea_000: float64, float64 
[ 2022-12-10 11:52:13,261 ] 85 root - INFO - Hypothesis eb_000: float64, float64 
[ 2022-12-10 11:52:13,301 ] 85 root - INFO - Hypothesis ec_00: float64, float64 
[ 2022-12-10 11:52:13,311 ] 85 root - INFO - Hypothesis ed_000: float64, float64 
[ 2022-12-10 11:52:13,320 ] 85 root - INFO - Hypothesis ee_000: float64, float64 
[ 2022-12-10 11:52:13,331 ] 85 root - INFO - Hypothesis ee_001: float64, float64 
[ 2022-12-10 11:52:13,373 ] 85 root - INFO - Hypothesis ee_002: float64, float64 
[ 2022-12-10 11:52:13,384 ] 85 root - INFO - Hypothesis ee_003: float64, float64 
[ 2022-12-10 11:52:13,394 ] 85 root - INFO - Hypothesis ee_004: float64, float64 
[ 2022-12-10 11:52:13,404 ] 85 root - INFO - Hypothesis ee_005: float64, float64 
[ 2022-12-10 11:52:13,414 ] 85 root - INFO - Hypothesis ee_006: float64, float64 
[ 2022-12-10 11:52:13,425 ] 85 root - INFO - Hypothesis ee_007: float64, float64 
[ 2022-12-10 11:52:13,469 ] 85 root - INFO - Hypothesis ee_008: float64, float64 
[ 2022-12-10 11:52:13,510 ] 85 root - INFO - Hypothesis ee_009: float64, float64 
[ 2022-12-10 11:52:13,549 ] 85 root - INFO - Hypothesis ef_000: float64, float64 
[ 2022-12-10 11:52:13,584 ] 85 root - INFO - Hypothesis eg_000: float64, float64 
[ 2022-12-10 11:52:13,619 ] 140 root - INFO - As all column are available in test df hence detecting data drift
[ 2022-12-10 11:52:13,619 ] 85 root - INFO - Hypothesis class: object, object 
[ 2022-12-10 11:52:13,694 ] 85 root - INFO - Hypothesis aa_000: float64, float64 
[ 2022-12-10 11:52:13,701 ] 85 root - INFO - Hypothesis ac_000: float64, float64 
[ 2022-12-10 11:52:13,707 ] 85 root - INFO - Hypothesis ae_000: float64, float64 
[ 2022-12-10 11:52:13,722 ] 85 root - INFO - Hypothesis af_000: float64, float64 
[ 2022-12-10 11:52:13,738 ] 85 root - INFO - Hypothesis ag_000: float64, float64 
[ 2022-12-10 11:52:13,752 ] 85 root - INFO - Hypothesis ag_001: float64, float64 
[ 2022-12-10 11:52:13,766 ] 85 root - INFO - Hypothesis ag_002: float64, float64 
[ 2022-12-10 11:52:13,781 ] 85 root - INFO - Hypothesis ag_003: float64, float64 
[ 2022-12-10 11:52:13,797 ] 85 root - INFO - Hypothesis ag_004: float64, float64 
[ 2022-12-10 11:52:13,803 ] 85 root - INFO - Hypothesis ag_005: float64, float64 
[ 2022-12-10 11:52:13,810 ] 85 root - INFO - Hypothesis ag_006: float64, float64 
[ 2022-12-10 11:52:13,817 ] 85 root - INFO - Hypothesis ag_007: float64, float64 
[ 2022-12-10 11:52:13,823 ] 85 root - INFO - Hypothesis ag_008: float64, float64 
[ 2022-12-10 11:52:13,829 ] 85 root - INFO - Hypothesis ag_009: float64, float64 
[ 2022-12-10 11:52:13,834 ] 85 root - INFO - Hypothesis ah_000: float64, float64 
[ 2022-12-10 11:52:13,841 ] 85 root - INFO - Hypothesis ai_000: float64, float64 
[ 2022-12-10 11:52:13,856 ] 85 root - INFO - Hypothesis aj_000: float64, float64 
[ 2022-12-10 11:52:13,872 ] 85 root - INFO - Hypothesis ak_000: float64, float64 
[ 2022-12-10 11:52:13,887 ] 85 root - INFO - Hypothesis al_000: float64, float64 
[ 2022-12-10 11:52:13,892 ] 85 root - INFO - Hypothesis am_0: float64, float64 
[ 2022-12-10 11:52:13,897 ] 85 root - INFO - Hypothesis an_000: float64, float64 
[ 2022-12-10 11:52:13,904 ] 85 root - INFO - Hypothesis ao_000: float64, float64 
[ 2022-12-10 11:52:13,911 ] 85 root - INFO - Hypothesis ap_000: float64, float64 
[ 2022-12-10 11:52:13,918 ] 85 root - INFO - Hypothesis aq_000: float64, float64 
[ 2022-12-10 11:52:13,925 ] 85 root - INFO - Hypothesis ar_000: float64, float64 
[ 2022-12-10 11:52:13,940 ] 85 root - INFO - Hypothesis as_000: float64, float64 
[ 2022-12-10 11:52:13,954 ] 85 root - INFO - Hypothesis at_000: float64, float64 
[ 2022-12-10 11:52:13,970 ] 85 root - INFO - Hypothesis au_000: float64, float64 
[ 2022-12-10 11:52:13,984 ] 85 root - INFO - Hypothesis av_000: float64, float64 
[ 2022-12-10 11:52:13,990 ] 85 root - INFO - Hypothesis ax_000: float64, float64 
[ 2022-12-10 11:52:13,995 ] 85 root - INFO - Hypothesis ay_000: float64, float64 
[ 2022-12-10 11:52:14,010 ] 85 root - INFO - Hypothesis ay_001: float64, float64 
[ 2022-12-10 11:52:14,024 ] 85 root - INFO - Hypothesis ay_002: float64, float64 
[ 2022-12-10 11:52:14,039 ] 85 root - INFO - Hypothesis ay_003: float64, float64 
[ 2022-12-10 11:52:14,054 ] 85 root - INFO - Hypothesis ay_004: float64, float64 
[ 2022-12-10 11:52:14,069 ] 85 root - INFO - Hypothesis ay_005: float64, float64 
[ 2022-12-10 11:52:14,075 ] 85 root - INFO - Hypothesis ay_006: float64, float64 
[ 2022-12-10 11:52:14,081 ] 85 root - INFO - Hypothesis ay_007: float64, float64 
[ 2022-12-10 11:52:14,088 ] 85 root - INFO - Hypothesis ay_008: float64, float64 
[ 2022-12-10 11:52:14,094 ] 85 root - INFO - Hypothesis ay_009: float64, float64 
[ 2022-12-10 11:52:14,109 ] 85 root - INFO - Hypothesis az_000: float64, float64 
[ 2022-12-10 11:52:14,116 ] 85 root - INFO - Hypothesis az_001: float64, float64 
[ 2022-12-10 11:52:14,122 ] 85 root - INFO - Hypothesis az_002: float64, float64 
[ 2022-12-10 11:52:14,129 ] 85 root - INFO - Hypothesis az_003: float64, float64 
[ 2022-12-10 11:52:14,135 ] 85 root - INFO - Hypothesis az_004: float64, float64 
[ 2022-12-10 11:52:14,142 ] 85 root - INFO - Hypothesis az_005: float64, float64 
[ 2022-12-10 11:52:14,150 ] 85 root - INFO - Hypothesis az_006: float64, float64 
[ 2022-12-10 11:52:14,156 ] 85 root - INFO - Hypothesis az_007: float64, float64 
[ 2022-12-10 11:52:14,171 ] 85 root - INFO - Hypothesis az_008: float64, float64 
[ 2022-12-10 11:52:14,187 ] 85 root - INFO - Hypothesis az_009: float64, float64 
[ 2022-12-10 11:52:14,201 ] 85 root - INFO - Hypothesis ba_000: float64, float64 
[ 2022-12-10 11:52:14,208 ] 85 root - INFO - Hypothesis ba_001: float64, float64 
[ 2022-12-10 11:52:14,215 ] 85 root - INFO - Hypothesis ba_002: float64, float64 
[ 2022-12-10 11:52:14,222 ] 85 root - INFO - Hypothesis ba_003: float64, float64 
[ 2022-12-10 11:52:14,229 ] 85 root - INFO - Hypothesis ba_004: float64, float64 
[ 2022-12-10 11:52:14,236 ] 85 root - INFO - Hypothesis ba_005: float64, float64 
[ 2022-12-10 11:52:14,242 ] 85 root - INFO - Hypothesis ba_006: float64, float64 
[ 2022-12-10 11:52:14,249 ] 85 root - INFO - Hypothesis ba_007: float64, float64 
[ 2022-12-10 11:52:14,256 ] 85 root - INFO - Hypothesis ba_008: float64, float64 
[ 2022-12-10 11:52:14,261 ] 85 root - INFO - Hypothesis ba_009: float64, float64 
[ 2022-12-10 11:52:14,278 ] 85 root - INFO - Hypothesis bb_000: float64, float64 
[ 2022-12-10 11:52:14,285 ] 85 root - INFO - Hypothesis bc_000: float64, float64 
[ 2022-12-10 11:52:14,290 ] 85 root - INFO - Hypothesis bd_000: float64, float64 
[ 2022-12-10 11:52:14,296 ] 85 root - INFO - Hypothesis be_000: float64, float64 
[ 2022-12-10 11:52:14,302 ] 85 root - INFO - Hypothesis bf_000: float64, float64 
[ 2022-12-10 11:52:14,306 ] 85 root - INFO - Hypothesis bg_000: float64, float64 
[ 2022-12-10 11:52:14,313 ] 85 root - INFO - Hypothesis bh_000: float64, float64 
[ 2022-12-10 11:52:14,320 ] 85 root - INFO - Hypothesis bi_000: float64, float64 
[ 2022-12-10 11:52:14,328 ] 85 root - INFO - Hypothesis bj_000: float64, float64 
[ 2022-12-10 11:52:14,335 ] 85 root - INFO - Hypothesis bs_000: float64, float64 
[ 2022-12-10 11:52:14,342 ] 85 root - INFO - Hypothesis bt_000: float64, float64 
[ 2022-12-10 11:52:14,349 ] 85 root - INFO - Hypothesis bu_000: float64, float64 
[ 2022-12-10 11:52:14,356 ] 85 root - INFO - Hypothesis bv_000: float64, float64 
[ 2022-12-10 11:52:14,363 ] 85 root - INFO - Hypothesis bx_000: float64, float64 
[ 2022-12-10 11:52:14,370 ] 85 root - INFO - Hypothesis by_000: float64, float64 
[ 2022-12-10 11:52:14,377 ] 85 root - INFO - Hypothesis bz_000: float64, float64 
[ 2022-12-10 11:52:14,383 ] 85 root - INFO - Hypothesis ca_000: float64, float64 
[ 2022-12-10 11:52:14,389 ] 85 root - INFO - Hypothesis cb_000: float64, float64 
[ 2022-12-10 11:52:14,399 ] 85 root - INFO - Hypothesis cc_000: float64, float64 
[ 2022-12-10 11:52:14,406 ] 85 root - INFO - Hypothesis cd_000: float64, float64 
[ 2022-12-10 11:52:14,421 ] 85 root - INFO - Hypothesis ce_000: float64, float64 
[ 2022-12-10 11:52:14,427 ] 85 root - INFO - Hypothesis ci_000: float64, float64 
[ 2022-12-10 11:52:14,434 ] 85 root - INFO - Hypothesis cj_000: float64, float64 
[ 2022-12-10 11:52:14,438 ] 85 root - INFO - Hypothesis ck_000: float64, float64 
[ 2022-12-10 11:52:14,446 ] 85 root - INFO - Hypothesis cl_000: float64, float64 
[ 2022-12-10 11:52:14,450 ] 85 root - INFO - Hypothesis cm_000: float64, float64 
[ 2022-12-10 11:52:14,455 ] 85 root - INFO - Hypothesis cn_000: float64, float64 
[ 2022-12-10 11:52:14,470 ] 85 root - INFO - Hypothesis cn_001: float64, float64 
[ 2022-12-10 11:52:14,486 ] 85 root - INFO - Hypothesis cn_002: float64, float64 
[ 2022-12-10 11:52:14,492 ] 85 root - INFO - Hypothesis cn_003: float64, float64 
[ 2022-12-10 11:52:14,499 ] 85 root - INFO - Hypothesis cn_004: float64, float64 
[ 2022-12-10 11:52:14,508 ] 85 root - INFO - Hypothesis cn_005: float64, float64 
[ 2022-12-10 11:52:14,515 ] 85 root - INFO - Hypothesis cn_006: float64, float64 
[ 2022-12-10 11:52:14,522 ] 85 root - INFO - Hypothesis cn_007: float64, float64 
[ 2022-12-10 11:52:14,528 ] 85 root - INFO - Hypothesis cn_008: float64, float64 
[ 2022-12-10 11:52:14,534 ] 85 root - INFO - Hypothesis cn_009: float64, float64 
[ 2022-12-10 11:52:14,540 ] 85 root - INFO - Hypothesis cp_000: float64, float64 
[ 2022-12-10 11:52:14,545 ] 85 root - INFO - Hypothesis cq_000: float64, float64 
[ 2022-12-10 11:52:14,552 ] 85 root - INFO - Hypothesis cs_000: float64, float64 
[ 2022-12-10 11:52:14,559 ] 85 root - INFO - Hypothesis cs_001: float64, float64 
[ 2022-12-10 11:52:14,565 ] 85 root - INFO - Hypothesis cs_002: float64, float64 
[ 2022-12-10 11:52:14,571 ] 85 root - INFO - Hypothesis cs_003: float64, float64 
[ 2022-12-10 11:52:14,578 ] 85 root - INFO - Hypothesis cs_004: float64, float64 
[ 2022-12-10 11:52:14,585 ] 85 root - INFO - Hypothesis cs_005: float64, float64 
[ 2022-12-10 11:52:14,592 ] 85 root - INFO - Hypothesis cs_006: float64, float64 
[ 2022-12-10 11:52:14,600 ] 85 root - INFO - Hypothesis cs_007: float64, float64 
[ 2022-12-10 11:52:14,607 ] 85 root - INFO - Hypothesis cs_008: float64, float64 
[ 2022-12-10 11:52:14,612 ] 85 root - INFO - Hypothesis cs_009: float64, float64 
[ 2022-12-10 11:52:14,626 ] 85 root - INFO - Hypothesis dd_000: float64, float64 
[ 2022-12-10 11:52:14,633 ] 85 root - INFO - Hypothesis de_000: float64, float64 
[ 2022-12-10 11:52:14,639 ] 85 root - INFO - Hypothesis df_000: float64, float64 
[ 2022-12-10 11:52:14,654 ] 85 root - INFO - Hypothesis dg_000: float64, float64 
[ 2022-12-10 11:52:14,670 ] 85 root - INFO - Hypothesis dh_000: float64, float64 
[ 2022-12-10 11:52:14,686 ] 85 root - INFO - Hypothesis di_000: float64, float64 
[ 2022-12-10 11:52:14,690 ] 85 root - INFO - Hypothesis dj_000: float64, float64 
[ 2022-12-10 11:52:14,705 ] 85 root - INFO - Hypothesis dk_000: float64, float64 
[ 2022-12-10 11:52:14,720 ] 85 root - INFO - Hypothesis dl_000: float64, float64 
[ 2022-12-10 11:52:14,735 ] 85 root - INFO - Hypothesis dm_000: float64, float64 
[ 2022-12-10 11:52:14,749 ] 85 root - INFO - Hypothesis dn_000: float64, float64 
[ 2022-12-10 11:52:14,756 ] 85 root - INFO - Hypothesis do_000: float64, float64 
[ 2022-12-10 11:52:14,763 ] 85 root - INFO - Hypothesis dp_000: float64, float64 
[ 2022-12-10 11:52:14,769 ] 85 root - INFO - Hypothesis dq_000: float64, float64 
[ 2022-12-10 11:52:14,773 ] 85 root - INFO - Hypothesis dr_000: float64, float64 
[ 2022-12-10 11:52:14,789 ] 85 root - INFO - Hypothesis ds_000: float64, float64 
[ 2022-12-10 11:52:14,796 ] 85 root - INFO - Hypothesis dt_000: float64, float64 
[ 2022-12-10 11:52:14,802 ] 85 root - INFO - Hypothesis du_000: float64, float64 
[ 2022-12-10 11:52:14,809 ] 85 root - INFO - Hypothesis dv_000: float64, float64 
[ 2022-12-10 11:52:14,816 ] 85 root - INFO - Hypothesis dx_000: float64, float64 
[ 2022-12-10 11:52:14,833 ] 85 root - INFO - Hypothesis dy_000: float64, float64 
[ 2022-12-10 11:52:14,838 ] 85 root - INFO - Hypothesis dz_000: float64, float64 
[ 2022-12-10 11:52:14,853 ] 85 root - INFO - Hypothesis ea_000: float64, float64 
[ 2022-12-10 11:52:14,869 ] 85 root - INFO - Hypothesis eb_000: float64, float64 
[ 2022-12-10 11:52:14,875 ] 85 root - INFO - Hypothesis ec_00: float64, float64 
[ 2022-12-10 11:52:14,881 ] 85 root - INFO - Hypothesis ed_000: float64, float64 
[ 2022-12-10 11:52:14,887 ] 85 root - INFO - Hypothesis ee_000: float64, float64 
[ 2022-12-10 11:52:14,894 ] 85 root - INFO - Hypothesis ee_001: float64, float64 
[ 2022-12-10 11:52:14,901 ] 85 root - INFO - Hypothesis ee_002: float64, float64 
[ 2022-12-10 11:52:14,908 ] 85 root - INFO - Hypothesis ee_003: float64, float64 
[ 2022-12-10 11:52:14,915 ] 85 root - INFO - Hypothesis ee_004: float64, float64 
[ 2022-12-10 11:52:14,922 ] 85 root - INFO - Hypothesis ee_005: float64, float64 
[ 2022-12-10 11:52:14,929 ] 85 root - INFO - Hypothesis ee_006: float64, float64 
[ 2022-12-10 11:52:14,936 ] 85 root - INFO - Hypothesis ee_007: float64, float64 
[ 2022-12-10 11:52:14,942 ] 85 root - INFO - Hypothesis ee_008: float64, float64 
[ 2022-12-10 11:52:14,948 ] 85 root - INFO - Hypothesis ee_009: float64, float64 
[ 2022-12-10 11:52:14,954 ] 85 root - INFO - Hypothesis ef_000: float64, float64 
[ 2022-12-10 11:52:14,969 ] 85 root - INFO - Hypothesis eg_000: float64, float64 
[ 2022-12-10 11:52:14,985 ] 144 root - INFO - Write reprt in yaml file
[ 2022-12-10 11:52:15,053 ] 149 root - INFO - Data validation artifact: DataValidationArtifact(report_file_path='/config/workspace/artifact/12102022__115147/data_validation/report.yaml')
[ 2022-12-10 11:52:15,056 ] 25 root - INFO - >>>>>>>>>>>>>>>>>>>>>>>>>>>>>>>>>>>>>>>> Data Transformation <<<<<<<<<<<<<<<<<<<<<<<<<<<<<<<<<<<<<<<<
[ 2022-12-10 11:52:15,969 ] 76 root - INFO - Before resampling in training set Input: (28950, 170) Target:(28950,)
[ 2022-12-10 11:52:21,503 ] 78 root - INFO - After resampling in training set Input: (56092, 170) Target:(56092,)
[ 2022-12-10 11:52:21,503 ] 80 root - INFO - Before resampling in testing set Input: (7238, 170) Target:(7238,)
[ 2022-12-10 11:52:22,107 ] 82 root - INFO - After resampling in testing set Input: (14056, 170) Target:(14056,)
[ 2022-12-10 11:52:22,220 ] 55 root - INFO - Entered the save_object method of utils
[ 2022-12-10 11:52:22,223 ] 59 root - INFO - Exited the save_object method of utils
[ 2022-12-10 11:52:22,223 ] 55 root - INFO - Entered the save_object method of utils
[ 2022-12-10 11:52:22,223 ] 59 root - INFO - Exited the save_object method of utils
