[ 2022-12-10 12:04:08,485 ] 19 root - INFO - Reading data from database: {database_name} and collection {collection_name}
[ 2022-12-10 12:04:12,222 ] 22 root - INFO - found columns: Index(['_id', 'class', 'aa_000', 'ab_000', 'ac_000', 'ad_000', 'ae_000',
       'af_000', 'ag_000', 'ag_001',
       ...
       'ee_002', 'ee_003', 'ee_004', 'ee_005', 'ee_006', 'ee_007', 'ee_008',
       'ee_009', 'ef_000', 'eg_000'],
      dtype='object', length=172)
[ 2022-12-10 12:04:12,222 ] 24 root - INFO - droping column :_id
[ 2022-12-10 12:04:12,424 ] 26 root - INFO - row and cols in df :(36188, 171)
[ 2022-12-10 12:04:12,988 ] 31 root - INFO - create a feature store folder if not available
[ 2022-12-10 12:04:12,989 ] 34 root - INFO - Save df to feature folder
[ 2022-12-10 12:04:15,480 ] 38 root - INFO - split the dataset into train and test
[ 2022-12-10 12:04:15,990 ] 41 root - INFO - create dataset directory if not available
[ 2022-12-10 12:04:15,991 ] 46 root - INFO - save df to feature store folder
[ 2022-12-10 12:04:18,674 ] 19 root - INFO - >>>>>>>>>>>>>>>>>>>>>>>>>>>>>>>>>>>>>>>> Data Validation <<<<<<<<<<<<<<<<<<<<<<<<<<<<<<<<<<<<<<<<
[ 2022-12-10 12:04:18,675 ] 107 root - INFO - Reading base dataframe
[ 2022-12-10 12:04:21,640 ] 110 root - INFO - Replace na value in base df
[ 2022-12-10 12:04:21,640 ] 112 root - INFO - Drop null values colums from base df
[ 2022-12-10 12:04:22,710 ] 41 root - INFO - selecting column name which contains null above to 0.2
[ 2022-12-10 12:04:22,710 ] 44 root - INFO - Columns to drop: ['ab_000', 'ad_000', 'bk_000', 'bl_000', 'bm_000', 'bn_000', 'bo_000', 'bp_000', 'bq_000', 'br_000', 'cf_000', 'cg_000', 'ch_000', 'co_000', 'cr_000', 'ct_000', 'cu_000', 'cv_000', 'cx_000', 'cy_000', 'cz_000', 'da_000', 'db_000', 'dc_000']
[ 2022-12-10 12:04:22,824 ] 115 root - INFO - Reading train dataframe
[ 2022-12-10 12:04:23,215 ] 117 root - INFO - Reading test dataframe
[ 2022-12-10 12:04:23,312 ] 120 root - INFO - Drop null values colums from train df
[ 2022-12-10 12:04:23,324 ] 41 root - INFO - selecting column name which contains null above to 0.2
[ 2022-12-10 12:04:23,325 ] 44 root - INFO - Columns to drop: ['ab_000', 'ad_000', 'bk_000', 'bl_000', 'bm_000', 'bn_000', 'bo_000', 'bp_000', 'bq_000', 'br_000', 'cf_000', 'cg_000', 'ch_000', 'co_000', 'cr_000', 'ct_000', 'cu_000', 'cv_000', 'cx_000', 'cy_000', 'cz_000', 'da_000', 'db_000', 'dc_000']
[ 2022-12-10 12:04:23,336 ] 122 root - INFO - Drop null values colums from test df
[ 2022-12-10 12:04:23,341 ] 41 root - INFO - selecting column name which contains null above to 0.2
[ 2022-12-10 12:04:23,341 ] 44 root - INFO - Columns to drop: ['ab_000', 'ad_000', 'bk_000', 'bl_000', 'bm_000', 'bn_000', 'bo_000', 'bp_000', 'bq_000', 'br_000', 'cf_000', 'cg_000', 'ch_000', 'co_000', 'cr_000', 'ct_000', 'cu_000', 'cv_000', 'cx_000', 'cy_000', 'cz_000', 'da_000', 'db_000', 'dc_000']
[ 2022-12-10 12:04:29,266 ] 131 root - INFO - Is all required columns present in train df
[ 2022-12-10 12:04:29,266 ] 133 root - INFO - Is all required columns present in test df
[ 2022-12-10 12:04:29,267 ] 137 root - INFO - As all column are available in train df hence detecting data drift
[ 2022-12-10 12:04:29,267 ] 85 root - INFO - Hypothesis class: object, object 
[ 2022-12-10 12:04:29,402 ] 85 root - INFO - Hypothesis aa_000: float64, float64 
[ 2022-12-10 12:04:29,412 ] 85 root - INFO - Hypothesis ac_000: float64, float64 
[ 2022-12-10 12:04:29,456 ] 85 root - INFO - Hypothesis ae_000: float64, float64 
[ 2022-12-10 12:04:29,493 ] 85 root - INFO - Hypothesis af_000: float64, float64 
[ 2022-12-10 12:04:29,530 ] 85 root - INFO - Hypothesis ag_000: float64, float64 
[ 2022-12-10 12:04:29,566 ] 85 root - INFO - Hypothesis ag_001: float64, float64 
[ 2022-12-10 12:04:29,603 ] 85 root - INFO - Hypothesis ag_002: float64, float64 
[ 2022-12-10 12:04:29,639 ] 85 root - INFO - Hypothesis ag_003: float64, float64 
[ 2022-12-10 12:04:29,676 ] 85 root - INFO - Hypothesis ag_004: float64, float64 
[ 2022-12-10 12:04:29,718 ] 85 root - INFO - Hypothesis ag_005: float64, float64 
[ 2022-12-10 12:04:29,729 ] 85 root - INFO - Hypothesis ag_006: float64, float64 
[ 2022-12-10 12:04:29,739 ] 85 root - INFO - Hypothesis ag_007: float64, float64 
[ 2022-12-10 12:04:29,748 ] 85 root - INFO - Hypothesis ag_008: float64, float64 
[ 2022-12-10 12:04:29,757 ] 85 root - INFO - Hypothesis ag_009: float64, float64 
[ 2022-12-10 12:04:29,795 ] 85 root - INFO - Hypothesis ah_000: float64, float64 
[ 2022-12-10 12:04:29,805 ] 85 root - INFO - Hypothesis ai_000: float64, float64 
[ 2022-12-10 12:04:29,841 ] 85 root - INFO - Hypothesis aj_000: float64, float64 
[ 2022-12-10 12:04:29,879 ] 85 root - INFO - Hypothesis ak_000: float64, float64 
[ 2022-12-10 12:04:29,915 ] 85 root - INFO - Hypothesis al_000: float64, float64 
[ 2022-12-10 12:04:29,922 ] 85 root - INFO - Hypothesis am_0: float64, float64 
[ 2022-12-10 12:04:29,930 ] 85 root - INFO - Hypothesis an_000: float64, float64 
[ 2022-12-10 12:04:29,940 ] 85 root - INFO - Hypothesis ao_000: float64, float64 
[ 2022-12-10 12:04:29,950 ] 85 root - INFO - Hypothesis ap_000: float64, float64 
[ 2022-12-10 12:04:29,961 ] 85 root - INFO - Hypothesis aq_000: float64, float64 
[ 2022-12-10 12:04:29,972 ] 85 root - INFO - Hypothesis ar_000: float64, float64 
[ 2022-12-10 12:04:30,009 ] 85 root - INFO - Hypothesis as_000: float64, float64 
[ 2022-12-10 12:04:30,044 ] 85 root - INFO - Hypothesis at_000: float64, float64 
[ 2022-12-10 12:04:30,082 ] 85 root - INFO - Hypothesis au_000: float64, float64 
[ 2022-12-10 12:04:30,118 ] 85 root - INFO - Hypothesis av_000: float64, float64 
[ 2022-12-10 12:04:30,126 ] 85 root - INFO - Hypothesis ax_000: float64, float64 
[ 2022-12-10 12:04:30,165 ] 85 root - INFO - Hypothesis ay_000: float64, float64 
[ 2022-12-10 12:04:30,201 ] 85 root - INFO - Hypothesis ay_001: float64, float64 
[ 2022-12-10 12:04:30,236 ] 85 root - INFO - Hypothesis ay_002: float64, float64 
[ 2022-12-10 12:04:30,271 ] 85 root - INFO - Hypothesis ay_003: float64, float64 
[ 2022-12-10 12:04:30,306 ] 85 root - INFO - Hypothesis ay_004: float64, float64 
[ 2022-12-10 12:04:30,341 ] 85 root - INFO - Hypothesis ay_005: float64, float64 
[ 2022-12-10 12:04:30,380 ] 85 root - INFO - Hypothesis ay_006: float64, float64 
[ 2022-12-10 12:04:30,423 ] 85 root - INFO - Hypothesis ay_007: float64, float64 
[ 2022-12-10 12:04:30,433 ] 85 root - INFO - Hypothesis ay_008: float64, float64 
[ 2022-12-10 12:04:30,475 ] 85 root - INFO - Hypothesis ay_009: float64, float64 
[ 2022-12-10 12:04:30,510 ] 85 root - INFO - Hypothesis az_000: float64, float64 
[ 2022-12-10 12:04:30,520 ] 85 root - INFO - Hypothesis az_001: float64, float64 
[ 2022-12-10 12:04:30,529 ] 85 root - INFO - Hypothesis az_002: float64, float64 
[ 2022-12-10 12:04:30,539 ] 85 root - INFO - Hypothesis az_003: float64, float64 
[ 2022-12-10 12:04:30,549 ] 85 root - INFO - Hypothesis az_004: float64, float64 
[ 2022-12-10 12:04:30,559 ] 85 root - INFO - Hypothesis az_005: float64, float64 
[ 2022-12-10 12:04:30,570 ] 85 root - INFO - Hypothesis az_006: float64, float64 
[ 2022-12-10 12:04:30,578 ] 85 root - INFO - Hypothesis az_007: float64, float64 
[ 2022-12-10 12:04:30,616 ] 85 root - INFO - Hypothesis az_008: float64, float64 
[ 2022-12-10 12:04:30,652 ] 85 root - INFO - Hypothesis az_009: float64, float64 
[ 2022-12-10 12:04:30,688 ] 85 root - INFO - Hypothesis ba_000: float64, float64 
[ 2022-12-10 12:04:30,699 ] 85 root - INFO - Hypothesis ba_001: float64, float64 
[ 2022-12-10 12:04:30,709 ] 85 root - INFO - Hypothesis ba_002: float64, float64 
[ 2022-12-10 12:04:30,720 ] 85 root - INFO - Hypothesis ba_003: float64, float64 
[ 2022-12-10 12:04:30,730 ] 85 root - INFO - Hypothesis ba_004: float64, float64 
[ 2022-12-10 12:04:30,740 ] 85 root - INFO - Hypothesis ba_005: float64, float64 
[ 2022-12-10 12:04:30,782 ] 85 root - INFO - Hypothesis ba_006: float64, float64 
[ 2022-12-10 12:04:30,792 ] 85 root - INFO - Hypothesis ba_007: float64, float64 
[ 2022-12-10 12:04:30,802 ] 85 root - INFO - Hypothesis ba_008: float64, float64 
[ 2022-12-10 12:04:30,840 ] 85 root - INFO - Hypothesis ba_009: float64, float64 
[ 2022-12-10 12:04:30,879 ] 85 root - INFO - Hypothesis bb_000: float64, float64 
[ 2022-12-10 12:04:30,890 ] 85 root - INFO - Hypothesis bc_000: float64, float64 
[ 2022-12-10 12:04:30,929 ] 85 root - INFO - Hypothesis bd_000: float64, float64 
[ 2022-12-10 12:04:30,968 ] 85 root - INFO - Hypothesis be_000: float64, float64 
[ 2022-12-10 12:04:31,009 ] 85 root - INFO - Hypothesis bf_000: float64, float64 
[ 2022-12-10 12:04:31,047 ] 85 root - INFO - Hypothesis bg_000: float64, float64 
[ 2022-12-10 12:04:31,058 ] 85 root - INFO - Hypothesis bh_000: float64, float64 
[ 2022-12-10 12:04:31,070 ] 85 root - INFO - Hypothesis bi_000: float64, float64 
[ 2022-12-10 12:04:31,081 ] 85 root - INFO - Hypothesis bj_000: float64, float64 
[ 2022-12-10 12:04:31,092 ] 85 root - INFO - Hypothesis bs_000: float64, float64 
[ 2022-12-10 12:04:31,134 ] 85 root - INFO - Hypothesis bt_000: float64, float64 
[ 2022-12-10 12:04:31,145 ] 85 root - INFO - Hypothesis bu_000: float64, float64 
[ 2022-12-10 12:04:31,155 ] 85 root - INFO - Hypothesis bv_000: float64, float64 
[ 2022-12-10 12:04:31,165 ] 85 root - INFO - Hypothesis bx_000: float64, float64 
[ 2022-12-10 12:04:31,176 ] 85 root - INFO - Hypothesis by_000: float64, float64 
[ 2022-12-10 12:04:31,186 ] 85 root - INFO - Hypothesis bz_000: float64, float64 
[ 2022-12-10 12:04:31,228 ] 85 root - INFO - Hypothesis ca_000: float64, float64 
[ 2022-12-10 12:04:31,269 ] 85 root - INFO - Hypothesis cb_000: float64, float64 
[ 2022-12-10 12:04:31,314 ] 85 root - INFO - Hypothesis cc_000: float64, float64 
[ 2022-12-10 12:04:31,324 ] 85 root - INFO - Hypothesis cd_000: float64, float64 
[ 2022-12-10 12:04:31,360 ] 85 root - INFO - Hypothesis ce_000: float64, float64 
[ 2022-12-10 12:04:31,401 ] 85 root - INFO - Hypothesis ci_000: float64, float64 
[ 2022-12-10 12:04:31,412 ] 85 root - INFO - Hypothesis cj_000: float64, float64 
[ 2022-12-10 12:04:31,449 ] 85 root - INFO - Hypothesis ck_000: float64, float64 
[ 2022-12-10 12:04:31,460 ] 85 root - INFO - Hypothesis cl_000: float64, float64 
[ 2022-12-10 12:04:31,497 ] 85 root - INFO - Hypothesis cm_000: float64, float64 
[ 2022-12-10 12:04:31,535 ] 85 root - INFO - Hypothesis cn_000: float64, float64 
[ 2022-12-10 12:04:31,570 ] 85 root - INFO - Hypothesis cn_001: float64, float64 
[ 2022-12-10 12:04:31,606 ] 85 root - INFO - Hypothesis cn_002: float64, float64 
[ 2022-12-10 12:04:31,647 ] 85 root - INFO - Hypothesis cn_003: float64, float64 
[ 2022-12-10 12:04:31,689 ] 85 root - INFO - Hypothesis cn_004: float64, float64 
[ 2022-12-10 12:04:31,700 ] 85 root - INFO - Hypothesis cn_005: float64, float64 
[ 2022-12-10 12:04:31,710 ] 85 root - INFO - Hypothesis cn_006: float64, float64 
[ 2022-12-10 12:04:31,721 ] 85 root - INFO - Hypothesis cn_007: float64, float64 
[ 2022-12-10 12:04:31,731 ] 85 root - INFO - Hypothesis cn_008: float64, float64 
[ 2022-12-10 12:04:31,740 ] 85 root - INFO - Hypothesis cn_009: float64, float64 
[ 2022-12-10 12:04:31,748 ] 85 root - INFO - Hypothesis cp_000: float64, float64 
[ 2022-12-10 12:04:31,756 ] 85 root - INFO - Hypothesis cq_000: float64, float64 
[ 2022-12-10 12:04:31,767 ] 85 root - INFO - Hypothesis cs_000: float64, float64 
[ 2022-12-10 12:04:31,777 ] 85 root - INFO - Hypothesis cs_001: float64, float64 
[ 2022-12-10 12:04:31,786 ] 85 root - INFO - Hypothesis cs_002: float64, float64 
[ 2022-12-10 12:04:31,828 ] 85 root - INFO - Hypothesis cs_003: float64, float64 
[ 2022-12-10 12:04:31,839 ] 85 root - INFO - Hypothesis cs_004: float64, float64 
[ 2022-12-10 12:04:31,849 ] 85 root - INFO - Hypothesis cs_005: float64, float64 
[ 2022-12-10 12:04:31,860 ] 85 root - INFO - Hypothesis cs_006: float64, float64 
[ 2022-12-10 12:04:31,871 ] 85 root - INFO - Hypothesis cs_007: float64, float64 
[ 2022-12-10 12:04:31,881 ] 85 root - INFO - Hypothesis cs_008: float64, float64 
[ 2022-12-10 12:04:31,920 ] 85 root - INFO - Hypothesis cs_009: float64, float64 
[ 2022-12-10 12:04:31,956 ] 85 root - INFO - Hypothesis dd_000: float64, float64 
[ 2022-12-10 12:04:31,965 ] 85 root - INFO - Hypothesis de_000: float64, float64 
[ 2022-12-10 12:04:31,974 ] 85 root - INFO - Hypothesis df_000: float64, float64 
[ 2022-12-10 12:04:32,010 ] 85 root - INFO - Hypothesis dg_000: float64, float64 
[ 2022-12-10 12:04:32,047 ] 85 root - INFO - Hypothesis dh_000: float64, float64 
[ 2022-12-10 12:04:32,085 ] 85 root - INFO - Hypothesis di_000: float64, float64 
[ 2022-12-10 12:04:32,123 ] 85 root - INFO - Hypothesis dj_000: float64, float64 
[ 2022-12-10 12:04:32,159 ] 85 root - INFO - Hypothesis dk_000: float64, float64 
[ 2022-12-10 12:04:32,197 ] 85 root - INFO - Hypothesis dl_000: float64, float64 
[ 2022-12-10 12:04:32,233 ] 85 root - INFO - Hypothesis dm_000: float64, float64 
[ 2022-12-10 12:04:32,269 ] 85 root - INFO - Hypothesis dn_000: float64, float64 
[ 2022-12-10 12:04:32,280 ] 85 root - INFO - Hypothesis do_000: float64, float64 
[ 2022-12-10 12:04:32,321 ] 85 root - INFO - Hypothesis dp_000: float64, float64 
[ 2022-12-10 12:04:32,362 ] 85 root - INFO - Hypothesis dq_000: float64, float64 
[ 2022-12-10 12:04:32,400 ] 85 root - INFO - Hypothesis dr_000: float64, float64 
[ 2022-12-10 12:04:32,437 ] 85 root - INFO - Hypothesis ds_000: float64, float64 
[ 2022-12-10 12:04:32,478 ] 85 root - INFO - Hypothesis dt_000: float64, float64 
[ 2022-12-10 12:04:32,488 ] 85 root - INFO - Hypothesis du_000: float64, float64 
[ 2022-12-10 12:04:32,530 ] 85 root - INFO - Hypothesis dv_000: float64, float64 
[ 2022-12-10 12:04:32,572 ] 85 root - INFO - Hypothesis dx_000: float64, float64 
[ 2022-12-10 12:04:32,611 ] 85 root - INFO - Hypothesis dy_000: float64, float64 
[ 2022-12-10 12:04:32,649 ] 85 root - INFO - Hypothesis dz_000: float64, float64 
[ 2022-12-10 12:04:32,684 ] 85 root - INFO - Hypothesis ea_000: float64, float64 
[ 2022-12-10 12:04:32,719 ] 85 root - INFO - Hypothesis eb_000: float64, float64 
[ 2022-12-10 12:04:32,760 ] 85 root - INFO - Hypothesis ec_00: float64, float64 
[ 2022-12-10 12:04:32,770 ] 85 root - INFO - Hypothesis ed_000: float64, float64 
[ 2022-12-10 12:04:32,778 ] 85 root - INFO - Hypothesis ee_000: float64, float64 
[ 2022-12-10 12:04:32,789 ] 85 root - INFO - Hypothesis ee_001: float64, float64 
[ 2022-12-10 12:04:32,804 ] 85 root - INFO - Hypothesis ee_002: float64, float64 
[ 2022-12-10 12:04:32,848 ] 85 root - INFO - Hypothesis ee_003: float64, float64 
[ 2022-12-10 12:04:32,892 ] 85 root - INFO - Hypothesis ee_004: float64, float64 
[ 2022-12-10 12:04:32,903 ] 85 root - INFO - Hypothesis ee_005: float64, float64 
[ 2022-12-10 12:04:32,945 ] 85 root - INFO - Hypothesis ee_006: float64, float64 
[ 2022-12-10 12:04:32,955 ] 85 root - INFO - Hypothesis ee_007: float64, float64 
[ 2022-12-10 12:04:32,965 ] 85 root - INFO - Hypothesis ee_008: float64, float64 
[ 2022-12-10 12:04:33,006 ] 85 root - INFO - Hypothesis ee_009: float64, float64 
[ 2022-12-10 12:04:33,046 ] 85 root - INFO - Hypothesis ef_000: float64, float64 
[ 2022-12-10 12:04:33,081 ] 85 root - INFO - Hypothesis eg_000: float64, float64 
[ 2022-12-10 12:04:33,116 ] 140 root - INFO - As all column are available in test df hence detecting data drift
[ 2022-12-10 12:04:33,117 ] 85 root - INFO - Hypothesis class: object, object 
[ 2022-12-10 12:04:33,190 ] 85 root - INFO - Hypothesis aa_000: float64, float64 
[ 2022-12-10 12:04:33,197 ] 85 root - INFO - Hypothesis ac_000: float64, float64 
[ 2022-12-10 12:04:33,203 ] 85 root - INFO - Hypothesis ae_000: float64, float64 
[ 2022-12-10 12:04:33,218 ] 85 root - INFO - Hypothesis af_000: float64, float64 
[ 2022-12-10 12:04:33,233 ] 85 root - INFO - Hypothesis ag_000: float64, float64 
[ 2022-12-10 12:04:33,248 ] 85 root - INFO - Hypothesis ag_001: float64, float64 
[ 2022-12-10 12:04:33,263 ] 85 root - INFO - Hypothesis ag_002: float64, float64 
[ 2022-12-10 12:04:33,278 ] 85 root - INFO - Hypothesis ag_003: float64, float64 
[ 2022-12-10 12:04:33,283 ] 85 root - INFO - Hypothesis ag_004: float64, float64 
[ 2022-12-10 12:04:33,290 ] 85 root - INFO - Hypothesis ag_005: float64, float64 
[ 2022-12-10 12:04:33,297 ] 85 root - INFO - Hypothesis ag_006: float64, float64 
[ 2022-12-10 12:04:33,304 ] 85 root - INFO - Hypothesis ag_007: float64, float64 
[ 2022-12-10 12:04:33,310 ] 85 root - INFO - Hypothesis ag_008: float64, float64 
[ 2022-12-10 12:04:33,316 ] 85 root - INFO - Hypothesis ag_009: float64, float64 
[ 2022-12-10 12:04:33,321 ] 85 root - INFO - Hypothesis ah_000: float64, float64 
[ 2022-12-10 12:04:33,328 ] 85 root - INFO - Hypothesis ai_000: float64, float64 
[ 2022-12-10 12:04:33,346 ] 85 root - INFO - Hypothesis aj_000: float64, float64 
[ 2022-12-10 12:04:33,362 ] 85 root - INFO - Hypothesis ak_000: float64, float64 
[ 2022-12-10 12:04:33,377 ] 85 root - INFO - Hypothesis al_000: float64, float64 
[ 2022-12-10 12:04:33,382 ] 85 root - INFO - Hypothesis am_0: float64, float64 
[ 2022-12-10 12:04:33,387 ] 85 root - INFO - Hypothesis an_000: float64, float64 
[ 2022-12-10 12:04:33,394 ] 85 root - INFO - Hypothesis ao_000: float64, float64 
[ 2022-12-10 12:04:33,402 ] 85 root - INFO - Hypothesis ap_000: float64, float64 
[ 2022-12-10 12:04:33,409 ] 85 root - INFO - Hypothesis aq_000: float64, float64 
[ 2022-12-10 12:04:33,416 ] 85 root - INFO - Hypothesis ar_000: float64, float64 
[ 2022-12-10 12:04:33,431 ] 85 root - INFO - Hypothesis as_000: float64, float64 
[ 2022-12-10 12:04:33,447 ] 85 root - INFO - Hypothesis at_000: float64, float64 
[ 2022-12-10 12:04:33,454 ] 85 root - INFO - Hypothesis au_000: float64, float64 
[ 2022-12-10 12:04:33,469 ] 85 root - INFO - Hypothesis av_000: float64, float64 
[ 2022-12-10 12:04:33,475 ] 85 root - INFO - Hypothesis ax_000: float64, float64 
[ 2022-12-10 12:04:33,481 ] 85 root - INFO - Hypothesis ay_000: float64, float64 
[ 2022-12-10 12:04:33,495 ] 85 root - INFO - Hypothesis ay_001: float64, float64 
[ 2022-12-10 12:04:33,510 ] 85 root - INFO - Hypothesis ay_002: float64, float64 
[ 2022-12-10 12:04:33,525 ] 85 root - INFO - Hypothesis ay_003: float64, float64 
[ 2022-12-10 12:04:33,541 ] 85 root - INFO - Hypothesis ay_004: float64, float64 
[ 2022-12-10 12:04:33,556 ] 85 root - INFO - Hypothesis ay_005: float64, float64 
[ 2022-12-10 12:04:33,561 ] 85 root - INFO - Hypothesis ay_006: float64, float64 
[ 2022-12-10 12:04:33,567 ] 85 root - INFO - Hypothesis ay_007: float64, float64 
[ 2022-12-10 12:04:33,574 ] 85 root - INFO - Hypothesis ay_008: float64, float64 
[ 2022-12-10 12:04:33,581 ] 85 root - INFO - Hypothesis ay_009: float64, float64 
[ 2022-12-10 12:04:33,595 ] 85 root - INFO - Hypothesis az_000: float64, float64 
[ 2022-12-10 12:04:33,604 ] 85 root - INFO - Hypothesis az_001: float64, float64 
[ 2022-12-10 12:04:33,610 ] 85 root - INFO - Hypothesis az_002: float64, float64 
[ 2022-12-10 12:04:33,616 ] 85 root - INFO - Hypothesis az_003: float64, float64 
[ 2022-12-10 12:04:33,623 ] 85 root - INFO - Hypothesis az_004: float64, float64 
[ 2022-12-10 12:04:33,630 ] 85 root - INFO - Hypothesis az_005: float64, float64 
[ 2022-12-10 12:04:33,637 ] 85 root - INFO - Hypothesis az_006: float64, float64 
[ 2022-12-10 12:04:33,643 ] 85 root - INFO - Hypothesis az_007: float64, float64 
[ 2022-12-10 12:04:33,659 ] 85 root - INFO - Hypothesis az_008: float64, float64 
[ 2022-12-10 12:04:33,675 ] 85 root - INFO - Hypothesis az_009: float64, float64 
[ 2022-12-10 12:04:33,689 ] 85 root - INFO - Hypothesis ba_000: float64, float64 
[ 2022-12-10 12:04:33,697 ] 85 root - INFO - Hypothesis ba_001: float64, float64 
[ 2022-12-10 12:04:33,704 ] 85 root - INFO - Hypothesis ba_002: float64, float64 
[ 2022-12-10 12:04:33,711 ] 85 root - INFO - Hypothesis ba_003: float64, float64 
[ 2022-12-10 12:04:33,718 ] 85 root - INFO - Hypothesis ba_004: float64, float64 
[ 2022-12-10 12:04:33,725 ] 85 root - INFO - Hypothesis ba_005: float64, float64 
[ 2022-12-10 12:04:33,731 ] 85 root - INFO - Hypothesis ba_006: float64, float64 
[ 2022-12-10 12:04:33,738 ] 85 root - INFO - Hypothesis ba_007: float64, float64 
[ 2022-12-10 12:04:33,745 ] 85 root - INFO - Hypothesis ba_008: float64, float64 
[ 2022-12-10 12:04:33,750 ] 85 root - INFO - Hypothesis ba_009: float64, float64 
[ 2022-12-10 12:04:33,755 ] 85 root - INFO - Hypothesis bb_000: float64, float64 
[ 2022-12-10 12:04:33,762 ] 85 root - INFO - Hypothesis bc_000: float64, float64 
[ 2022-12-10 12:04:33,767 ] 85 root - INFO - Hypothesis bd_000: float64, float64 
[ 2022-12-10 12:04:33,773 ] 85 root - INFO - Hypothesis be_000: float64, float64 
[ 2022-12-10 12:04:33,778 ] 85 root - INFO - Hypothesis bf_000: float64, float64 
[ 2022-12-10 12:04:33,796 ] 85 root - INFO - Hypothesis bg_000: float64, float64 
[ 2022-12-10 12:04:33,803 ] 85 root - INFO - Hypothesis bh_000: float64, float64 
[ 2022-12-10 12:04:33,810 ] 85 root - INFO - Hypothesis bi_000: float64, float64 
[ 2022-12-10 12:04:33,817 ] 85 root - INFO - Hypothesis bj_000: float64, float64 
[ 2022-12-10 12:04:33,824 ] 85 root - INFO - Hypothesis bs_000: float64, float64 
[ 2022-12-10 12:04:33,832 ] 85 root - INFO - Hypothesis bt_000: float64, float64 
[ 2022-12-10 12:04:33,839 ] 85 root - INFO - Hypothesis bu_000: float64, float64 
[ 2022-12-10 12:04:33,846 ] 85 root - INFO - Hypothesis bv_000: float64, float64 
[ 2022-12-10 12:04:33,853 ] 85 root - INFO - Hypothesis bx_000: float64, float64 
[ 2022-12-10 12:04:33,860 ] 85 root - INFO - Hypothesis by_000: float64, float64 
[ 2022-12-10 12:04:33,867 ] 85 root - INFO - Hypothesis bz_000: float64, float64 
[ 2022-12-10 12:04:33,874 ] 85 root - INFO - Hypothesis ca_000: float64, float64 
[ 2022-12-10 12:04:33,881 ] 85 root - INFO - Hypothesis cb_000: float64, float64 
[ 2022-12-10 12:04:33,888 ] 85 root - INFO - Hypothesis cc_000: float64, float64 
[ 2022-12-10 12:04:33,895 ] 85 root - INFO - Hypothesis cd_000: float64, float64 
[ 2022-12-10 12:04:33,912 ] 85 root - INFO - Hypothesis ce_000: float64, float64 
[ 2022-12-10 12:04:33,918 ] 85 root - INFO - Hypothesis ci_000: float64, float64 
[ 2022-12-10 12:04:33,926 ] 85 root - INFO - Hypothesis cj_000: float64, float64 
[ 2022-12-10 12:04:33,943 ] 85 root - INFO - Hypothesis ck_000: float64, float64 
[ 2022-12-10 12:04:33,951 ] 85 root - INFO - Hypothesis cl_000: float64, float64 
[ 2022-12-10 12:04:33,967 ] 85 root - INFO - Hypothesis cm_000: float64, float64 
[ 2022-12-10 12:04:33,985 ] 85 root - INFO - Hypothesis cn_000: float64, float64 
[ 2022-12-10 12:04:34,002 ] 85 root - INFO - Hypothesis cn_001: float64, float64 
[ 2022-12-10 12:04:34,006 ] 85 root - INFO - Hypothesis cn_002: float64, float64 
[ 2022-12-10 12:04:34,013 ] 85 root - INFO - Hypothesis cn_003: float64, float64 
[ 2022-12-10 12:04:34,020 ] 85 root - INFO - Hypothesis cn_004: float64, float64 
[ 2022-12-10 12:04:34,029 ] 85 root - INFO - Hypothesis cn_005: float64, float64 
[ 2022-12-10 12:04:34,036 ] 85 root - INFO - Hypothesis cn_006: float64, float64 
[ 2022-12-10 12:04:34,043 ] 85 root - INFO - Hypothesis cn_007: float64, float64 
[ 2022-12-10 12:04:34,050 ] 85 root - INFO - Hypothesis cn_008: float64, float64 
[ 2022-12-10 12:04:34,057 ] 85 root - INFO - Hypothesis cn_009: float64, float64 
[ 2022-12-10 12:04:34,062 ] 85 root - INFO - Hypothesis cp_000: float64, float64 
[ 2022-12-10 12:04:34,068 ] 85 root - INFO - Hypothesis cq_000: float64, float64 
[ 2022-12-10 12:04:34,076 ] 85 root - INFO - Hypothesis cs_000: float64, float64 
[ 2022-12-10 12:04:34,083 ] 85 root - INFO - Hypothesis cs_001: float64, float64 
[ 2022-12-10 12:04:34,089 ] 85 root - INFO - Hypothesis cs_002: float64, float64 
[ 2022-12-10 12:04:34,096 ] 85 root - INFO - Hypothesis cs_003: float64, float64 
[ 2022-12-10 12:04:34,103 ] 85 root - INFO - Hypothesis cs_004: float64, float64 
[ 2022-12-10 12:04:34,110 ] 85 root - INFO - Hypothesis cs_005: float64, float64 
[ 2022-12-10 12:04:34,118 ] 85 root - INFO - Hypothesis cs_006: float64, float64 
[ 2022-12-10 12:04:34,125 ] 85 root - INFO - Hypothesis cs_007: float64, float64 
[ 2022-12-10 12:04:34,132 ] 85 root - INFO - Hypothesis cs_008: float64, float64 
[ 2022-12-10 12:04:34,137 ] 85 root - INFO - Hypothesis cs_009: float64, float64 
[ 2022-12-10 12:04:34,153 ] 85 root - INFO - Hypothesis dd_000: float64, float64 
[ 2022-12-10 12:04:34,159 ] 85 root - INFO - Hypothesis de_000: float64, float64 
[ 2022-12-10 12:04:34,165 ] 85 root - INFO - Hypothesis df_000: float64, float64 
[ 2022-12-10 12:04:34,180 ] 85 root - INFO - Hypothesis dg_000: float64, float64 
[ 2022-12-10 12:04:34,183 ] 85 root - INFO - Hypothesis dh_000: float64, float64 
[ 2022-12-10 12:04:34,200 ] 85 root - INFO - Hypothesis di_000: float64, float64 
[ 2022-12-10 12:04:34,204 ] 85 root - INFO - Hypothesis dj_000: float64, float64 
[ 2022-12-10 12:04:34,220 ] 85 root - INFO - Hypothesis dk_000: float64, float64 
[ 2022-12-10 12:04:34,235 ] 85 root - INFO - Hypothesis dl_000: float64, float64 
[ 2022-12-10 12:04:34,250 ] 85 root - INFO - Hypothesis dm_000: float64, float64 
[ 2022-12-10 12:04:34,265 ] 85 root - INFO - Hypothesis dn_000: float64, float64 
[ 2022-12-10 12:04:34,272 ] 85 root - INFO - Hypothesis do_000: float64, float64 
[ 2022-12-10 12:04:34,278 ] 85 root - INFO - Hypothesis dp_000: float64, float64 
[ 2022-12-10 12:04:34,285 ] 85 root - INFO - Hypothesis dq_000: float64, float64 
[ 2022-12-10 12:04:34,301 ] 85 root - INFO - Hypothesis dr_000: float64, float64 
[ 2022-12-10 12:04:34,317 ] 85 root - INFO - Hypothesis ds_000: float64, float64 
[ 2022-12-10 12:04:34,324 ] 85 root - INFO - Hypothesis dt_000: float64, float64 
[ 2022-12-10 12:04:34,331 ] 85 root - INFO - Hypothesis du_000: float64, float64 
[ 2022-12-10 12:04:34,338 ] 85 root - INFO - Hypothesis dv_000: float64, float64 
[ 2022-12-10 12:04:34,344 ] 85 root - INFO - Hypothesis dx_000: float64, float64 
[ 2022-12-10 12:04:34,361 ] 85 root - INFO - Hypothesis dy_000: float64, float64 
[ 2022-12-10 12:04:34,366 ] 85 root - INFO - Hypothesis dz_000: float64, float64 
[ 2022-12-10 12:04:34,382 ] 85 root - INFO - Hypothesis ea_000: float64, float64 
[ 2022-12-10 12:04:34,399 ] 85 root - INFO - Hypothesis eb_000: float64, float64 
[ 2022-12-10 12:04:34,405 ] 85 root - INFO - Hypothesis ec_00: float64, float64 
[ 2022-12-10 12:04:34,411 ] 85 root - INFO - Hypothesis ed_000: float64, float64 
[ 2022-12-10 12:04:34,417 ] 85 root - INFO - Hypothesis ee_000: float64, float64 
[ 2022-12-10 12:04:34,424 ] 85 root - INFO - Hypothesis ee_001: float64, float64 
[ 2022-12-10 12:04:34,432 ] 85 root - INFO - Hypothesis ee_002: float64, float64 
[ 2022-12-10 12:04:34,438 ] 85 root - INFO - Hypothesis ee_003: float64, float64 
[ 2022-12-10 12:04:34,445 ] 85 root - INFO - Hypothesis ee_004: float64, float64 
[ 2022-12-10 12:04:34,452 ] 85 root - INFO - Hypothesis ee_005: float64, float64 
[ 2022-12-10 12:04:34,459 ] 85 root - INFO - Hypothesis ee_006: float64, float64 
[ 2022-12-10 12:04:34,466 ] 85 root - INFO - Hypothesis ee_007: float64, float64 
[ 2022-12-10 12:04:34,472 ] 85 root - INFO - Hypothesis ee_008: float64, float64 
[ 2022-12-10 12:04:34,478 ] 85 root - INFO - Hypothesis ee_009: float64, float64 
[ 2022-12-10 12:04:34,483 ] 85 root - INFO - Hypothesis ef_000: float64, float64 
[ 2022-12-10 12:04:34,498 ] 85 root - INFO - Hypothesis eg_000: float64, float64 
[ 2022-12-10 12:04:34,513 ] 144 root - INFO - Write reprt in yaml file
[ 2022-12-10 12:04:34,580 ] 149 root - INFO - Data validation artifact: DataValidationArtifact(report_file_path='/config/workspace/artifact/12102022__120408/data_validation/report.yaml')
[ 2022-12-10 12:04:34,582 ] 25 root - INFO - >>>>>>>>>>>>>>>>>>>>>>>>>>>>>>>>>>>>>>>> Data Transformation <<<<<<<<<<<<<<<<<<<<<<<<<<<<<<<<<<<<<<<<
[ 2022-12-10 12:04:35,468 ] 76 root - INFO - Before resampling in training set Input: (28950, 170) Target:(28950,)
[ 2022-12-10 12:04:41,161 ] 78 root - INFO - After resampling in training set Input: (56178, 170) Target:(56178,)
[ 2022-12-10 12:04:41,162 ] 80 root - INFO - Before resampling in testing set Input: (7238, 170) Target:(7238,)
[ 2022-12-10 12:04:41,837 ] 82 root - INFO - After resampling in testing set Input: (14046, 170) Target:(14046,)
[ 2022-12-10 12:04:41,957 ] 55 root - INFO - Entered the save_object method of utils
[ 2022-12-10 12:04:41,959 ] 59 root - INFO - Exited the save_object method of utils
[ 2022-12-10 12:04:41,960 ] 55 root - INFO - Entered the save_object method of utils
[ 2022-12-10 12:04:41,960 ] 59 root - INFO - Exited the save_object method of utils
[ 2022-12-10 12:04:41,960 ] 113 root - INFO - Data transformation object DataTransformationArtifact(transformed_object_path='/config/workspace/artifact/12102022__120408/data_transformation/transformer/transformer.pkl', transformed_train_path='/config/workspace/artifact/12102022__120408/data_transformation/transformed/train.npz', transformed_test_path='/config/workspace/artifact/12102022__120408/data_transformation/transformed/test.npz', target_encoder_path='/config/workspace/artifact/12102022__120408/data_transformation/target_encoder/target_encoder.pkl')
[ 2022-12-10 12:04:41,961 ] 19 root - INFO - >>>>>>>>>>>>>>>>>>>>>>>>>>>>>>>>>>>>>>>> Model Trainer <<<<<<<<<<<<<<<<<<<<<<<<<<<<<<<<<<<<<<<<
[ 2022-12-10 12:04:41,962 ] 46 root - INFO - Loading train and test array.
[ 2022-12-10 12:04:41,989 ] 50 root - INFO - Splitting input and target feature from both train and test arr.
[ 2022-12-10 12:04:41,989 ] 54 root - INFO - Train the model
[ 2022-12-10 12:04:54,267 ] 57 root - INFO - Calculating f1 train score
[ 2022-12-10 12:04:54,318 ] 61 root - INFO - Calculating f1 test score
[ 2022-12-10 12:04:54,337 ] 65 root - INFO - train score:0.9999821991206366 and tests score 0.983677284820594
[ 2022-12-10 12:04:54,337 ] 67 root - INFO - Checking if our model is underfitting or not
[ 2022-12-10 12:04:54,337 ] 72 root - INFO - Checking if our model is overfiiting or not
[ 2022-12-10 12:04:54,337 ] 79 root - INFO - Saving mode object
[ 2022-12-10 12:04:54,337 ] 55 root - INFO - Entered the save_object method of utils
[ 2022-12-10 12:04:54,343 ] 59 root - INFO - Exited the save_object method of utils
[ 2022-12-10 12:04:54,343 ] 83 root - INFO - Prepare the artifact
[ 2022-12-10 12:04:54,343 ] 86 root - INFO - Model trainer artifact: ModelTrainerArtifact(model_path='/config/workspace/artifact/12102022__120408/model_trainer/model/model.pkl', f1_train_score=0.9999821991206366, f1_test_score=0.983677284820594)
