[ 2022-12-10 13:17:32,591 ] 19 root - INFO - Reading data from database: {database_name} and collection {collection_name}
[ 2022-12-10 13:17:36,594 ] 22 root - INFO - found columns: Index(['_id', 'class', 'aa_000', 'ab_000', 'ac_000', 'ad_000', 'ae_000',
       'af_000', 'ag_000', 'ag_001',
       ...
       'ee_002', 'ee_003', 'ee_004', 'ee_005', 'ee_006', 'ee_007', 'ee_008',
       'ee_009', 'ef_000', 'eg_000'],
      dtype='object', length=172)
[ 2022-12-10 13:17:36,599 ] 24 root - INFO - droping column :_id
[ 2022-12-10 13:17:36,796 ] 26 root - INFO - row and cols in df :(36188, 171)
[ 2022-12-10 13:17:37,319 ] 31 root - INFO - create a feature store folder if not available
[ 2022-12-10 13:17:37,319 ] 34 root - INFO - Save df to feature folder
[ 2022-12-10 13:17:39,840 ] 38 root - INFO - split the dataset into train and test
[ 2022-12-10 13:17:40,397 ] 41 root - INFO - create dataset directory if not available
[ 2022-12-10 13:17:40,398 ] 46 root - INFO - save df to feature store folder
[ 2022-12-10 13:17:43,007 ] 19 root - INFO - >>>>>>>>>>>>>>>>>>>>>>>>>>>>>>>>>>>>>>>> Data Validation <<<<<<<<<<<<<<<<<<<<<<<<<<<<<<<<<<<<<<<<
[ 2022-12-10 13:17:43,007 ] 107 root - INFO - Reading base dataframe
[ 2022-12-10 13:17:45,931 ] 110 root - INFO - Replace na value in base df
[ 2022-12-10 13:17:45,931 ] 112 root - INFO - Drop null values colums from base df
[ 2022-12-10 13:17:47,015 ] 41 root - INFO - selecting column name which contains null above to 0.2
[ 2022-12-10 13:17:47,016 ] 44 root - INFO - Columns to drop: ['ab_000', 'ad_000', 'bk_000', 'bl_000', 'bm_000', 'bn_000', 'bo_000', 'bp_000', 'bq_000', 'br_000', 'cf_000', 'cg_000', 'ch_000', 'co_000', 'cr_000', 'ct_000', 'cu_000', 'cv_000', 'cx_000', 'cy_000', 'cz_000', 'da_000', 'db_000', 'dc_000']
[ 2022-12-10 13:17:47,119 ] 115 root - INFO - Reading train dataframe
[ 2022-12-10 13:17:47,525 ] 117 root - INFO - Reading test dataframe
[ 2022-12-10 13:17:47,624 ] 120 root - INFO - Drop null values colums from train df
[ 2022-12-10 13:17:47,636 ] 41 root - INFO - selecting column name which contains null above to 0.2
[ 2022-12-10 13:17:47,636 ] 44 root - INFO - Columns to drop: ['ab_000', 'ad_000', 'bk_000', 'bl_000', 'bm_000', 'bn_000', 'bo_000', 'bp_000', 'bq_000', 'br_000', 'cf_000', 'cg_000', 'ch_000', 'co_000', 'cr_000', 'ct_000', 'cu_000', 'cv_000', 'cx_000', 'cy_000', 'cz_000', 'da_000', 'db_000', 'dc_000']
[ 2022-12-10 13:17:47,648 ] 122 root - INFO - Drop null values colums from test df
[ 2022-12-10 13:17:47,652 ] 41 root - INFO - selecting column name which contains null above to 0.2
[ 2022-12-10 13:17:47,652 ] 44 root - INFO - Columns to drop: ['ab_000', 'ad_000', 'bk_000', 'bl_000', 'bm_000', 'bn_000', 'bo_000', 'bp_000', 'bq_000', 'br_000', 'cf_000', 'cg_000', 'ch_000', 'co_000', 'cr_000', 'ct_000', 'cu_000', 'cv_000', 'cx_000', 'cy_000', 'cz_000', 'da_000', 'db_000', 'dc_000']
[ 2022-12-10 13:17:53,468 ] 131 root - INFO - Is all required columns present in train df
[ 2022-12-10 13:17:53,469 ] 133 root - INFO - Is all required columns present in test df
[ 2022-12-10 13:17:53,469 ] 137 root - INFO - As all column are available in train df hence detecting data drift
[ 2022-12-10 13:17:53,469 ] 85 root - INFO - Hypothesis class: object, object 
[ 2022-12-10 13:17:53,608 ] 85 root - INFO - Hypothesis aa_000: float64, float64 
[ 2022-12-10 13:17:53,619 ] 85 root - INFO - Hypothesis ac_000: float64, float64 
[ 2022-12-10 13:17:53,627 ] 85 root - INFO - Hypothesis ae_000: float64, float64 
[ 2022-12-10 13:17:53,662 ] 85 root - INFO - Hypothesis af_000: float64, float64 
[ 2022-12-10 13:17:53,697 ] 85 root - INFO - Hypothesis ag_000: float64, float64 
[ 2022-12-10 13:17:53,732 ] 85 root - INFO - Hypothesis ag_001: float64, float64 
[ 2022-12-10 13:17:53,766 ] 85 root - INFO - Hypothesis ag_002: float64, float64 
[ 2022-12-10 13:17:53,802 ] 85 root - INFO - Hypothesis ag_003: float64, float64 
[ 2022-12-10 13:17:53,809 ] 85 root - INFO - Hypothesis ag_004: float64, float64 
[ 2022-12-10 13:17:53,819 ] 85 root - INFO - Hypothesis ag_005: float64, float64 
[ 2022-12-10 13:17:53,861 ] 85 root - INFO - Hypothesis ag_006: float64, float64 
[ 2022-12-10 13:17:53,872 ] 85 root - INFO - Hypothesis ag_007: float64, float64 
[ 2022-12-10 13:17:53,882 ] 85 root - INFO - Hypothesis ag_008: float64, float64 
[ 2022-12-10 13:17:53,890 ] 85 root - INFO - Hypothesis ag_009: float64, float64 
[ 2022-12-10 13:17:53,897 ] 85 root - INFO - Hypothesis ah_000: float64, float64 
[ 2022-12-10 13:17:53,908 ] 85 root - INFO - Hypothesis ai_000: float64, float64 
[ 2022-12-10 13:17:53,944 ] 85 root - INFO - Hypothesis aj_000: float64, float64 
[ 2022-12-10 13:17:53,982 ] 85 root - INFO - Hypothesis ak_000: float64, float64 
[ 2022-12-10 13:17:54,019 ] 85 root - INFO - Hypothesis al_000: float64, float64 
[ 2022-12-10 13:17:54,058 ] 85 root - INFO - Hypothesis am_0: float64, float64 
[ 2022-12-10 13:17:54,099 ] 85 root - INFO - Hypothesis an_000: float64, float64 
[ 2022-12-10 13:17:54,110 ] 85 root - INFO - Hypothesis ao_000: float64, float64 
[ 2022-12-10 13:17:54,121 ] 85 root - INFO - Hypothesis ap_000: float64, float64 
[ 2022-12-10 13:17:54,131 ] 85 root - INFO - Hypothesis aq_000: float64, float64 
[ 2022-12-10 13:17:54,142 ] 85 root - INFO - Hypothesis ar_000: float64, float64 
[ 2022-12-10 13:17:54,177 ] 85 root - INFO - Hypothesis as_000: float64, float64 
[ 2022-12-10 13:17:54,181 ] 85 root - INFO - Hypothesis at_000: float64, float64 
[ 2022-12-10 13:17:54,218 ] 85 root - INFO - Hypothesis au_000: float64, float64 
[ 2022-12-10 13:17:54,222 ] 85 root - INFO - Hypothesis av_000: float64, float64 
[ 2022-12-10 13:17:54,230 ] 85 root - INFO - Hypothesis ax_000: float64, float64 
[ 2022-12-10 13:17:54,238 ] 85 root - INFO - Hypothesis ay_000: float64, float64 
[ 2022-12-10 13:17:54,274 ] 85 root - INFO - Hypothesis ay_001: float64, float64 
[ 2022-12-10 13:17:54,311 ] 85 root - INFO - Hypothesis ay_002: float64, float64 
[ 2022-12-10 13:17:54,347 ] 85 root - INFO - Hypothesis ay_003: float64, float64 
[ 2022-12-10 13:17:54,382 ] 85 root - INFO - Hypothesis ay_004: float64, float64 
[ 2022-12-10 13:17:54,418 ] 85 root - INFO - Hypothesis ay_005: float64, float64 
[ 2022-12-10 13:17:54,460 ] 85 root - INFO - Hypothesis ay_006: float64, float64 
[ 2022-12-10 13:17:54,469 ] 85 root - INFO - Hypothesis ay_007: float64, float64 
[ 2022-12-10 13:17:54,480 ] 85 root - INFO - Hypothesis ay_008: float64, float64 
[ 2022-12-10 13:17:54,490 ] 85 root - INFO - Hypothesis ay_009: float64, float64 
[ 2022-12-10 13:17:54,525 ] 85 root - INFO - Hypothesis az_000: float64, float64 
[ 2022-12-10 13:17:54,535 ] 85 root - INFO - Hypothesis az_001: float64, float64 
[ 2022-12-10 13:17:54,544 ] 85 root - INFO - Hypothesis az_002: float64, float64 
[ 2022-12-10 13:17:54,554 ] 85 root - INFO - Hypothesis az_003: float64, float64 
[ 2022-12-10 13:17:54,564 ] 85 root - INFO - Hypothesis az_004: float64, float64 
[ 2022-12-10 13:17:54,574 ] 85 root - INFO - Hypothesis az_005: float64, float64 
[ 2022-12-10 13:17:54,584 ] 85 root - INFO - Hypothesis az_006: float64, float64 
[ 2022-12-10 13:17:54,624 ] 85 root - INFO - Hypothesis az_007: float64, float64 
[ 2022-12-10 13:17:54,660 ] 85 root - INFO - Hypothesis az_008: float64, float64 
[ 2022-12-10 13:17:54,697 ] 85 root - INFO - Hypothesis az_009: float64, float64 
[ 2022-12-10 13:17:54,733 ] 85 root - INFO - Hypothesis ba_000: float64, float64 
[ 2022-12-10 13:17:54,743 ] 85 root - INFO - Hypothesis ba_001: float64, float64 
[ 2022-12-10 13:17:54,754 ] 85 root - INFO - Hypothesis ba_002: float64, float64 
[ 2022-12-10 13:17:54,764 ] 85 root - INFO - Hypothesis ba_003: float64, float64 
[ 2022-12-10 13:17:54,774 ] 85 root - INFO - Hypothesis ba_004: float64, float64 
[ 2022-12-10 13:17:54,784 ] 85 root - INFO - Hypothesis ba_005: float64, float64 
[ 2022-12-10 13:17:54,794 ] 85 root - INFO - Hypothesis ba_006: float64, float64 
[ 2022-12-10 13:17:54,804 ] 85 root - INFO - Hypothesis ba_007: float64, float64 
[ 2022-12-10 13:17:54,814 ] 85 root - INFO - Hypothesis ba_008: float64, float64 
[ 2022-12-10 13:17:54,822 ] 85 root - INFO - Hypothesis ba_009: float64, float64 
[ 2022-12-10 13:17:54,828 ] 85 root - INFO - Hypothesis bb_000: float64, float64 
[ 2022-12-10 13:17:54,840 ] 85 root - INFO - Hypothesis bc_000: float64, float64 
[ 2022-12-10 13:17:54,847 ] 85 root - INFO - Hypothesis bd_000: float64, float64 
[ 2022-12-10 13:17:54,856 ] 85 root - INFO - Hypothesis be_000: float64, float64 
[ 2022-12-10 13:17:54,864 ] 85 root - INFO - Hypothesis bf_000: float64, float64 
[ 2022-12-10 13:17:54,903 ] 85 root - INFO - Hypothesis bg_000: float64, float64 
[ 2022-12-10 13:17:54,914 ] 85 root - INFO - Hypothesis bh_000: float64, float64 
[ 2022-12-10 13:17:54,924 ] 85 root - INFO - Hypothesis bi_000: float64, float64 
[ 2022-12-10 13:17:54,935 ] 85 root - INFO - Hypothesis bj_000: float64, float64 
[ 2022-12-10 13:17:54,946 ] 85 root - INFO - Hypothesis bs_000: float64, float64 
[ 2022-12-10 13:17:54,956 ] 85 root - INFO - Hypothesis bt_000: float64, float64 
[ 2022-12-10 13:17:54,967 ] 85 root - INFO - Hypothesis bu_000: float64, float64 
[ 2022-12-10 13:17:54,977 ] 85 root - INFO - Hypothesis bv_000: float64, float64 
[ 2022-12-10 13:17:54,987 ] 85 root - INFO - Hypothesis bx_000: float64, float64 
[ 2022-12-10 13:17:54,998 ] 85 root - INFO - Hypothesis by_000: float64, float64 
[ 2022-12-10 13:17:55,008 ] 85 root - INFO - Hypothesis bz_000: float64, float64 
[ 2022-12-10 13:17:55,049 ] 85 root - INFO - Hypothesis ca_000: float64, float64 
[ 2022-12-10 13:17:55,060 ] 85 root - INFO - Hypothesis cb_000: float64, float64 
[ 2022-12-10 13:17:55,071 ] 85 root - INFO - Hypothesis cc_000: float64, float64 
[ 2022-12-10 13:17:55,081 ] 85 root - INFO - Hypothesis cd_000: float64, float64 
[ 2022-12-10 13:17:55,086 ] 85 root - INFO - Hypothesis ce_000: float64, float64 
[ 2022-12-10 13:17:55,096 ] 85 root - INFO - Hypothesis ci_000: float64, float64 
[ 2022-12-10 13:17:55,106 ] 85 root - INFO - Hypothesis cj_000: float64, float64 
[ 2022-12-10 13:17:55,144 ] 85 root - INFO - Hypothesis ck_000: float64, float64 
[ 2022-12-10 13:17:55,155 ] 85 root - INFO - Hypothesis cl_000: float64, float64 
[ 2022-12-10 13:17:55,190 ] 85 root - INFO - Hypothesis cm_000: float64, float64 
[ 2022-12-10 13:17:55,228 ] 85 root - INFO - Hypothesis cn_000: float64, float64 
[ 2022-12-10 13:17:55,262 ] 85 root - INFO - Hypothesis cn_001: float64, float64 
[ 2022-12-10 13:17:55,267 ] 85 root - INFO - Hypothesis cn_002: float64, float64 
[ 2022-12-10 13:17:55,275 ] 85 root - INFO - Hypothesis cn_003: float64, float64 
[ 2022-12-10 13:17:55,286 ] 85 root - INFO - Hypothesis cn_004: float64, float64 
[ 2022-12-10 13:17:55,297 ] 85 root - INFO - Hypothesis cn_005: float64, float64 
[ 2022-12-10 13:17:55,308 ] 85 root - INFO - Hypothesis cn_006: float64, float64 
[ 2022-12-10 13:17:55,318 ] 85 root - INFO - Hypothesis cn_007: float64, float64 
[ 2022-12-10 13:17:55,328 ] 85 root - INFO - Hypothesis cn_008: float64, float64 
[ 2022-12-10 13:17:55,337 ] 85 root - INFO - Hypothesis cn_009: float64, float64 
[ 2022-12-10 13:17:55,345 ] 85 root - INFO - Hypothesis cp_000: float64, float64 
[ 2022-12-10 13:17:55,353 ] 85 root - INFO - Hypothesis cq_000: float64, float64 
[ 2022-12-10 13:17:55,363 ] 85 root - INFO - Hypothesis cs_000: float64, float64 
[ 2022-12-10 13:17:55,373 ] 85 root - INFO - Hypothesis cs_001: float64, float64 
[ 2022-12-10 13:17:55,382 ] 85 root - INFO - Hypothesis cs_002: float64, float64 
[ 2022-12-10 13:17:55,392 ] 85 root - INFO - Hypothesis cs_003: float64, float64 
[ 2022-12-10 13:17:55,405 ] 85 root - INFO - Hypothesis cs_004: float64, float64 
[ 2022-12-10 13:17:55,416 ] 85 root - INFO - Hypothesis cs_005: float64, float64 
[ 2022-12-10 13:17:55,427 ] 85 root - INFO - Hypothesis cs_006: float64, float64 
[ 2022-12-10 13:17:55,470 ] 85 root - INFO - Hypothesis cs_007: float64, float64 
[ 2022-12-10 13:17:55,481 ] 85 root - INFO - Hypothesis cs_008: float64, float64 
[ 2022-12-10 13:17:55,489 ] 85 root - INFO - Hypothesis cs_009: float64, float64 
[ 2022-12-10 13:17:55,525 ] 85 root - INFO - Hypothesis dd_000: float64, float64 
[ 2022-12-10 13:17:55,535 ] 85 root - INFO - Hypothesis de_000: float64, float64 
[ 2022-12-10 13:17:55,544 ] 85 root - INFO - Hypothesis df_000: float64, float64 
[ 2022-12-10 13:17:55,579 ] 85 root - INFO - Hypothesis dg_000: float64, float64 
[ 2022-12-10 13:17:55,615 ] 85 root - INFO - Hypothesis dh_000: float64, float64 
[ 2022-12-10 13:17:55,652 ] 85 root - INFO - Hypothesis di_000: float64, float64 
[ 2022-12-10 13:17:55,691 ] 85 root - INFO - Hypothesis dj_000: float64, float64 
[ 2022-12-10 13:17:55,728 ] 85 root - INFO - Hypothesis dk_000: float64, float64 
[ 2022-12-10 13:17:55,763 ] 85 root - INFO - Hypothesis dl_000: float64, float64 
[ 2022-12-10 13:17:55,798 ] 85 root - INFO - Hypothesis dm_000: float64, float64 
[ 2022-12-10 13:17:55,833 ] 85 root - INFO - Hypothesis dn_000: float64, float64 
[ 2022-12-10 13:17:55,843 ] 85 root - INFO - Hypothesis do_000: float64, float64 
[ 2022-12-10 13:17:55,883 ] 85 root - INFO - Hypothesis dp_000: float64, float64 
[ 2022-12-10 13:17:55,893 ] 85 root - INFO - Hypothesis dq_000: float64, float64 
[ 2022-12-10 13:17:55,899 ] 85 root - INFO - Hypothesis dr_000: float64, float64 
[ 2022-12-10 13:17:55,906 ] 85 root - INFO - Hypothesis ds_000: float64, float64 
[ 2022-12-10 13:17:55,916 ] 85 root - INFO - Hypothesis dt_000: float64, float64 
[ 2022-12-10 13:17:55,926 ] 85 root - INFO - Hypothesis du_000: float64, float64 
[ 2022-12-10 13:17:55,966 ] 85 root - INFO - Hypothesis dv_000: float64, float64 
[ 2022-12-10 13:17:56,008 ] 85 root - INFO - Hypothesis dx_000: float64, float64 
[ 2022-12-10 13:17:56,015 ] 85 root - INFO - Hypothesis dy_000: float64, float64 
[ 2022-12-10 13:17:56,053 ] 85 root - INFO - Hypothesis dz_000: float64, float64 
[ 2022-12-10 13:17:56,089 ] 85 root - INFO - Hypothesis ea_000: float64, float64 
[ 2022-12-10 13:17:56,126 ] 85 root - INFO - Hypothesis eb_000: float64, float64 
[ 2022-12-10 13:17:56,135 ] 85 root - INFO - Hypothesis ec_00: float64, float64 
[ 2022-12-10 13:17:56,177 ] 85 root - INFO - Hypothesis ed_000: float64, float64 
[ 2022-12-10 13:17:56,219 ] 85 root - INFO - Hypothesis ee_000: float64, float64 
[ 2022-12-10 13:17:56,230 ] 85 root - INFO - Hypothesis ee_001: float64, float64 
[ 2022-12-10 13:17:56,241 ] 85 root - INFO - Hypothesis ee_002: float64, float64 
[ 2022-12-10 13:17:56,251 ] 85 root - INFO - Hypothesis ee_003: float64, float64 
[ 2022-12-10 13:17:56,261 ] 85 root - INFO - Hypothesis ee_004: float64, float64 
[ 2022-12-10 13:17:56,272 ] 85 root - INFO - Hypothesis ee_005: float64, float64 
[ 2022-12-10 13:17:56,283 ] 85 root - INFO - Hypothesis ee_006: float64, float64 
[ 2022-12-10 13:17:56,294 ] 85 root - INFO - Hypothesis ee_007: float64, float64 
[ 2022-12-10 13:17:56,304 ] 85 root - INFO - Hypothesis ee_008: float64, float64 
[ 2022-12-10 13:17:56,315 ] 85 root - INFO - Hypothesis ee_009: float64, float64 
[ 2022-12-10 13:17:56,353 ] 85 root - INFO - Hypothesis ef_000: float64, float64 
[ 2022-12-10 13:17:56,389 ] 85 root - INFO - Hypothesis eg_000: float64, float64 
[ 2022-12-10 13:17:56,426 ] 140 root - INFO - As all column are available in test df hence detecting data drift
[ 2022-12-10 13:17:56,427 ] 85 root - INFO - Hypothesis class: object, object 
[ 2022-12-10 13:17:56,506 ] 85 root - INFO - Hypothesis aa_000: float64, float64 
[ 2022-12-10 13:17:56,513 ] 85 root - INFO - Hypothesis ac_000: float64, float64 
[ 2022-12-10 13:17:56,519 ] 85 root - INFO - Hypothesis ae_000: float64, float64 
[ 2022-12-10 13:17:56,534 ] 85 root - INFO - Hypothesis af_000: float64, float64 
[ 2022-12-10 13:17:56,550 ] 85 root - INFO - Hypothesis ag_000: float64, float64 
[ 2022-12-10 13:17:56,564 ] 85 root - INFO - Hypothesis ag_001: float64, float64 
[ 2022-12-10 13:17:56,567 ] 85 root - INFO - Hypothesis ag_002: float64, float64 
[ 2022-12-10 13:17:56,571 ] 85 root - INFO - Hypothesis ag_003: float64, float64 
[ 2022-12-10 13:17:56,575 ] 85 root - INFO - Hypothesis ag_004: float64, float64 
[ 2022-12-10 13:17:56,582 ] 85 root - INFO - Hypothesis ag_005: float64, float64 
[ 2022-12-10 13:17:56,588 ] 85 root - INFO - Hypothesis ag_006: float64, float64 
[ 2022-12-10 13:17:56,595 ] 85 root - INFO - Hypothesis ag_007: float64, float64 
[ 2022-12-10 13:17:56,602 ] 85 root - INFO - Hypothesis ag_008: float64, float64 
[ 2022-12-10 13:17:56,607 ] 85 root - INFO - Hypothesis ag_009: float64, float64 
[ 2022-12-10 13:17:56,612 ] 85 root - INFO - Hypothesis ah_000: float64, float64 
[ 2022-12-10 13:17:56,619 ] 85 root - INFO - Hypothesis ai_000: float64, float64 
[ 2022-12-10 13:17:56,635 ] 85 root - INFO - Hypothesis aj_000: float64, float64 
[ 2022-12-10 13:17:56,639 ] 85 root - INFO - Hypothesis ak_000: float64, float64 
[ 2022-12-10 13:17:56,654 ] 85 root - INFO - Hypothesis al_000: float64, float64 
[ 2022-12-10 13:17:56,659 ] 85 root - INFO - Hypothesis am_0: float64, float64 
[ 2022-12-10 13:17:56,664 ] 85 root - INFO - Hypothesis an_000: float64, float64 
[ 2022-12-10 13:17:56,671 ] 85 root - INFO - Hypothesis ao_000: float64, float64 
[ 2022-12-10 13:17:56,679 ] 85 root - INFO - Hypothesis ap_000: float64, float64 
[ 2022-12-10 13:17:56,686 ] 85 root - INFO - Hypothesis aq_000: float64, float64 
[ 2022-12-10 13:17:56,693 ] 85 root - INFO - Hypothesis ar_000: float64, float64 
[ 2022-12-10 13:17:56,697 ] 85 root - INFO - Hypothesis as_000: float64, float64 
[ 2022-12-10 13:17:56,700 ] 85 root - INFO - Hypothesis at_000: float64, float64 
[ 2022-12-10 13:17:56,704 ] 85 root - INFO - Hypothesis au_000: float64, float64 
[ 2022-12-10 13:17:56,719 ] 85 root - INFO - Hypothesis av_000: float64, float64 
[ 2022-12-10 13:17:56,725 ] 85 root - INFO - Hypothesis ax_000: float64, float64 
[ 2022-12-10 13:17:56,731 ] 85 root - INFO - Hypothesis ay_000: float64, float64 
[ 2022-12-10 13:17:56,746 ] 85 root - INFO - Hypothesis ay_001: float64, float64 
[ 2022-12-10 13:17:56,762 ] 85 root - INFO - Hypothesis ay_002: float64, float64 
[ 2022-12-10 13:17:56,777 ] 85 root - INFO - Hypothesis ay_003: float64, float64 
[ 2022-12-10 13:17:56,792 ] 85 root - INFO - Hypothesis ay_004: float64, float64 
[ 2022-12-10 13:17:56,807 ] 85 root - INFO - Hypothesis ay_005: float64, float64 
[ 2022-12-10 13:17:56,812 ] 85 root - INFO - Hypothesis ay_006: float64, float64 
[ 2022-12-10 13:17:56,818 ] 85 root - INFO - Hypothesis ay_007: float64, float64 
[ 2022-12-10 13:17:56,825 ] 85 root - INFO - Hypothesis ay_008: float64, float64 
[ 2022-12-10 13:17:56,832 ] 85 root - INFO - Hypothesis ay_009: float64, float64 
[ 2022-12-10 13:17:56,846 ] 85 root - INFO - Hypothesis az_000: float64, float64 
[ 2022-12-10 13:17:56,853 ] 85 root - INFO - Hypothesis az_001: float64, float64 
[ 2022-12-10 13:17:56,860 ] 85 root - INFO - Hypothesis az_002: float64, float64 
[ 2022-12-10 13:17:56,866 ] 85 root - INFO - Hypothesis az_003: float64, float64 
[ 2022-12-10 13:17:56,873 ] 85 root - INFO - Hypothesis az_004: float64, float64 
[ 2022-12-10 13:17:56,880 ] 85 root - INFO - Hypothesis az_005: float64, float64 
[ 2022-12-10 13:17:56,887 ] 85 root - INFO - Hypothesis az_006: float64, float64 
[ 2022-12-10 13:17:56,893 ] 85 root - INFO - Hypothesis az_007: float64, float64 
[ 2022-12-10 13:17:56,897 ] 85 root - INFO - Hypothesis az_008: float64, float64 
[ 2022-12-10 13:17:56,913 ] 85 root - INFO - Hypothesis az_009: float64, float64 
[ 2022-12-10 13:17:56,928 ] 85 root - INFO - Hypothesis ba_000: float64, float64 
[ 2022-12-10 13:17:56,935 ] 85 root - INFO - Hypothesis ba_001: float64, float64 
[ 2022-12-10 13:17:56,942 ] 85 root - INFO - Hypothesis ba_002: float64, float64 
[ 2022-12-10 13:17:56,949 ] 85 root - INFO - Hypothesis ba_003: float64, float64 
[ 2022-12-10 13:17:56,956 ] 85 root - INFO - Hypothesis ba_004: float64, float64 
[ 2022-12-10 13:17:56,962 ] 85 root - INFO - Hypothesis ba_005: float64, float64 
[ 2022-12-10 13:17:56,969 ] 85 root - INFO - Hypothesis ba_006: float64, float64 
[ 2022-12-10 13:17:56,976 ] 85 root - INFO - Hypothesis ba_007: float64, float64 
[ 2022-12-10 13:17:56,982 ] 85 root - INFO - Hypothesis ba_008: float64, float64 
[ 2022-12-10 13:17:56,988 ] 85 root - INFO - Hypothesis ba_009: float64, float64 
[ 2022-12-10 13:17:56,992 ] 85 root - INFO - Hypothesis bb_000: float64, float64 
[ 2022-12-10 13:17:56,999 ] 85 root - INFO - Hypothesis bc_000: float64, float64 
[ 2022-12-10 13:17:57,004 ] 85 root - INFO - Hypothesis bd_000: float64, float64 
[ 2022-12-10 13:17:57,010 ] 85 root - INFO - Hypothesis be_000: float64, float64 
[ 2022-12-10 13:17:57,015 ] 85 root - INFO - Hypothesis bf_000: float64, float64 
[ 2022-12-10 13:17:57,020 ] 85 root - INFO - Hypothesis bg_000: float64, float64 
[ 2022-12-10 13:17:57,027 ] 85 root - INFO - Hypothesis bh_000: float64, float64 
[ 2022-12-10 13:17:57,034 ] 85 root - INFO - Hypothesis bi_000: float64, float64 
[ 2022-12-10 13:17:57,041 ] 85 root - INFO - Hypothesis bj_000: float64, float64 
[ 2022-12-10 13:17:57,048 ] 85 root - INFO - Hypothesis bs_000: float64, float64 
[ 2022-12-10 13:17:57,055 ] 85 root - INFO - Hypothesis bt_000: float64, float64 
[ 2022-12-10 13:17:57,062 ] 85 root - INFO - Hypothesis bu_000: float64, float64 
[ 2022-12-10 13:17:57,069 ] 85 root - INFO - Hypothesis bv_000: float64, float64 
[ 2022-12-10 13:17:57,076 ] 85 root - INFO - Hypothesis bx_000: float64, float64 
[ 2022-12-10 13:17:57,083 ] 85 root - INFO - Hypothesis by_000: float64, float64 
[ 2022-12-10 13:17:57,090 ] 85 root - INFO - Hypothesis bz_000: float64, float64 
[ 2022-12-10 13:17:57,096 ] 85 root - INFO - Hypothesis ca_000: float64, float64 
[ 2022-12-10 13:17:57,103 ] 85 root - INFO - Hypothesis cb_000: float64, float64 
[ 2022-12-10 13:17:57,111 ] 85 root - INFO - Hypothesis cc_000: float64, float64 
[ 2022-12-10 13:17:57,117 ] 85 root - INFO - Hypothesis cd_000: float64, float64 
[ 2022-12-10 13:17:57,120 ] 85 root - INFO - Hypothesis ce_000: float64, float64 
[ 2022-12-10 13:17:57,127 ] 85 root - INFO - Hypothesis ci_000: float64, float64 
[ 2022-12-10 13:17:57,134 ] 85 root - INFO - Hypothesis cj_000: float64, float64 
[ 2022-12-10 13:17:57,137 ] 85 root - INFO - Hypothesis ck_000: float64, float64 
[ 2022-12-10 13:17:57,144 ] 85 root - INFO - Hypothesis cl_000: float64, float64 
[ 2022-12-10 13:17:57,149 ] 85 root - INFO - Hypothesis cm_000: float64, float64 
[ 2022-12-10 13:17:57,153 ] 85 root - INFO - Hypothesis cn_000: float64, float64 
[ 2022-12-10 13:17:57,156 ] 85 root - INFO - Hypothesis cn_001: float64, float64 
[ 2022-12-10 13:17:57,160 ] 85 root - INFO - Hypothesis cn_002: float64, float64 
[ 2022-12-10 13:17:57,166 ] 85 root - INFO - Hypothesis cn_003: float64, float64 
[ 2022-12-10 13:17:57,173 ] 85 root - INFO - Hypothesis cn_004: float64, float64 
[ 2022-12-10 13:17:57,180 ] 85 root - INFO - Hypothesis cn_005: float64, float64 
[ 2022-12-10 13:17:57,187 ] 85 root - INFO - Hypothesis cn_006: float64, float64 
[ 2022-12-10 13:17:57,193 ] 85 root - INFO - Hypothesis cn_007: float64, float64 
[ 2022-12-10 13:17:57,200 ] 85 root - INFO - Hypothesis cn_008: float64, float64 
[ 2022-12-10 13:17:57,206 ] 85 root - INFO - Hypothesis cn_009: float64, float64 
[ 2022-12-10 13:17:57,211 ] 85 root - INFO - Hypothesis cp_000: float64, float64 
[ 2022-12-10 13:17:57,216 ] 85 root - INFO - Hypothesis cq_000: float64, float64 
[ 2022-12-10 13:17:57,223 ] 85 root - INFO - Hypothesis cs_000: float64, float64 
[ 2022-12-10 13:17:57,230 ] 85 root - INFO - Hypothesis cs_001: float64, float64 
[ 2022-12-10 13:17:57,236 ] 85 root - INFO - Hypothesis cs_002: float64, float64 
[ 2022-12-10 13:17:57,243 ] 85 root - INFO - Hypothesis cs_003: float64, float64 
[ 2022-12-10 13:17:57,249 ] 85 root - INFO - Hypothesis cs_004: float64, float64 
[ 2022-12-10 13:17:57,257 ] 85 root - INFO - Hypothesis cs_005: float64, float64 
[ 2022-12-10 13:17:57,264 ] 85 root - INFO - Hypothesis cs_006: float64, float64 
[ 2022-12-10 13:17:57,271 ] 85 root - INFO - Hypothesis cs_007: float64, float64 
[ 2022-12-10 13:17:57,278 ] 85 root - INFO - Hypothesis cs_008: float64, float64 
[ 2022-12-10 13:17:57,283 ] 85 root - INFO - Hypothesis cs_009: float64, float64 
[ 2022-12-10 13:17:57,286 ] 85 root - INFO - Hypothesis dd_000: float64, float64 
[ 2022-12-10 13:17:57,293 ] 85 root - INFO - Hypothesis de_000: float64, float64 
[ 2022-12-10 13:17:57,299 ] 85 root - INFO - Hypothesis df_000: float64, float64 
[ 2022-12-10 13:17:57,303 ] 85 root - INFO - Hypothesis dg_000: float64, float64 
[ 2022-12-10 13:17:57,306 ] 85 root - INFO - Hypothesis dh_000: float64, float64 
[ 2022-12-10 13:17:57,310 ] 85 root - INFO - Hypothesis di_000: float64, float64 
[ 2022-12-10 13:17:57,314 ] 85 root - INFO - Hypothesis dj_000: float64, float64 
[ 2022-12-10 13:17:57,329 ] 85 root - INFO - Hypothesis dk_000: float64, float64 
[ 2022-12-10 13:17:57,344 ] 85 root - INFO - Hypothesis dl_000: float64, float64 
[ 2022-12-10 13:17:57,359 ] 85 root - INFO - Hypothesis dm_000: float64, float64 
[ 2022-12-10 13:17:57,377 ] 85 root - INFO - Hypothesis dn_000: float64, float64 
[ 2022-12-10 13:17:57,384 ] 85 root - INFO - Hypothesis do_000: float64, float64 
[ 2022-12-10 13:17:57,390 ] 85 root - INFO - Hypothesis dp_000: float64, float64 
[ 2022-12-10 13:17:57,397 ] 85 root - INFO - Hypothesis dq_000: float64, float64 
[ 2022-12-10 13:17:57,401 ] 85 root - INFO - Hypothesis dr_000: float64, float64 
[ 2022-12-10 13:17:57,406 ] 85 root - INFO - Hypothesis ds_000: float64, float64 
[ 2022-12-10 13:17:57,413 ] 85 root - INFO - Hypothesis dt_000: float64, float64 
[ 2022-12-10 13:17:57,419 ] 85 root - INFO - Hypothesis du_000: float64, float64 
[ 2022-12-10 13:17:57,426 ] 85 root - INFO - Hypothesis dv_000: float64, float64 
[ 2022-12-10 13:17:57,433 ] 85 root - INFO - Hypothesis dx_000: float64, float64 
[ 2022-12-10 13:17:57,438 ] 85 root - INFO - Hypothesis dy_000: float64, float64 
[ 2022-12-10 13:17:57,443 ] 85 root - INFO - Hypothesis dz_000: float64, float64 
[ 2022-12-10 13:17:57,457 ] 85 root - INFO - Hypothesis ea_000: float64, float64 
[ 2022-12-10 13:17:57,472 ] 85 root - INFO - Hypothesis eb_000: float64, float64 
[ 2022-12-10 13:17:57,478 ] 85 root - INFO - Hypothesis ec_00: float64, float64 
[ 2022-12-10 13:17:57,485 ] 85 root - INFO - Hypothesis ed_000: float64, float64 
[ 2022-12-10 13:17:57,491 ] 85 root - INFO - Hypothesis ee_000: float64, float64 
[ 2022-12-10 13:17:57,498 ] 85 root - INFO - Hypothesis ee_001: float64, float64 
[ 2022-12-10 13:17:57,505 ] 85 root - INFO - Hypothesis ee_002: float64, float64 
[ 2022-12-10 13:17:57,513 ] 85 root - INFO - Hypothesis ee_003: float64, float64 
[ 2022-12-10 13:17:57,520 ] 85 root - INFO - Hypothesis ee_004: float64, float64 
[ 2022-12-10 13:17:57,527 ] 85 root - INFO - Hypothesis ee_005: float64, float64 
[ 2022-12-10 13:17:57,533 ] 85 root - INFO - Hypothesis ee_006: float64, float64 
[ 2022-12-10 13:17:57,540 ] 85 root - INFO - Hypothesis ee_007: float64, float64 
[ 2022-12-10 13:17:57,547 ] 85 root - INFO - Hypothesis ee_008: float64, float64 
[ 2022-12-10 13:17:57,553 ] 85 root - INFO - Hypothesis ee_009: float64, float64 
[ 2022-12-10 13:17:57,558 ] 85 root - INFO - Hypothesis ef_000: float64, float64 
[ 2022-12-10 13:17:57,574 ] 85 root - INFO - Hypothesis eg_000: float64, float64 
[ 2022-12-10 13:17:57,589 ] 144 root - INFO - Write reprt in yaml file
[ 2022-12-10 13:17:57,659 ] 149 root - INFO - Data validation artifact: DataValidationArtifact(report_file_path='/config/workspace/artifact/12102022__131732/data_validation/report.yaml')
[ 2022-12-10 13:17:57,661 ] 25 root - INFO - >>>>>>>>>>>>>>>>>>>>>>>>>>>>>>>>>>>>>>>> Data Transformation <<<<<<<<<<<<<<<<<<<<<<<<<<<<<<<<<<<<<<<<
[ 2022-12-10 13:17:58,554 ] 76 root - INFO - Before resampling in training set Input: (28950, 170) Target:(28950,)
[ 2022-12-10 13:18:04,541 ] 78 root - INFO - After resampling in training set Input: (56200, 170) Target:(56200,)
[ 2022-12-10 13:18:04,542 ] 80 root - INFO - Before resampling in testing set Input: (7238, 170) Target:(7238,)
[ 2022-12-10 13:18:05,136 ] 82 root - INFO - After resampling in testing set Input: (14016, 170) Target:(14016,)
[ 2022-12-10 13:18:05,249 ] 55 root - INFO - Entered the save_object method of utils
[ 2022-12-10 13:18:05,252 ] 59 root - INFO - Exited the save_object method of utils
[ 2022-12-10 13:18:05,252 ] 55 root - INFO - Entered the save_object method of utils
[ 2022-12-10 13:18:05,253 ] 59 root - INFO - Exited the save_object method of utils
[ 2022-12-10 13:18:05,253 ] 113 root - INFO - Data transformation object DataTransformationArtifact(transformed_object_path='/config/workspace/artifact/12102022__131732/data_transformation/transformer/transformer.pkl', transformed_train_path='/config/workspace/artifact/12102022__131732/data_transformation/transformed/train.npz', transformed_test_path='/config/workspace/artifact/12102022__131732/data_transformation/transformed/test.npz', target_encoder_path='/config/workspace/artifact/12102022__131732/data_transformation/target_encoder/target_encoder.pkl')
[ 2022-12-10 13:18:05,254 ] 19 root - INFO - >>>>>>>>>>>>>>>>>>>>>>>>>>>>>>>>>>>>>>>> Model Trainer <<<<<<<<<<<<<<<<<<<<<<<<<<<<<<<<<<<<<<<<
[ 2022-12-10 13:18:05,254 ] 46 root - INFO - Loading train and test array.
[ 2022-12-10 13:18:05,285 ] 50 root - INFO - Splitting input and target feature from both train and test arr.
[ 2022-12-10 13:18:05,285 ] 54 root - INFO - Train the model
[ 2022-12-10 13:18:16,467 ] 57 root - INFO - Calculating f1 train score
[ 2022-12-10 13:18:16,519 ] 61 root - INFO - Calculating f1 test score
[ 2022-12-10 13:18:16,537 ] 65 root - INFO - train score:0.9999822060890763 and tests score 0.9810803004043905
[ 2022-12-10 13:18:16,537 ] 67 root - INFO - Checking if our model is underfitting or not
[ 2022-12-10 13:18:16,537 ] 72 root - INFO - Checking if our model is overfiiting or not
[ 2022-12-10 13:18:16,537 ] 79 root - INFO - Saving mode object
[ 2022-12-10 13:18:16,537 ] 55 root - INFO - Entered the save_object method of utils
[ 2022-12-10 13:18:16,542 ] 59 root - INFO - Exited the save_object method of utils
[ 2022-12-10 13:18:16,543 ] 83 root - INFO - Prepare the artifact
[ 2022-12-10 13:18:16,543 ] 86 root - INFO - Model trainer artifact: ModelTrainerArtifact(model_path='/config/workspace/artifact/12102022__131732/model_trainer/model/model.pkl', f1_train_score=0.9999822060890763, f1_test_score=0.9810803004043905)
[ 2022-12-10 13:18:16,545 ] 14 root - INFO - >>>>>>>>>>>>>>>>>>>>>>>>>>>>>>>>>>>>>>>>  Model Evaluation <<<<<<<<<<<<<<<<<<<<<<<<<<<<<<<<<<<<<<<<
[ 2022-12-10 13:18:16,545 ] 34 root - INFO - Model evaluation artifact: ModelEvaluationArtifact(is_model_accepted=True, improved_accuracy=None)
