[ 2022-12-10 12:01:11,625 ] 19 root - INFO - Reading data from database: {database_name} and collection {collection_name}
[ 2022-12-10 12:01:15,152 ] 22 root - INFO - found columns: Index(['_id', 'class', 'aa_000', 'ab_000', 'ac_000', 'ad_000', 'ae_000',
       'af_000', 'ag_000', 'ag_001',
       ...
       'ee_002', 'ee_003', 'ee_004', 'ee_005', 'ee_006', 'ee_007', 'ee_008',
       'ee_009', 'ef_000', 'eg_000'],
      dtype='object', length=172)
[ 2022-12-10 12:01:15,152 ] 24 root - INFO - droping column :_id
[ 2022-12-10 12:01:15,352 ] 26 root - INFO - row and cols in df :(36188, 171)
[ 2022-12-10 12:01:15,889 ] 31 root - INFO - create a feature store folder if not available
[ 2022-12-10 12:01:15,889 ] 34 root - INFO - Save df to feature folder
[ 2022-12-10 12:01:18,364 ] 38 root - INFO - split the dataset into train and test
[ 2022-12-10 12:01:18,909 ] 41 root - INFO - create dataset directory if not available
[ 2022-12-10 12:01:18,909 ] 46 root - INFO - save df to feature store folder
[ 2022-12-10 12:01:21,584 ] 19 root - INFO - >>>>>>>>>>>>>>>>>>>>>>>>>>>>>>>>>>>>>>>> Data Validation <<<<<<<<<<<<<<<<<<<<<<<<<<<<<<<<<<<<<<<<
[ 2022-12-10 12:01:21,584 ] 107 root - INFO - Reading base dataframe
[ 2022-12-10 12:01:24,574 ] 110 root - INFO - Replace na value in base df
[ 2022-12-10 12:01:24,575 ] 112 root - INFO - Drop null values colums from base df
[ 2022-12-10 12:01:25,625 ] 41 root - INFO - selecting column name which contains null above to 0.2
[ 2022-12-10 12:01:25,626 ] 44 root - INFO - Columns to drop: ['ab_000', 'ad_000', 'bk_000', 'bl_000', 'bm_000', 'bn_000', 'bo_000', 'bp_000', 'bq_000', 'br_000', 'cf_000', 'cg_000', 'ch_000', 'co_000', 'cr_000', 'ct_000', 'cu_000', 'cv_000', 'cx_000', 'cy_000', 'cz_000', 'da_000', 'db_000', 'dc_000']
[ 2022-12-10 12:01:25,739 ] 115 root - INFO - Reading train dataframe
[ 2022-12-10 12:01:26,130 ] 117 root - INFO - Reading test dataframe
[ 2022-12-10 12:01:26,227 ] 120 root - INFO - Drop null values colums from train df
[ 2022-12-10 12:01:26,239 ] 41 root - INFO - selecting column name which contains null above to 0.2
[ 2022-12-10 12:01:26,240 ] 44 root - INFO - Columns to drop: ['ab_000', 'ad_000', 'bk_000', 'bl_000', 'bm_000', 'bn_000', 'bo_000', 'bp_000', 'bq_000', 'br_000', 'cf_000', 'cg_000', 'ch_000', 'co_000', 'cr_000', 'ct_000', 'cu_000', 'cv_000', 'cx_000', 'cy_000', 'cz_000', 'da_000', 'db_000', 'dc_000']
[ 2022-12-10 12:01:26,251 ] 122 root - INFO - Drop null values colums from test df
[ 2022-12-10 12:01:26,255 ] 41 root - INFO - selecting column name which contains null above to 0.2
[ 2022-12-10 12:01:26,256 ] 44 root - INFO - Columns to drop: ['ab_000', 'ad_000', 'bk_000', 'bl_000', 'bm_000', 'bn_000', 'bo_000', 'bp_000', 'bq_000', 'br_000', 'cf_000', 'cg_000', 'ch_000', 'co_000', 'cr_000', 'ct_000', 'cu_000', 'cv_000', 'cx_000', 'cy_000', 'cz_000', 'da_000', 'db_000', 'dc_000']
[ 2022-12-10 12:01:32,065 ] 131 root - INFO - Is all required columns present in train df
[ 2022-12-10 12:01:32,066 ] 133 root - INFO - Is all required columns present in test df
[ 2022-12-10 12:01:32,066 ] 137 root - INFO - As all column are available in train df hence detecting data drift
[ 2022-12-10 12:01:32,066 ] 85 root - INFO - Hypothesis class: object, object 
[ 2022-12-10 12:01:32,199 ] 85 root - INFO - Hypothesis aa_000: float64, float64 
[ 2022-12-10 12:01:32,240 ] 85 root - INFO - Hypothesis ac_000: float64, float64 
[ 2022-12-10 12:01:32,281 ] 85 root - INFO - Hypothesis ae_000: float64, float64 
[ 2022-12-10 12:01:32,325 ] 85 root - INFO - Hypothesis af_000: float64, float64 
[ 2022-12-10 12:01:32,360 ] 85 root - INFO - Hypothesis ag_000: float64, float64 
[ 2022-12-10 12:01:32,395 ] 85 root - INFO - Hypothesis ag_001: float64, float64 
[ 2022-12-10 12:01:32,431 ] 85 root - INFO - Hypothesis ag_002: float64, float64 
[ 2022-12-10 12:01:32,467 ] 85 root - INFO - Hypothesis ag_003: float64, float64 
[ 2022-12-10 12:01:32,504 ] 85 root - INFO - Hypothesis ag_004: float64, float64 
[ 2022-12-10 12:01:32,515 ] 85 root - INFO - Hypothesis ag_005: float64, float64 
[ 2022-12-10 12:01:32,526 ] 85 root - INFO - Hypothesis ag_006: float64, float64 
[ 2022-12-10 12:01:32,568 ] 85 root - INFO - Hypothesis ag_007: float64, float64 
[ 2022-12-10 12:01:32,578 ] 85 root - INFO - Hypothesis ag_008: float64, float64 
[ 2022-12-10 12:01:32,618 ] 85 root - INFO - Hypothesis ag_009: float64, float64 
[ 2022-12-10 12:01:32,657 ] 85 root - INFO - Hypothesis ah_000: float64, float64 
[ 2022-12-10 12:01:32,700 ] 85 root - INFO - Hypothesis ai_000: float64, float64 
[ 2022-12-10 12:01:32,737 ] 85 root - INFO - Hypothesis aj_000: float64, float64 
[ 2022-12-10 12:01:32,775 ] 85 root - INFO - Hypothesis ak_000: float64, float64 
[ 2022-12-10 12:01:32,810 ] 85 root - INFO - Hypothesis al_000: float64, float64 
[ 2022-12-10 12:01:32,849 ] 85 root - INFO - Hypothesis am_0: float64, float64 
[ 2022-12-10 12:01:32,887 ] 85 root - INFO - Hypothesis an_000: float64, float64 
[ 2022-12-10 12:01:32,898 ] 85 root - INFO - Hypothesis ao_000: float64, float64 
[ 2022-12-10 12:01:32,941 ] 85 root - INFO - Hypothesis ap_000: float64, float64 
[ 2022-12-10 12:01:32,951 ] 85 root - INFO - Hypothesis aq_000: float64, float64 
[ 2022-12-10 12:01:32,993 ] 85 root - INFO - Hypothesis ar_000: float64, float64 
[ 2022-12-10 12:01:33,028 ] 85 root - INFO - Hypothesis as_000: float64, float64 
[ 2022-12-10 12:01:33,062 ] 85 root - INFO - Hypothesis at_000: float64, float64 
[ 2022-12-10 12:01:33,099 ] 85 root - INFO - Hypothesis au_000: float64, float64 
[ 2022-12-10 12:01:33,134 ] 85 root - INFO - Hypothesis av_000: float64, float64 
[ 2022-12-10 12:01:33,174 ] 85 root - INFO - Hypothesis ax_000: float64, float64 
[ 2022-12-10 12:01:33,214 ] 85 root - INFO - Hypothesis ay_000: float64, float64 
[ 2022-12-10 12:01:33,248 ] 85 root - INFO - Hypothesis ay_001: float64, float64 
[ 2022-12-10 12:01:33,283 ] 85 root - INFO - Hypothesis ay_002: float64, float64 
[ 2022-12-10 12:01:33,317 ] 85 root - INFO - Hypothesis ay_003: float64, float64 
[ 2022-12-10 12:01:33,352 ] 85 root - INFO - Hypothesis ay_004: float64, float64 
[ 2022-12-10 12:01:33,387 ] 85 root - INFO - Hypothesis ay_005: float64, float64 
[ 2022-12-10 12:01:33,395 ] 85 root - INFO - Hypothesis ay_006: float64, float64 
[ 2022-12-10 12:01:33,436 ] 85 root - INFO - Hypothesis ay_007: float64, float64 
[ 2022-12-10 12:01:33,478 ] 85 root - INFO - Hypothesis ay_008: float64, float64 
[ 2022-12-10 12:01:33,488 ] 85 root - INFO - Hypothesis ay_009: float64, float64 
[ 2022-12-10 12:01:33,523 ] 85 root - INFO - Hypothesis az_000: float64, float64 
[ 2022-12-10 12:01:33,533 ] 85 root - INFO - Hypothesis az_001: float64, float64 
[ 2022-12-10 12:01:33,542 ] 85 root - INFO - Hypothesis az_002: float64, float64 
[ 2022-12-10 12:01:33,552 ] 85 root - INFO - Hypothesis az_003: float64, float64 
[ 2022-12-10 12:01:33,562 ] 85 root - INFO - Hypothesis az_004: float64, float64 
[ 2022-12-10 12:01:33,572 ] 85 root - INFO - Hypothesis az_005: float64, float64 
[ 2022-12-10 12:01:33,582 ] 85 root - INFO - Hypothesis az_006: float64, float64 
[ 2022-12-10 12:01:33,623 ] 85 root - INFO - Hypothesis az_007: float64, float64 
[ 2022-12-10 12:01:33,661 ] 85 root - INFO - Hypothesis az_008: float64, float64 
[ 2022-12-10 12:01:33,697 ] 85 root - INFO - Hypothesis az_009: float64, float64 
[ 2022-12-10 12:01:33,732 ] 85 root - INFO - Hypothesis ba_000: float64, float64 
[ 2022-12-10 12:01:33,742 ] 85 root - INFO - Hypothesis ba_001: float64, float64 
[ 2022-12-10 12:01:33,753 ] 85 root - INFO - Hypothesis ba_002: float64, float64 
[ 2022-12-10 12:01:33,795 ] 85 root - INFO - Hypothesis ba_003: float64, float64 
[ 2022-12-10 12:01:33,837 ] 85 root - INFO - Hypothesis ba_004: float64, float64 
[ 2022-12-10 12:01:33,847 ] 85 root - INFO - Hypothesis ba_005: float64, float64 
[ 2022-12-10 12:01:33,857 ] 85 root - INFO - Hypothesis ba_006: float64, float64 
[ 2022-12-10 12:01:33,867 ] 85 root - INFO - Hypothesis ba_007: float64, float64 
[ 2022-12-10 12:01:33,907 ] 85 root - INFO - Hypothesis ba_008: float64, float64 
[ 2022-12-10 12:01:33,947 ] 85 root - INFO - Hypothesis ba_009: float64, float64 
[ 2022-12-10 12:01:33,985 ] 85 root - INFO - Hypothesis bb_000: float64, float64 
[ 2022-12-10 12:01:34,029 ] 85 root - INFO - Hypothesis bc_000: float64, float64 
[ 2022-12-10 12:01:34,068 ] 85 root - INFO - Hypothesis bd_000: float64, float64 
[ 2022-12-10 12:01:34,108 ] 85 root - INFO - Hypothesis be_000: float64, float64 
[ 2022-12-10 12:01:34,117 ] 85 root - INFO - Hypothesis bf_000: float64, float64 
[ 2022-12-10 12:01:34,123 ] 85 root - INFO - Hypothesis bg_000: float64, float64 
[ 2022-12-10 12:01:34,166 ] 85 root - INFO - Hypothesis bh_000: float64, float64 
[ 2022-12-10 12:01:34,209 ] 85 root - INFO - Hypothesis bi_000: float64, float64 
[ 2022-12-10 12:01:34,220 ] 85 root - INFO - Hypothesis bj_000: float64, float64 
[ 2022-12-10 12:01:34,262 ] 85 root - INFO - Hypothesis bs_000: float64, float64 
[ 2022-12-10 12:01:34,273 ] 85 root - INFO - Hypothesis bt_000: float64, float64 
[ 2022-12-10 12:01:34,314 ] 85 root - INFO - Hypothesis bu_000: float64, float64 
[ 2022-12-10 12:01:34,359 ] 85 root - INFO - Hypothesis bv_000: float64, float64 
[ 2022-12-10 12:01:34,404 ] 85 root - INFO - Hypothesis bx_000: float64, float64 
[ 2022-12-10 12:01:34,446 ] 85 root - INFO - Hypothesis by_000: float64, float64 
[ 2022-12-10 12:01:34,456 ] 85 root - INFO - Hypothesis bz_000: float64, float64 
[ 2022-12-10 12:01:34,496 ] 85 root - INFO - Hypothesis ca_000: float64, float64 
[ 2022-12-10 12:01:34,539 ] 85 root - INFO - Hypothesis cb_000: float64, float64 
[ 2022-12-10 12:01:34,550 ] 85 root - INFO - Hypothesis cc_000: float64, float64 
[ 2022-12-10 12:01:34,591 ] 85 root - INFO - Hypothesis cd_000: float64, float64 
[ 2022-12-10 12:01:34,596 ] 85 root - INFO - Hypothesis ce_000: float64, float64 
[ 2022-12-10 12:01:34,636 ] 85 root - INFO - Hypothesis ci_000: float64, float64 
[ 2022-12-10 12:01:34,678 ] 85 root - INFO - Hypothesis cj_000: float64, float64 
[ 2022-12-10 12:01:34,714 ] 85 root - INFO - Hypothesis ck_000: float64, float64 
[ 2022-12-10 12:01:34,756 ] 85 root - INFO - Hypothesis cl_000: float64, float64 
[ 2022-12-10 12:01:34,794 ] 85 root - INFO - Hypothesis cm_000: float64, float64 
[ 2022-12-10 12:01:34,801 ] 85 root - INFO - Hypothesis cn_000: float64, float64 
[ 2022-12-10 12:01:34,835 ] 85 root - INFO - Hypothesis cn_001: float64, float64 
[ 2022-12-10 12:01:34,873 ] 85 root - INFO - Hypothesis cn_002: float64, float64 
[ 2022-12-10 12:01:34,912 ] 85 root - INFO - Hypothesis cn_003: float64, float64 
[ 2022-12-10 12:01:34,922 ] 85 root - INFO - Hypothesis cn_004: float64, float64 
[ 2022-12-10 12:01:34,965 ] 85 root - INFO - Hypothesis cn_005: float64, float64 
[ 2022-12-10 12:01:34,976 ] 85 root - INFO - Hypothesis cn_006: float64, float64 
[ 2022-12-10 12:01:35,018 ] 85 root - INFO - Hypothesis cn_007: float64, float64 
[ 2022-12-10 12:01:35,059 ] 85 root - INFO - Hypothesis cn_008: float64, float64 
[ 2022-12-10 12:01:35,069 ] 85 root - INFO - Hypothesis cn_009: float64, float64 
[ 2022-12-10 12:01:35,077 ] 85 root - INFO - Hypothesis cp_000: float64, float64 
[ 2022-12-10 12:01:35,116 ] 85 root - INFO - Hypothesis cq_000: float64, float64 
[ 2022-12-10 12:01:35,159 ] 85 root - INFO - Hypothesis cs_000: float64, float64 
[ 2022-12-10 12:01:35,201 ] 85 root - INFO - Hypothesis cs_001: float64, float64 
[ 2022-12-10 12:01:35,210 ] 85 root - INFO - Hypothesis cs_002: float64, float64 
[ 2022-12-10 12:01:35,220 ] 85 root - INFO - Hypothesis cs_003: float64, float64 
[ 2022-12-10 12:01:35,231 ] 85 root - INFO - Hypothesis cs_004: float64, float64 
[ 2022-12-10 12:01:35,241 ] 85 root - INFO - Hypothesis cs_005: float64, float64 
[ 2022-12-10 12:01:35,284 ] 85 root - INFO - Hypothesis cs_006: float64, float64 
[ 2022-12-10 12:01:35,326 ] 85 root - INFO - Hypothesis cs_007: float64, float64 
[ 2022-12-10 12:01:35,370 ] 85 root - INFO - Hypothesis cs_008: float64, float64 
[ 2022-12-10 12:01:35,409 ] 85 root - INFO - Hypothesis cs_009: float64, float64 
[ 2022-12-10 12:01:35,445 ] 85 root - INFO - Hypothesis dd_000: float64, float64 
[ 2022-12-10 12:01:35,485 ] 85 root - INFO - Hypothesis de_000: float64, float64 
[ 2022-12-10 12:01:35,494 ] 85 root - INFO - Hypothesis df_000: float64, float64 
[ 2022-12-10 12:01:35,530 ] 85 root - INFO - Hypothesis dg_000: float64, float64 
[ 2022-12-10 12:01:35,565 ] 85 root - INFO - Hypothesis dh_000: float64, float64 
[ 2022-12-10 12:01:35,601 ] 85 root - INFO - Hypothesis di_000: float64, float64 
[ 2022-12-10 12:01:35,639 ] 85 root - INFO - Hypothesis dj_000: float64, float64 
[ 2022-12-10 12:01:35,676 ] 85 root - INFO - Hypothesis dk_000: float64, float64 
[ 2022-12-10 12:01:35,712 ] 85 root - INFO - Hypothesis dl_000: float64, float64 
[ 2022-12-10 12:01:35,748 ] 85 root - INFO - Hypothesis dm_000: float64, float64 
[ 2022-12-10 12:01:35,783 ] 85 root - INFO - Hypothesis dn_000: float64, float64 
[ 2022-12-10 12:01:35,825 ] 85 root - INFO - Hypothesis do_000: float64, float64 
[ 2022-12-10 12:01:35,866 ] 85 root - INFO - Hypothesis dp_000: float64, float64 
[ 2022-12-10 12:01:35,906 ] 85 root - INFO - Hypothesis dq_000: float64, float64 
[ 2022-12-10 12:01:35,943 ] 85 root - INFO - Hypothesis dr_000: float64, float64 
[ 2022-12-10 12:01:35,981 ] 85 root - INFO - Hypothesis ds_000: float64, float64 
[ 2022-12-10 12:01:36,023 ] 85 root - INFO - Hypothesis dt_000: float64, float64 
[ 2022-12-10 12:01:36,064 ] 85 root - INFO - Hypothesis du_000: float64, float64 
[ 2022-12-10 12:01:36,106 ] 85 root - INFO - Hypothesis dv_000: float64, float64 
[ 2022-12-10 12:01:36,147 ] 85 root - INFO - Hypothesis dx_000: float64, float64 
[ 2022-12-10 12:01:36,186 ] 85 root - INFO - Hypothesis dy_000: float64, float64 
[ 2022-12-10 12:01:36,223 ] 85 root - INFO - Hypothesis dz_000: float64, float64 
[ 2022-12-10 12:01:36,260 ] 85 root - INFO - Hypothesis ea_000: float64, float64 
[ 2022-12-10 12:01:36,297 ] 85 root - INFO - Hypothesis eb_000: float64, float64 
[ 2022-12-10 12:01:36,337 ] 85 root - INFO - Hypothesis ec_00: float64, float64 
[ 2022-12-10 12:01:36,348 ] 85 root - INFO - Hypothesis ed_000: float64, float64 
[ 2022-12-10 12:01:36,357 ] 85 root - INFO - Hypothesis ee_000: float64, float64 
[ 2022-12-10 12:01:36,367 ] 85 root - INFO - Hypothesis ee_001: float64, float64 
[ 2022-12-10 12:01:36,378 ] 85 root - INFO - Hypothesis ee_002: float64, float64 
[ 2022-12-10 12:01:36,389 ] 85 root - INFO - Hypothesis ee_003: float64, float64 
[ 2022-12-10 12:01:36,402 ] 85 root - INFO - Hypothesis ee_004: float64, float64 
[ 2022-12-10 12:01:36,413 ] 85 root - INFO - Hypothesis ee_005: float64, float64 
[ 2022-12-10 12:01:36,423 ] 85 root - INFO - Hypothesis ee_006: float64, float64 
[ 2022-12-10 12:01:36,433 ] 85 root - INFO - Hypothesis ee_007: float64, float64 
[ 2022-12-10 12:01:36,443 ] 85 root - INFO - Hypothesis ee_008: float64, float64 
[ 2022-12-10 12:01:36,452 ] 85 root - INFO - Hypothesis ee_009: float64, float64 
[ 2022-12-10 12:01:36,459 ] 85 root - INFO - Hypothesis ef_000: float64, float64 
[ 2022-12-10 12:01:36,495 ] 85 root - INFO - Hypothesis eg_000: float64, float64 
[ 2022-12-10 12:01:36,530 ] 140 root - INFO - As all column are available in test df hence detecting data drift
[ 2022-12-10 12:01:36,530 ] 85 root - INFO - Hypothesis class: object, object 
[ 2022-12-10 12:01:36,604 ] 85 root - INFO - Hypothesis aa_000: float64, float64 
[ 2022-12-10 12:01:36,611 ] 85 root - INFO - Hypothesis ac_000: float64, float64 
[ 2022-12-10 12:01:36,616 ] 85 root - INFO - Hypothesis ae_000: float64, float64 
[ 2022-12-10 12:01:36,620 ] 85 root - INFO - Hypothesis af_000: float64, float64 
[ 2022-12-10 12:01:36,623 ] 85 root - INFO - Hypothesis ag_000: float64, float64 
[ 2022-12-10 12:01:36,638 ] 85 root - INFO - Hypothesis ag_001: float64, float64 
[ 2022-12-10 12:01:36,653 ] 85 root - INFO - Hypothesis ag_002: float64, float64 
[ 2022-12-10 12:01:36,668 ] 85 root - INFO - Hypothesis ag_003: float64, float64 
[ 2022-12-10 12:01:36,672 ] 85 root - INFO - Hypothesis ag_004: float64, float64 
[ 2022-12-10 12:01:36,679 ] 85 root - INFO - Hypothesis ag_005: float64, float64 
[ 2022-12-10 12:01:36,686 ] 85 root - INFO - Hypothesis ag_006: float64, float64 
[ 2022-12-10 12:01:36,693 ] 85 root - INFO - Hypothesis ag_007: float64, float64 
[ 2022-12-10 12:01:36,699 ] 85 root - INFO - Hypothesis ag_008: float64, float64 
[ 2022-12-10 12:01:36,705 ] 85 root - INFO - Hypothesis ag_009: float64, float64 
[ 2022-12-10 12:01:36,709 ] 85 root - INFO - Hypothesis ah_000: float64, float64 
[ 2022-12-10 12:01:36,716 ] 85 root - INFO - Hypothesis ai_000: float64, float64 
[ 2022-12-10 12:01:36,720 ] 85 root - INFO - Hypothesis aj_000: float64, float64 
[ 2022-12-10 12:01:36,724 ] 85 root - INFO - Hypothesis ak_000: float64, float64 
[ 2022-12-10 12:01:36,738 ] 85 root - INFO - Hypothesis al_000: float64, float64 
[ 2022-12-10 12:01:36,755 ] 85 root - INFO - Hypothesis am_0: float64, float64 
[ 2022-12-10 12:01:36,773 ] 85 root - INFO - Hypothesis an_000: float64, float64 
[ 2022-12-10 12:01:36,780 ] 85 root - INFO - Hypothesis ao_000: float64, float64 
[ 2022-12-10 12:01:36,787 ] 85 root - INFO - Hypothesis ap_000: float64, float64 
[ 2022-12-10 12:01:36,794 ] 85 root - INFO - Hypothesis aq_000: float64, float64 
[ 2022-12-10 12:01:36,801 ] 85 root - INFO - Hypothesis ar_000: float64, float64 
[ 2022-12-10 12:01:36,805 ] 85 root - INFO - Hypothesis as_000: float64, float64 
[ 2022-12-10 12:01:36,819 ] 85 root - INFO - Hypothesis at_000: float64, float64 
[ 2022-12-10 12:01:36,823 ] 85 root - INFO - Hypothesis au_000: float64, float64 
[ 2022-12-10 12:01:36,838 ] 85 root - INFO - Hypothesis av_000: float64, float64 
[ 2022-12-10 12:01:36,844 ] 85 root - INFO - Hypothesis ax_000: float64, float64 
[ 2022-12-10 12:01:36,849 ] 85 root - INFO - Hypothesis ay_000: float64, float64 
[ 2022-12-10 12:01:36,864 ] 85 root - INFO - Hypothesis ay_001: float64, float64 
[ 2022-12-10 12:01:36,879 ] 85 root - INFO - Hypothesis ay_002: float64, float64 
[ 2022-12-10 12:01:36,894 ] 85 root - INFO - Hypothesis ay_003: float64, float64 
[ 2022-12-10 12:01:36,909 ] 85 root - INFO - Hypothesis ay_004: float64, float64 
[ 2022-12-10 12:01:36,924 ] 85 root - INFO - Hypothesis ay_005: float64, float64 
[ 2022-12-10 12:01:36,929 ] 85 root - INFO - Hypothesis ay_006: float64, float64 
[ 2022-12-10 12:01:36,936 ] 85 root - INFO - Hypothesis ay_007: float64, float64 
[ 2022-12-10 12:01:36,942 ] 85 root - INFO - Hypothesis ay_008: float64, float64 
[ 2022-12-10 12:01:36,949 ] 85 root - INFO - Hypothesis ay_009: float64, float64 
[ 2022-12-10 12:01:36,964 ] 85 root - INFO - Hypothesis az_000: float64, float64 
[ 2022-12-10 12:01:36,970 ] 85 root - INFO - Hypothesis az_001: float64, float64 
[ 2022-12-10 12:01:36,977 ] 85 root - INFO - Hypothesis az_002: float64, float64 
[ 2022-12-10 12:01:36,983 ] 85 root - INFO - Hypothesis az_003: float64, float64 
[ 2022-12-10 12:01:36,990 ] 85 root - INFO - Hypothesis az_004: float64, float64 
[ 2022-12-10 12:01:36,997 ] 85 root - INFO - Hypothesis az_005: float64, float64 
[ 2022-12-10 12:01:37,004 ] 85 root - INFO - Hypothesis az_006: float64, float64 
[ 2022-12-10 12:01:37,010 ] 85 root - INFO - Hypothesis az_007: float64, float64 
[ 2022-12-10 12:01:37,014 ] 85 root - INFO - Hypothesis az_008: float64, float64 
[ 2022-12-10 12:01:37,029 ] 85 root - INFO - Hypothesis az_009: float64, float64 
[ 2022-12-10 12:01:37,044 ] 85 root - INFO - Hypothesis ba_000: float64, float64 
[ 2022-12-10 12:01:37,051 ] 85 root - INFO - Hypothesis ba_001: float64, float64 
[ 2022-12-10 12:01:37,058 ] 85 root - INFO - Hypothesis ba_002: float64, float64 
[ 2022-12-10 12:01:37,065 ] 85 root - INFO - Hypothesis ba_003: float64, float64 
[ 2022-12-10 12:01:37,072 ] 85 root - INFO - Hypothesis ba_004: float64, float64 
[ 2022-12-10 12:01:37,079 ] 85 root - INFO - Hypothesis ba_005: float64, float64 
[ 2022-12-10 12:01:37,085 ] 85 root - INFO - Hypothesis ba_006: float64, float64 
[ 2022-12-10 12:01:37,092 ] 85 root - INFO - Hypothesis ba_007: float64, float64 
[ 2022-12-10 12:01:37,099 ] 85 root - INFO - Hypothesis ba_008: float64, float64 
[ 2022-12-10 12:01:37,104 ] 85 root - INFO - Hypothesis ba_009: float64, float64 
[ 2022-12-10 12:01:37,109 ] 85 root - INFO - Hypothesis bb_000: float64, float64 
[ 2022-12-10 12:01:37,116 ] 85 root - INFO - Hypothesis bc_000: float64, float64 
[ 2022-12-10 12:01:37,121 ] 85 root - INFO - Hypothesis bd_000: float64, float64 
[ 2022-12-10 12:01:37,126 ] 85 root - INFO - Hypothesis be_000: float64, float64 
[ 2022-12-10 12:01:37,132 ] 85 root - INFO - Hypothesis bf_000: float64, float64 
[ 2022-12-10 12:01:37,137 ] 85 root - INFO - Hypothesis bg_000: float64, float64 
[ 2022-12-10 12:01:37,144 ] 85 root - INFO - Hypothesis bh_000: float64, float64 
[ 2022-12-10 12:01:37,151 ] 85 root - INFO - Hypothesis bi_000: float64, float64 
[ 2022-12-10 12:01:37,158 ] 85 root - INFO - Hypothesis bj_000: float64, float64 
[ 2022-12-10 12:01:37,165 ] 85 root - INFO - Hypothesis bs_000: float64, float64 
[ 2022-12-10 12:01:37,172 ] 85 root - INFO - Hypothesis bt_000: float64, float64 
[ 2022-12-10 12:01:37,179 ] 85 root - INFO - Hypothesis bu_000: float64, float64 
[ 2022-12-10 12:01:37,186 ] 85 root - INFO - Hypothesis bv_000: float64, float64 
[ 2022-12-10 12:01:37,193 ] 85 root - INFO - Hypothesis bx_000: float64, float64 
[ 2022-12-10 12:01:37,200 ] 85 root - INFO - Hypothesis by_000: float64, float64 
[ 2022-12-10 12:01:37,207 ] 85 root - INFO - Hypothesis bz_000: float64, float64 
[ 2022-12-10 12:01:37,213 ] 85 root - INFO - Hypothesis ca_000: float64, float64 
[ 2022-12-10 12:01:37,222 ] 85 root - INFO - Hypothesis cb_000: float64, float64 
[ 2022-12-10 12:01:37,230 ] 85 root - INFO - Hypothesis cc_000: float64, float64 
[ 2022-12-10 12:01:37,237 ] 85 root - INFO - Hypothesis cd_000: float64, float64 
[ 2022-12-10 12:01:37,240 ] 85 root - INFO - Hypothesis ce_000: float64, float64 
[ 2022-12-10 12:01:37,247 ] 85 root - INFO - Hypothesis ci_000: float64, float64 
[ 2022-12-10 12:01:37,254 ] 85 root - INFO - Hypothesis cj_000: float64, float64 
[ 2022-12-10 12:01:37,271 ] 85 root - INFO - Hypothesis ck_000: float64, float64 
[ 2022-12-10 12:01:37,279 ] 85 root - INFO - Hypothesis cl_000: float64, float64 
[ 2022-12-10 12:01:37,283 ] 85 root - INFO - Hypothesis cm_000: float64, float64 
[ 2022-12-10 12:01:37,289 ] 85 root - INFO - Hypothesis cn_000: float64, float64 
[ 2022-12-10 12:01:37,304 ] 85 root - INFO - Hypothesis cn_001: float64, float64 
[ 2022-12-10 12:01:37,309 ] 85 root - INFO - Hypothesis cn_002: float64, float64 
[ 2022-12-10 12:01:37,314 ] 85 root - INFO - Hypothesis cn_003: float64, float64 
[ 2022-12-10 12:01:37,322 ] 85 root - INFO - Hypothesis cn_004: float64, float64 
[ 2022-12-10 12:01:37,329 ] 85 root - INFO - Hypothesis cn_005: float64, float64 
[ 2022-12-10 12:01:37,337 ] 85 root - INFO - Hypothesis cn_006: float64, float64 
[ 2022-12-10 12:01:37,344 ] 85 root - INFO - Hypothesis cn_007: float64, float64 
[ 2022-12-10 12:01:37,352 ] 85 root - INFO - Hypothesis cn_008: float64, float64 
[ 2022-12-10 12:01:37,358 ] 85 root - INFO - Hypothesis cn_009: float64, float64 
[ 2022-12-10 12:01:37,364 ] 85 root - INFO - Hypothesis cp_000: float64, float64 
[ 2022-12-10 12:01:37,369 ] 85 root - INFO - Hypothesis cq_000: float64, float64 
[ 2022-12-10 12:01:37,376 ] 85 root - INFO - Hypothesis cs_000: float64, float64 
[ 2022-12-10 12:01:37,383 ] 85 root - INFO - Hypothesis cs_001: float64, float64 
[ 2022-12-10 12:01:37,389 ] 85 root - INFO - Hypothesis cs_002: float64, float64 
[ 2022-12-10 12:01:37,396 ] 85 root - INFO - Hypothesis cs_003: float64, float64 
[ 2022-12-10 12:01:37,402 ] 85 root - INFO - Hypothesis cs_004: float64, float64 
[ 2022-12-10 12:01:37,409 ] 85 root - INFO - Hypothesis cs_005: float64, float64 
[ 2022-12-10 12:01:37,417 ] 85 root - INFO - Hypothesis cs_006: float64, float64 
[ 2022-12-10 12:01:37,424 ] 85 root - INFO - Hypothesis cs_007: float64, float64 
[ 2022-12-10 12:01:37,430 ] 85 root - INFO - Hypothesis cs_008: float64, float64 
[ 2022-12-10 12:01:37,436 ] 85 root - INFO - Hypothesis cs_009: float64, float64 
[ 2022-12-10 12:01:37,451 ] 85 root - INFO - Hypothesis dd_000: float64, float64 
[ 2022-12-10 12:01:37,457 ] 85 root - INFO - Hypothesis de_000: float64, float64 
[ 2022-12-10 12:01:37,463 ] 85 root - INFO - Hypothesis df_000: float64, float64 
[ 2022-12-10 12:01:37,479 ] 85 root - INFO - Hypothesis dg_000: float64, float64 
[ 2022-12-10 12:01:37,482 ] 85 root - INFO - Hypothesis dh_000: float64, float64 
[ 2022-12-10 12:01:37,485 ] 85 root - INFO - Hypothesis di_000: float64, float64 
[ 2022-12-10 12:01:37,489 ] 85 root - INFO - Hypothesis dj_000: float64, float64 
[ 2022-12-10 12:01:37,493 ] 85 root - INFO - Hypothesis dk_000: float64, float64 
[ 2022-12-10 12:01:37,496 ] 85 root - INFO - Hypothesis dl_000: float64, float64 
[ 2022-12-10 12:01:37,499 ] 85 root - INFO - Hypothesis dm_000: float64, float64 
[ 2022-12-10 12:01:37,502 ] 85 root - INFO - Hypothesis dn_000: float64, float64 
[ 2022-12-10 12:01:37,509 ] 85 root - INFO - Hypothesis do_000: float64, float64 
[ 2022-12-10 12:01:37,515 ] 85 root - INFO - Hypothesis dp_000: float64, float64 
[ 2022-12-10 12:01:37,521 ] 85 root - INFO - Hypothesis dq_000: float64, float64 
[ 2022-12-10 12:01:37,537 ] 85 root - INFO - Hypothesis dr_000: float64, float64 
[ 2022-12-10 12:01:37,541 ] 85 root - INFO - Hypothesis ds_000: float64, float64 
[ 2022-12-10 12:01:37,548 ] 85 root - INFO - Hypothesis dt_000: float64, float64 
[ 2022-12-10 12:01:37,555 ] 85 root - INFO - Hypothesis du_000: float64, float64 
[ 2022-12-10 12:01:37,561 ] 85 root - INFO - Hypothesis dv_000: float64, float64 
[ 2022-12-10 12:01:37,568 ] 85 root - INFO - Hypothesis dx_000: float64, float64 
[ 2022-12-10 12:01:37,573 ] 85 root - INFO - Hypothesis dy_000: float64, float64 
[ 2022-12-10 12:01:37,580 ] 85 root - INFO - Hypothesis dz_000: float64, float64 
[ 2022-12-10 12:01:37,584 ] 85 root - INFO - Hypothesis ea_000: float64, float64 
[ 2022-12-10 12:01:37,589 ] 85 root - INFO - Hypothesis eb_000: float64, float64 
[ 2022-12-10 12:01:37,594 ] 85 root - INFO - Hypothesis ec_00: float64, float64 
[ 2022-12-10 12:01:37,601 ] 85 root - INFO - Hypothesis ed_000: float64, float64 
[ 2022-12-10 12:01:37,607 ] 85 root - INFO - Hypothesis ee_000: float64, float64 
[ 2022-12-10 12:01:37,614 ] 85 root - INFO - Hypothesis ee_001: float64, float64 
[ 2022-12-10 12:01:37,621 ] 85 root - INFO - Hypothesis ee_002: float64, float64 
[ 2022-12-10 12:01:37,628 ] 85 root - INFO - Hypothesis ee_003: float64, float64 
[ 2022-12-10 12:01:37,635 ] 85 root - INFO - Hypothesis ee_004: float64, float64 
[ 2022-12-10 12:01:37,642 ] 85 root - INFO - Hypothesis ee_005: float64, float64 
[ 2022-12-10 12:01:37,649 ] 85 root - INFO - Hypothesis ee_006: float64, float64 
[ 2022-12-10 12:01:37,656 ] 85 root - INFO - Hypothesis ee_007: float64, float64 
[ 2022-12-10 12:01:37,662 ] 85 root - INFO - Hypothesis ee_008: float64, float64 
[ 2022-12-10 12:01:37,668 ] 85 root - INFO - Hypothesis ee_009: float64, float64 
[ 2022-12-10 12:01:37,673 ] 85 root - INFO - Hypothesis ef_000: float64, float64 
[ 2022-12-10 12:01:37,689 ] 85 root - INFO - Hypothesis eg_000: float64, float64 
[ 2022-12-10 12:01:37,704 ] 144 root - INFO - Write reprt in yaml file
[ 2022-12-10 12:01:37,772 ] 149 root - INFO - Data validation artifact: DataValidationArtifact(report_file_path='/config/workspace/artifact/12102022__120111/data_validation/report.yaml')
[ 2022-12-10 12:01:37,775 ] 25 root - INFO - >>>>>>>>>>>>>>>>>>>>>>>>>>>>>>>>>>>>>>>> Data Transformation <<<<<<<<<<<<<<<<<<<<<<<<<<<<<<<<<<<<<<<<
[ 2022-12-10 12:01:38,665 ] 76 root - INFO - Before resampling in training set Input: (28950, 170) Target:(28950,)
[ 2022-12-10 12:01:44,056 ] 78 root - INFO - After resampling in training set Input: (56190, 170) Target:(56190,)
[ 2022-12-10 12:01:44,057 ] 80 root - INFO - Before resampling in testing set Input: (7238, 170) Target:(7238,)
[ 2022-12-10 12:01:44,710 ] 82 root - INFO - After resampling in testing set Input: (14018, 170) Target:(14018,)
[ 2022-12-10 12:01:44,819 ] 55 root - INFO - Entered the save_object method of utils
[ 2022-12-10 12:01:44,822 ] 59 root - INFO - Exited the save_object method of utils
[ 2022-12-10 12:01:44,822 ] 55 root - INFO - Entered the save_object method of utils
[ 2022-12-10 12:01:44,823 ] 59 root - INFO - Exited the save_object method of utils
[ 2022-12-10 12:01:44,823 ] 113 root - INFO - Data transformation object DataTransformationArtifact(transformed_object_path='/config/workspace/artifact/12102022__120111/data_transformation/transformer/transformer.pkl', transformed_train_path='/config/workspace/artifact/12102022__120111/data_transformation/transformed/train.csv', transformed_test_path='/config/workspace/artifact/12102022__120111/data_transformation/transformed/test.csv', target_encoder_path='/config/workspace/artifact/12102022__120111/data_transformation/target_encoder/target_encoder.pkl')
[ 2022-12-10 12:01:44,824 ] 19 root - INFO - >>>>>>>>>>>>>>>>>>>>>>>>>>>>>>>>>>>>>>>> Model Trainer <<<<<<<<<<<<<<<<<<<<<<<<<<<<<<<<<<<<<<<<
[ 2022-12-10 12:01:44,824 ] 46 root - INFO - Loading train and test array.
[ 2022-12-10 12:01:44,853 ] 50 root - INFO - Splitting input and target feature from both train and test arr.
[ 2022-12-10 12:01:44,853 ] 54 root - INFO - Train the model
[ 2022-12-10 12:01:55,970 ] 57 root - INFO - Calculating f1 train score
[ 2022-12-10 12:01:56,017 ] 61 root - INFO - Calculating f1 test score
[ 2022-12-10 12:01:56,034 ] 65 root - INFO - train score:1.0 and tests score 0.9892488532110091
[ 2022-12-10 12:01:56,034 ] 67 root - INFO - Checking if our model is underfitting or not
[ 2022-12-10 12:01:56,034 ] 72 root - INFO - Checking if our model is overfiiting or not
[ 2022-12-10 12:01:56,034 ] 79 root - INFO - Saving mode object
[ 2022-12-10 12:01:56,034 ] 55 root - INFO - Entered the save_object method of utils
[ 2022-12-10 12:01:56,040 ] 59 root - INFO - Exited the save_object method of utils
[ 2022-12-10 12:01:56,040 ] 83 root - INFO - Prepare the artifact
[ 2022-12-10 12:01:56,040 ] 86 root - INFO - Model trainer artifact: ModelTrainerArtifact(model_path='/config/workspace/artifact/12102022__120111/model_trainer/model/model.pkl', f1_train_score=1.0, f1_test_score=0.9892488532110091)
