[ 2022-12-11 09:29:20,619 ] 19 root - INFO - Reading data from database: {database_name} and collection {collection_name}
[ 2022-12-11 09:29:24,103 ] 22 root - INFO - found columns: Index(['_id', 'class', 'aa_000', 'ab_000', 'ac_000', 'ad_000', 'ae_000',
       'af_000', 'ag_000', 'ag_001',
       ...
       'ee_002', 'ee_003', 'ee_004', 'ee_005', 'ee_006', 'ee_007', 'ee_008',
       'ee_009', 'ef_000', 'eg_000'],
      dtype='object', length=172)
[ 2022-12-11 09:29:24,103 ] 24 root - INFO - droping column :_id
[ 2022-12-11 09:29:24,294 ] 26 root - INFO - row and cols in df :(36188, 171)
[ 2022-12-11 09:29:24,821 ] 31 root - INFO - create a feature store folder if not available
[ 2022-12-11 09:29:24,822 ] 34 root - INFO - Save df to feature folder
[ 2022-12-11 09:29:27,290 ] 38 root - INFO - split the dataset into train and test
[ 2022-12-11 09:29:27,845 ] 41 root - INFO - create dataset directory if not available
[ 2022-12-11 09:29:27,846 ] 46 root - INFO - save df to feature store folder
[ 2022-12-11 09:29:30,511 ] 19 root - INFO - >>>>>>>>>>>>>>>>>>>>>>>>>>>>>>>>>>>>>>>> Data Validation <<<<<<<<<<<<<<<<<<<<<<<<<<<<<<<<<<<<<<<<
[ 2022-12-11 09:29:30,512 ] 107 root - INFO - Reading base dataframe
[ 2022-12-11 09:29:33,308 ] 110 root - INFO - Replace na value in base df
[ 2022-12-11 09:29:33,308 ] 112 root - INFO - Drop null values colums from base df
[ 2022-12-11 09:29:34,199 ] 41 root - INFO - selecting column name which contains null above to 0.2
[ 2022-12-11 09:29:34,199 ] 44 root - INFO - Columns to drop: ['ab_000', 'ad_000', 'bk_000', 'bl_000', 'bm_000', 'bn_000', 'bo_000', 'bp_000', 'bq_000', 'br_000', 'cf_000', 'cg_000', 'ch_000', 'co_000', 'cr_000', 'ct_000', 'cu_000', 'cv_000', 'cx_000', 'cy_000', 'cz_000', 'da_000', 'db_000', 'dc_000']
[ 2022-12-11 09:29:34,285 ] 115 root - INFO - Reading train dataframe
[ 2022-12-11 09:29:34,670 ] 117 root - INFO - Reading test dataframe
[ 2022-12-11 09:29:34,777 ] 120 root - INFO - Drop null values colums from train df
[ 2022-12-11 09:29:34,796 ] 41 root - INFO - selecting column name which contains null above to 0.2
[ 2022-12-11 09:29:34,796 ] 44 root - INFO - Columns to drop: ['ab_000', 'ad_000', 'bk_000', 'bl_000', 'bm_000', 'bn_000', 'bo_000', 'bp_000', 'bq_000', 'br_000', 'cf_000', 'cg_000', 'ch_000', 'co_000', 'cr_000', 'ct_000', 'cu_000', 'cv_000', 'cx_000', 'cy_000', 'cz_000', 'da_000', 'db_000', 'dc_000']
[ 2022-12-11 09:29:34,805 ] 122 root - INFO - Drop null values colums from test df
[ 2022-12-11 09:29:34,809 ] 41 root - INFO - selecting column name which contains null above to 0.2
[ 2022-12-11 09:29:34,810 ] 44 root - INFO - Columns to drop: ['ab_000', 'ad_000', 'bk_000', 'bl_000', 'bm_000', 'bn_000', 'bo_000', 'bp_000', 'bq_000', 'br_000', 'cf_000', 'cg_000', 'ch_000', 'co_000', 'cr_000', 'ct_000', 'cu_000', 'cv_000', 'cx_000', 'cy_000', 'cz_000', 'da_000', 'db_000', 'dc_000']
[ 2022-12-11 09:29:40,570 ] 131 root - INFO - Is all required columns present in train df
[ 2022-12-11 09:29:40,571 ] 133 root - INFO - Is all required columns present in test df
[ 2022-12-11 09:29:40,571 ] 137 root - INFO - As all column are available in train df hence detecting data drift
[ 2022-12-11 09:29:40,571 ] 85 root - INFO - Hypothesis class: object, object 
[ 2022-12-11 09:29:40,709 ] 85 root - INFO - Hypothesis aa_000: float64, float64 
[ 2022-12-11 09:29:40,720 ] 85 root - INFO - Hypothesis ac_000: float64, float64 
[ 2022-12-11 09:29:40,728 ] 85 root - INFO - Hypothesis ae_000: float64, float64 
[ 2022-12-11 09:29:40,764 ] 85 root - INFO - Hypothesis af_000: float64, float64 
[ 2022-12-11 09:29:40,803 ] 85 root - INFO - Hypothesis ag_000: float64, float64 
[ 2022-12-11 09:29:40,839 ] 85 root - INFO - Hypothesis ag_001: float64, float64 
[ 2022-12-11 09:29:40,875 ] 85 root - INFO - Hypothesis ag_002: float64, float64 
[ 2022-12-11 09:29:40,912 ] 85 root - INFO - Hypothesis ag_003: float64, float64 
[ 2022-12-11 09:29:40,918 ] 85 root - INFO - Hypothesis ag_004: float64, float64 
[ 2022-12-11 09:29:40,928 ] 85 root - INFO - Hypothesis ag_005: float64, float64 
[ 2022-12-11 09:29:40,939 ] 85 root - INFO - Hypothesis ag_006: float64, float64 
[ 2022-12-11 09:29:40,950 ] 85 root - INFO - Hypothesis ag_007: float64, float64 
[ 2022-12-11 09:29:40,959 ] 85 root - INFO - Hypothesis ag_008: float64, float64 
[ 2022-12-11 09:29:40,967 ] 85 root - INFO - Hypothesis ag_009: float64, float64 
[ 2022-12-11 09:29:41,007 ] 85 root - INFO - Hypothesis ah_000: float64, float64 
[ 2022-12-11 09:29:41,048 ] 85 root - INFO - Hypothesis ai_000: float64, float64 
[ 2022-12-11 09:29:41,086 ] 85 root - INFO - Hypothesis aj_000: float64, float64 
[ 2022-12-11 09:29:41,125 ] 85 root - INFO - Hypothesis ak_000: float64, float64 
[ 2022-12-11 09:29:41,162 ] 85 root - INFO - Hypothesis al_000: float64, float64 
[ 2022-12-11 09:29:41,169 ] 85 root - INFO - Hypothesis am_0: float64, float64 
[ 2022-12-11 09:29:41,177 ] 85 root - INFO - Hypothesis an_000: float64, float64 
[ 2022-12-11 09:29:41,220 ] 85 root - INFO - Hypothesis ao_000: float64, float64 
[ 2022-12-11 09:29:41,231 ] 85 root - INFO - Hypothesis ap_000: float64, float64 
[ 2022-12-11 09:29:41,241 ] 85 root - INFO - Hypothesis aq_000: float64, float64 
[ 2022-12-11 09:29:41,285 ] 85 root - INFO - Hypothesis ar_000: float64, float64 
[ 2022-12-11 09:29:41,321 ] 85 root - INFO - Hypothesis as_000: float64, float64 
[ 2022-12-11 09:29:41,357 ] 85 root - INFO - Hypothesis at_000: float64, float64 
[ 2022-12-11 09:29:41,395 ] 85 root - INFO - Hypothesis au_000: float64, float64 
[ 2022-12-11 09:29:41,429 ] 85 root - INFO - Hypothesis av_000: float64, float64 
[ 2022-12-11 09:29:41,438 ] 85 root - INFO - Hypothesis ax_000: float64, float64 
[ 2022-12-11 09:29:41,446 ] 85 root - INFO - Hypothesis ay_000: float64, float64 
[ 2022-12-11 09:29:41,481 ] 85 root - INFO - Hypothesis ay_001: float64, float64 
[ 2022-12-11 09:29:41,518 ] 85 root - INFO - Hypothesis ay_002: float64, float64 
[ 2022-12-11 09:29:41,555 ] 85 root - INFO - Hypothesis ay_003: float64, float64 
[ 2022-12-11 09:29:41,591 ] 85 root - INFO - Hypothesis ay_004: float64, float64 
[ 2022-12-11 09:29:41,628 ] 85 root - INFO - Hypothesis ay_005: float64, float64 
[ 2022-12-11 09:29:41,669 ] 85 root - INFO - Hypothesis ay_006: float64, float64 
[ 2022-12-11 09:29:41,678 ] 85 root - INFO - Hypothesis ay_007: float64, float64 
[ 2022-12-11 09:29:41,688 ] 85 root - INFO - Hypothesis ay_008: float64, float64 
[ 2022-12-11 09:29:41,731 ] 85 root - INFO - Hypothesis ay_009: float64, float64 
[ 2022-12-11 09:29:41,767 ] 85 root - INFO - Hypothesis az_000: float64, float64 
[ 2022-12-11 09:29:41,810 ] 85 root - INFO - Hypothesis az_001: float64, float64 
[ 2022-12-11 09:29:41,819 ] 85 root - INFO - Hypothesis az_002: float64, float64 
[ 2022-12-11 09:29:41,828 ] 85 root - INFO - Hypothesis az_003: float64, float64 
[ 2022-12-11 09:29:41,838 ] 85 root - INFO - Hypothesis az_004: float64, float64 
[ 2022-12-11 09:29:41,849 ] 85 root - INFO - Hypothesis az_005: float64, float64 
[ 2022-12-11 09:29:41,860 ] 85 root - INFO - Hypothesis az_006: float64, float64 
[ 2022-12-11 09:29:41,900 ] 85 root - INFO - Hypothesis az_007: float64, float64 
[ 2022-12-11 09:29:41,938 ] 85 root - INFO - Hypothesis az_008: float64, float64 
[ 2022-12-11 09:29:41,975 ] 85 root - INFO - Hypothesis az_009: float64, float64 
[ 2022-12-11 09:29:42,012 ] 85 root - INFO - Hypothesis ba_000: float64, float64 
[ 2022-12-11 09:29:42,024 ] 85 root - INFO - Hypothesis ba_001: float64, float64 
[ 2022-12-11 09:29:42,036 ] 85 root - INFO - Hypothesis ba_002: float64, float64 
[ 2022-12-11 09:29:42,047 ] 85 root - INFO - Hypothesis ba_003: float64, float64 
[ 2022-12-11 09:29:42,057 ] 85 root - INFO - Hypothesis ba_004: float64, float64 
[ 2022-12-11 09:29:42,068 ] 85 root - INFO - Hypothesis ba_005: float64, float64 
[ 2022-12-11 09:29:42,079 ] 85 root - INFO - Hypothesis ba_006: float64, float64 
[ 2022-12-11 09:29:42,089 ] 85 root - INFO - Hypothesis ba_007: float64, float64 
[ 2022-12-11 09:29:42,099 ] 85 root - INFO - Hypothesis ba_008: float64, float64 
[ 2022-12-11 09:29:42,108 ] 85 root - INFO - Hypothesis ba_009: float64, float64 
[ 2022-12-11 09:29:42,115 ] 85 root - INFO - Hypothesis bb_000: float64, float64 
[ 2022-12-11 09:29:42,159 ] 85 root - INFO - Hypothesis bc_000: float64, float64 
[ 2022-12-11 09:29:42,166 ] 85 root - INFO - Hypothesis bd_000: float64, float64 
[ 2022-12-11 09:29:42,175 ] 85 root - INFO - Hypothesis be_000: float64, float64 
[ 2022-12-11 09:29:42,184 ] 85 root - INFO - Hypothesis bf_000: float64, float64 
[ 2022-12-11 09:29:42,190 ] 85 root - INFO - Hypothesis bg_000: float64, float64 
[ 2022-12-11 09:29:42,234 ] 85 root - INFO - Hypothesis bh_000: float64, float64 
[ 2022-12-11 09:29:42,277 ] 85 root - INFO - Hypothesis bi_000: float64, float64 
[ 2022-12-11 09:29:42,288 ] 85 root - INFO - Hypothesis bj_000: float64, float64 
[ 2022-12-11 09:29:42,331 ] 85 root - INFO - Hypothesis bs_000: float64, float64 
[ 2022-12-11 09:29:42,341 ] 85 root - INFO - Hypothesis bt_000: float64, float64 
[ 2022-12-11 09:29:42,352 ] 85 root - INFO - Hypothesis bu_000: float64, float64 
[ 2022-12-11 09:29:42,362 ] 85 root - INFO - Hypothesis bv_000: float64, float64 
[ 2022-12-11 09:29:42,373 ] 85 root - INFO - Hypothesis bx_000: float64, float64 
[ 2022-12-11 09:29:42,383 ] 85 root - INFO - Hypothesis by_000: float64, float64 
[ 2022-12-11 09:29:42,426 ] 85 root - INFO - Hypothesis bz_000: float64, float64 
[ 2022-12-11 09:29:42,436 ] 85 root - INFO - Hypothesis ca_000: float64, float64 
[ 2022-12-11 09:29:42,447 ] 85 root - INFO - Hypothesis cb_000: float64, float64 
[ 2022-12-11 09:29:42,490 ] 85 root - INFO - Hypothesis cc_000: float64, float64 
[ 2022-12-11 09:29:42,500 ] 85 root - INFO - Hypothesis cd_000: float64, float64 
[ 2022-12-11 09:29:42,537 ] 85 root - INFO - Hypothesis ce_000: float64, float64 
[ 2022-12-11 09:29:42,579 ] 85 root - INFO - Hypothesis ci_000: float64, float64 
[ 2022-12-11 09:29:42,590 ] 85 root - INFO - Hypothesis cj_000: float64, float64 
[ 2022-12-11 09:29:42,630 ] 85 root - INFO - Hypothesis ck_000: float64, float64 
[ 2022-12-11 09:29:42,674 ] 85 root - INFO - Hypothesis cl_000: float64, float64 
[ 2022-12-11 09:29:42,713 ] 85 root - INFO - Hypothesis cm_000: float64, float64 
[ 2022-12-11 09:29:42,752 ] 85 root - INFO - Hypothesis cn_000: float64, float64 
[ 2022-12-11 09:29:42,789 ] 85 root - INFO - Hypothesis cn_001: float64, float64 
[ 2022-12-11 09:29:42,827 ] 85 root - INFO - Hypothesis cn_002: float64, float64 
[ 2022-12-11 09:29:42,867 ] 85 root - INFO - Hypothesis cn_003: float64, float64 
[ 2022-12-11 09:29:42,878 ] 85 root - INFO - Hypothesis cn_004: float64, float64 
[ 2022-12-11 09:29:42,888 ] 85 root - INFO - Hypothesis cn_005: float64, float64 
[ 2022-12-11 09:29:42,899 ] 85 root - INFO - Hypothesis cn_006: float64, float64 
[ 2022-12-11 09:29:42,909 ] 85 root - INFO - Hypothesis cn_007: float64, float64 
[ 2022-12-11 09:29:42,918 ] 85 root - INFO - Hypothesis cn_008: float64, float64 
[ 2022-12-11 09:29:42,964 ] 85 root - INFO - Hypothesis cn_009: float64, float64 
[ 2022-12-11 09:29:43,005 ] 85 root - INFO - Hypothesis cp_000: float64, float64 
[ 2022-12-11 09:29:43,044 ] 85 root - INFO - Hypothesis cq_000: float64, float64 
[ 2022-12-11 09:29:43,055 ] 85 root - INFO - Hypothesis cs_000: float64, float64 
[ 2022-12-11 09:29:43,099 ] 85 root - INFO - Hypothesis cs_001: float64, float64 
[ 2022-12-11 09:29:43,140 ] 85 root - INFO - Hypothesis cs_002: float64, float64 
[ 2022-12-11 09:29:43,151 ] 85 root - INFO - Hypothesis cs_003: float64, float64 
[ 2022-12-11 09:29:43,162 ] 85 root - INFO - Hypothesis cs_004: float64, float64 
[ 2022-12-11 09:29:43,205 ] 85 root - INFO - Hypothesis cs_005: float64, float64 
[ 2022-12-11 09:29:43,216 ] 85 root - INFO - Hypothesis cs_006: float64, float64 
[ 2022-12-11 09:29:43,227 ] 85 root - INFO - Hypothesis cs_007: float64, float64 
[ 2022-12-11 09:29:43,237 ] 85 root - INFO - Hypothesis cs_008: float64, float64 
[ 2022-12-11 09:29:43,245 ] 85 root - INFO - Hypothesis cs_009: float64, float64 
[ 2022-12-11 09:29:43,282 ] 85 root - INFO - Hypothesis dd_000: float64, float64 
[ 2022-12-11 09:29:43,324 ] 85 root - INFO - Hypothesis de_000: float64, float64 
[ 2022-12-11 09:29:43,365 ] 85 root - INFO - Hypothesis df_000: float64, float64 
[ 2022-12-11 09:29:43,401 ] 85 root - INFO - Hypothesis dg_000: float64, float64 
[ 2022-12-11 09:29:43,438 ] 85 root - INFO - Hypothesis dh_000: float64, float64 
[ 2022-12-11 09:29:43,476 ] 85 root - INFO - Hypothesis di_000: float64, float64 
[ 2022-12-11 09:29:43,516 ] 85 root - INFO - Hypothesis dj_000: float64, float64 
[ 2022-12-11 09:29:43,552 ] 85 root - INFO - Hypothesis dk_000: float64, float64 
[ 2022-12-11 09:29:43,589 ] 85 root - INFO - Hypothesis dl_000: float64, float64 
[ 2022-12-11 09:29:43,626 ] 85 root - INFO - Hypothesis dm_000: float64, float64 
[ 2022-12-11 09:29:43,663 ] 85 root - INFO - Hypothesis dn_000: float64, float64 
[ 2022-12-11 09:29:43,706 ] 85 root - INFO - Hypothesis do_000: float64, float64 
[ 2022-12-11 09:29:43,716 ] 85 root - INFO - Hypothesis dp_000: float64, float64 
[ 2022-12-11 09:29:43,726 ] 85 root - INFO - Hypothesis dq_000: float64, float64 
[ 2022-12-11 09:29:43,765 ] 85 root - INFO - Hypothesis dr_000: float64, float64 
[ 2022-12-11 09:29:43,803 ] 85 root - INFO - Hypothesis ds_000: float64, float64 
[ 2022-12-11 09:29:43,814 ] 85 root - INFO - Hypothesis dt_000: float64, float64 
[ 2022-12-11 09:29:43,824 ] 85 root - INFO - Hypothesis du_000: float64, float64 
[ 2022-12-11 09:29:43,867 ] 85 root - INFO - Hypothesis dv_000: float64, float64 
[ 2022-12-11 09:29:43,910 ] 85 root - INFO - Hypothesis dx_000: float64, float64 
[ 2022-12-11 09:29:43,917 ] 85 root - INFO - Hypothesis dy_000: float64, float64 
[ 2022-12-11 09:29:43,924 ] 85 root - INFO - Hypothesis dz_000: float64, float64 
[ 2022-12-11 09:29:43,960 ] 85 root - INFO - Hypothesis ea_000: float64, float64 
[ 2022-12-11 09:29:43,996 ] 85 root - INFO - Hypothesis eb_000: float64, float64 
[ 2022-12-11 09:29:44,005 ] 85 root - INFO - Hypothesis ec_00: float64, float64 
[ 2022-12-11 09:29:44,015 ] 85 root - INFO - Hypothesis ed_000: float64, float64 
[ 2022-12-11 09:29:44,024 ] 85 root - INFO - Hypothesis ee_000: float64, float64 
[ 2022-12-11 09:29:44,068 ] 85 root - INFO - Hypothesis ee_001: float64, float64 
[ 2022-12-11 09:29:44,080 ] 85 root - INFO - Hypothesis ee_002: float64, float64 
[ 2022-12-11 09:29:44,092 ] 85 root - INFO - Hypothesis ee_003: float64, float64 
[ 2022-12-11 09:29:44,103 ] 85 root - INFO - Hypothesis ee_004: float64, float64 
[ 2022-12-11 09:29:44,114 ] 85 root - INFO - Hypothesis ee_005: float64, float64 
[ 2022-12-11 09:29:44,125 ] 85 root - INFO - Hypothesis ee_006: float64, float64 
[ 2022-12-11 09:29:44,135 ] 85 root - INFO - Hypothesis ee_007: float64, float64 
[ 2022-12-11 09:29:44,145 ] 85 root - INFO - Hypothesis ee_008: float64, float64 
[ 2022-12-11 09:29:44,154 ] 85 root - INFO - Hypothesis ee_009: float64, float64 
[ 2022-12-11 09:29:44,162 ] 85 root - INFO - Hypothesis ef_000: float64, float64 
[ 2022-12-11 09:29:44,200 ] 85 root - INFO - Hypothesis eg_000: float64, float64 
[ 2022-12-11 09:29:44,236 ] 140 root - INFO - As all column are available in test df hence detecting data drift
[ 2022-12-11 09:29:44,237 ] 85 root - INFO - Hypothesis class: object, object 
[ 2022-12-11 09:29:44,311 ] 85 root - INFO - Hypothesis aa_000: float64, float64 
[ 2022-12-11 09:29:44,318 ] 85 root - INFO - Hypothesis ac_000: float64, float64 
[ 2022-12-11 09:29:44,324 ] 85 root - INFO - Hypothesis ae_000: float64, float64 
[ 2022-12-11 09:29:44,339 ] 85 root - INFO - Hypothesis af_000: float64, float64 
[ 2022-12-11 09:29:44,354 ] 85 root - INFO - Hypothesis ag_000: float64, float64 
[ 2022-12-11 09:29:44,369 ] 85 root - INFO - Hypothesis ag_001: float64, float64 
[ 2022-12-11 09:29:44,385 ] 85 root - INFO - Hypothesis ag_002: float64, float64 
[ 2022-12-11 09:29:44,400 ] 85 root - INFO - Hypothesis ag_003: float64, float64 
[ 2022-12-11 09:29:44,405 ] 85 root - INFO - Hypothesis ag_004: float64, float64 
[ 2022-12-11 09:29:44,411 ] 85 root - INFO - Hypothesis ag_005: float64, float64 
[ 2022-12-11 09:29:44,418 ] 85 root - INFO - Hypothesis ag_006: float64, float64 
[ 2022-12-11 09:29:44,426 ] 85 root - INFO - Hypothesis ag_007: float64, float64 
[ 2022-12-11 09:29:44,432 ] 85 root - INFO - Hypothesis ag_008: float64, float64 
[ 2022-12-11 09:29:44,438 ] 85 root - INFO - Hypothesis ag_009: float64, float64 
[ 2022-12-11 09:29:44,442 ] 85 root - INFO - Hypothesis ah_000: float64, float64 
[ 2022-12-11 09:29:44,449 ] 85 root - INFO - Hypothesis ai_000: float64, float64 
[ 2022-12-11 09:29:44,453 ] 85 root - INFO - Hypothesis aj_000: float64, float64 
[ 2022-12-11 09:29:44,470 ] 85 root - INFO - Hypothesis ak_000: float64, float64 
[ 2022-12-11 09:29:44,485 ] 85 root - INFO - Hypothesis al_000: float64, float64 
[ 2022-12-11 09:29:44,490 ] 85 root - INFO - Hypothesis am_0: float64, float64 
[ 2022-12-11 09:29:44,495 ] 85 root - INFO - Hypothesis an_000: float64, float64 
[ 2022-12-11 09:29:44,502 ] 85 root - INFO - Hypothesis ao_000: float64, float64 
[ 2022-12-11 09:29:44,509 ] 85 root - INFO - Hypothesis ap_000: float64, float64 
[ 2022-12-11 09:29:44,516 ] 85 root - INFO - Hypothesis aq_000: float64, float64 
[ 2022-12-11 09:29:44,524 ] 85 root - INFO - Hypothesis ar_000: float64, float64 
[ 2022-12-11 09:29:44,539 ] 85 root - INFO - Hypothesis as_000: float64, float64 
[ 2022-12-11 09:29:44,554 ] 85 root - INFO - Hypothesis at_000: float64, float64 
[ 2022-12-11 09:29:44,558 ] 85 root - INFO - Hypothesis au_000: float64, float64 
[ 2022-12-11 09:29:44,573 ] 85 root - INFO - Hypothesis av_000: float64, float64 
[ 2022-12-11 09:29:44,580 ] 85 root - INFO - Hypothesis ax_000: float64, float64 
[ 2022-12-11 09:29:44,585 ] 85 root - INFO - Hypothesis ay_000: float64, float64 
[ 2022-12-11 09:29:44,600 ] 85 root - INFO - Hypothesis ay_001: float64, float64 
[ 2022-12-11 09:29:44,616 ] 85 root - INFO - Hypothesis ay_002: float64, float64 
[ 2022-12-11 09:29:44,631 ] 85 root - INFO - Hypothesis ay_003: float64, float64 
[ 2022-12-11 09:29:44,647 ] 85 root - INFO - Hypothesis ay_004: float64, float64 
[ 2022-12-11 09:29:44,662 ] 85 root - INFO - Hypothesis ay_005: float64, float64 
[ 2022-12-11 09:29:44,668 ] 85 root - INFO - Hypothesis ay_006: float64, float64 
[ 2022-12-11 09:29:44,674 ] 85 root - INFO - Hypothesis ay_007: float64, float64 
[ 2022-12-11 09:29:44,681 ] 85 root - INFO - Hypothesis ay_008: float64, float64 
[ 2022-12-11 09:29:44,688 ] 85 root - INFO - Hypothesis ay_009: float64, float64 
[ 2022-12-11 09:29:44,703 ] 85 root - INFO - Hypothesis az_000: float64, float64 
[ 2022-12-11 09:29:44,710 ] 85 root - INFO - Hypothesis az_001: float64, float64 
[ 2022-12-11 09:29:44,716 ] 85 root - INFO - Hypothesis az_002: float64, float64 
[ 2022-12-11 09:29:44,723 ] 85 root - INFO - Hypothesis az_003: float64, float64 
[ 2022-12-11 09:29:44,730 ] 85 root - INFO - Hypothesis az_004: float64, float64 
[ 2022-12-11 09:29:44,737 ] 85 root - INFO - Hypothesis az_005: float64, float64 
[ 2022-12-11 09:29:44,744 ] 85 root - INFO - Hypothesis az_006: float64, float64 
[ 2022-12-11 09:29:44,750 ] 85 root - INFO - Hypothesis az_007: float64, float64 
[ 2022-12-11 09:29:44,754 ] 85 root - INFO - Hypothesis az_008: float64, float64 
[ 2022-12-11 09:29:44,770 ] 85 root - INFO - Hypothesis az_009: float64, float64 
[ 2022-12-11 09:29:44,774 ] 85 root - INFO - Hypothesis ba_000: float64, float64 
[ 2022-12-11 09:29:44,781 ] 85 root - INFO - Hypothesis ba_001: float64, float64 
[ 2022-12-11 09:29:44,788 ] 85 root - INFO - Hypothesis ba_002: float64, float64 
[ 2022-12-11 09:29:44,796 ] 85 root - INFO - Hypothesis ba_003: float64, float64 
[ 2022-12-11 09:29:44,802 ] 85 root - INFO - Hypothesis ba_004: float64, float64 
[ 2022-12-11 09:29:44,809 ] 85 root - INFO - Hypothesis ba_005: float64, float64 
[ 2022-12-11 09:29:44,816 ] 85 root - INFO - Hypothesis ba_006: float64, float64 
[ 2022-12-11 09:29:44,823 ] 85 root - INFO - Hypothesis ba_007: float64, float64 
[ 2022-12-11 09:29:44,830 ] 85 root - INFO - Hypothesis ba_008: float64, float64 
[ 2022-12-11 09:29:44,835 ] 85 root - INFO - Hypothesis ba_009: float64, float64 
[ 2022-12-11 09:29:44,840 ] 85 root - INFO - Hypothesis bb_000: float64, float64 
[ 2022-12-11 09:29:44,847 ] 85 root - INFO - Hypothesis bc_000: float64, float64 
[ 2022-12-11 09:29:44,852 ] 85 root - INFO - Hypothesis bd_000: float64, float64 
[ 2022-12-11 09:29:44,858 ] 85 root - INFO - Hypothesis be_000: float64, float64 
[ 2022-12-11 09:29:44,864 ] 85 root - INFO - Hypothesis bf_000: float64, float64 
[ 2022-12-11 09:29:44,868 ] 85 root - INFO - Hypothesis bg_000: float64, float64 
[ 2022-12-11 09:29:44,875 ] 85 root - INFO - Hypothesis bh_000: float64, float64 
[ 2022-12-11 09:29:44,882 ] 85 root - INFO - Hypothesis bi_000: float64, float64 
[ 2022-12-11 09:29:44,889 ] 85 root - INFO - Hypothesis bj_000: float64, float64 
[ 2022-12-11 09:29:44,897 ] 85 root - INFO - Hypothesis bs_000: float64, float64 
[ 2022-12-11 09:29:44,904 ] 85 root - INFO - Hypothesis bt_000: float64, float64 
[ 2022-12-11 09:29:44,911 ] 85 root - INFO - Hypothesis bu_000: float64, float64 
[ 2022-12-11 09:29:44,918 ] 85 root - INFO - Hypothesis bv_000: float64, float64 
[ 2022-12-11 09:29:44,925 ] 85 root - INFO - Hypothesis bx_000: float64, float64 
[ 2022-12-11 09:29:44,932 ] 85 root - INFO - Hypothesis by_000: float64, float64 
[ 2022-12-11 09:29:44,939 ] 85 root - INFO - Hypothesis bz_000: float64, float64 
[ 2022-12-11 09:29:44,945 ] 85 root - INFO - Hypothesis ca_000: float64, float64 
[ 2022-12-11 09:29:44,952 ] 85 root - INFO - Hypothesis cb_000: float64, float64 
[ 2022-12-11 09:29:44,959 ] 85 root - INFO - Hypothesis cc_000: float64, float64 
[ 2022-12-11 09:29:44,966 ] 85 root - INFO - Hypothesis cd_000: float64, float64 
[ 2022-12-11 09:29:44,981 ] 85 root - INFO - Hypothesis ce_000: float64, float64 
[ 2022-12-11 09:29:44,988 ] 85 root - INFO - Hypothesis ci_000: float64, float64 
[ 2022-12-11 09:29:44,994 ] 85 root - INFO - Hypothesis cj_000: float64, float64 
[ 2022-12-11 09:29:45,011 ] 85 root - INFO - Hypothesis ck_000: float64, float64 
[ 2022-12-11 09:29:45,018 ] 85 root - INFO - Hypothesis cl_000: float64, float64 
[ 2022-12-11 09:29:45,022 ] 85 root - INFO - Hypothesis cm_000: float64, float64 
[ 2022-12-11 09:29:45,027 ] 85 root - INFO - Hypothesis cn_000: float64, float64 
[ 2022-12-11 09:29:45,043 ] 85 root - INFO - Hypothesis cn_001: float64, float64 
[ 2022-12-11 09:29:45,046 ] 85 root - INFO - Hypothesis cn_002: float64, float64 
[ 2022-12-11 09:29:45,052 ] 85 root - INFO - Hypothesis cn_003: float64, float64 
[ 2022-12-11 09:29:45,059 ] 85 root - INFO - Hypothesis cn_004: float64, float64 
[ 2022-12-11 09:29:45,066 ] 85 root - INFO - Hypothesis cn_005: float64, float64 
[ 2022-12-11 09:29:45,074 ] 85 root - INFO - Hypothesis cn_006: float64, float64 
[ 2022-12-11 09:29:45,082 ] 85 root - INFO - Hypothesis cn_007: float64, float64 
[ 2022-12-11 09:29:45,089 ] 85 root - INFO - Hypothesis cn_008: float64, float64 
[ 2022-12-11 09:29:45,095 ] 85 root - INFO - Hypothesis cn_009: float64, float64 
[ 2022-12-11 09:29:45,100 ] 85 root - INFO - Hypothesis cp_000: float64, float64 
[ 2022-12-11 09:29:45,106 ] 85 root - INFO - Hypothesis cq_000: float64, float64 
[ 2022-12-11 09:29:45,113 ] 85 root - INFO - Hypothesis cs_000: float64, float64 
[ 2022-12-11 09:29:45,120 ] 85 root - INFO - Hypothesis cs_001: float64, float64 
[ 2022-12-11 09:29:45,125 ] 85 root - INFO - Hypothesis cs_002: float64, float64 
[ 2022-12-11 09:29:45,132 ] 85 root - INFO - Hypothesis cs_003: float64, float64 
[ 2022-12-11 09:29:45,139 ] 85 root - INFO - Hypothesis cs_004: float64, float64 
[ 2022-12-11 09:29:45,146 ] 85 root - INFO - Hypothesis cs_005: float64, float64 
[ 2022-12-11 09:29:45,153 ] 85 root - INFO - Hypothesis cs_006: float64, float64 
[ 2022-12-11 09:29:45,160 ] 85 root - INFO - Hypothesis cs_007: float64, float64 
[ 2022-12-11 09:29:45,167 ] 85 root - INFO - Hypothesis cs_008: float64, float64 
[ 2022-12-11 09:29:45,173 ] 85 root - INFO - Hypothesis cs_009: float64, float64 
[ 2022-12-11 09:29:45,176 ] 85 root - INFO - Hypothesis dd_000: float64, float64 
[ 2022-12-11 09:29:45,182 ] 85 root - INFO - Hypothesis de_000: float64, float64 
[ 2022-12-11 09:29:45,188 ] 85 root - INFO - Hypothesis df_000: float64, float64 
[ 2022-12-11 09:29:45,192 ] 85 root - INFO - Hypothesis dg_000: float64, float64 
[ 2022-12-11 09:29:45,195 ] 85 root - INFO - Hypothesis dh_000: float64, float64 
[ 2022-12-11 09:29:45,199 ] 85 root - INFO - Hypothesis di_000: float64, float64 
[ 2022-12-11 09:29:45,204 ] 85 root - INFO - Hypothesis dj_000: float64, float64 
[ 2022-12-11 09:29:45,207 ] 85 root - INFO - Hypothesis dk_000: float64, float64 
[ 2022-12-11 09:29:45,210 ] 85 root - INFO - Hypothesis dl_000: float64, float64 
[ 2022-12-11 09:29:45,214 ] 85 root - INFO - Hypothesis dm_000: float64, float64 
[ 2022-12-11 09:29:45,217 ] 85 root - INFO - Hypothesis dn_000: float64, float64 
[ 2022-12-11 09:29:45,224 ] 85 root - INFO - Hypothesis do_000: float64, float64 
[ 2022-12-11 09:29:45,230 ] 85 root - INFO - Hypothesis dp_000: float64, float64 
[ 2022-12-11 09:29:45,237 ] 85 root - INFO - Hypothesis dq_000: float64, float64 
[ 2022-12-11 09:29:45,241 ] 85 root - INFO - Hypothesis dr_000: float64, float64 
[ 2022-12-11 09:29:45,245 ] 85 root - INFO - Hypothesis ds_000: float64, float64 
[ 2022-12-11 09:29:45,252 ] 85 root - INFO - Hypothesis dt_000: float64, float64 
[ 2022-12-11 09:29:45,259 ] 85 root - INFO - Hypothesis du_000: float64, float64 
[ 2022-12-11 09:29:45,265 ] 85 root - INFO - Hypothesis dv_000: float64, float64 
[ 2022-12-11 09:29:45,272 ] 85 root - INFO - Hypothesis dx_000: float64, float64 
[ 2022-12-11 09:29:45,277 ] 85 root - INFO - Hypothesis dy_000: float64, float64 
[ 2022-12-11 09:29:45,282 ] 85 root - INFO - Hypothesis dz_000: float64, float64 
[ 2022-12-11 09:29:45,298 ] 85 root - INFO - Hypothesis ea_000: float64, float64 
[ 2022-12-11 09:29:45,314 ] 85 root - INFO - Hypothesis eb_000: float64, float64 
[ 2022-12-11 09:29:45,320 ] 85 root - INFO - Hypothesis ec_00: float64, float64 
[ 2022-12-11 09:29:45,326 ] 85 root - INFO - Hypothesis ed_000: float64, float64 
[ 2022-12-11 09:29:45,333 ] 85 root - INFO - Hypothesis ee_000: float64, float64 
[ 2022-12-11 09:29:45,340 ] 85 root - INFO - Hypothesis ee_001: float64, float64 
[ 2022-12-11 09:29:45,347 ] 85 root - INFO - Hypothesis ee_002: float64, float64 
[ 2022-12-11 09:29:45,355 ] 85 root - INFO - Hypothesis ee_003: float64, float64 
[ 2022-12-11 09:29:45,362 ] 85 root - INFO - Hypothesis ee_004: float64, float64 
[ 2022-12-11 09:29:45,371 ] 85 root - INFO - Hypothesis ee_005: float64, float64 
[ 2022-12-11 09:29:45,379 ] 85 root - INFO - Hypothesis ee_006: float64, float64 
[ 2022-12-11 09:29:45,385 ] 85 root - INFO - Hypothesis ee_007: float64, float64 
[ 2022-12-11 09:29:45,392 ] 85 root - INFO - Hypothesis ee_008: float64, float64 
[ 2022-12-11 09:29:45,398 ] 85 root - INFO - Hypothesis ee_009: float64, float64 
[ 2022-12-11 09:29:45,404 ] 85 root - INFO - Hypothesis ef_000: float64, float64 
[ 2022-12-11 09:29:45,419 ] 85 root - INFO - Hypothesis eg_000: float64, float64 
[ 2022-12-11 09:29:45,434 ] 144 root - INFO - Write reprt in yaml file
[ 2022-12-11 09:29:45,502 ] 149 root - INFO - Data validation artifact: DataValidationArtifact(report_file_path='/config/workspace/artifact/12112022__092920/data_validation/report.yaml')
[ 2022-12-11 09:29:45,505 ] 25 root - INFO - >>>>>>>>>>>>>>>>>>>>>>>>>>>>>>>>>>>>>>>> Data Transformation <<<<<<<<<<<<<<<<<<<<<<<<<<<<<<<<<<<<<<<<
[ 2022-12-11 09:29:46,410 ] 76 root - INFO - Before resampling in training set Input: (28950, 170) Target:(28950,)
[ 2022-12-11 09:29:52,189 ] 78 root - INFO - After resampling in training set Input: (56160, 170) Target:(56160,)
[ 2022-12-11 09:29:52,189 ] 80 root - INFO - Before resampling in testing set Input: (7238, 170) Target:(7238,)
[ 2022-12-11 09:29:52,784 ] 82 root - INFO - After resampling in testing set Input: (14000, 170) Target:(14000,)
[ 2022-12-11 09:29:52,891 ] 55 root - INFO - Entered the save_object method of utils
[ 2022-12-11 09:29:52,894 ] 59 root - INFO - Exited the save_object method of utils
[ 2022-12-11 09:29:52,895 ] 55 root - INFO - Entered the save_object method of utils
[ 2022-12-11 09:29:52,895 ] 59 root - INFO - Exited the save_object method of utils
[ 2022-12-11 09:29:52,895 ] 113 root - INFO - Data transformation object DataTransformationArtifact(transformed_object_path='/config/workspace/artifact/12112022__092920/data_transformation/transformer/transformer.pkl', transformed_train_path='/config/workspace/artifact/12112022__092920/data_transformation/transformed/train.npz', transformed_test_path='/config/workspace/artifact/12112022__092920/data_transformation/transformed/test.npz', target_encoder_path='/config/workspace/artifact/12112022__092920/data_transformation/target_encoder/target_encoder.pkl')
[ 2022-12-11 09:29:52,896 ] 19 root - INFO - >>>>>>>>>>>>>>>>>>>>>>>>>>>>>>>>>>>>>>>> Model Trainer <<<<<<<<<<<<<<<<<<<<<<<<<<<<<<<<<<<<<<<<
[ 2022-12-11 09:29:52,897 ] 46 root - INFO - Loading train and test array.
[ 2022-12-11 09:29:52,924 ] 50 root - INFO - Splitting input and target feature from both train and test arr.
[ 2022-12-11 09:29:52,925 ] 54 root - INFO - Train the model
[ 2022-12-11 09:30:02,863 ] 57 root - INFO - Calculating f1 train score
[ 2022-12-11 09:30:02,917 ] 61 root - INFO - Calculating f1 test score
[ 2022-12-11 09:30:02,934 ] 65 root - INFO - train score:0.9999821934151248 and tests score 0.9735210445692611
[ 2022-12-11 09:30:02,935 ] 67 root - INFO - Checking if our model is underfitting or not
[ 2022-12-11 09:30:02,935 ] 72 root - INFO - Checking if our model is overfiiting or not
[ 2022-12-11 09:30:02,935 ] 79 root - INFO - Saving mode object
[ 2022-12-11 09:30:02,935 ] 55 root - INFO - Entered the save_object method of utils
[ 2022-12-11 09:30:02,942 ] 59 root - INFO - Exited the save_object method of utils
[ 2022-12-11 09:30:02,942 ] 83 root - INFO - Prepare the artifact
[ 2022-12-11 09:30:02,942 ] 86 root - INFO - Model trainer artifact: ModelTrainerArtifact(model_path='/config/workspace/artifact/12112022__092920/model_trainer/model/model.pkl', f1_train_score=0.9999821934151248, f1_test_score=0.9735210445692611)
[ 2022-12-11 09:30:02,944 ] 19 root - INFO - >>>>>>>>>>>>>>>>>>>>>>>>>>>>>>>>>>>>>>>>  Model Evaluation <<<<<<<<<<<<<<<<<<<<<<<<<<<<<<<<<<<<<<<<
[ 2022-12-11 09:30:02,944 ] 35 root - INFO - if saved model folder has model the we will compare which model is best trained or the model from saved model folder
[ 2022-12-11 09:30:02,944 ] 46 root - INFO - Finding location of transformer model and target encoder
[ 2022-12-11 09:30:02,944 ] 51 root - INFO - Previous trained objects of transformer, model and target encoder
[ 2022-12-11 09:30:02,950 ] 58 root - INFO - Currently trained model objects
[ 2022-12-11 09:30:03,179 ] 76 root - INFO - Accuracy using previous trained model: 0.9471153846153847
[ 2022-12-11 09:30:03,223 ] 85 root - INFO - Accuracy using current trained model: 0.8297362110311751
[ 2022-12-11 09:30:03,223 ] 87 root - INFO - Current trained model is not better than previous model
[ 2022-12-11 09:30:03,223 ] 92 root - INFO - Model eval artifact: ModelEvaluationArtifact(is_model_accepted=True, improved_accuracy=-0.11737917358420957)
[ 2022-12-11 09:30:03,225 ] 18 root - INFO - >>>>>>>>>>>>>>>>>>>>>>>>>>>>>>>>>>>>>>>> Data Transformation <<<<<<<<<<<<<<<<<<<<<<<<<<<<<<<<<<<<<<<<
[ 2022-12-11 09:30:03,225 ] 29 root - INFO - Loading transformer model and target encoder
[ 2022-12-11 09:30:03,230 ] 35 root - INFO - Saving model into model pusher directory
[ 2022-12-11 09:30:03,230 ] 55 root - INFO - Entered the save_object method of utils
[ 2022-12-11 09:30:03,232 ] 59 root - INFO - Exited the save_object method of utils
[ 2022-12-11 09:30:03,232 ] 55 root - INFO - Entered the save_object method of utils
[ 2022-12-11 09:30:03,237 ] 59 root - INFO - Exited the save_object method of utils
[ 2022-12-11 09:30:03,237 ] 55 root - INFO - Entered the save_object method of utils
[ 2022-12-11 09:30:03,238 ] 59 root - INFO - Exited the save_object method of utils
[ 2022-12-11 09:30:03,238 ] 42 root - INFO - Saving model in saved model dir
[ 2022-12-11 09:30:03,238 ] 55 root - INFO - Entered the save_object method of utils
[ 2022-12-11 09:30:03,240 ] 59 root - INFO - Exited the save_object method of utils
[ 2022-12-11 09:30:03,240 ] 55 root - INFO - Entered the save_object method of utils
[ 2022-12-11 09:30:03,244 ] 59 root - INFO - Exited the save_object method of utils
[ 2022-12-11 09:30:03,244 ] 55 root - INFO - Entered the save_object method of utils
[ 2022-12-11 09:30:03,245 ] 59 root - INFO - Exited the save_object method of utils
[ 2022-12-11 09:30:03,245 ] 53 root - INFO - Model pusher artifact: ModelPusherArtifact(pusher_model_dir='/config/workspace/artifact/12112022__092920/model_pusher/saved_models', saved_model_dir='saved_models')
