[ 2022-12-11 09:19:28,367 ] 19 root - INFO - Reading data from database: {database_name} and collection {collection_name}
[ 2022-12-11 09:19:31,907 ] 22 root - INFO - found columns: Index(['_id', 'class', 'aa_000', 'ab_000', 'ac_000', 'ad_000', 'ae_000',
       'af_000', 'ag_000', 'ag_001',
       ...
       'ee_002', 'ee_003', 'ee_004', 'ee_005', 'ee_006', 'ee_007', 'ee_008',
       'ee_009', 'ef_000', 'eg_000'],
      dtype='object', length=172)
[ 2022-12-11 09:19:31,907 ] 24 root - INFO - droping column :_id
[ 2022-12-11 09:19:32,111 ] 26 root - INFO - row and cols in df :(36188, 171)
[ 2022-12-11 09:19:32,814 ] 31 root - INFO - create a feature store folder if not available
[ 2022-12-11 09:19:32,815 ] 34 root - INFO - Save df to feature folder
[ 2022-12-11 09:19:35,368 ] 38 root - INFO - split the dataset into train and test
[ 2022-12-11 09:19:36,006 ] 41 root - INFO - create dataset directory if not available
[ 2022-12-11 09:19:36,007 ] 46 root - INFO - save df to feature store folder
[ 2022-12-11 09:19:38,718 ] 19 root - INFO - >>>>>>>>>>>>>>>>>>>>>>>>>>>>>>>>>>>>>>>> Data Validation <<<<<<<<<<<<<<<<<<<<<<<<<<<<<<<<<<<<<<<<
[ 2022-12-11 09:19:38,718 ] 107 root - INFO - Reading base dataframe
[ 2022-12-11 09:19:41,547 ] 110 root - INFO - Replace na value in base df
[ 2022-12-11 09:19:41,547 ] 112 root - INFO - Drop null values colums from base df
[ 2022-12-11 09:19:42,471 ] 41 root - INFO - selecting column name which contains null above to 0.2
[ 2022-12-11 09:19:42,472 ] 44 root - INFO - Columns to drop: ['ab_000', 'ad_000', 'bk_000', 'bl_000', 'bm_000', 'bn_000', 'bo_000', 'bp_000', 'bq_000', 'br_000', 'cf_000', 'cg_000', 'ch_000', 'co_000', 'cr_000', 'ct_000', 'cu_000', 'cv_000', 'cx_000', 'cy_000', 'cz_000', 'da_000', 'db_000', 'dc_000']
[ 2022-12-11 09:19:42,569 ] 115 root - INFO - Reading train dataframe
[ 2022-12-11 09:19:42,960 ] 117 root - INFO - Reading test dataframe
[ 2022-12-11 09:19:43,076 ] 120 root - INFO - Drop null values colums from train df
[ 2022-12-11 09:19:43,090 ] 41 root - INFO - selecting column name which contains null above to 0.2
[ 2022-12-11 09:19:43,091 ] 44 root - INFO - Columns to drop: ['ab_000', 'ad_000', 'bk_000', 'bl_000', 'bm_000', 'bn_000', 'bo_000', 'bp_000', 'bq_000', 'br_000', 'cf_000', 'cg_000', 'ch_000', 'co_000', 'cr_000', 'ct_000', 'cu_000', 'cv_000', 'cx_000', 'cy_000', 'cz_000', 'da_000', 'db_000', 'dc_000']
[ 2022-12-11 09:19:43,102 ] 122 root - INFO - Drop null values colums from test df
[ 2022-12-11 09:19:43,106 ] 41 root - INFO - selecting column name which contains null above to 0.2
[ 2022-12-11 09:19:43,107 ] 44 root - INFO - Columns to drop: ['ab_000', 'ad_000', 'bk_000', 'bl_000', 'bm_000', 'bn_000', 'bo_000', 'bp_000', 'bq_000', 'br_000', 'cf_000', 'cg_000', 'ch_000', 'co_000', 'cr_000', 'ct_000', 'cu_000', 'cv_000', 'cx_000', 'cy_000', 'cz_000', 'da_000', 'db_000', 'dc_000']
[ 2022-12-11 09:19:48,947 ] 131 root - INFO - Is all required columns present in train df
[ 2022-12-11 09:19:48,947 ] 133 root - INFO - Is all required columns present in test df
[ 2022-12-11 09:19:48,947 ] 137 root - INFO - As all column are available in train df hence detecting data drift
[ 2022-12-11 09:19:48,948 ] 85 root - INFO - Hypothesis class: object, object 
[ 2022-12-11 09:19:49,088 ] 85 root - INFO - Hypothesis aa_000: float64, float64 
[ 2022-12-11 09:19:49,099 ] 85 root - INFO - Hypothesis ac_000: float64, float64 
[ 2022-12-11 09:19:49,107 ] 85 root - INFO - Hypothesis ae_000: float64, float64 
[ 2022-12-11 09:19:49,144 ] 85 root - INFO - Hypothesis af_000: float64, float64 
[ 2022-12-11 09:19:49,179 ] 85 root - INFO - Hypothesis ag_000: float64, float64 
[ 2022-12-11 09:19:49,214 ] 85 root - INFO - Hypothesis ag_001: float64, float64 
[ 2022-12-11 09:19:49,249 ] 85 root - INFO - Hypothesis ag_002: float64, float64 
[ 2022-12-11 09:19:49,284 ] 85 root - INFO - Hypothesis ag_003: float64, float64 
[ 2022-12-11 09:19:49,321 ] 85 root - INFO - Hypothesis ag_004: float64, float64 
[ 2022-12-11 09:19:49,332 ] 85 root - INFO - Hypothesis ag_005: float64, float64 
[ 2022-12-11 09:19:49,342 ] 85 root - INFO - Hypothesis ag_006: float64, float64 
[ 2022-12-11 09:19:49,353 ] 85 root - INFO - Hypothesis ag_007: float64, float64 
[ 2022-12-11 09:19:49,362 ] 85 root - INFO - Hypothesis ag_008: float64, float64 
[ 2022-12-11 09:19:49,371 ] 85 root - INFO - Hypothesis ag_009: float64, float64 
[ 2022-12-11 09:19:49,409 ] 85 root - INFO - Hypothesis ah_000: float64, float64 
[ 2022-12-11 09:19:49,419 ] 85 root - INFO - Hypothesis ai_000: float64, float64 
[ 2022-12-11 09:19:49,455 ] 85 root - INFO - Hypothesis aj_000: float64, float64 
[ 2022-12-11 09:19:49,492 ] 85 root - INFO - Hypothesis ak_000: float64, float64 
[ 2022-12-11 09:19:49,529 ] 85 root - INFO - Hypothesis al_000: float64, float64 
[ 2022-12-11 09:19:49,568 ] 85 root - INFO - Hypothesis am_0: float64, float64 
[ 2022-12-11 09:19:49,609 ] 85 root - INFO - Hypothesis an_000: float64, float64 
[ 2022-12-11 09:19:49,619 ] 85 root - INFO - Hypothesis ao_000: float64, float64 
[ 2022-12-11 09:19:49,630 ] 85 root - INFO - Hypothesis ap_000: float64, float64 
[ 2022-12-11 09:19:49,641 ] 85 root - INFO - Hypothesis aq_000: float64, float64 
[ 2022-12-11 09:19:49,651 ] 85 root - INFO - Hypothesis ar_000: float64, float64 
[ 2022-12-11 09:19:49,690 ] 85 root - INFO - Hypothesis as_000: float64, float64 
[ 2022-12-11 09:19:49,725 ] 85 root - INFO - Hypothesis at_000: float64, float64 
[ 2022-12-11 09:19:49,761 ] 85 root - INFO - Hypothesis au_000: float64, float64 
[ 2022-12-11 09:19:49,795 ] 85 root - INFO - Hypothesis av_000: float64, float64 
[ 2022-12-11 09:19:49,803 ] 85 root - INFO - Hypothesis ax_000: float64, float64 
[ 2022-12-11 09:19:49,811 ] 85 root - INFO - Hypothesis ay_000: float64, float64 
[ 2022-12-11 09:19:49,847 ] 85 root - INFO - Hypothesis ay_001: float64, float64 
[ 2022-12-11 09:19:49,882 ] 85 root - INFO - Hypothesis ay_002: float64, float64 
[ 2022-12-11 09:19:49,917 ] 85 root - INFO - Hypothesis ay_003: float64, float64 
[ 2022-12-11 09:19:49,952 ] 85 root - INFO - Hypothesis ay_004: float64, float64 
[ 2022-12-11 09:19:49,987 ] 85 root - INFO - Hypothesis ay_005: float64, float64 
[ 2022-12-11 09:19:49,996 ] 85 root - INFO - Hypothesis ay_006: float64, float64 
[ 2022-12-11 09:19:50,005 ] 85 root - INFO - Hypothesis ay_007: float64, float64 
[ 2022-12-11 09:19:50,015 ] 85 root - INFO - Hypothesis ay_008: float64, float64 
[ 2022-12-11 09:19:50,025 ] 85 root - INFO - Hypothesis ay_009: float64, float64 
[ 2022-12-11 09:19:50,060 ] 85 root - INFO - Hypothesis az_000: float64, float64 
[ 2022-12-11 09:19:50,070 ] 85 root - INFO - Hypothesis az_001: float64, float64 
[ 2022-12-11 09:19:50,081 ] 85 root - INFO - Hypothesis az_002: float64, float64 
[ 2022-12-11 09:19:50,090 ] 85 root - INFO - Hypothesis az_003: float64, float64 
[ 2022-12-11 09:19:50,101 ] 85 root - INFO - Hypothesis az_004: float64, float64 
[ 2022-12-11 09:19:50,113 ] 85 root - INFO - Hypothesis az_005: float64, float64 
[ 2022-12-11 09:19:50,124 ] 85 root - INFO - Hypothesis az_006: float64, float64 
[ 2022-12-11 09:19:50,134 ] 85 root - INFO - Hypothesis az_007: float64, float64 
[ 2022-12-11 09:19:50,171 ] 85 root - INFO - Hypothesis az_008: float64, float64 
[ 2022-12-11 09:19:50,207 ] 85 root - INFO - Hypothesis az_009: float64, float64 
[ 2022-12-11 09:19:50,243 ] 85 root - INFO - Hypothesis ba_000: float64, float64 
[ 2022-12-11 09:19:50,254 ] 85 root - INFO - Hypothesis ba_001: float64, float64 
[ 2022-12-11 09:19:50,264 ] 85 root - INFO - Hypothesis ba_002: float64, float64 
[ 2022-12-11 09:19:50,275 ] 85 root - INFO - Hypothesis ba_003: float64, float64 
[ 2022-12-11 09:19:50,285 ] 85 root - INFO - Hypothesis ba_004: float64, float64 
[ 2022-12-11 09:19:50,295 ] 85 root - INFO - Hypothesis ba_005: float64, float64 
[ 2022-12-11 09:19:50,305 ] 85 root - INFO - Hypothesis ba_006: float64, float64 
[ 2022-12-11 09:19:50,315 ] 85 root - INFO - Hypothesis ba_007: float64, float64 
[ 2022-12-11 09:19:50,325 ] 85 root - INFO - Hypothesis ba_008: float64, float64 
[ 2022-12-11 09:19:50,364 ] 85 root - INFO - Hypothesis ba_009: float64, float64 
[ 2022-12-11 09:19:50,402 ] 85 root - INFO - Hypothesis bb_000: float64, float64 
[ 2022-12-11 09:19:50,416 ] 85 root - INFO - Hypothesis bc_000: float64, float64 
[ 2022-12-11 09:19:50,424 ] 85 root - INFO - Hypothesis bd_000: float64, float64 
[ 2022-12-11 09:19:50,432 ] 85 root - INFO - Hypothesis be_000: float64, float64 
[ 2022-12-11 09:19:50,441 ] 85 root - INFO - Hypothesis bf_000: float64, float64 
[ 2022-12-11 09:19:50,448 ] 85 root - INFO - Hypothesis bg_000: float64, float64 
[ 2022-12-11 09:19:50,458 ] 85 root - INFO - Hypothesis bh_000: float64, float64 
[ 2022-12-11 09:19:50,469 ] 85 root - INFO - Hypothesis bi_000: float64, float64 
[ 2022-12-11 09:19:50,479 ] 85 root - INFO - Hypothesis bj_000: float64, float64 
[ 2022-12-11 09:19:50,490 ] 85 root - INFO - Hypothesis bs_000: float64, float64 
[ 2022-12-11 09:19:50,500 ] 85 root - INFO - Hypothesis bt_000: float64, float64 
[ 2022-12-11 09:19:50,511 ] 85 root - INFO - Hypothesis bu_000: float64, float64 
[ 2022-12-11 09:19:50,521 ] 85 root - INFO - Hypothesis bv_000: float64, float64 
[ 2022-12-11 09:19:50,532 ] 85 root - INFO - Hypothesis bx_000: float64, float64 
[ 2022-12-11 09:19:50,542 ] 85 root - INFO - Hypothesis by_000: float64, float64 
[ 2022-12-11 09:19:50,552 ] 85 root - INFO - Hypothesis bz_000: float64, float64 
[ 2022-12-11 09:19:50,562 ] 85 root - INFO - Hypothesis ca_000: float64, float64 
[ 2022-12-11 09:19:50,572 ] 85 root - INFO - Hypothesis cb_000: float64, float64 
[ 2022-12-11 09:19:50,583 ] 85 root - INFO - Hypothesis cc_000: float64, float64 
[ 2022-12-11 09:19:50,594 ] 85 root - INFO - Hypothesis cd_000: float64, float64 
[ 2022-12-11 09:19:50,631 ] 85 root - INFO - Hypothesis ce_000: float64, float64 
[ 2022-12-11 09:19:50,641 ] 85 root - INFO - Hypothesis ci_000: float64, float64 
[ 2022-12-11 09:19:50,651 ] 85 root - INFO - Hypothesis cj_000: float64, float64 
[ 2022-12-11 09:19:50,689 ] 85 root - INFO - Hypothesis ck_000: float64, float64 
[ 2022-12-11 09:19:50,700 ] 85 root - INFO - Hypothesis cl_000: float64, float64 
[ 2022-12-11 09:19:50,736 ] 85 root - INFO - Hypothesis cm_000: float64, float64 
[ 2022-12-11 09:19:50,775 ] 85 root - INFO - Hypothesis cn_000: float64, float64 
[ 2022-12-11 09:19:50,810 ] 85 root - INFO - Hypothesis cn_001: float64, float64 
[ 2022-12-11 09:19:50,847 ] 85 root - INFO - Hypothesis cn_002: float64, float64 
[ 2022-12-11 09:19:50,855 ] 85 root - INFO - Hypothesis cn_003: float64, float64 
[ 2022-12-11 09:19:50,866 ] 85 root - INFO - Hypothesis cn_004: float64, float64 
[ 2022-12-11 09:19:50,877 ] 85 root - INFO - Hypothesis cn_005: float64, float64 
[ 2022-12-11 09:19:50,887 ] 85 root - INFO - Hypothesis cn_006: float64, float64 
[ 2022-12-11 09:19:50,897 ] 85 root - INFO - Hypothesis cn_007: float64, float64 
[ 2022-12-11 09:19:50,907 ] 85 root - INFO - Hypothesis cn_008: float64, float64 
[ 2022-12-11 09:19:50,916 ] 85 root - INFO - Hypothesis cn_009: float64, float64 
[ 2022-12-11 09:19:50,924 ] 85 root - INFO - Hypothesis cp_000: float64, float64 
[ 2022-12-11 09:19:50,931 ] 85 root - INFO - Hypothesis cq_000: float64, float64 
[ 2022-12-11 09:19:50,942 ] 85 root - INFO - Hypothesis cs_000: float64, float64 
[ 2022-12-11 09:19:50,952 ] 85 root - INFO - Hypothesis cs_001: float64, float64 
[ 2022-12-11 09:19:50,961 ] 85 root - INFO - Hypothesis cs_002: float64, float64 
[ 2022-12-11 09:19:50,971 ] 85 root - INFO - Hypothesis cs_003: float64, float64 
[ 2022-12-11 09:19:50,981 ] 85 root - INFO - Hypothesis cs_004: float64, float64 
[ 2022-12-11 09:19:50,992 ] 85 root - INFO - Hypothesis cs_005: float64, float64 
[ 2022-12-11 09:19:51,002 ] 85 root - INFO - Hypothesis cs_006: float64, float64 
[ 2022-12-11 09:19:51,013 ] 85 root - INFO - Hypothesis cs_007: float64, float64 
[ 2022-12-11 09:19:51,024 ] 85 root - INFO - Hypothesis cs_008: float64, float64 
[ 2022-12-11 09:19:51,032 ] 85 root - INFO - Hypothesis cs_009: float64, float64 
[ 2022-12-11 09:19:51,067 ] 85 root - INFO - Hypothesis dd_000: float64, float64 
[ 2022-12-11 09:19:51,077 ] 85 root - INFO - Hypothesis de_000: float64, float64 
[ 2022-12-11 09:19:51,085 ] 85 root - INFO - Hypothesis df_000: float64, float64 
[ 2022-12-11 09:19:51,121 ] 85 root - INFO - Hypothesis dg_000: float64, float64 
[ 2022-12-11 09:19:51,156 ] 85 root - INFO - Hypothesis dh_000: float64, float64 
[ 2022-12-11 09:19:51,195 ] 85 root - INFO - Hypothesis di_000: float64, float64 
[ 2022-12-11 09:19:51,233 ] 85 root - INFO - Hypothesis dj_000: float64, float64 
[ 2022-12-11 09:19:51,269 ] 85 root - INFO - Hypothesis dk_000: float64, float64 
[ 2022-12-11 09:19:51,305 ] 85 root - INFO - Hypothesis dl_000: float64, float64 
[ 2022-12-11 09:19:51,342 ] 85 root - INFO - Hypothesis dm_000: float64, float64 
[ 2022-12-11 09:19:51,378 ] 85 root - INFO - Hypothesis dn_000: float64, float64 
[ 2022-12-11 09:19:51,388 ] 85 root - INFO - Hypothesis do_000: float64, float64 
[ 2022-12-11 09:19:51,398 ] 85 root - INFO - Hypothesis dp_000: float64, float64 
[ 2022-12-11 09:19:51,407 ] 85 root - INFO - Hypothesis dq_000: float64, float64 
[ 2022-12-11 09:19:51,445 ] 85 root - INFO - Hypothesis dr_000: float64, float64 
[ 2022-12-11 09:19:51,482 ] 85 root - INFO - Hypothesis ds_000: float64, float64 
[ 2022-12-11 09:19:51,493 ] 85 root - INFO - Hypothesis dt_000: float64, float64 
[ 2022-12-11 09:19:51,502 ] 85 root - INFO - Hypothesis du_000: float64, float64 
[ 2022-12-11 09:19:51,513 ] 85 root - INFO - Hypothesis dv_000: float64, float64 
[ 2022-12-11 09:19:51,523 ] 85 root - INFO - Hypothesis dx_000: float64, float64 
[ 2022-12-11 09:19:51,530 ] 85 root - INFO - Hypothesis dy_000: float64, float64 
[ 2022-12-11 09:19:51,537 ] 85 root - INFO - Hypothesis dz_000: float64, float64 
[ 2022-12-11 09:19:51,572 ] 85 root - INFO - Hypothesis ea_000: float64, float64 
[ 2022-12-11 09:19:51,609 ] 85 root - INFO - Hypothesis eb_000: float64, float64 
[ 2022-12-11 09:19:51,619 ] 85 root - INFO - Hypothesis ec_00: float64, float64 
[ 2022-12-11 09:19:51,630 ] 85 root - INFO - Hypothesis ed_000: float64, float64 
[ 2022-12-11 09:19:51,640 ] 85 root - INFO - Hypothesis ee_000: float64, float64 
[ 2022-12-11 09:19:51,651 ] 85 root - INFO - Hypothesis ee_001: float64, float64 
[ 2022-12-11 09:19:51,663 ] 85 root - INFO - Hypothesis ee_002: float64, float64 
[ 2022-12-11 09:19:51,676 ] 85 root - INFO - Hypothesis ee_003: float64, float64 
[ 2022-12-11 09:19:51,687 ] 85 root - INFO - Hypothesis ee_004: float64, float64 
[ 2022-12-11 09:19:51,698 ] 85 root - INFO - Hypothesis ee_005: float64, float64 
[ 2022-12-11 09:19:51,708 ] 85 root - INFO - Hypothesis ee_006: float64, float64 
[ 2022-12-11 09:19:51,718 ] 85 root - INFO - Hypothesis ee_007: float64, float64 
[ 2022-12-11 09:19:51,728 ] 85 root - INFO - Hypothesis ee_008: float64, float64 
[ 2022-12-11 09:19:51,737 ] 85 root - INFO - Hypothesis ee_009: float64, float64 
[ 2022-12-11 09:19:51,745 ] 85 root - INFO - Hypothesis ef_000: float64, float64 
[ 2022-12-11 09:19:51,782 ] 85 root - INFO - Hypothesis eg_000: float64, float64 
[ 2022-12-11 09:19:51,819 ] 140 root - INFO - As all column are available in test df hence detecting data drift
[ 2022-12-11 09:19:51,819 ] 85 root - INFO - Hypothesis class: object, object 
[ 2022-12-11 09:19:51,899 ] 85 root - INFO - Hypothesis aa_000: float64, float64 
[ 2022-12-11 09:19:51,906 ] 85 root - INFO - Hypothesis ac_000: float64, float64 
[ 2022-12-11 09:19:51,912 ] 85 root - INFO - Hypothesis ae_000: float64, float64 
[ 2022-12-11 09:19:51,927 ] 85 root - INFO - Hypothesis af_000: float64, float64 
[ 2022-12-11 09:19:51,943 ] 85 root - INFO - Hypothesis ag_000: float64, float64 
[ 2022-12-11 09:19:51,958 ] 85 root - INFO - Hypothesis ag_001: float64, float64 
[ 2022-12-11 09:19:51,974 ] 85 root - INFO - Hypothesis ag_002: float64, float64 
[ 2022-12-11 09:19:51,989 ] 85 root - INFO - Hypothesis ag_003: float64, float64 
[ 2022-12-11 09:19:51,993 ] 85 root - INFO - Hypothesis ag_004: float64, float64 
[ 2022-12-11 09:19:52,000 ] 85 root - INFO - Hypothesis ag_005: float64, float64 
[ 2022-12-11 09:19:52,008 ] 85 root - INFO - Hypothesis ag_006: float64, float64 
[ 2022-12-11 09:19:52,015 ] 85 root - INFO - Hypothesis ag_007: float64, float64 
[ 2022-12-11 09:19:52,022 ] 85 root - INFO - Hypothesis ag_008: float64, float64 
[ 2022-12-11 09:19:52,028 ] 85 root - INFO - Hypothesis ag_009: float64, float64 
[ 2022-12-11 09:19:52,033 ] 85 root - INFO - Hypothesis ah_000: float64, float64 
[ 2022-12-11 09:19:52,040 ] 85 root - INFO - Hypothesis ai_000: float64, float64 
[ 2022-12-11 09:19:52,056 ] 85 root - INFO - Hypothesis aj_000: float64, float64 
[ 2022-12-11 09:19:52,060 ] 85 root - INFO - Hypothesis ak_000: float64, float64 
[ 2022-12-11 09:19:52,075 ] 85 root - INFO - Hypothesis al_000: float64, float64 
[ 2022-12-11 09:19:52,081 ] 85 root - INFO - Hypothesis am_0: float64, float64 
[ 2022-12-11 09:19:52,086 ] 85 root - INFO - Hypothesis an_000: float64, float64 
[ 2022-12-11 09:19:52,105 ] 85 root - INFO - Hypothesis ao_000: float64, float64 
[ 2022-12-11 09:19:52,123 ] 85 root - INFO - Hypothesis ap_000: float64, float64 
[ 2022-12-11 09:19:52,131 ] 85 root - INFO - Hypothesis aq_000: float64, float64 
[ 2022-12-11 09:19:52,148 ] 85 root - INFO - Hypothesis ar_000: float64, float64 
[ 2022-12-11 09:19:52,163 ] 85 root - INFO - Hypothesis as_000: float64, float64 
[ 2022-12-11 09:19:52,178 ] 85 root - INFO - Hypothesis at_000: float64, float64 
[ 2022-12-11 09:19:52,181 ] 85 root - INFO - Hypothesis au_000: float64, float64 
[ 2022-12-11 09:19:52,196 ] 85 root - INFO - Hypothesis av_000: float64, float64 
[ 2022-12-11 09:19:52,202 ] 85 root - INFO - Hypothesis ax_000: float64, float64 
[ 2022-12-11 09:19:52,207 ] 85 root - INFO - Hypothesis ay_000: float64, float64 
[ 2022-12-11 09:19:52,222 ] 85 root - INFO - Hypothesis ay_001: float64, float64 
[ 2022-12-11 09:19:52,237 ] 85 root - INFO - Hypothesis ay_002: float64, float64 
[ 2022-12-11 09:19:52,253 ] 85 root - INFO - Hypothesis ay_003: float64, float64 
[ 2022-12-11 09:19:52,268 ] 85 root - INFO - Hypothesis ay_004: float64, float64 
[ 2022-12-11 09:19:52,272 ] 85 root - INFO - Hypothesis ay_005: float64, float64 
[ 2022-12-11 09:19:52,277 ] 85 root - INFO - Hypothesis ay_006: float64, float64 
[ 2022-12-11 09:19:52,284 ] 85 root - INFO - Hypothesis ay_007: float64, float64 
[ 2022-12-11 09:19:52,291 ] 85 root - INFO - Hypothesis ay_008: float64, float64 
[ 2022-12-11 09:19:52,298 ] 85 root - INFO - Hypothesis ay_009: float64, float64 
[ 2022-12-11 09:19:52,313 ] 85 root - INFO - Hypothesis az_000: float64, float64 
[ 2022-12-11 09:19:52,320 ] 85 root - INFO - Hypothesis az_001: float64, float64 
[ 2022-12-11 09:19:52,336 ] 85 root - INFO - Hypothesis az_002: float64, float64 
[ 2022-12-11 09:19:52,353 ] 85 root - INFO - Hypothesis az_003: float64, float64 
[ 2022-12-11 09:19:52,370 ] 85 root - INFO - Hypothesis az_004: float64, float64 
[ 2022-12-11 09:19:52,377 ] 85 root - INFO - Hypothesis az_005: float64, float64 
[ 2022-12-11 09:19:52,384 ] 85 root - INFO - Hypothesis az_006: float64, float64 
[ 2022-12-11 09:19:52,390 ] 85 root - INFO - Hypothesis az_007: float64, float64 
[ 2022-12-11 09:19:52,394 ] 85 root - INFO - Hypothesis az_008: float64, float64 
[ 2022-12-11 09:19:52,398 ] 85 root - INFO - Hypothesis az_009: float64, float64 
[ 2022-12-11 09:19:52,413 ] 85 root - INFO - Hypothesis ba_000: float64, float64 
[ 2022-12-11 09:19:52,420 ] 85 root - INFO - Hypothesis ba_001: float64, float64 
[ 2022-12-11 09:19:52,427 ] 85 root - INFO - Hypothesis ba_002: float64, float64 
[ 2022-12-11 09:19:52,434 ] 85 root - INFO - Hypothesis ba_003: float64, float64 
[ 2022-12-11 09:19:52,441 ] 85 root - INFO - Hypothesis ba_004: float64, float64 
[ 2022-12-11 09:19:52,448 ] 85 root - INFO - Hypothesis ba_005: float64, float64 
[ 2022-12-11 09:19:52,455 ] 85 root - INFO - Hypothesis ba_006: float64, float64 
[ 2022-12-11 09:19:52,462 ] 85 root - INFO - Hypothesis ba_007: float64, float64 
[ 2022-12-11 09:19:52,468 ] 85 root - INFO - Hypothesis ba_008: float64, float64 
[ 2022-12-11 09:19:52,474 ] 85 root - INFO - Hypothesis ba_009: float64, float64 
[ 2022-12-11 09:19:52,478 ] 85 root - INFO - Hypothesis bb_000: float64, float64 
[ 2022-12-11 09:19:52,496 ] 85 root - INFO - Hypothesis bc_000: float64, float64 
[ 2022-12-11 09:19:52,501 ] 85 root - INFO - Hypothesis bd_000: float64, float64 
[ 2022-12-11 09:19:52,507 ] 85 root - INFO - Hypothesis be_000: float64, float64 
[ 2022-12-11 09:19:52,523 ] 85 root - INFO - Hypothesis bf_000: float64, float64 
[ 2022-12-11 09:19:52,528 ] 85 root - INFO - Hypothesis bg_000: float64, float64 
[ 2022-12-11 09:19:52,535 ] 85 root - INFO - Hypothesis bh_000: float64, float64 
[ 2022-12-11 09:19:52,542 ] 85 root - INFO - Hypothesis bi_000: float64, float64 
[ 2022-12-11 09:19:52,550 ] 85 root - INFO - Hypothesis bj_000: float64, float64 
[ 2022-12-11 09:19:52,557 ] 85 root - INFO - Hypothesis bs_000: float64, float64 
[ 2022-12-11 09:19:52,564 ] 85 root - INFO - Hypothesis bt_000: float64, float64 
[ 2022-12-11 09:19:52,571 ] 85 root - INFO - Hypothesis bu_000: float64, float64 
[ 2022-12-11 09:19:52,589 ] 85 root - INFO - Hypothesis bv_000: float64, float64 
[ 2022-12-11 09:19:52,607 ] 85 root - INFO - Hypothesis bx_000: float64, float64 
[ 2022-12-11 09:19:52,625 ] 85 root - INFO - Hypothesis by_000: float64, float64 
[ 2022-12-11 09:19:52,631 ] 85 root - INFO - Hypothesis bz_000: float64, float64 
[ 2022-12-11 09:19:52,638 ] 85 root - INFO - Hypothesis ca_000: float64, float64 
[ 2022-12-11 09:19:52,645 ] 85 root - INFO - Hypothesis cb_000: float64, float64 
[ 2022-12-11 09:19:52,652 ] 85 root - INFO - Hypothesis cc_000: float64, float64 
[ 2022-12-11 09:19:52,669 ] 85 root - INFO - Hypothesis cd_000: float64, float64 
[ 2022-12-11 09:19:52,684 ] 85 root - INFO - Hypothesis ce_000: float64, float64 
[ 2022-12-11 09:19:52,691 ] 85 root - INFO - Hypothesis ci_000: float64, float64 
[ 2022-12-11 09:19:52,708 ] 85 root - INFO - Hypothesis cj_000: float64, float64 
[ 2022-12-11 09:19:52,712 ] 85 root - INFO - Hypothesis ck_000: float64, float64 
[ 2022-12-11 09:19:52,729 ] 85 root - INFO - Hypothesis cl_000: float64, float64 
[ 2022-12-11 09:19:52,733 ] 85 root - INFO - Hypothesis cm_000: float64, float64 
[ 2022-12-11 09:19:52,738 ] 85 root - INFO - Hypothesis cn_000: float64, float64 
[ 2022-12-11 09:19:52,753 ] 85 root - INFO - Hypothesis cn_001: float64, float64 
[ 2022-12-11 09:19:52,757 ] 85 root - INFO - Hypothesis cn_002: float64, float64 
[ 2022-12-11 09:19:52,762 ] 85 root - INFO - Hypothesis cn_003: float64, float64 
[ 2022-12-11 09:19:52,769 ] 85 root - INFO - Hypothesis cn_004: float64, float64 
[ 2022-12-11 09:19:52,776 ] 85 root - INFO - Hypothesis cn_005: float64, float64 
[ 2022-12-11 09:19:52,783 ] 85 root - INFO - Hypothesis cn_006: float64, float64 
[ 2022-12-11 09:19:52,790 ] 85 root - INFO - Hypothesis cn_007: float64, float64 
[ 2022-12-11 09:19:52,797 ] 85 root - INFO - Hypothesis cn_008: float64, float64 
[ 2022-12-11 09:19:52,803 ] 85 root - INFO - Hypothesis cn_009: float64, float64 
[ 2022-12-11 09:19:52,808 ] 85 root - INFO - Hypothesis cp_000: float64, float64 
[ 2022-12-11 09:19:52,813 ] 85 root - INFO - Hypothesis cq_000: float64, float64 
[ 2022-12-11 09:19:52,830 ] 85 root - INFO - Hypothesis cs_000: float64, float64 
[ 2022-12-11 09:19:52,837 ] 85 root - INFO - Hypothesis cs_001: float64, float64 
[ 2022-12-11 09:19:52,854 ] 85 root - INFO - Hypothesis cs_002: float64, float64 
[ 2022-12-11 09:19:52,861 ] 85 root - INFO - Hypothesis cs_003: float64, float64 
[ 2022-12-11 09:19:52,868 ] 85 root - INFO - Hypothesis cs_004: float64, float64 
[ 2022-12-11 09:19:52,875 ] 85 root - INFO - Hypothesis cs_005: float64, float64 
[ 2022-12-11 09:19:52,882 ] 85 root - INFO - Hypothesis cs_006: float64, float64 
[ 2022-12-11 09:19:52,900 ] 85 root - INFO - Hypothesis cs_007: float64, float64 
[ 2022-12-11 09:19:52,907 ] 85 root - INFO - Hypothesis cs_008: float64, float64 
[ 2022-12-11 09:19:52,912 ] 85 root - INFO - Hypothesis cs_009: float64, float64 
[ 2022-12-11 09:19:52,927 ] 85 root - INFO - Hypothesis dd_000: float64, float64 
[ 2022-12-11 09:19:52,933 ] 85 root - INFO - Hypothesis de_000: float64, float64 
[ 2022-12-11 09:19:52,939 ] 85 root - INFO - Hypothesis df_000: float64, float64 
[ 2022-12-11 09:19:52,954 ] 85 root - INFO - Hypothesis dg_000: float64, float64 
[ 2022-12-11 09:19:52,969 ] 85 root - INFO - Hypothesis dh_000: float64, float64 
[ 2022-12-11 09:19:52,973 ] 85 root - INFO - Hypothesis di_000: float64, float64 
[ 2022-12-11 09:19:52,977 ] 85 root - INFO - Hypothesis dj_000: float64, float64 
[ 2022-12-11 09:19:52,992 ] 85 root - INFO - Hypothesis dk_000: float64, float64 
[ 2022-12-11 09:19:53,007 ] 85 root - INFO - Hypothesis dl_000: float64, float64 
[ 2022-12-11 09:19:53,022 ] 85 root - INFO - Hypothesis dm_000: float64, float64 
[ 2022-12-11 09:19:53,037 ] 85 root - INFO - Hypothesis dn_000: float64, float64 
[ 2022-12-11 09:19:53,044 ] 85 root - INFO - Hypothesis do_000: float64, float64 
[ 2022-12-11 09:19:53,051 ] 85 root - INFO - Hypothesis dp_000: float64, float64 
[ 2022-12-11 09:19:53,057 ] 85 root - INFO - Hypothesis dq_000: float64, float64 
[ 2022-12-11 09:19:53,061 ] 85 root - INFO - Hypothesis dr_000: float64, float64 
[ 2022-12-11 09:19:53,065 ] 85 root - INFO - Hypothesis ds_000: float64, float64 
[ 2022-12-11 09:19:53,072 ] 85 root - INFO - Hypothesis dt_000: float64, float64 
[ 2022-12-11 09:19:53,090 ] 85 root - INFO - Hypothesis du_000: float64, float64 
[ 2022-12-11 09:19:53,097 ] 85 root - INFO - Hypothesis dv_000: float64, float64 
[ 2022-12-11 09:19:53,104 ] 85 root - INFO - Hypothesis dx_000: float64, float64 
[ 2022-12-11 09:19:53,109 ] 85 root - INFO - Hypothesis dy_000: float64, float64 
[ 2022-12-11 09:19:53,115 ] 85 root - INFO - Hypothesis dz_000: float64, float64 
[ 2022-12-11 09:19:53,130 ] 85 root - INFO - Hypothesis ea_000: float64, float64 
[ 2022-12-11 09:19:53,145 ] 85 root - INFO - Hypothesis eb_000: float64, float64 
[ 2022-12-11 09:19:53,151 ] 85 root - INFO - Hypothesis ec_00: float64, float64 
[ 2022-12-11 09:19:53,158 ] 85 root - INFO - Hypothesis ed_000: float64, float64 
[ 2022-12-11 09:19:53,164 ] 85 root - INFO - Hypothesis ee_000: float64, float64 
[ 2022-12-11 09:19:53,171 ] 85 root - INFO - Hypothesis ee_001: float64, float64 
[ 2022-12-11 09:19:53,178 ] 85 root - INFO - Hypothesis ee_002: float64, float64 
[ 2022-12-11 09:19:53,185 ] 85 root - INFO - Hypothesis ee_003: float64, float64 
[ 2022-12-11 09:19:53,202 ] 85 root - INFO - Hypothesis ee_004: float64, float64 
[ 2022-12-11 09:19:53,209 ] 85 root - INFO - Hypothesis ee_005: float64, float64 
[ 2022-12-11 09:19:53,216 ] 85 root - INFO - Hypothesis ee_006: float64, float64 
[ 2022-12-11 09:19:53,222 ] 85 root - INFO - Hypothesis ee_007: float64, float64 
[ 2022-12-11 09:19:53,229 ] 85 root - INFO - Hypothesis ee_008: float64, float64 
[ 2022-12-11 09:19:53,235 ] 85 root - INFO - Hypothesis ee_009: float64, float64 
[ 2022-12-11 09:19:53,240 ] 85 root - INFO - Hypothesis ef_000: float64, float64 
[ 2022-12-11 09:19:53,255 ] 85 root - INFO - Hypothesis eg_000: float64, float64 
[ 2022-12-11 09:19:53,270 ] 144 root - INFO - Write reprt in yaml file
[ 2022-12-11 09:19:53,341 ] 149 root - INFO - Data validation artifact: DataValidationArtifact(report_file_path='/config/workspace/artifact/12112022__091928/data_validation/report.yaml')
[ 2022-12-11 09:19:53,344 ] 25 root - INFO - >>>>>>>>>>>>>>>>>>>>>>>>>>>>>>>>>>>>>>>> Data Transformation <<<<<<<<<<<<<<<<<<<<<<<<<<<<<<<<<<<<<<<<
[ 2022-12-11 09:19:54,277 ] 76 root - INFO - Before resampling in training set Input: (28950, 170) Target:(28950,)
[ 2022-12-11 09:20:00,042 ] 78 root - INFO - After resampling in training set Input: (56202, 170) Target:(56202,)
[ 2022-12-11 09:20:00,043 ] 80 root - INFO - Before resampling in testing set Input: (7238, 170) Target:(7238,)
[ 2022-12-11 09:20:00,759 ] 82 root - INFO - After resampling in testing set Input: (13972, 170) Target:(13972,)
[ 2022-12-11 09:20:00,867 ] 55 root - INFO - Entered the save_object method of utils
[ 2022-12-11 09:20:00,870 ] 59 root - INFO - Exited the save_object method of utils
[ 2022-12-11 09:20:00,870 ] 55 root - INFO - Entered the save_object method of utils
[ 2022-12-11 09:20:00,871 ] 59 root - INFO - Exited the save_object method of utils
[ 2022-12-11 09:20:00,871 ] 113 root - INFO - Data transformation object DataTransformationArtifact(transformed_object_path='/config/workspace/artifact/12112022__091928/data_transformation/transformer/transformer.pkl', transformed_train_path='/config/workspace/artifact/12112022__091928/data_transformation/transformed/train.npz', transformed_test_path='/config/workspace/artifact/12112022__091928/data_transformation/transformed/test.npz', target_encoder_path='/config/workspace/artifact/12112022__091928/data_transformation/target_encoder/target_encoder.pkl')
[ 2022-12-11 09:20:00,872 ] 19 root - INFO - >>>>>>>>>>>>>>>>>>>>>>>>>>>>>>>>>>>>>>>> Model Trainer <<<<<<<<<<<<<<<<<<<<<<<<<<<<<<<<<<<<<<<<
[ 2022-12-11 09:20:00,872 ] 46 root - INFO - Loading train and test array.
[ 2022-12-11 09:20:00,901 ] 50 root - INFO - Splitting input and target feature from both train and test arr.
[ 2022-12-11 09:20:00,901 ] 54 root - INFO - Train the model
[ 2022-12-11 09:20:11,975 ] 57 root - INFO - Calculating f1 train score
[ 2022-12-11 09:20:12,026 ] 61 root - INFO - Calculating f1 test score
[ 2022-12-11 09:20:12,042 ] 65 root - INFO - train score:1.0 and tests score 0.9790606369056275
[ 2022-12-11 09:20:12,042 ] 67 root - INFO - Checking if our model is underfitting or not
[ 2022-12-11 09:20:12,042 ] 72 root - INFO - Checking if our model is overfiiting or not
[ 2022-12-11 09:20:12,042 ] 79 root - INFO - Saving mode object
[ 2022-12-11 09:20:12,042 ] 55 root - INFO - Entered the save_object method of utils
[ 2022-12-11 09:20:12,048 ] 59 root - INFO - Exited the save_object method of utils
[ 2022-12-11 09:20:12,048 ] 83 root - INFO - Prepare the artifact
[ 2022-12-11 09:20:12,048 ] 86 root - INFO - Model trainer artifact: ModelTrainerArtifact(model_path='/config/workspace/artifact/12112022__091928/model_trainer/model/model.pkl', f1_train_score=1.0, f1_test_score=0.9790606369056275)
[ 2022-12-11 09:20:12,050 ] 18 root - INFO - >>>>>>>>>>>>>>>>>>>>>>>>>>>>>>>>>>>>>>>>  Model Evaluation <<<<<<<<<<<<<<<<<<<<<<<<<<<<<<<<<<<<<<<<
[ 2022-12-11 09:20:12,050 ] 34 root - INFO - if saved model folder has model the we will compare which model is best trained or the model from saved model folder
[ 2022-12-11 09:20:12,050 ] 40 root - INFO - Model evaluation artifact: ModelEvaluationArtifact(is_model_accepted=True, improved_accuracy=None)
[ 2022-12-11 09:20:12,050 ] 18 root - INFO - >>>>>>>>>>>>>>>>>>>>>>>>>>>>>>>>>>>>>>>> Data Transformation <<<<<<<<<<<<<<<<<<<<<<<<<<<<<<<<<<<<<<<<
[ 2022-12-11 09:20:12,050 ] 29 root - INFO - Loading transformer model and target encoder
[ 2022-12-11 09:20:12,056 ] 35 root - INFO - Saving model into model pusher directory
[ 2022-12-11 09:20:12,056 ] 55 root - INFO - Entered the save_object method of utils
[ 2022-12-11 09:20:12,058 ] 59 root - INFO - Exited the save_object method of utils
[ 2022-12-11 09:20:12,058 ] 55 root - INFO - Entered the save_object method of utils
[ 2022-12-11 09:20:12,062 ] 59 root - INFO - Exited the save_object method of utils
[ 2022-12-11 09:20:12,063 ] 55 root - INFO - Entered the save_object method of utils
[ 2022-12-11 09:20:12,063 ] 59 root - INFO - Exited the save_object method of utils
[ 2022-12-11 09:20:12,063 ] 42 root - INFO - Saving model in saved model dir
[ 2022-12-11 09:20:12,063 ] 55 root - INFO - Entered the save_object method of utils
[ 2022-12-11 09:20:12,065 ] 59 root - INFO - Exited the save_object method of utils
[ 2022-12-11 09:20:12,066 ] 55 root - INFO - Entered the save_object method of utils
[ 2022-12-11 09:20:12,069 ] 59 root - INFO - Exited the save_object method of utils
[ 2022-12-11 09:20:12,069 ] 55 root - INFO - Entered the save_object method of utils
[ 2022-12-11 09:20:12,070 ] 59 root - INFO - Exited the save_object method of utils
[ 2022-12-11 09:20:12,070 ] 53 root - INFO - Model pusher artifact: ModelPusherArtifact(pusher_model_dir='/config/workspace/artifact/12112022__091928/model_pusher/saved_models', saved_model_dir='saved_models')
