[ 2022-12-17 19:53:40,792 ] 19 root - INFO - Reading data from database: {database_name} and collection {collection_name}
[ 2022-12-17 19:53:47,447 ] 22 root - INFO - found columns: Index(['_id', 'class', 'aa_000', 'ab_000', 'ac_000', 'ad_000', 'ae_000',
       'af_000', 'ag_000', 'ag_001',
       ...
       'ee_002', 'ee_003', 'ee_004', 'ee_005', 'ee_006', 'ee_007', 'ee_008',
       'ee_009', 'ef_000', 'eg_000'],
      dtype='object', length=172)
[ 2022-12-17 19:53:47,447 ] 24 root - INFO - droping column :_id
[ 2022-12-17 19:53:47,662 ] 26 root - INFO - row and cols in df :(36188, 171)
[ 2022-12-17 19:53:48,317 ] 31 root - INFO - create a feature store folder if not available
[ 2022-12-17 19:53:48,317 ] 34 root - INFO - Save df to feature folder
[ 2022-12-17 19:53:51,002 ] 38 root - INFO - split the dataset into train and test
[ 2022-12-17 19:53:51,693 ] 41 root - INFO - create dataset directory if not available
[ 2022-12-17 19:53:51,693 ] 46 root - INFO - save df to feature store folder
[ 2022-12-17 19:53:54,239 ] 19 root - INFO - >>>>>>>>>>>>>>>>>>>>>>>>>>>>>>>>>>>>>>>> Data Validation <<<<<<<<<<<<<<<<<<<<<<<<<<<<<<<<<<<<<<<<
[ 2022-12-17 19:53:54,239 ] 107 root - INFO - Reading base dataframe
[ 2022-12-17 19:53:57,211 ] 110 root - INFO - Replace na value in base df
[ 2022-12-17 19:53:57,212 ] 112 root - INFO - Drop null values colums from base df
[ 2022-12-17 19:53:58,206 ] 41 root - INFO - selecting column name which contains null above to 0.2
[ 2022-12-17 19:53:58,206 ] 44 root - INFO - Columns to drop: ['ab_000', 'ad_000', 'bk_000', 'bl_000', 'bm_000', 'bn_000', 'bo_000', 'bp_000', 'bq_000', 'br_000', 'cf_000', 'cg_000', 'ch_000', 'co_000', 'cr_000', 'ct_000', 'cu_000', 'cv_000', 'cx_000', 'cy_000', 'cz_000', 'da_000', 'db_000', 'dc_000']
[ 2022-12-17 19:53:58,312 ] 115 root - INFO - Reading train dataframe
[ 2022-12-17 19:53:58,713 ] 117 root - INFO - Reading test dataframe
[ 2022-12-17 19:53:58,812 ] 120 root - INFO - Drop null values colums from train df
[ 2022-12-17 19:53:58,824 ] 41 root - INFO - selecting column name which contains null above to 0.2
[ 2022-12-17 19:53:58,824 ] 44 root - INFO - Columns to drop: ['ab_000', 'ad_000', 'bk_000', 'bl_000', 'bm_000', 'bn_000', 'bo_000', 'bp_000', 'bq_000', 'br_000', 'cf_000', 'cg_000', 'ch_000', 'co_000', 'cr_000', 'ct_000', 'cu_000', 'cv_000', 'cx_000', 'cy_000', 'cz_000', 'da_000', 'db_000', 'dc_000']
[ 2022-12-17 19:53:58,834 ] 122 root - INFO - Drop null values colums from test df
[ 2022-12-17 19:53:58,838 ] 41 root - INFO - selecting column name which contains null above to 0.2
[ 2022-12-17 19:53:58,838 ] 44 root - INFO - Columns to drop: ['ab_000', 'ad_000', 'bk_000', 'bl_000', 'bm_000', 'bn_000', 'bo_000', 'bp_000', 'bq_000', 'br_000', 'cf_000', 'cg_000', 'ch_000', 'co_000', 'cr_000', 'ct_000', 'cu_000', 'cv_000', 'cx_000', 'cy_000', 'cz_000', 'da_000', 'db_000', 'dc_000']
[ 2022-12-17 19:54:04,979 ] 131 root - INFO - Is all required columns present in train df
[ 2022-12-17 19:54:04,979 ] 133 root - INFO - Is all required columns present in test df
[ 2022-12-17 19:54:04,979 ] 137 root - INFO - As all column are available in train df hence detecting data drift
[ 2022-12-17 19:54:04,980 ] 85 root - INFO - Hypothesis class: object, object 
[ 2022-12-17 19:54:05,113 ] 85 root - INFO - Hypothesis aa_000: float64, float64 
[ 2022-12-17 19:54:05,124 ] 85 root - INFO - Hypothesis ac_000: float64, float64 
[ 2022-12-17 19:54:05,132 ] 85 root - INFO - Hypothesis ae_000: float64, float64 
[ 2022-12-17 19:54:05,168 ] 85 root - INFO - Hypothesis af_000: float64, float64 
[ 2022-12-17 19:54:05,204 ] 85 root - INFO - Hypothesis ag_000: float64, float64 
[ 2022-12-17 19:54:05,239 ] 85 root - INFO - Hypothesis ag_001: float64, float64 
[ 2022-12-17 19:54:05,274 ] 85 root - INFO - Hypothesis ag_002: float64, float64 
[ 2022-12-17 19:54:05,311 ] 85 root - INFO - Hypothesis ag_003: float64, float64 
[ 2022-12-17 19:54:05,349 ] 85 root - INFO - Hypothesis ag_004: float64, float64 
[ 2022-12-17 19:54:05,394 ] 85 root - INFO - Hypothesis ag_005: float64, float64 
[ 2022-12-17 19:54:05,405 ] 85 root - INFO - Hypothesis ag_006: float64, float64 
[ 2022-12-17 19:54:05,416 ] 85 root - INFO - Hypothesis ag_007: float64, float64 
[ 2022-12-17 19:54:05,426 ] 85 root - INFO - Hypothesis ag_008: float64, float64 
[ 2022-12-17 19:54:05,435 ] 85 root - INFO - Hypothesis ag_009: float64, float64 
[ 2022-12-17 19:54:05,472 ] 85 root - INFO - Hypothesis ah_000: float64, float64 
[ 2022-12-17 19:54:05,483 ] 85 root - INFO - Hypothesis ai_000: float64, float64 
[ 2022-12-17 19:54:05,519 ] 85 root - INFO - Hypothesis aj_000: float64, float64 
[ 2022-12-17 19:54:05,556 ] 85 root - INFO - Hypothesis ak_000: float64, float64 
[ 2022-12-17 19:54:05,593 ] 85 root - INFO - Hypothesis al_000: float64, float64 
[ 2022-12-17 19:54:05,632 ] 85 root - INFO - Hypothesis am_0: float64, float64 
[ 2022-12-17 19:54:05,671 ] 85 root - INFO - Hypothesis an_000: float64, float64 
[ 2022-12-17 19:54:05,681 ] 85 root - INFO - Hypothesis ao_000: float64, float64 
[ 2022-12-17 19:54:05,692 ] 85 root - INFO - Hypothesis ap_000: float64, float64 
[ 2022-12-17 19:54:05,702 ] 85 root - INFO - Hypothesis aq_000: float64, float64 
[ 2022-12-17 19:54:05,713 ] 85 root - INFO - Hypothesis ar_000: float64, float64 
[ 2022-12-17 19:54:05,749 ] 85 root - INFO - Hypothesis as_000: float64, float64 
[ 2022-12-17 19:54:05,784 ] 85 root - INFO - Hypothesis at_000: float64, float64 
[ 2022-12-17 19:54:05,820 ] 85 root - INFO - Hypothesis au_000: float64, float64 
[ 2022-12-17 19:54:05,856 ] 85 root - INFO - Hypothesis av_000: float64, float64 
[ 2022-12-17 19:54:05,865 ] 85 root - INFO - Hypothesis ax_000: float64, float64 
[ 2022-12-17 19:54:05,874 ] 85 root - INFO - Hypothesis ay_000: float64, float64 
[ 2022-12-17 19:54:05,909 ] 85 root - INFO - Hypothesis ay_001: float64, float64 
[ 2022-12-17 19:54:05,944 ] 85 root - INFO - Hypothesis ay_002: float64, float64 
[ 2022-12-17 19:54:05,978 ] 85 root - INFO - Hypothesis ay_003: float64, float64 
[ 2022-12-17 19:54:06,013 ] 85 root - INFO - Hypothesis ay_004: float64, float64 
[ 2022-12-17 19:54:06,049 ] 85 root - INFO - Hypothesis ay_005: float64, float64 
[ 2022-12-17 19:54:06,087 ] 85 root - INFO - Hypothesis ay_006: float64, float64 
[ 2022-12-17 19:54:06,097 ] 85 root - INFO - Hypothesis ay_007: float64, float64 
[ 2022-12-17 19:54:06,107 ] 85 root - INFO - Hypothesis ay_008: float64, float64 
[ 2022-12-17 19:54:06,117 ] 85 root - INFO - Hypothesis ay_009: float64, float64 
[ 2022-12-17 19:54:06,152 ] 85 root - INFO - Hypothesis az_000: float64, float64 
[ 2022-12-17 19:54:06,162 ] 85 root - INFO - Hypothesis az_001: float64, float64 
[ 2022-12-17 19:54:06,171 ] 85 root - INFO - Hypothesis az_002: float64, float64 
[ 2022-12-17 19:54:06,181 ] 85 root - INFO - Hypothesis az_003: float64, float64 
[ 2022-12-17 19:54:06,191 ] 85 root - INFO - Hypothesis az_004: float64, float64 
[ 2022-12-17 19:54:06,201 ] 85 root - INFO - Hypothesis az_005: float64, float64 
[ 2022-12-17 19:54:06,212 ] 85 root - INFO - Hypothesis az_006: float64, float64 
[ 2022-12-17 19:54:06,221 ] 85 root - INFO - Hypothesis az_007: float64, float64 
[ 2022-12-17 19:54:06,227 ] 85 root - INFO - Hypothesis az_008: float64, float64 
[ 2022-12-17 19:54:06,232 ] 85 root - INFO - Hypothesis az_009: float64, float64 
[ 2022-12-17 19:54:06,267 ] 85 root - INFO - Hypothesis ba_000: float64, float64 
[ 2022-12-17 19:54:06,278 ] 85 root - INFO - Hypothesis ba_001: float64, float64 
[ 2022-12-17 19:54:06,289 ] 85 root - INFO - Hypothesis ba_002: float64, float64 
[ 2022-12-17 19:54:06,299 ] 85 root - INFO - Hypothesis ba_003: float64, float64 
[ 2022-12-17 19:54:06,309 ] 85 root - INFO - Hypothesis ba_004: float64, float64 
[ 2022-12-17 19:54:06,319 ] 85 root - INFO - Hypothesis ba_005: float64, float64 
[ 2022-12-17 19:54:06,330 ] 85 root - INFO - Hypothesis ba_006: float64, float64 
[ 2022-12-17 19:54:06,340 ] 85 root - INFO - Hypothesis ba_007: float64, float64 
[ 2022-12-17 19:54:06,351 ] 85 root - INFO - Hypothesis ba_008: float64, float64 
[ 2022-12-17 19:54:06,391 ] 85 root - INFO - Hypothesis ba_009: float64, float64 
[ 2022-12-17 19:54:06,429 ] 85 root - INFO - Hypothesis bb_000: float64, float64 
[ 2022-12-17 19:54:06,440 ] 85 root - INFO - Hypothesis bc_000: float64, float64 
[ 2022-12-17 19:54:06,447 ] 85 root - INFO - Hypothesis bd_000: float64, float64 
[ 2022-12-17 19:54:06,456 ] 85 root - INFO - Hypothesis be_000: float64, float64 
[ 2022-12-17 19:54:06,464 ] 85 root - INFO - Hypothesis bf_000: float64, float64 
[ 2022-12-17 19:54:06,471 ] 85 root - INFO - Hypothesis bg_000: float64, float64 
[ 2022-12-17 19:54:06,482 ] 85 root - INFO - Hypothesis bh_000: float64, float64 
[ 2022-12-17 19:54:06,492 ] 85 root - INFO - Hypothesis bi_000: float64, float64 
[ 2022-12-17 19:54:06,503 ] 85 root - INFO - Hypothesis bj_000: float64, float64 
[ 2022-12-17 19:54:06,514 ] 85 root - INFO - Hypothesis bs_000: float64, float64 
[ 2022-12-17 19:54:06,556 ] 85 root - INFO - Hypothesis bt_000: float64, float64 
[ 2022-12-17 19:54:06,567 ] 85 root - INFO - Hypothesis bu_000: float64, float64 
[ 2022-12-17 19:54:06,577 ] 85 root - INFO - Hypothesis bv_000: float64, float64 
[ 2022-12-17 19:54:06,588 ] 85 root - INFO - Hypothesis bx_000: float64, float64 
[ 2022-12-17 19:54:06,598 ] 85 root - INFO - Hypothesis by_000: float64, float64 
[ 2022-12-17 19:54:06,609 ] 85 root - INFO - Hypothesis bz_000: float64, float64 
[ 2022-12-17 19:54:06,618 ] 85 root - INFO - Hypothesis ca_000: float64, float64 
[ 2022-12-17 19:54:06,629 ] 85 root - INFO - Hypothesis cb_000: float64, float64 
[ 2022-12-17 19:54:06,640 ] 85 root - INFO - Hypothesis cc_000: float64, float64 
[ 2022-12-17 19:54:06,650 ] 85 root - INFO - Hypothesis cd_000: float64, float64 
[ 2022-12-17 19:54:06,685 ] 85 root - INFO - Hypothesis ce_000: float64, float64 
[ 2022-12-17 19:54:06,726 ] 85 root - INFO - Hypothesis ci_000: float64, float64 
[ 2022-12-17 19:54:06,736 ] 85 root - INFO - Hypothesis cj_000: float64, float64 
[ 2022-12-17 19:54:06,773 ] 85 root - INFO - Hypothesis ck_000: float64, float64 
[ 2022-12-17 19:54:06,784 ] 85 root - INFO - Hypothesis cl_000: float64, float64 
[ 2022-12-17 19:54:06,790 ] 85 root - INFO - Hypothesis cm_000: float64, float64 
[ 2022-12-17 19:54:06,828 ] 85 root - INFO - Hypothesis cn_000: float64, float64 
[ 2022-12-17 19:54:06,863 ] 85 root - INFO - Hypothesis cn_001: float64, float64 
[ 2022-12-17 19:54:06,900 ] 85 root - INFO - Hypothesis cn_002: float64, float64 
[ 2022-12-17 19:54:06,939 ] 85 root - INFO - Hypothesis cn_003: float64, float64 
[ 2022-12-17 19:54:06,980 ] 85 root - INFO - Hypothesis cn_004: float64, float64 
[ 2022-12-17 19:54:06,991 ] 85 root - INFO - Hypothesis cn_005: float64, float64 
[ 2022-12-17 19:54:07,002 ] 85 root - INFO - Hypothesis cn_006: float64, float64 
[ 2022-12-17 19:54:07,012 ] 85 root - INFO - Hypothesis cn_007: float64, float64 
[ 2022-12-17 19:54:07,022 ] 85 root - INFO - Hypothesis cn_008: float64, float64 
[ 2022-12-17 19:54:07,031 ] 85 root - INFO - Hypothesis cn_009: float64, float64 
[ 2022-12-17 19:54:07,038 ] 85 root - INFO - Hypothesis cp_000: float64, float64 
[ 2022-12-17 19:54:07,046 ] 85 root - INFO - Hypothesis cq_000: float64, float64 
[ 2022-12-17 19:54:07,056 ] 85 root - INFO - Hypothesis cs_000: float64, float64 
[ 2022-12-17 19:54:07,071 ] 85 root - INFO - Hypothesis cs_001: float64, float64 
[ 2022-12-17 19:54:07,080 ] 85 root - INFO - Hypothesis cs_002: float64, float64 
[ 2022-12-17 19:54:07,090 ] 85 root - INFO - Hypothesis cs_003: float64, float64 
[ 2022-12-17 19:54:07,100 ] 85 root - INFO - Hypothesis cs_004: float64, float64 
[ 2022-12-17 19:54:07,111 ] 85 root - INFO - Hypothesis cs_005: float64, float64 
[ 2022-12-17 19:54:07,122 ] 85 root - INFO - Hypothesis cs_006: float64, float64 
[ 2022-12-17 19:54:07,133 ] 85 root - INFO - Hypothesis cs_007: float64, float64 
[ 2022-12-17 19:54:07,144 ] 85 root - INFO - Hypothesis cs_008: float64, float64 
[ 2022-12-17 19:54:07,151 ] 85 root - INFO - Hypothesis cs_009: float64, float64 
[ 2022-12-17 19:54:07,188 ] 85 root - INFO - Hypothesis dd_000: float64, float64 
[ 2022-12-17 19:54:07,198 ] 85 root - INFO - Hypothesis de_000: float64, float64 
[ 2022-12-17 19:54:07,206 ] 85 root - INFO - Hypothesis df_000: float64, float64 
[ 2022-12-17 19:54:07,242 ] 85 root - INFO - Hypothesis dg_000: float64, float64 
[ 2022-12-17 19:54:07,278 ] 85 root - INFO - Hypothesis dh_000: float64, float64 
[ 2022-12-17 19:54:07,315 ] 85 root - INFO - Hypothesis di_000: float64, float64 
[ 2022-12-17 19:54:07,352 ] 85 root - INFO - Hypothesis dj_000: float64, float64 
[ 2022-12-17 19:54:07,388 ] 85 root - INFO - Hypothesis dk_000: float64, float64 
[ 2022-12-17 19:54:07,424 ] 85 root - INFO - Hypothesis dl_000: float64, float64 
[ 2022-12-17 19:54:07,460 ] 85 root - INFO - Hypothesis dm_000: float64, float64 
[ 2022-12-17 19:54:07,496 ] 85 root - INFO - Hypothesis dn_000: float64, float64 
[ 2022-12-17 19:54:07,506 ] 85 root - INFO - Hypothesis do_000: float64, float64 
[ 2022-12-17 19:54:07,516 ] 85 root - INFO - Hypothesis dp_000: float64, float64 
[ 2022-12-17 19:54:07,525 ] 85 root - INFO - Hypothesis dq_000: float64, float64 
[ 2022-12-17 19:54:07,563 ] 85 root - INFO - Hypothesis dr_000: float64, float64 
[ 2022-12-17 19:54:07,602 ] 85 root - INFO - Hypothesis ds_000: float64, float64 
[ 2022-12-17 19:54:07,612 ] 85 root - INFO - Hypothesis dt_000: float64, float64 
[ 2022-12-17 19:54:07,622 ] 85 root - INFO - Hypothesis du_000: float64, float64 
[ 2022-12-17 19:54:07,664 ] 85 root - INFO - Hypothesis dv_000: float64, float64 
[ 2022-12-17 19:54:07,706 ] 85 root - INFO - Hypothesis dx_000: float64, float64 
[ 2022-12-17 19:54:07,744 ] 85 root - INFO - Hypothesis dy_000: float64, float64 
[ 2022-12-17 19:54:07,783 ] 85 root - INFO - Hypothesis dz_000: float64, float64 
[ 2022-12-17 19:54:07,818 ] 85 root - INFO - Hypothesis ea_000: float64, float64 
[ 2022-12-17 19:54:07,854 ] 85 root - INFO - Hypothesis eb_000: float64, float64 
[ 2022-12-17 19:54:07,862 ] 85 root - INFO - Hypothesis ec_00: float64, float64 
[ 2022-12-17 19:54:07,872 ] 85 root - INFO - Hypothesis ed_000: float64, float64 
[ 2022-12-17 19:54:07,881 ] 85 root - INFO - Hypothesis ee_000: float64, float64 
[ 2022-12-17 19:54:07,892 ] 85 root - INFO - Hypothesis ee_001: float64, float64 
[ 2022-12-17 19:54:07,903 ] 85 root - INFO - Hypothesis ee_002: float64, float64 
[ 2022-12-17 19:54:07,913 ] 85 root - INFO - Hypothesis ee_003: float64, float64 
[ 2022-12-17 19:54:07,923 ] 85 root - INFO - Hypothesis ee_004: float64, float64 
[ 2022-12-17 19:54:07,934 ] 85 root - INFO - Hypothesis ee_005: float64, float64 
[ 2022-12-17 19:54:07,944 ] 85 root - INFO - Hypothesis ee_006: float64, float64 
[ 2022-12-17 19:54:07,985 ] 85 root - INFO - Hypothesis ee_007: float64, float64 
[ 2022-12-17 19:54:08,029 ] 85 root - INFO - Hypothesis ee_008: float64, float64 
[ 2022-12-17 19:54:08,039 ] 85 root - INFO - Hypothesis ee_009: float64, float64 
[ 2022-12-17 19:54:08,048 ] 85 root - INFO - Hypothesis ef_000: float64, float64 
[ 2022-12-17 19:54:08,086 ] 85 root - INFO - Hypothesis eg_000: float64, float64 
[ 2022-12-17 19:54:08,122 ] 140 root - INFO - As all column are available in test df hence detecting data drift
[ 2022-12-17 19:54:08,122 ] 85 root - INFO - Hypothesis class: object, object 
[ 2022-12-17 19:54:08,196 ] 85 root - INFO - Hypothesis aa_000: float64, float64 
[ 2022-12-17 19:54:08,203 ] 85 root - INFO - Hypothesis ac_000: float64, float64 
[ 2022-12-17 19:54:08,208 ] 85 root - INFO - Hypothesis ae_000: float64, float64 
[ 2022-12-17 19:54:08,223 ] 85 root - INFO - Hypothesis af_000: float64, float64 
[ 2022-12-17 19:54:08,239 ] 85 root - INFO - Hypothesis ag_000: float64, float64 
[ 2022-12-17 19:54:08,256 ] 85 root - INFO - Hypothesis ag_001: float64, float64 
[ 2022-12-17 19:54:08,271 ] 85 root - INFO - Hypothesis ag_002: float64, float64 
[ 2022-12-17 19:54:08,287 ] 85 root - INFO - Hypothesis ag_003: float64, float64 
[ 2022-12-17 19:54:08,291 ] 85 root - INFO - Hypothesis ag_004: float64, float64 
[ 2022-12-17 19:54:08,298 ] 85 root - INFO - Hypothesis ag_005: float64, float64 
[ 2022-12-17 19:54:08,304 ] 85 root - INFO - Hypothesis ag_006: float64, float64 
[ 2022-12-17 19:54:08,312 ] 85 root - INFO - Hypothesis ag_007: float64, float64 
[ 2022-12-17 19:54:08,318 ] 85 root - INFO - Hypothesis ag_008: float64, float64 
[ 2022-12-17 19:54:08,324 ] 85 root - INFO - Hypothesis ag_009: float64, float64 
[ 2022-12-17 19:54:08,328 ] 85 root - INFO - Hypothesis ah_000: float64, float64 
[ 2022-12-17 19:54:08,336 ] 85 root - INFO - Hypothesis ai_000: float64, float64 
[ 2022-12-17 19:54:08,339 ] 85 root - INFO - Hypothesis aj_000: float64, float64 
[ 2022-12-17 19:54:08,357 ] 85 root - INFO - Hypothesis ak_000: float64, float64 
[ 2022-12-17 19:54:08,360 ] 85 root - INFO - Hypothesis al_000: float64, float64 
[ 2022-12-17 19:54:08,377 ] 85 root - INFO - Hypothesis am_0: float64, float64 
[ 2022-12-17 19:54:08,383 ] 85 root - INFO - Hypothesis an_000: float64, float64 
[ 2022-12-17 19:54:08,390 ] 85 root - INFO - Hypothesis ao_000: float64, float64 
[ 2022-12-17 19:54:08,397 ] 85 root - INFO - Hypothesis ap_000: float64, float64 
[ 2022-12-17 19:54:08,405 ] 85 root - INFO - Hypothesis aq_000: float64, float64 
[ 2022-12-17 19:54:08,413 ] 85 root - INFO - Hypothesis ar_000: float64, float64 
[ 2022-12-17 19:54:08,416 ] 85 root - INFO - Hypothesis as_000: float64, float64 
[ 2022-12-17 19:54:08,431 ] 85 root - INFO - Hypothesis at_000: float64, float64 
[ 2022-12-17 19:54:08,436 ] 85 root - INFO - Hypothesis au_000: float64, float64 
[ 2022-12-17 19:54:08,451 ] 85 root - INFO - Hypothesis av_000: float64, float64 
[ 2022-12-17 19:54:08,457 ] 85 root - INFO - Hypothesis ax_000: float64, float64 
[ 2022-12-17 19:54:08,463 ] 85 root - INFO - Hypothesis ay_000: float64, float64 
[ 2022-12-17 19:54:08,477 ] 85 root - INFO - Hypothesis ay_001: float64, float64 
[ 2022-12-17 19:54:08,492 ] 85 root - INFO - Hypothesis ay_002: float64, float64 
[ 2022-12-17 19:54:08,507 ] 85 root - INFO - Hypothesis ay_003: float64, float64 
[ 2022-12-17 19:54:08,521 ] 85 root - INFO - Hypothesis ay_004: float64, float64 
[ 2022-12-17 19:54:08,536 ] 85 root - INFO - Hypothesis ay_005: float64, float64 
[ 2022-12-17 19:54:08,542 ] 85 root - INFO - Hypothesis ay_006: float64, float64 
[ 2022-12-17 19:54:08,548 ] 85 root - INFO - Hypothesis ay_007: float64, float64 
[ 2022-12-17 19:54:08,555 ] 85 root - INFO - Hypothesis ay_008: float64, float64 
[ 2022-12-17 19:54:08,562 ] 85 root - INFO - Hypothesis ay_009: float64, float64 
[ 2022-12-17 19:54:08,576 ] 85 root - INFO - Hypothesis az_000: float64, float64 
[ 2022-12-17 19:54:08,583 ] 85 root - INFO - Hypothesis az_001: float64, float64 
[ 2022-12-17 19:54:08,590 ] 85 root - INFO - Hypothesis az_002: float64, float64 
[ 2022-12-17 19:54:08,596 ] 85 root - INFO - Hypothesis az_003: float64, float64 
[ 2022-12-17 19:54:08,603 ] 85 root - INFO - Hypothesis az_004: float64, float64 
[ 2022-12-17 19:54:08,610 ] 85 root - INFO - Hypothesis az_005: float64, float64 
[ 2022-12-17 19:54:08,617 ] 85 root - INFO - Hypothesis az_006: float64, float64 
[ 2022-12-17 19:54:08,623 ] 85 root - INFO - Hypothesis az_007: float64, float64 
[ 2022-12-17 19:54:08,628 ] 85 root - INFO - Hypothesis az_008: float64, float64 
[ 2022-12-17 19:54:08,631 ] 85 root - INFO - Hypothesis az_009: float64, float64 
[ 2022-12-17 19:54:08,646 ] 85 root - INFO - Hypothesis ba_000: float64, float64 
[ 2022-12-17 19:54:08,653 ] 85 root - INFO - Hypothesis ba_001: float64, float64 
[ 2022-12-17 19:54:08,660 ] 85 root - INFO - Hypothesis ba_002: float64, float64 
[ 2022-12-17 19:54:08,667 ] 85 root - INFO - Hypothesis ba_003: float64, float64 
[ 2022-12-17 19:54:08,674 ] 85 root - INFO - Hypothesis ba_004: float64, float64 
[ 2022-12-17 19:54:08,681 ] 85 root - INFO - Hypothesis ba_005: float64, float64 
[ 2022-12-17 19:54:08,688 ] 85 root - INFO - Hypothesis ba_006: float64, float64 
[ 2022-12-17 19:54:08,695 ] 85 root - INFO - Hypothesis ba_007: float64, float64 
[ 2022-12-17 19:54:08,701 ] 85 root - INFO - Hypothesis ba_008: float64, float64 
[ 2022-12-17 19:54:08,707 ] 85 root - INFO - Hypothesis ba_009: float64, float64 
[ 2022-12-17 19:54:08,711 ] 85 root - INFO - Hypothesis bb_000: float64, float64 
[ 2022-12-17 19:54:08,718 ] 85 root - INFO - Hypothesis bc_000: float64, float64 
[ 2022-12-17 19:54:08,724 ] 85 root - INFO - Hypothesis bd_000: float64, float64 
[ 2022-12-17 19:54:08,729 ] 85 root - INFO - Hypothesis be_000: float64, float64 
[ 2022-12-17 19:54:08,735 ] 85 root - INFO - Hypothesis bf_000: float64, float64 
[ 2022-12-17 19:54:08,740 ] 85 root - INFO - Hypothesis bg_000: float64, float64 
[ 2022-12-17 19:54:08,747 ] 85 root - INFO - Hypothesis bh_000: float64, float64 
[ 2022-12-17 19:54:08,754 ] 85 root - INFO - Hypothesis bi_000: float64, float64 
[ 2022-12-17 19:54:08,761 ] 85 root - INFO - Hypothesis bj_000: float64, float64 
[ 2022-12-17 19:54:08,769 ] 85 root - INFO - Hypothesis bs_000: float64, float64 
[ 2022-12-17 19:54:08,776 ] 85 root - INFO - Hypothesis bt_000: float64, float64 
[ 2022-12-17 19:54:08,783 ] 85 root - INFO - Hypothesis bu_000: float64, float64 
[ 2022-12-17 19:54:08,790 ] 85 root - INFO - Hypothesis bv_000: float64, float64 
[ 2022-12-17 19:54:08,797 ] 85 root - INFO - Hypothesis bx_000: float64, float64 
[ 2022-12-17 19:54:08,804 ] 85 root - INFO - Hypothesis by_000: float64, float64 
[ 2022-12-17 19:54:08,811 ] 85 root - INFO - Hypothesis bz_000: float64, float64 
[ 2022-12-17 19:54:08,829 ] 85 root - INFO - Hypothesis ca_000: float64, float64 
[ 2022-12-17 19:54:08,836 ] 85 root - INFO - Hypothesis cb_000: float64, float64 
[ 2022-12-17 19:54:08,843 ] 85 root - INFO - Hypothesis cc_000: float64, float64 
[ 2022-12-17 19:54:08,850 ] 85 root - INFO - Hypothesis cd_000: float64, float64 
[ 2022-12-17 19:54:08,865 ] 85 root - INFO - Hypothesis ce_000: float64, float64 
[ 2022-12-17 19:54:08,872 ] 85 root - INFO - Hypothesis ci_000: float64, float64 
[ 2022-12-17 19:54:08,879 ] 85 root - INFO - Hypothesis cj_000: float64, float64 
[ 2022-12-17 19:54:08,895 ] 85 root - INFO - Hypothesis ck_000: float64, float64 
[ 2022-12-17 19:54:08,902 ] 85 root - INFO - Hypothesis cl_000: float64, float64 
[ 2022-12-17 19:54:08,906 ] 85 root - INFO - Hypothesis cm_000: float64, float64 
[ 2022-12-17 19:54:08,911 ] 85 root - INFO - Hypothesis cn_000: float64, float64 
[ 2022-12-17 19:54:08,925 ] 85 root - INFO - Hypothesis cn_001: float64, float64 
[ 2022-12-17 19:54:08,929 ] 85 root - INFO - Hypothesis cn_002: float64, float64 
[ 2022-12-17 19:54:08,935 ] 85 root - INFO - Hypothesis cn_003: float64, float64 
[ 2022-12-17 19:54:08,942 ] 85 root - INFO - Hypothesis cn_004: float64, float64 
[ 2022-12-17 19:54:08,949 ] 85 root - INFO - Hypothesis cn_005: float64, float64 
[ 2022-12-17 19:54:08,956 ] 85 root - INFO - Hypothesis cn_006: float64, float64 
[ 2022-12-17 19:54:08,963 ] 85 root - INFO - Hypothesis cn_007: float64, float64 
[ 2022-12-17 19:54:08,970 ] 85 root - INFO - Hypothesis cn_008: float64, float64 
[ 2022-12-17 19:54:08,976 ] 85 root - INFO - Hypothesis cn_009: float64, float64 
[ 2022-12-17 19:54:08,981 ] 85 root - INFO - Hypothesis cp_000: float64, float64 
[ 2022-12-17 19:54:08,986 ] 85 root - INFO - Hypothesis cq_000: float64, float64 
[ 2022-12-17 19:54:08,993 ] 85 root - INFO - Hypothesis cs_000: float64, float64 
[ 2022-12-17 19:54:09,000 ] 85 root - INFO - Hypothesis cs_001: float64, float64 
[ 2022-12-17 19:54:09,006 ] 85 root - INFO - Hypothesis cs_002: float64, float64 
[ 2022-12-17 19:54:09,013 ] 85 root - INFO - Hypothesis cs_003: float64, float64 
[ 2022-12-17 19:54:09,020 ] 85 root - INFO - Hypothesis cs_004: float64, float64 
[ 2022-12-17 19:54:09,027 ] 85 root - INFO - Hypothesis cs_005: float64, float64 
[ 2022-12-17 19:54:09,035 ] 85 root - INFO - Hypothesis cs_006: float64, float64 
[ 2022-12-17 19:54:09,042 ] 85 root - INFO - Hypothesis cs_007: float64, float64 
[ 2022-12-17 19:54:09,049 ] 85 root - INFO - Hypothesis cs_008: float64, float64 
[ 2022-12-17 19:54:09,054 ] 85 root - INFO - Hypothesis cs_009: float64, float64 
[ 2022-12-17 19:54:09,069 ] 85 root - INFO - Hypothesis dd_000: float64, float64 
[ 2022-12-17 19:54:09,076 ] 85 root - INFO - Hypothesis de_000: float64, float64 
[ 2022-12-17 19:54:09,082 ] 85 root - INFO - Hypothesis df_000: float64, float64 
[ 2022-12-17 19:54:09,098 ] 85 root - INFO - Hypothesis dg_000: float64, float64 
[ 2022-12-17 19:54:09,114 ] 85 root - INFO - Hypothesis dh_000: float64, float64 
[ 2022-12-17 19:54:09,118 ] 85 root - INFO - Hypothesis di_000: float64, float64 
[ 2022-12-17 19:54:09,123 ] 85 root - INFO - Hypothesis dj_000: float64, float64 
[ 2022-12-17 19:54:09,139 ] 85 root - INFO - Hypothesis dk_000: float64, float64 
[ 2022-12-17 19:54:09,155 ] 85 root - INFO - Hypothesis dl_000: float64, float64 
[ 2022-12-17 19:54:09,171 ] 85 root - INFO - Hypothesis dm_000: float64, float64 
[ 2022-12-17 19:54:09,186 ] 85 root - INFO - Hypothesis dn_000: float64, float64 
[ 2022-12-17 19:54:09,193 ] 85 root - INFO - Hypothesis do_000: float64, float64 
[ 2022-12-17 19:54:09,200 ] 85 root - INFO - Hypothesis dp_000: float64, float64 
[ 2022-12-17 19:54:09,206 ] 85 root - INFO - Hypothesis dq_000: float64, float64 
[ 2022-12-17 19:54:09,210 ] 85 root - INFO - Hypothesis dr_000: float64, float64 
[ 2022-12-17 19:54:09,215 ] 85 root - INFO - Hypothesis ds_000: float64, float64 
[ 2022-12-17 19:54:09,221 ] 85 root - INFO - Hypothesis dt_000: float64, float64 
[ 2022-12-17 19:54:09,228 ] 85 root - INFO - Hypothesis du_000: float64, float64 
[ 2022-12-17 19:54:09,235 ] 85 root - INFO - Hypothesis dv_000: float64, float64 
[ 2022-12-17 19:54:09,241 ] 85 root - INFO - Hypothesis dx_000: float64, float64 
[ 2022-12-17 19:54:09,246 ] 85 root - INFO - Hypothesis dy_000: float64, float64 
[ 2022-12-17 19:54:09,251 ] 85 root - INFO - Hypothesis dz_000: float64, float64 
[ 2022-12-17 19:54:09,254 ] 85 root - INFO - Hypothesis ea_000: float64, float64 
[ 2022-12-17 19:54:09,257 ] 85 root - INFO - Hypothesis eb_000: float64, float64 
[ 2022-12-17 19:54:09,263 ] 85 root - INFO - Hypothesis ec_00: float64, float64 
[ 2022-12-17 19:54:09,270 ] 85 root - INFO - Hypothesis ed_000: float64, float64 
[ 2022-12-17 19:54:09,276 ] 85 root - INFO - Hypothesis ee_000: float64, float64 
[ 2022-12-17 19:54:09,283 ] 85 root - INFO - Hypothesis ee_001: float64, float64 
[ 2022-12-17 19:54:09,290 ] 85 root - INFO - Hypothesis ee_002: float64, float64 
[ 2022-12-17 19:54:09,298 ] 85 root - INFO - Hypothesis ee_003: float64, float64 
[ 2022-12-17 19:54:09,304 ] 85 root - INFO - Hypothesis ee_004: float64, float64 
[ 2022-12-17 19:54:09,312 ] 85 root - INFO - Hypothesis ee_005: float64, float64 
[ 2022-12-17 19:54:09,319 ] 85 root - INFO - Hypothesis ee_006: float64, float64 
[ 2022-12-17 19:54:09,326 ] 85 root - INFO - Hypothesis ee_007: float64, float64 
[ 2022-12-17 19:54:09,332 ] 85 root - INFO - Hypothesis ee_008: float64, float64 
[ 2022-12-17 19:54:09,339 ] 85 root - INFO - Hypothesis ee_009: float64, float64 
[ 2022-12-17 19:54:09,344 ] 85 root - INFO - Hypothesis ef_000: float64, float64 
[ 2022-12-17 19:54:09,348 ] 85 root - INFO - Hypothesis eg_000: float64, float64 
[ 2022-12-17 19:54:09,351 ] 144 root - INFO - Write reprt in yaml file
[ 2022-12-17 19:54:09,421 ] 149 root - INFO - Data validation artifact: DataValidationArtifact(report_file_path='/config/workspace/artifact/12172022__195340/data_validation/report.yaml')
[ 2022-12-17 19:54:09,424 ] 25 root - INFO - >>>>>>>>>>>>>>>>>>>>>>>>>>>>>>>>>>>>>>>> Data Transformation <<<<<<<<<<<<<<<<<<<<<<<<<<<<<<<<<<<<<<<<
[ 2022-12-17 19:54:10,340 ] 76 root - INFO - Before resampling in training set Input: (28950, 170) Target:(28950,)
[ 2022-12-17 19:54:15,854 ] 78 root - INFO - After resampling in training set Input: (56198, 170) Target:(56198,)
[ 2022-12-17 19:54:15,854 ] 80 root - INFO - Before resampling in testing set Input: (7238, 170) Target:(7238,)
[ 2022-12-17 19:54:16,498 ] 82 root - INFO - After resampling in testing set Input: (14022, 170) Target:(14022,)
[ 2022-12-17 19:54:16,608 ] 55 root - INFO - Entered the save_object method of utils
[ 2022-12-17 19:54:16,611 ] 59 root - INFO - Exited the save_object method of utils
[ 2022-12-17 19:54:16,611 ] 55 root - INFO - Entered the save_object method of utils
[ 2022-12-17 19:54:16,612 ] 59 root - INFO - Exited the save_object method of utils
[ 2022-12-17 19:54:16,612 ] 113 root - INFO - Data transformation object DataTransformationArtifact(transformed_object_path='/config/workspace/artifact/12172022__195340/data_transformation/transformer/transformer.pkl', transformed_train_path='/config/workspace/artifact/12172022__195340/data_transformation/transformed/train.npz', transformed_test_path='/config/workspace/artifact/12172022__195340/data_transformation/transformed/test.npz', target_encoder_path='/config/workspace/artifact/12172022__195340/data_transformation/target_encoder/target_encoder.pkl')
[ 2022-12-17 19:54:16,614 ] 19 root - INFO - >>>>>>>>>>>>>>>>>>>>>>>>>>>>>>>>>>>>>>>> Model Trainer <<<<<<<<<<<<<<<<<<<<<<<<<<<<<<<<<<<<<<<<
[ 2022-12-17 19:54:16,614 ] 46 root - INFO - Loading train and test array.
[ 2022-12-17 19:54:16,643 ] 50 root - INFO - Splitting input and target feature from both train and test arr.
[ 2022-12-17 19:54:16,643 ] 54 root - INFO - Train the model
[ 2022-12-17 19:54:27,422 ] 57 root - INFO - Calculating f1 train score
[ 2022-12-17 19:54:27,472 ] 61 root - INFO - Calculating f1 test score
[ 2022-12-17 19:54:27,489 ] 65 root - INFO - train score:1.0 and tests score 0.977519941986947
[ 2022-12-17 19:54:27,489 ] 67 root - INFO - Checking if our model is underfitting or not
[ 2022-12-17 19:54:27,489 ] 72 root - INFO - Checking if our model is overfiiting or not
[ 2022-12-17 19:54:27,489 ] 79 root - INFO - Saving mode object
[ 2022-12-17 19:54:27,489 ] 55 root - INFO - Entered the save_object method of utils
[ 2022-12-17 19:54:27,494 ] 59 root - INFO - Exited the save_object method of utils
[ 2022-12-17 19:54:27,495 ] 83 root - INFO - Prepare the artifact
[ 2022-12-17 19:54:27,495 ] 86 root - INFO - Model trainer artifact: ModelTrainerArtifact(model_path='/config/workspace/artifact/12172022__195340/model_trainer/model/model.pkl', f1_train_score=1.0, f1_test_score=0.977519941986947)
[ 2022-12-17 19:54:27,496 ] 19 root - INFO - >>>>>>>>>>>>>>>>>>>>>>>>>>>>>>>>>>>>>>>>  Model Evaluation <<<<<<<<<<<<<<<<<<<<<<<<<<<<<<<<<<<<<<<<
[ 2022-12-17 19:54:27,497 ] 35 root - INFO - if saved model folder has model the we will compare which model is best trained or the model from saved model folder
[ 2022-12-17 19:54:27,497 ] 46 root - INFO - Finding location of transformer model and target encoder
[ 2022-12-17 19:54:27,497 ] 51 root - INFO - Previous trained objects of transformer, model and target encoder
[ 2022-12-17 19:54:27,502 ] 58 root - INFO - Currently trained model objects
[ 2022-12-17 19:54:27,671 ] 76 root - INFO - Accuracy using previous trained model: 0.9691211401425178
[ 2022-12-17 19:54:27,709 ] 85 root - INFO - Accuracy using current trained model: 0.8337236533957846
[ 2022-12-17 19:54:27,710 ] 87 root - INFO - Current trained model is not better than previous model
[ 2022-12-17 19:54:27,710 ] 92 root - INFO - Model eval artifact: ModelEvaluationArtifact(is_model_accepted=True, improved_accuracy=-0.13539748674673324)
[ 2022-12-17 19:54:27,711 ] 18 root - INFO - >>>>>>>>>>>>>>>>>>>>>>>>>>>>>>>>>>>>>>>> Data Transformation <<<<<<<<<<<<<<<<<<<<<<<<<<<<<<<<<<<<<<<<
[ 2022-12-17 19:54:27,711 ] 29 root - INFO - Loading transformer model and target encoder
[ 2022-12-17 19:54:27,716 ] 35 root - INFO - Saving model into model pusher directory
[ 2022-12-17 19:54:27,716 ] 55 root - INFO - Entered the save_object method of utils
[ 2022-12-17 19:54:27,718 ] 59 root - INFO - Exited the save_object method of utils
[ 2022-12-17 19:54:27,718 ] 55 root - INFO - Entered the save_object method of utils
[ 2022-12-17 19:54:27,724 ] 59 root - INFO - Exited the save_object method of utils
[ 2022-12-17 19:54:27,724 ] 55 root - INFO - Entered the save_object method of utils
[ 2022-12-17 19:54:27,725 ] 59 root - INFO - Exited the save_object method of utils
[ 2022-12-17 19:54:27,725 ] 42 root - INFO - Saving model in saved model dir
[ 2022-12-17 19:54:27,725 ] 55 root - INFO - Entered the save_object method of utils
[ 2022-12-17 19:54:27,727 ] 59 root - INFO - Exited the save_object method of utils
[ 2022-12-17 19:54:27,727 ] 55 root - INFO - Entered the save_object method of utils
[ 2022-12-17 19:54:27,731 ] 59 root - INFO - Exited the save_object method of utils
[ 2022-12-17 19:54:27,731 ] 55 root - INFO - Entered the save_object method of utils
[ 2022-12-17 19:54:27,732 ] 59 root - INFO - Exited the save_object method of utils
[ 2022-12-17 19:54:27,732 ] 53 root - INFO - Model pusher artifact: ModelPusherArtifact(pusher_model_dir='/config/workspace/artifact/12172022__195340/model_pusher/saved_models', saved_model_dir='saved_models')
